[22:58:59] [INFO   ] The command-line options are: --append-to-progress-dump-file "true" --call-creduce "false" --call-formatter "false" --creduce-cmd "creduce" --default-delta-debugger-for-kleene "DFS" --deps "[]" --edit-caching "true" --enable-lightweight-refreshing "true" --enable-line-slicer "false" --enable-lpr "false" --enable-token-slicer "false" --enable-trec "false" --enable-tree-slicer "false" --enable-vulcan "false" --fixpoint "true" --format-cmd "" --help "false" --input-file "/Users/artemancikov/Desktop/practical work/try1/reducer/final_removereplace/iter_13/Main.java" --lang "" --language-ext-jars "[]" --list-algs "false" --list-langs "false" --list-parser-facades "false" --list-verbosity-levels "false" --lpr-fixpoint "false" --max-bfs-depth-for-regular-rule-node "5" --max-edit-count-for-regular-rule-node "100" --non-deletion-iteration-limit "10" --on-demand-coarse-grit-reducer-annotations "[]" --on-demand-fine-grit-reducer-annotations "[]" --on-demand-medium-grit-reducer-annotations "[]" --parser-facade-class-name "" --pass-level-caching "false" --query-cache-refresh-threshold "0" --query-cache-type "CONTENT_SHA512" --query-caching "AUTO" --reparse-each-iteration "true" --script-execution-keep-waiting-after-timeout "true" --script-execution-timeout-in-seconds "600" --stop-at-first-compatible-child-for-regular-rule-node "false" --test-script "/Users/artemancikov/Desktop/practical work/try1/reducer/final_removereplace/iter_13/run2.sh" --threads "auto" --verbosity "INFO" --version "false" --vulcan-fixpoint "false" --window-size "4" 
[22:58:59] [SEVERE ] Failed to load the class of the parser facade org.perses.grammar.sql.tidb.TiDBParserFacade for LanguageTiDB{name=tidb, extensions=[tidb], defaultCodeFormatControl=COMPACT_ORIG_FORMAT}
org.perses.grammar.sql.tidb.TiDBParserFacade 
[22:58:59] [INFO   ] Tree Building: Start building spar-tree from input file SourceFile{file=FilePathWithContent{file=/Users/artemancikov/Desktop/practical work/try1/reducer/final_removereplace/iter_13/Main.java}, lang=LanguageJava{name=java, extensions=[java], defaultCodeFormatControl=SINGLE_TOKEN_PER_LINE}} 
[22:58:59] [INFO   ] Tree Building: Step 1: Antlr parsing. 
[22:58:59] [INFO   ] Tree Building: Step 2: Converting parse tree to spar-tree 
[22:58:59] [INFO   ] Tree Building: Step 3: Simplifying spar-tree 
[22:58:59] [INFO   ] Tree Building: Finished in TimeSpan{startMillis=1754341139460, endMillis=1754341139861, formatted=0 seconds} 
[22:59:00] [INFO   ] The reduction process started at 22:59:00 2025/08/04 
[22:59:00] [INFO   ] Cache setting: query-caching=enabled, edit-caching=enabled, query-cache=content_sha512 
[22:59:00] [INFO   ] Reduction Started at 22:59:00 2025/08/04 
[22:59:00] [INFO   ] The sanity check result is: PassingSanityCheckResult 
[22:59:00] [INFO   ] The number of lexemes in the token factory is is 56 
[22:59:00] [INFO   ] Reduction algorithm is perses_node_priority_with_dfs_delta 
[22:59:00] [INFO   ] perses_node_priority_with_dfs_delta started at 22:59:00 2025/08/04. #tokens=112 
[22:59:00] [INFO   ] Fixpoint[1]:Reducer[perses_node_priority_with_dfs_delta]: New fixpoint iteration started. #Tokens=112 
[22:59:00] [INFO   ] Fixpoint[1]:Reducer[perses_node_priority_with_dfs_delta]: Reduce node (#leaves=107) 
[22:59:01] [INFO   ] Fixpoint[1]:Reducer[perses_node_priority_with_dfs_delta]: Reduce node (#leaves=107): queue=1, delete 0 tokens, ratio=112/112=100.00% 
[22:59:01] [INFO   ] Fixpoint[1]:Reducer[perses_node_priority_with_dfs_delta]: Reduce node (#leaves=85) 
[22:59:01] [INFO   ] Fixpoint[1]:Reducer[perses_node_priority_with_dfs_delta]: Reduce node (#leaves=85): queue=2, delete 0 tokens, ratio=112/112=100.00% 
[22:59:01] [INFO   ] Fixpoint[1]:Reducer[perses_node_priority_with_dfs_delta]: Reduce node (#leaves=83) 
[22:59:01] [INFO   ] Fixpoint[1]:Reducer[perses_node_priority_with_dfs_delta]: Reduce node (#leaves=83): queue=4, delete 0 tokens, ratio=112/112=100.00% 
[22:59:01] [INFO   ] Fixpoint[1]:Reducer[perses_node_priority_with_dfs_delta]: Reduce node (#leaves=81) 
[22:59:01] [INFO   ] Fixpoint[1]:Reducer[perses_node_priority_with_dfs_delta]: Reduce node (#leaves=81): queue=6, delete 0 tokens, ratio=112/112=100.00% 
[22:59:01] [INFO   ] Fixpoint[1]:Reducer[perses_node_priority_with_dfs_delta]: Reduce node (#leaves=81) 
[22:59:01] [INFO   ] Fixpoint[1]:Reducer[perses_node_priority_with_dfs_delta]: Reduce node (#leaves=81): queue=6, delete 0 tokens, ratio=112/112=100.00% 
[22:59:01] [INFO   ] Fixpoint[1]:Reducer[perses_node_priority_with_dfs_delta]: Reduce node (#leaves=63) 
[22:59:01] [INFO   ] Fixpoint[1]:Reducer[perses_node_priority_with_dfs_delta]: Reduce node (#leaves=63): queue=8, delete 0 tokens, ratio=112/112=100.00% 
[22:59:01] [INFO   ] Fixpoint[1]:Reducer[perses_node_priority_with_dfs_delta]: Reduce node (#leaves=61) 
[22:59:02] [INFO   ] Fixpoint[1]:Reducer[perses_node_priority_with_dfs_delta]: Reduce node (#leaves=61): queue=10, delete 0 tokens, ratio=112/112=100.00% 
[22:59:02] [INFO   ] Fixpoint[1]:Reducer[perses_node_priority_with_dfs_delta]: Reduce node (#leaves=61) 
[22:59:02] [INFO   ] Fixpoint[1]:Reducer[perses_node_priority_with_dfs_delta]: New minimal, delete 20 tokens, ratio=92/112=82.14% 
[22:59:03] [INFO   ] Fixpoint[1]:Reducer[perses_node_priority_with_dfs_delta]: New minimal, delete 17 tokens, ratio=75/112=66.96% 
[22:59:03] [INFO   ] Fixpoint[1]:Reducer[perses_node_priority_with_dfs_delta]: Reduce node (#leaves=61): queue=10, delete 37 tokens, ratio=75/112=66.96% 
[22:59:03] [INFO   ] Fixpoint[1]:Reducer[perses_node_priority_with_dfs_delta]: Reduce node (#leaves=24) 
[22:59:03] [INFO   ] Fixpoint[1]:Reducer[perses_node_priority_with_dfs_delta]: Reduce node (#leaves=24): queue=10, delete 0 tokens, ratio=75/112=66.96% 
[22:59:03] [INFO   ] Fixpoint[1]:Reducer[perses_node_priority_with_dfs_delta]: Reduce node (#leaves=23) 
[22:59:03] [INFO   ] Fixpoint[1]:Reducer[perses_node_priority_with_dfs_delta]: Reduce node (#leaves=23): queue=11, delete 0 tokens, ratio=75/112=66.96% 
[22:59:03] [INFO   ] Fixpoint[1]:Reducer[perses_node_priority_with_dfs_delta]: Reduce node (#leaves=22) 
[22:59:03] [INFO   ] Fixpoint[1]:Reducer[perses_node_priority_with_dfs_delta]: Reduce node (#leaves=22): queue=12, delete 0 tokens, ratio=75/112=66.96% 
[22:59:03] [INFO   ] Fixpoint[1]:Reducer[perses_node_priority_with_dfs_delta]: Reduce node (#leaves=15) 
[22:59:03] [INFO   ] Fixpoint[1]:Reducer[perses_node_priority_with_dfs_delta]: Reduce node (#leaves=15): queue=15, delete 0 tokens, ratio=75/112=66.96% 
[22:59:03] [INFO   ] Fixpoint[1]:Reducer[perses_node_priority_with_dfs_delta]: Reduce node (#leaves=14) 
[22:59:03] [INFO   ] Fixpoint[1]:Reducer[perses_node_priority_with_dfs_delta]: Reduce node (#leaves=14): queue=16, delete 0 tokens, ratio=75/112=66.96% 
[22:59:03] [INFO   ] Fixpoint[1]:Reducer[perses_node_priority_with_dfs_delta]: Reduce node (#leaves=13) 
[22:59:03] [INFO   ] Fixpoint[1]:Reducer[perses_node_priority_with_dfs_delta]: Reduce node (#leaves=13): queue=19, delete 0 tokens, ratio=75/112=66.96% 
[22:59:03] [INFO   ] Fixpoint[1]:Reducer[perses_node_priority_with_dfs_delta]: Reduce node (#leaves=13) 
[22:59:03] [INFO   ] Fixpoint[1]:Reducer[perses_node_priority_with_dfs_delta]: Reduce node (#leaves=13): queue=20, delete 0 tokens, ratio=75/112=66.96% 
[22:59:03] [INFO   ] Fixpoint[1]:Reducer[perses_node_priority_with_dfs_delta]: Reduce node (#leaves=12) 
[22:59:03] [INFO   ] Fixpoint[1]:Reducer[perses_node_priority_with_dfs_delta]: Reduce node (#leaves=12): queue=22, delete 0 tokens, ratio=75/112=66.96% 
[22:59:03] [INFO   ] Fixpoint[1]:Reducer[perses_node_priority_with_dfs_delta]: Reduce node (#leaves=12) 
[22:59:03] [INFO   ] Fixpoint[1]:Reducer[perses_node_priority_with_dfs_delta]: Reduce node (#leaves=12): queue=22, delete 0 tokens, ratio=75/112=66.96% 
[22:59:03] [INFO   ] Fixpoint[1]:Reducer[perses_node_priority_with_dfs_delta]: Reduce node (#leaves=11) 
[22:59:04] [INFO   ] Fixpoint[1]:Reducer[perses_node_priority_with_dfs_delta]: New minimal, delete 11 tokens, ratio=64/112=57.14% 
[22:59:04] [INFO   ] Fixpoint[1]:Reducer[perses_node_priority_with_dfs_delta]: Reduce node (#leaves=11): queue=23, delete 11 tokens, ratio=64/112=57.14% 
[22:59:04] [INFO   ] Fixpoint[1]:Reducer[perses_node_priority_with_dfs_delta]: Reduce node (#leaves=11) 
[22:59:04] [INFO   ] Fixpoint[1]:Reducer[perses_node_priority_with_dfs_delta]: Reduce node (#leaves=11): queue=22, delete 0 tokens, ratio=64/112=57.14% 
[22:59:04] [INFO   ] Fixpoint[1]:Reducer[perses_node_priority_with_dfs_delta]: Reduce node (#leaves=11) 
[22:59:04] [INFO   ] Fixpoint[1]:Reducer[perses_node_priority_with_dfs_delta]: Reduce node (#leaves=11): queue=24, delete 0 tokens, ratio=64/112=57.14% 
[22:59:04] [INFO   ] Fixpoint[1]:Reducer[perses_node_priority_with_dfs_delta]: Reduce node (#leaves=11) 
[22:59:04] [INFO   ] Fixpoint[1]:Reducer[perses_node_priority_with_dfs_delta]: Reduce node (#leaves=11): queue=24, delete 0 tokens, ratio=64/112=57.14% 
[22:59:04] [INFO   ] Fixpoint[1]:Reducer[perses_node_priority_with_dfs_delta]: Reduce node (#leaves=10) 
[22:59:04] [INFO   ] Fixpoint[1]:Reducer[perses_node_priority_with_dfs_delta]: Reduce node (#leaves=10): queue=26, delete 0 tokens, ratio=64/112=57.14% 
[22:59:04] [INFO   ] Fixpoint[1]:Reducer[perses_node_priority_with_dfs_delta]: Reduce node (#leaves=9) 
[22:59:04] [INFO   ] Fixpoint[1]:Reducer[perses_node_priority_with_dfs_delta]: Reduce node (#leaves=9): queue=27, delete 0 tokens, ratio=64/112=57.14% 
[22:59:04] [INFO   ] Fixpoint[1]:Reducer[perses_node_priority_with_dfs_delta]: Reduce node (#leaves=9) 
[22:59:04] [INFO   ] Fixpoint[1]:Reducer[perses_node_priority_with_dfs_delta]: Reduce node (#leaves=9): queue=27, delete 0 tokens, ratio=64/112=57.14% 
[22:59:04] [INFO   ] Fixpoint[1]:Reducer[perses_node_priority_with_dfs_delta]: Reduce node (#leaves=9) 
[22:59:04] [INFO   ] Fixpoint[1]:Reducer[perses_node_priority_with_dfs_delta]: Reduce node (#leaves=9): queue=29, delete 0 tokens, ratio=64/112=57.14% 
[22:59:04] [INFO   ] Fixpoint[1]:Reducer[perses_node_priority_with_dfs_delta]: Reduce node (#leaves=8) 
[22:59:04] [INFO   ] Fixpoint[1]:Reducer[perses_node_priority_with_dfs_delta]: Reduce node (#leaves=8): queue=30, delete 0 tokens, ratio=64/112=57.14% 
[22:59:04] [INFO   ] Fixpoint[1]:Reducer[perses_node_priority_with_dfs_delta]: Reduce node (#leaves=7) 
[22:59:05] [INFO   ] Fixpoint[1]:Reducer[perses_node_priority_with_dfs_delta]: Reduce node (#leaves=7): queue=33, delete 0 tokens, ratio=64/112=57.14% 
[22:59:05] [INFO   ] Fixpoint[1]:Reducer[perses_node_priority_with_dfs_delta]: Reduce node (#leaves=7) 
[22:59:05] [INFO   ] Fixpoint[1]:Reducer[perses_node_priority_with_dfs_delta]: Reduce node (#leaves=7): queue=34, delete 0 tokens, ratio=64/112=57.14% 
[22:59:05] [INFO   ] Fixpoint[1]:Reducer[perses_node_priority_with_dfs_delta]: Reduce node (#leaves=7) 
[22:59:05] [INFO   ] Fixpoint[1]:Reducer[perses_node_priority_with_dfs_delta]: Reduce node (#leaves=7): queue=34, delete 0 tokens, ratio=64/112=57.14% 
[22:59:05] [INFO   ] Fixpoint[1]:Reducer[perses_node_priority_with_dfs_delta]: Reduce node (#leaves=6) 
[22:59:06] [INFO   ] Fixpoint[1]:Reducer[perses_node_priority_with_dfs_delta]: Reduce node (#leaves=6): queue=36, delete 0 tokens, ratio=64/112=57.14% 
[22:59:06] [INFO   ] Fixpoint[1]:Reducer[perses_node_priority_with_dfs_delta]: Reduce node (#leaves=5) 
[22:59:06] [INFO   ] Fixpoint[1]:Reducer[perses_node_priority_with_dfs_delta]: Reduce node (#leaves=5): queue=37, delete 0 tokens, ratio=64/112=57.14% 
[22:59:06] [INFO   ] Fixpoint[1]:Reducer[perses_node_priority_with_dfs_delta]: Reduce node (#leaves=5) 
[22:59:06] [INFO   ] Fixpoint[1]:Reducer[perses_node_priority_with_dfs_delta]: New minimal, delete 4 tokens, ratio=60/112=53.57% 
[22:59:06] [INFO   ] Fixpoint[1]:Reducer[perses_node_priority_with_dfs_delta]: Reduce node (#leaves=5): queue=39, delete 4 tokens, ratio=60/112=53.57% 
[22:59:06] [INFO   ] Fixpoint[1]:Reducer[perses_node_priority_with_dfs_delta]: Reduce node (#leaves=5) 
[22:59:07] [INFO   ] Fixpoint[1]:Reducer[perses_node_priority_with_dfs_delta]: Reduce node (#leaves=5): queue=39, delete 0 tokens, ratio=60/112=53.57% 
[22:59:07] [INFO   ] Fixpoint[1]:Reducer[perses_node_priority_with_dfs_delta]: Reduce node (#leaves=5) 
[22:59:07] [INFO   ] Fixpoint[1]:Reducer[perses_node_priority_with_dfs_delta]: Reduce node (#leaves=5): queue=40, delete 0 tokens, ratio=60/112=53.57% 
[22:59:07] [INFO   ] Fixpoint[1]:Reducer[perses_node_priority_with_dfs_delta]: Reduce node (#leaves=5) 
[22:59:07] [INFO   ] Fixpoint[1]:Reducer[perses_node_priority_with_dfs_delta]: Reduce node (#leaves=5): queue=40, delete 0 tokens, ratio=60/112=53.57% 
[22:59:07] [INFO   ] Fixpoint[1]:Reducer[perses_node_priority_with_dfs_delta]: Reduce node (#leaves=5) 
[22:59:08] [INFO   ] Fixpoint[1]:Reducer[perses_node_priority_with_dfs_delta]: New minimal, delete 5 tokens, ratio=55/112=49.11% 
[22:59:08] [INFO   ] Fixpoint[1]:Reducer[perses_node_priority_with_dfs_delta]: Reduce node (#leaves=5): queue=41, delete 5 tokens, ratio=55/112=49.11% 
[22:59:08] [INFO   ] Fixpoint[1]:Reducer[perses_node_priority_with_dfs_delta]: Reduce node (#leaves=4) 
[22:59:08] [INFO   ] Fixpoint[1]:Reducer[perses_node_priority_with_dfs_delta]: Reduce node (#leaves=4): queue=40, delete 0 tokens, ratio=55/112=49.11% 
[22:59:08] [INFO   ] Fixpoint[1]:Reducer[perses_node_priority_with_dfs_delta]: Reduce node (#leaves=4) 
[22:59:09] [INFO   ] Fixpoint[1]:Reducer[perses_node_priority_with_dfs_delta]: Reduce node (#leaves=4): queue=41, delete 0 tokens, ratio=55/112=49.11% 
[22:59:09] [INFO   ] Fixpoint[1]:Reducer[perses_node_priority_with_dfs_delta]: Reduce node (#leaves=3) 
[22:59:09] [INFO   ] Fixpoint[1]:Reducer[perses_node_priority_with_dfs_delta]: New minimal, delete 2 tokens, ratio=53/112=47.32% 
[22:59:09] [INFO   ] Fixpoint[1]:Reducer[perses_node_priority_with_dfs_delta]: Reduce node (#leaves=3): queue=42, delete 2 tokens, ratio=53/112=47.32% 
[22:59:09] [INFO   ] Fixpoint[1]:Reducer[perses_node_priority_with_dfs_delta]: Reduce node (#leaves=3) 
[22:59:09] [INFO   ] Fixpoint[1]:Reducer[perses_node_priority_with_dfs_delta]: Reduce node (#leaves=3): queue=42, delete 0 tokens, ratio=53/112=47.32% 
[22:59:09] [INFO   ] Fixpoint[1]:Reducer[perses_node_priority_with_dfs_delta]: Reduce node (#leaves=3) 
[22:59:10] [INFO   ] Fixpoint[1]:Reducer[perses_node_priority_with_dfs_delta]: New minimal, delete 3 tokens, ratio=50/112=44.64% 
[22:59:10] [INFO   ] Fixpoint[1]:Reducer[perses_node_priority_with_dfs_delta]: Reduce node (#leaves=3): queue=43, delete 3 tokens, ratio=50/112=44.64% 
[22:59:10] [INFO   ] Fixpoint[1]:Reducer[perses_node_priority_with_dfs_delta]: Reduce node (#leaves=3) 
[22:59:10] [INFO   ] Fixpoint[1]:Reducer[perses_node_priority_with_dfs_delta]: Reduce node (#leaves=3): queue=42, delete 0 tokens, ratio=50/112=44.64% 
[22:59:10] [INFO   ] Fixpoint[1]:Reducer[perses_node_priority_with_dfs_delta]: Reduce node (#leaves=3) 
[22:59:10] [INFO   ] Fixpoint[1]:Reducer[perses_node_priority_with_dfs_delta]: Reduce node (#leaves=3): queue=42, delete 0 tokens, ratio=50/112=44.64% 
[22:59:10] [INFO   ] Fixpoint[1]:Reducer[perses_node_priority_with_dfs_delta]: Reduce node (#leaves=2) 
[22:59:10] [INFO   ] Fixpoint[1]:Reducer[perses_node_priority_with_dfs_delta]: Reduce node (#leaves=2): queue=43, delete 0 tokens, ratio=50/112=44.64% 
[22:59:10] [INFO   ] Fixpoint[1]:Reducer[perses_node_priority_with_dfs_delta]: Reduce node (#leaves=2) 
[22:59:10] [INFO   ] Fixpoint[1]:Reducer[perses_node_priority_with_dfs_delta]: Reduce node (#leaves=2): queue=44, delete 0 tokens, ratio=50/112=44.64% 
[22:59:10] [INFO   ] Fixpoint[1]:Reducer[perses_node_priority_with_dfs_delta]: Reduce node (#leaves=2) 
[22:59:10] [INFO   ] Fixpoint[1]:Reducer[perses_node_priority_with_dfs_delta]: Reduce node (#leaves=2): queue=44, delete 0 tokens, ratio=50/112=44.64% 
[22:59:10] [INFO   ] Fixpoint[1]:Reducer[perses_node_priority_with_dfs_delta]: Reduce node (#leaves=2) 
[22:59:11] [INFO   ] Fixpoint[1]:Reducer[perses_node_priority_with_dfs_delta]: Reduce node (#leaves=2): queue=45, delete 0 tokens, ratio=50/112=44.64% 
[22:59:11] [INFO   ] Fixpoint[1]:Reducer[perses_node_priority_with_dfs_delta]: Reduce node (#leaves=2) 
[22:59:11] [INFO   ] Fixpoint[1]:Reducer[perses_node_priority_with_dfs_delta]: Reduce node (#leaves=2): queue=46, delete 0 tokens, ratio=50/112=44.64% 
[22:59:11] [INFO   ] Fixpoint[1]:Reducer[perses_node_priority_with_dfs_delta]: Reduce node (#leaves=2) 
[22:59:11] [INFO   ] Fixpoint[1]:Reducer[perses_node_priority_with_dfs_delta]: Reduce node (#leaves=2): queue=47, delete 0 tokens, ratio=50/112=44.64% 
[22:59:11] [INFO   ] Fixpoint[1]:Reducer[perses_node_priority_with_dfs_delta]: Reduce node (#leaves=2) 
[22:59:11] [INFO   ] Fixpoint[1]:Reducer[perses_node_priority_with_dfs_delta]: Reduce node (#leaves=2): queue=48, delete 0 tokens, ratio=50/112=44.64% 
[22:59:11] [INFO   ] Fixpoint[1]:Reducer[perses_node_priority_with_dfs_delta]: Reduce node (#leaves=1) 
[22:59:11] [INFO   ] Fixpoint[1]:Reducer[perses_node_priority_with_dfs_delta]: Reduce node (#leaves=1): queue=49, delete 0 tokens, ratio=50/112=44.64% 
[22:59:11] [INFO   ] Fixpoint[1]:Reducer[perses_node_priority_with_dfs_delta]: Reduce node (#leaves=1) 
[22:59:11] [INFO   ] Fixpoint[1]:Reducer[perses_node_priority_with_dfs_delta]: Reduce node (#leaves=1): queue=48, delete 0 tokens, ratio=50/112=44.64% 
[22:59:11] [INFO   ] Fixpoint[1]:Reducer[perses_node_priority_with_dfs_delta]: Reduce node (#leaves=1) 
[22:59:11] [INFO   ] Fixpoint[1]:Reducer[perses_node_priority_with_dfs_delta]: Reduce node (#leaves=1): queue=47, delete 0 tokens, ratio=50/112=44.64% 
[22:59:11] [INFO   ] Fixpoint[1]:Reducer[perses_node_priority_with_dfs_delta]: Reduce node (#leaves=1) 
[22:59:11] [INFO   ] Fixpoint[1]:Reducer[perses_node_priority_with_dfs_delta]: Reduce node (#leaves=1): queue=46, delete 0 tokens, ratio=50/112=44.64% 
[22:59:11] [INFO   ] Fixpoint[1]:Reducer[perses_node_priority_with_dfs_delta]: Reduce node (#leaves=1) 
[22:59:11] [INFO   ] Fixpoint[1]:Reducer[perses_node_priority_with_dfs_delta]: Reduce node (#leaves=1): queue=45, delete 0 tokens, ratio=50/112=44.64% 
[22:59:11] [INFO   ] Fixpoint[1]:Reducer[perses_node_priority_with_dfs_delta]: Reduce node (#leaves=1) 
[22:59:11] [INFO   ] Fixpoint[1]:Reducer[perses_node_priority_with_dfs_delta]: Reduce node (#leaves=1): queue=44, delete 0 tokens, ratio=50/112=44.64% 
[22:59:11] [INFO   ] Fixpoint[1]:Reducer[perses_node_priority_with_dfs_delta]: Reduce node (#leaves=1) 
[22:59:11] [INFO   ] Fixpoint[1]:Reducer[perses_node_priority_with_dfs_delta]: Reduce node (#leaves=1): queue=43, delete 0 tokens, ratio=50/112=44.64% 
[22:59:11] [INFO   ] Fixpoint[1]:Reducer[perses_node_priority_with_dfs_delta]: Reduce node (#leaves=1) 
[22:59:11] [INFO   ] Fixpoint[1]:Reducer[perses_node_priority_with_dfs_delta]: Reduce node (#leaves=1): queue=42, delete 0 tokens, ratio=50/112=44.64% 
[22:59:11] [INFO   ] Fixpoint[1]:Reducer[perses_node_priority_with_dfs_delta]: Reduce node (#leaves=1) 
[22:59:11] [INFO   ] Fixpoint[1]:Reducer[perses_node_priority_with_dfs_delta]: Reduce node (#leaves=1): queue=41, delete 0 tokens, ratio=50/112=44.64% 
[22:59:11] [INFO   ] Fixpoint[1]:Reducer[perses_node_priority_with_dfs_delta]: Reduce node (#leaves=1) 
[22:59:11] [INFO   ] Fixpoint[1]:Reducer[perses_node_priority_with_dfs_delta]: Reduce node (#leaves=1): queue=40, delete 0 tokens, ratio=50/112=44.64% 
[22:59:11] [INFO   ] Fixpoint[1]:Reducer[perses_node_priority_with_dfs_delta]: Reduce node (#leaves=1) 
[22:59:11] [INFO   ] Fixpoint[1]:Reducer[perses_node_priority_with_dfs_delta]: Reduce node (#leaves=1): queue=39, delete 0 tokens, ratio=50/112=44.64% 
[22:59:11] [INFO   ] Fixpoint[1]:Reducer[perses_node_priority_with_dfs_delta]: Reduce node (#leaves=1) 
[22:59:11] [INFO   ] Fixpoint[1]:Reducer[perses_node_priority_with_dfs_delta]: Reduce node (#leaves=1): queue=38, delete 0 tokens, ratio=50/112=44.64% 
[22:59:11] [INFO   ] Fixpoint[1]:Reducer[perses_node_priority_with_dfs_delta]: Reduce node (#leaves=1) 
[22:59:11] [INFO   ] Fixpoint[1]:Reducer[perses_node_priority_with_dfs_delta]: Reduce node (#leaves=1): queue=37, delete 0 tokens, ratio=50/112=44.64% 
[22:59:11] [INFO   ] Fixpoint[1]:Reducer[perses_node_priority_with_dfs_delta]: Reduce node (#leaves=1) 
[22:59:11] [INFO   ] Fixpoint[1]:Reducer[perses_node_priority_with_dfs_delta]: Reduce node (#leaves=1): queue=36, delete 0 tokens, ratio=50/112=44.64% 
[22:59:11] [INFO   ] Fixpoint[1]:Reducer[perses_node_priority_with_dfs_delta]: Reduce node (#leaves=1) 
[22:59:11] [INFO   ] Fixpoint[1]:Reducer[perses_node_priority_with_dfs_delta]: Reduce node (#leaves=1): queue=35, delete 0 tokens, ratio=50/112=44.64% 
[22:59:11] [INFO   ] Fixpoint[1]:Reducer[perses_node_priority_with_dfs_delta]: Reduce node (#leaves=1) 
[22:59:11] [INFO   ] Fixpoint[1]:Reducer[perses_node_priority_with_dfs_delta]: Reduce node (#leaves=1): queue=34, delete 0 tokens, ratio=50/112=44.64% 
[22:59:11] [INFO   ] Fixpoint[1]:Reducer[perses_node_priority_with_dfs_delta]: Reduce node (#leaves=1) 
[22:59:11] [INFO   ] Fixpoint[1]:Reducer[perses_node_priority_with_dfs_delta]: Reduce node (#leaves=1): queue=33, delete 0 tokens, ratio=50/112=44.64% 
[22:59:11] [INFO   ] Fixpoint[1]:Reducer[perses_node_priority_with_dfs_delta]: Reduce node (#leaves=1) 
[22:59:11] [INFO   ] Fixpoint[1]:Reducer[perses_node_priority_with_dfs_delta]: Reduce node (#leaves=1): queue=32, delete 0 tokens, ratio=50/112=44.64% 
[22:59:11] [INFO   ] Fixpoint[1]:Reducer[perses_node_priority_with_dfs_delta]: Reduce node (#leaves=1) 
[22:59:11] [INFO   ] Fixpoint[1]:Reducer[perses_node_priority_with_dfs_delta]: Reduce node (#leaves=1): queue=31, delete 0 tokens, ratio=50/112=44.64% 
[22:59:11] [INFO   ] Fixpoint[1]:Reducer[perses_node_priority_with_dfs_delta]: Reduce node (#leaves=1) 
[22:59:11] [INFO   ] Fixpoint[1]:Reducer[perses_node_priority_with_dfs_delta]: Reduce node (#leaves=1): queue=30, delete 0 tokens, ratio=50/112=44.64% 
[22:59:11] [INFO   ] Fixpoint[1]:Reducer[perses_node_priority_with_dfs_delta]: Reduce node (#leaves=1) 
[22:59:11] [INFO   ] Fixpoint[1]:Reducer[perses_node_priority_with_dfs_delta]: Reduce node (#leaves=1): queue=29, delete 0 tokens, ratio=50/112=44.64% 
[22:59:11] [INFO   ] Fixpoint[1]:Reducer[perses_node_priority_with_dfs_delta]: Reduce node (#leaves=1) 
[22:59:11] [INFO   ] Fixpoint[1]:Reducer[perses_node_priority_with_dfs_delta]: Reduce node (#leaves=1): queue=28, delete 0 tokens, ratio=50/112=44.64% 
[22:59:11] [INFO   ] Fixpoint[1]:Reducer[perses_node_priority_with_dfs_delta]: Reduce node (#leaves=1) 
[22:59:11] [INFO   ] Fixpoint[1]:Reducer[perses_node_priority_with_dfs_delta]: Reduce node (#leaves=1): queue=27, delete 0 tokens, ratio=50/112=44.64% 
[22:59:11] [INFO   ] Fixpoint[1]:Reducer[perses_node_priority_with_dfs_delta]: Reduce node (#leaves=1) 
[22:59:11] [INFO   ] Fixpoint[1]:Reducer[perses_node_priority_with_dfs_delta]: Reduce node (#leaves=1): queue=26, delete 0 tokens, ratio=50/112=44.64% 
[22:59:11] [INFO   ] Fixpoint[1]:Reducer[perses_node_priority_with_dfs_delta]: Reduce node (#leaves=1) 
[22:59:11] [INFO   ] Fixpoint[1]:Reducer[perses_node_priority_with_dfs_delta]: Reduce node (#leaves=1): queue=25, delete 0 tokens, ratio=50/112=44.64% 
[22:59:11] [INFO   ] Fixpoint[1]:Reducer[perses_node_priority_with_dfs_delta]: Reduce node (#leaves=1) 
[22:59:11] [INFO   ] Fixpoint[1]:Reducer[perses_node_priority_with_dfs_delta]: Reduce node (#leaves=1): queue=24, delete 0 tokens, ratio=50/112=44.64% 
[22:59:11] [INFO   ] Fixpoint[1]:Reducer[perses_node_priority_with_dfs_delta]: Reduce node (#leaves=1) 
[22:59:11] [INFO   ] Fixpoint[1]:Reducer[perses_node_priority_with_dfs_delta]: Reduce node (#leaves=1): queue=23, delete 0 tokens, ratio=50/112=44.64% 
[22:59:11] [INFO   ] Fixpoint[1]:Reducer[perses_node_priority_with_dfs_delta]: Reduce node (#leaves=1) 
[22:59:11] [INFO   ] Fixpoint[1]:Reducer[perses_node_priority_with_dfs_delta]: Reduce node (#leaves=1): queue=22, delete 0 tokens, ratio=50/112=44.64% 
[22:59:11] [INFO   ] Fixpoint[1]:Reducer[perses_node_priority_with_dfs_delta]: Reduce node (#leaves=1) 
[22:59:11] [INFO   ] Fixpoint[1]:Reducer[perses_node_priority_with_dfs_delta]: Reduce node (#leaves=1): queue=21, delete 0 tokens, ratio=50/112=44.64% 
[22:59:11] [INFO   ] Fixpoint[1]:Reducer[perses_node_priority_with_dfs_delta]: Reduce node (#leaves=1) 
[22:59:11] [INFO   ] Fixpoint[1]:Reducer[perses_node_priority_with_dfs_delta]: Reduce node (#leaves=1): queue=20, delete 0 tokens, ratio=50/112=44.64% 
[22:59:11] [INFO   ] Fixpoint[1]:Reducer[perses_node_priority_with_dfs_delta]: Reduce node (#leaves=1) 
[22:59:11] [INFO   ] Fixpoint[1]:Reducer[perses_node_priority_with_dfs_delta]: Reduce node (#leaves=1): queue=19, delete 0 tokens, ratio=50/112=44.64% 
[22:59:11] [INFO   ] Fixpoint[1]:Reducer[perses_node_priority_with_dfs_delta]: Reduce node (#leaves=1) 
[22:59:11] [INFO   ] Fixpoint[1]:Reducer[perses_node_priority_with_dfs_delta]: Reduce node (#leaves=1): queue=18, delete 0 tokens, ratio=50/112=44.64% 
[22:59:11] [INFO   ] Fixpoint[1]:Reducer[perses_node_priority_with_dfs_delta]: Reduce node (#leaves=1) 
[22:59:11] [INFO   ] Fixpoint[1]:Reducer[perses_node_priority_with_dfs_delta]: Reduce node (#leaves=1): queue=17, delete 0 tokens, ratio=50/112=44.64% 
[22:59:11] [INFO   ] Fixpoint[1]:Reducer[perses_node_priority_with_dfs_delta]: Reduce node (#leaves=1) 
[22:59:11] [INFO   ] Fixpoint[1]:Reducer[perses_node_priority_with_dfs_delta]: Reduce node (#leaves=1): queue=16, delete 0 tokens, ratio=50/112=44.64% 
[22:59:11] [INFO   ] Fixpoint[1]:Reducer[perses_node_priority_with_dfs_delta]: Reduce node (#leaves=1) 
[22:59:11] [INFO   ] Fixpoint[1]:Reducer[perses_node_priority_with_dfs_delta]: Reduce node (#leaves=1): queue=15, delete 0 tokens, ratio=50/112=44.64% 
[22:59:11] [INFO   ] Fixpoint[1]:Reducer[perses_node_priority_with_dfs_delta]: Reduce node (#leaves=1) 
[22:59:11] [INFO   ] Fixpoint[1]:Reducer[perses_node_priority_with_dfs_delta]: Reduce node (#leaves=1): queue=14, delete 0 tokens, ratio=50/112=44.64% 
[22:59:11] [INFO   ] Fixpoint[1]:Reducer[perses_node_priority_with_dfs_delta]: Reduce node (#leaves=1) 
[22:59:11] [INFO   ] Fixpoint[1]:Reducer[perses_node_priority_with_dfs_delta]: Reduce node (#leaves=1): queue=13, delete 0 tokens, ratio=50/112=44.64% 
[22:59:11] [INFO   ] Fixpoint[1]:Reducer[perses_node_priority_with_dfs_delta]: Reduce node (#leaves=1) 
[22:59:11] [INFO   ] Fixpoint[1]:Reducer[perses_node_priority_with_dfs_delta]: Reduce node (#leaves=1): queue=12, delete 0 tokens, ratio=50/112=44.64% 
[22:59:11] [INFO   ] Fixpoint[1]:Reducer[perses_node_priority_with_dfs_delta]: Reduce node (#leaves=1) 
[22:59:11] [INFO   ] Fixpoint[1]:Reducer[perses_node_priority_with_dfs_delta]: Reduce node (#leaves=1): queue=11, delete 0 tokens, ratio=50/112=44.64% 
[22:59:11] [INFO   ] Fixpoint[1]:Reducer[perses_node_priority_with_dfs_delta]: Reduce node (#leaves=1) 
[22:59:11] [INFO   ] Fixpoint[1]:Reducer[perses_node_priority_with_dfs_delta]: Reduce node (#leaves=1): queue=10, delete 0 tokens, ratio=50/112=44.64% 
[22:59:11] [INFO   ] Fixpoint[1]:Reducer[perses_node_priority_with_dfs_delta]: Reduce node (#leaves=1) 
[22:59:11] [INFO   ] Fixpoint[1]:Reducer[perses_node_priority_with_dfs_delta]: Reduce node (#leaves=1): queue=9, delete 0 tokens, ratio=50/112=44.64% 
[22:59:11] [INFO   ] Fixpoint[1]:Reducer[perses_node_priority_with_dfs_delta]: Reduce node (#leaves=1) 
[22:59:11] [INFO   ] Fixpoint[1]:Reducer[perses_node_priority_with_dfs_delta]: Reduce node (#leaves=1): queue=8, delete 0 tokens, ratio=50/112=44.64% 
[22:59:11] [INFO   ] Fixpoint[1]:Reducer[perses_node_priority_with_dfs_delta]: Reduce node (#leaves=1) 
[22:59:11] [INFO   ] Fixpoint[1]:Reducer[perses_node_priority_with_dfs_delta]: Reduce node (#leaves=1): queue=7, delete 0 tokens, ratio=50/112=44.64% 
[22:59:11] [INFO   ] Fixpoint[1]:Reducer[perses_node_priority_with_dfs_delta]: Reduce node (#leaves=1) 
[22:59:11] [INFO   ] Fixpoint[1]:Reducer[perses_node_priority_with_dfs_delta]: Reduce node (#leaves=1): queue=6, delete 0 tokens, ratio=50/112=44.64% 
[22:59:11] [INFO   ] Fixpoint[1]:Reducer[perses_node_priority_with_dfs_delta]: Reduce node (#leaves=1) 
[22:59:11] [INFO   ] Fixpoint[1]:Reducer[perses_node_priority_with_dfs_delta]: Reduce node (#leaves=1): queue=5, delete 0 tokens, ratio=50/112=44.64% 
[22:59:11] [INFO   ] Fixpoint[1]:Reducer[perses_node_priority_with_dfs_delta]: Reduce node (#leaves=1) 
[22:59:11] [INFO   ] perses_node_priority_with_dfs_delta ended at 22:59:11 2025/08/04. #old=112, #new=49 
[22:59:11] [INFO   ] Fixpoint[1]:Reducer[perses_node_priority_with_dfs_delta]: New minimal, delete 1 tokens, ratio=49/112=43.75% 
[22:59:11] [INFO   ] Fixpoint[1]:Reducer[perses_node_priority_with_dfs_delta]: Reduce node (#leaves=0): queue=4, delete 1 tokens, ratio=49/112=43.75% 
[22:59:11] [INFO   ] Fixpoint[1]:Reducer[perses_node_priority_with_dfs_delta]: Reduce node (#leaves=1) 
[22:59:11] [INFO   ] Fixpoint[1]:Reducer[perses_node_priority_with_dfs_delta]: Reduce node (#leaves=1): queue=3, delete 0 tokens, ratio=49/112=43.75% 
[22:59:11] [INFO   ] Fixpoint[1]:Reducer[perses_node_priority_with_dfs_delta]: Reduce node (#leaves=1) 
[22:59:11] [INFO   ] Fixpoint[1]:Reducer[perses_node_priority_with_dfs_delta]: Reduce node (#leaves=1): queue=2, delete 0 tokens, ratio=49/112=43.75% 
[22:59:11] [INFO   ] Fixpoint[1]:Reducer[perses_node_priority_with_dfs_delta]: Reduce node (#leaves=1) 
[22:59:11] [INFO   ] Fixpoint[1]:Reducer[perses_node_priority_with_dfs_delta]: Reduce node (#leaves=1): queue=1, delete 0 tokens, ratio=49/112=43.75% 
[22:59:11] [INFO   ] Fixpoint[1]:Reducer[perses_node_priority_with_dfs_delta]: Reduce node (#leaves=1) 
[22:59:11] [INFO   ] Fixpoint[1]:Reducer[perses_node_priority_with_dfs_delta]: Reduce node (#leaves=1): queue=0, delete 0 tokens, ratio=49/112=43.75% 
[22:59:11] [INFO   ] Fixpoint[1]:Reducer[perses_node_priority_with_dfs_delta]: Fixpoint iteration finished, delete 63 tokens, ratio=49/112=43.75% 
[22:59:11] [INFO   ] perses_node_priority_with_dfs_delta started at 22:59:11 2025/08/04. #tokens=49 
[22:59:11] [INFO   ] Fixpoint[2]:Reducer[perses_node_priority_with_dfs_delta]: New fixpoint iteration started. #Tokens=49 
[22:59:11] [INFO   ] Fixpoint[2]:Reducer[perses_node_priority_with_dfs_delta]: Reduce node (#leaves=49) 
[22:59:12] [INFO   ] Fixpoint[2]:Reducer[perses_node_priority_with_dfs_delta]: Reduce node (#leaves=49): queue=0, delete 0 tokens, ratio=49/112=43.75% 
[22:59:12] [INFO   ] Fixpoint[2]:Reducer[perses_node_priority_with_dfs_delta]: Reduce node (#leaves=28) 
[22:59:12] [INFO   ] Fixpoint[2]:Reducer[perses_node_priority_with_dfs_delta]: Reduce node (#leaves=28): queue=1, delete 0 tokens, ratio=49/112=43.75% 
[22:59:12] [INFO   ] Fixpoint[2]:Reducer[perses_node_priority_with_dfs_delta]: Reduce node (#leaves=26) 
[22:59:12] [INFO   ] Fixpoint[2]:Reducer[perses_node_priority_with_dfs_delta]: Reduce node (#leaves=26): queue=3, delete 0 tokens, ratio=49/112=43.75% 
[22:59:12] [INFO   ] Fixpoint[2]:Reducer[perses_node_priority_with_dfs_delta]: Reduce node (#leaves=24) 
[22:59:12] [INFO   ] Fixpoint[2]:Reducer[perses_node_priority_with_dfs_delta]: Reduce node (#leaves=24): queue=5, delete 0 tokens, ratio=49/112=43.75% 
[22:59:12] [INFO   ] Fixpoint[2]:Reducer[perses_node_priority_with_dfs_delta]: Reduce node (#leaves=24) 
[22:59:13] [INFO   ] Fixpoint[2]:Reducer[perses_node_priority_with_dfs_delta]: New minimal, delete 4 tokens, ratio=45/112=40.18% 
[22:59:13] [INFO   ] Fixpoint[2]:Reducer[perses_node_priority_with_dfs_delta]: Reduce node (#leaves=24): queue=5, delete 4 tokens, ratio=45/112=40.18% 
[22:59:13] [INFO   ] Fixpoint[2]:Reducer[perses_node_priority_with_dfs_delta]: Reduce node (#leaves=21) 
[22:59:13] [INFO   ] Fixpoint[2]:Reducer[perses_node_priority_with_dfs_delta]: Reduce node (#leaves=21): queue=5, delete 0 tokens, ratio=45/112=40.18% 
[22:59:13] [INFO   ] Fixpoint[2]:Reducer[perses_node_priority_with_dfs_delta]: Reduce node (#leaves=20) 
[22:59:13] [INFO   ] Fixpoint[2]:Reducer[perses_node_priority_with_dfs_delta]: Reduce node (#leaves=20): queue=8, delete 0 tokens, ratio=45/112=40.18% 
[22:59:13] [INFO   ] Fixpoint[2]:Reducer[perses_node_priority_with_dfs_delta]: Reduce node (#leaves=18) 
[22:59:13] [INFO   ] Fixpoint[2]:Reducer[perses_node_priority_with_dfs_delta]: Reduce node (#leaves=18): queue=10, delete 0 tokens, ratio=45/112=40.18% 
[22:59:13] [INFO   ] Fixpoint[2]:Reducer[perses_node_priority_with_dfs_delta]: Reduce node (#leaves=18) 
[22:59:13] [INFO   ] Fixpoint[2]:Reducer[perses_node_priority_with_dfs_delta]: Reduce node (#leaves=18): queue=10, delete 0 tokens, ratio=45/112=40.18% 
[22:59:13] [INFO   ] Fixpoint[2]:Reducer[perses_node_priority_with_dfs_delta]: Reduce node (#leaves=18) 
[22:59:13] [INFO   ] Fixpoint[2]:Reducer[perses_node_priority_with_dfs_delta]: Reduce node (#leaves=18): queue=10, delete 0 tokens, ratio=45/112=40.18% 
[22:59:13] [INFO   ] Fixpoint[2]:Reducer[perses_node_priority_with_dfs_delta]: Reduce node (#leaves=17) 
[22:59:13] [INFO   ] Fixpoint[2]:Reducer[perses_node_priority_with_dfs_delta]: Reduce node (#leaves=17): queue=11, delete 0 tokens, ratio=45/112=40.18% 
[22:59:13] [INFO   ] Fixpoint[2]:Reducer[perses_node_priority_with_dfs_delta]: Reduce node (#leaves=12) 
[22:59:13] [INFO   ] Fixpoint[2]:Reducer[perses_node_priority_with_dfs_delta]: Reduce node (#leaves=12): queue=12, delete 0 tokens, ratio=45/112=40.18% 
[22:59:13] [INFO   ] Fixpoint[2]:Reducer[perses_node_priority_with_dfs_delta]: Reduce node (#leaves=10) 
[22:59:13] [INFO   ] Fixpoint[2]:Reducer[perses_node_priority_with_dfs_delta]: Reduce node (#leaves=10): queue=14, delete 0 tokens, ratio=45/112=40.18% 
[22:59:13] [INFO   ] Fixpoint[2]:Reducer[perses_node_priority_with_dfs_delta]: Reduce node (#leaves=10) 
[22:59:13] [INFO   ] Fixpoint[2]:Reducer[perses_node_priority_with_dfs_delta]: Reduce node (#leaves=10): queue=14, delete 0 tokens, ratio=45/112=40.18% 
[22:59:13] [INFO   ] Fixpoint[2]:Reducer[perses_node_priority_with_dfs_delta]: Reduce node (#leaves=9) 
[22:59:14] [INFO   ] Fixpoint[2]:Reducer[perses_node_priority_with_dfs_delta]: Reduce node (#leaves=9): queue=15, delete 0 tokens, ratio=45/112=40.18% 
[22:59:14] [INFO   ] Fixpoint[2]:Reducer[perses_node_priority_with_dfs_delta]: Reduce node (#leaves=9) 
[22:59:14] [INFO   ] Fixpoint[2]:Reducer[perses_node_priority_with_dfs_delta]: Reduce node (#leaves=9): queue=16, delete 0 tokens, ratio=45/112=40.18% 
[22:59:14] [INFO   ] Fixpoint[2]:Reducer[perses_node_priority_with_dfs_delta]: Reduce node (#leaves=8) 
[22:59:14] [INFO   ] Fixpoint[2]:Reducer[perses_node_priority_with_dfs_delta]: Reduce node (#leaves=8): queue=17, delete 0 tokens, ratio=45/112=40.18% 
[22:59:14] [INFO   ] Fixpoint[2]:Reducer[perses_node_priority_with_dfs_delta]: Reduce node (#leaves=8) 
[22:59:14] [INFO   ] Fixpoint[2]:Reducer[perses_node_priority_with_dfs_delta]: Reduce node (#leaves=8): queue=18, delete 0 tokens, ratio=45/112=40.18% 
[22:59:14] [INFO   ] Fixpoint[2]:Reducer[perses_node_priority_with_dfs_delta]: Reduce node (#leaves=8) 
[22:59:14] [INFO   ] Fixpoint[2]:Reducer[perses_node_priority_with_dfs_delta]: Reduce node (#leaves=8): queue=18, delete 0 tokens, ratio=45/112=40.18% 
[22:59:14] [INFO   ] Fixpoint[2]:Reducer[perses_node_priority_with_dfs_delta]: Reduce node (#leaves=8) 
[22:59:14] [INFO   ] Fixpoint[2]:Reducer[perses_node_priority_with_dfs_delta]: Reduce node (#leaves=8): queue=19, delete 0 tokens, ratio=45/112=40.18% 
[22:59:14] [INFO   ] Fixpoint[2]:Reducer[perses_node_priority_with_dfs_delta]: Reduce node (#leaves=7) 
[22:59:14] [INFO   ] Fixpoint[2]:Reducer[perses_node_priority_with_dfs_delta]: Reduce node (#leaves=7): queue=22, delete 0 tokens, ratio=45/112=40.18% 
[22:59:14] [INFO   ] Fixpoint[2]:Reducer[perses_node_priority_with_dfs_delta]: Reduce node (#leaves=7) 
[22:59:14] [INFO   ] Fixpoint[2]:Reducer[perses_node_priority_with_dfs_delta]: Reduce node (#leaves=7): queue=22, delete 0 tokens, ratio=45/112=40.18% 
[22:59:14] [INFO   ] Fixpoint[2]:Reducer[perses_node_priority_with_dfs_delta]: Reduce node (#leaves=7) 
[22:59:14] [INFO   ] Fixpoint[2]:Reducer[perses_node_priority_with_dfs_delta]: Reduce node (#leaves=7): queue=24, delete 0 tokens, ratio=45/112=40.18% 
[22:59:14] [INFO   ] Fixpoint[2]:Reducer[perses_node_priority_with_dfs_delta]: Reduce node (#leaves=7) 
[22:59:15] [INFO   ] Fixpoint[2]:Reducer[perses_node_priority_with_dfs_delta]: Reduce node (#leaves=7): queue=26, delete 0 tokens, ratio=45/112=40.18% 
[22:59:15] [INFO   ] Fixpoint[2]:Reducer[perses_node_priority_with_dfs_delta]: Reduce node (#leaves=7) 
[22:59:15] [INFO   ] Fixpoint[2]:Reducer[perses_node_priority_with_dfs_delta]: Reduce node (#leaves=7): queue=26, delete 0 tokens, ratio=45/112=40.18% 
[22:59:15] [INFO   ] Fixpoint[2]:Reducer[perses_node_priority_with_dfs_delta]: Reduce node (#leaves=5) 
[22:59:15] [INFO   ] Fixpoint[2]:Reducer[perses_node_priority_with_dfs_delta]: Reduce node (#leaves=5): queue=28, delete 0 tokens, ratio=45/112=40.18% 
[22:59:15] [INFO   ] Fixpoint[2]:Reducer[perses_node_priority_with_dfs_delta]: Reduce node (#leaves=5) 
[22:59:15] [INFO   ] Fixpoint[2]:Reducer[perses_node_priority_with_dfs_delta]: Reduce node (#leaves=5): queue=29, delete 0 tokens, ratio=45/112=40.18% 
[22:59:15] [INFO   ] Fixpoint[2]:Reducer[perses_node_priority_with_dfs_delta]: Reduce node (#leaves=5) 
[22:59:16] [INFO   ] Fixpoint[2]:Reducer[perses_node_priority_with_dfs_delta]: Reduce node (#leaves=5): queue=31, delete 0 tokens, ratio=45/112=40.18% 
[22:59:16] [INFO   ] Fixpoint[2]:Reducer[perses_node_priority_with_dfs_delta]: Reduce node (#leaves=5) 
[22:59:16] [INFO   ] Fixpoint[2]:Reducer[perses_node_priority_with_dfs_delta]: Reduce node (#leaves=5): queue=32, delete 0 tokens, ratio=45/112=40.18% 
[22:59:16] [INFO   ] Fixpoint[2]:Reducer[perses_node_priority_with_dfs_delta]: Reduce node (#leaves=5) 
[22:59:16] [INFO   ] Fixpoint[2]:Reducer[perses_node_priority_with_dfs_delta]: Reduce node (#leaves=5): queue=32, delete 0 tokens, ratio=45/112=40.18% 
[22:59:16] [INFO   ] Fixpoint[2]:Reducer[perses_node_priority_with_dfs_delta]: Reduce node (#leaves=4) 
[22:59:17] [INFO   ] Fixpoint[2]:Reducer[perses_node_priority_with_dfs_delta]: Reduce node (#leaves=4): queue=33, delete 0 tokens, ratio=45/112=40.18% 
[22:59:17] [INFO   ] Fixpoint[2]:Reducer[perses_node_priority_with_dfs_delta]: Reduce node (#leaves=4) 
[22:59:17] [INFO   ] Fixpoint[2]:Reducer[perses_node_priority_with_dfs_delta]: Reduce node (#leaves=4): queue=34, delete 0 tokens, ratio=45/112=40.18% 
[22:59:17] [INFO   ] Fixpoint[2]:Reducer[perses_node_priority_with_dfs_delta]: Reduce node (#leaves=3) 
[22:59:18] [INFO   ] Fixpoint[2]:Reducer[perses_node_priority_with_dfs_delta]: Reduce node (#leaves=3): queue=35, delete 0 tokens, ratio=45/112=40.18% 
[22:59:18] [INFO   ] Fixpoint[2]:Reducer[perses_node_priority_with_dfs_delta]: Reduce node (#leaves=3) 
[22:59:18] [INFO   ] Fixpoint[2]:Reducer[perses_node_priority_with_dfs_delta]: Reduce node (#leaves=3): queue=36, delete 0 tokens, ratio=45/112=40.18% 
[22:59:18] [INFO   ] Fixpoint[2]:Reducer[perses_node_priority_with_dfs_delta]: Reduce node (#leaves=3) 
[22:59:18] [INFO   ] Fixpoint[2]:Reducer[perses_node_priority_with_dfs_delta]: Reduce node (#leaves=3): queue=36, delete 0 tokens, ratio=45/112=40.18% 
[22:59:18] [INFO   ] Fixpoint[2]:Reducer[perses_node_priority_with_dfs_delta]: Reduce node (#leaves=2) 
[22:59:18] [INFO   ] Fixpoint[2]:Reducer[perses_node_priority_with_dfs_delta]: Reduce node (#leaves=2): queue=37, delete 0 tokens, ratio=45/112=40.18% 
[22:59:18] [INFO   ] Fixpoint[2]:Reducer[perses_node_priority_with_dfs_delta]: Reduce node (#leaves=2) 
[22:59:18] [INFO   ] Fixpoint[2]:Reducer[perses_node_priority_with_dfs_delta]: Reduce node (#leaves=2): queue=38, delete 0 tokens, ratio=45/112=40.18% 
[22:59:18] [INFO   ] Fixpoint[2]:Reducer[perses_node_priority_with_dfs_delta]: Reduce node (#leaves=2) 
[22:59:18] [INFO   ] Fixpoint[2]:Reducer[perses_node_priority_with_dfs_delta]: Reduce node (#leaves=2): queue=39, delete 0 tokens, ratio=45/112=40.18% 
[22:59:18] [INFO   ] Fixpoint[2]:Reducer[perses_node_priority_with_dfs_delta]: Reduce node (#leaves=2) 
[22:59:18] [INFO   ] Fixpoint[2]:Reducer[perses_node_priority_with_dfs_delta]: Reduce node (#leaves=2): queue=39, delete 0 tokens, ratio=45/112=40.18% 
[22:59:18] [INFO   ] Fixpoint[2]:Reducer[perses_node_priority_with_dfs_delta]: Reduce node (#leaves=2) 
[22:59:18] [INFO   ] perses_node_priority_with_dfs_delta ended at 22:59:18 2025/08/04. #old=49, #new=45 
[22:59:18] [INFO   ] Fixpoint[2]:Reducer[perses_node_priority_with_dfs_delta]: Reduce node (#leaves=2): queue=40, delete 0 tokens, ratio=45/112=40.18% 
[22:59:18] [INFO   ] Fixpoint[2]:Reducer[perses_node_priority_with_dfs_delta]: Reduce node (#leaves=2) 
[22:59:18] [INFO   ] Fixpoint[2]:Reducer[perses_node_priority_with_dfs_delta]: Reduce node (#leaves=2): queue=41, delete 0 tokens, ratio=45/112=40.18% 
[22:59:18] [INFO   ] Fixpoint[2]:Reducer[perses_node_priority_with_dfs_delta]: Reduce node (#leaves=2) 
[22:59:18] [INFO   ] Fixpoint[2]:Reducer[perses_node_priority_with_dfs_delta]: Reduce node (#leaves=2): queue=42, delete 0 tokens, ratio=45/112=40.18% 
[22:59:18] [INFO   ] Fixpoint[2]:Reducer[perses_node_priority_with_dfs_delta]: Reduce node (#leaves=2) 
[22:59:18] [INFO   ] Fixpoint[2]:Reducer[perses_node_priority_with_dfs_delta]: Reduce node (#leaves=2): queue=43, delete 0 tokens, ratio=45/112=40.18% 
[22:59:18] [INFO   ] Fixpoint[2]:Reducer[perses_node_priority_with_dfs_delta]: Reduce node (#leaves=1) 
[22:59:18] [INFO   ] Fixpoint[2]:Reducer[perses_node_priority_with_dfs_delta]: Reduce node (#leaves=1): queue=44, delete 0 tokens, ratio=45/112=40.18% 
[22:59:18] [INFO   ] Fixpoint[2]:Reducer[perses_node_priority_with_dfs_delta]: Reduce node (#leaves=1) 
[22:59:18] [INFO   ] Fixpoint[2]:Reducer[perses_node_priority_with_dfs_delta]: Reduce node (#leaves=1): queue=43, delete 0 tokens, ratio=45/112=40.18% 
[22:59:18] [INFO   ] Fixpoint[2]:Reducer[perses_node_priority_with_dfs_delta]: Reduce node (#leaves=1) 
[22:59:18] [INFO   ] Fixpoint[2]:Reducer[perses_node_priority_with_dfs_delta]: Reduce node (#leaves=1): queue=42, delete 0 tokens, ratio=45/112=40.18% 
[22:59:18] [INFO   ] Fixpoint[2]:Reducer[perses_node_priority_with_dfs_delta]: Reduce node (#leaves=1) 
[22:59:18] [INFO   ] Fixpoint[2]:Reducer[perses_node_priority_with_dfs_delta]: Reduce node (#leaves=1): queue=41, delete 0 tokens, ratio=45/112=40.18% 
[22:59:18] [INFO   ] Fixpoint[2]:Reducer[perses_node_priority_with_dfs_delta]: Reduce node (#leaves=1) 
[22:59:18] [INFO   ] Fixpoint[2]:Reducer[perses_node_priority_with_dfs_delta]: Reduce node (#leaves=1): queue=40, delete 0 tokens, ratio=45/112=40.18% 
[22:59:18] [INFO   ] Fixpoint[2]:Reducer[perses_node_priority_with_dfs_delta]: Reduce node (#leaves=1) 
[22:59:18] [INFO   ] Fixpoint[2]:Reducer[perses_node_priority_with_dfs_delta]: Reduce node (#leaves=1): queue=39, delete 0 tokens, ratio=45/112=40.18% 
[22:59:18] [INFO   ] Fixpoint[2]:Reducer[perses_node_priority_with_dfs_delta]: Reduce node (#leaves=1) 
[22:59:18] [INFO   ] Fixpoint[2]:Reducer[perses_node_priority_with_dfs_delta]: Reduce node (#leaves=1): queue=38, delete 0 tokens, ratio=45/112=40.18% 
[22:59:18] [INFO   ] Fixpoint[2]:Reducer[perses_node_priority_with_dfs_delta]: Reduce node (#leaves=1) 
[22:59:18] [INFO   ] Fixpoint[2]:Reducer[perses_node_priority_with_dfs_delta]: Reduce node (#leaves=1): queue=37, delete 0 tokens, ratio=45/112=40.18% 
[22:59:18] [INFO   ] Fixpoint[2]:Reducer[perses_node_priority_with_dfs_delta]: Reduce node (#leaves=1) 
[22:59:18] [INFO   ] Fixpoint[2]:Reducer[perses_node_priority_with_dfs_delta]: Reduce node (#leaves=1): queue=36, delete 0 tokens, ratio=45/112=40.18% 
[22:59:18] [INFO   ] Fixpoint[2]:Reducer[perses_node_priority_with_dfs_delta]: Reduce node (#leaves=1) 
[22:59:18] [INFO   ] Fixpoint[2]:Reducer[perses_node_priority_with_dfs_delta]: Reduce node (#leaves=1): queue=35, delete 0 tokens, ratio=45/112=40.18% 
[22:59:18] [INFO   ] Fixpoint[2]:Reducer[perses_node_priority_with_dfs_delta]: Reduce node (#leaves=1) 
[22:59:18] [INFO   ] Fixpoint[2]:Reducer[perses_node_priority_with_dfs_delta]: Reduce node (#leaves=1): queue=34, delete 0 tokens, ratio=45/112=40.18% 
[22:59:18] [INFO   ] Fixpoint[2]:Reducer[perses_node_priority_with_dfs_delta]: Reduce node (#leaves=1) 
[22:59:18] [INFO   ] Fixpoint[2]:Reducer[perses_node_priority_with_dfs_delta]: Reduce node (#leaves=1): queue=33, delete 0 tokens, ratio=45/112=40.18% 
[22:59:18] [INFO   ] Fixpoint[2]:Reducer[perses_node_priority_with_dfs_delta]: Reduce node (#leaves=1) 
[22:59:18] [INFO   ] Fixpoint[2]:Reducer[perses_node_priority_with_dfs_delta]: Reduce node (#leaves=1): queue=32, delete 0 tokens, ratio=45/112=40.18% 
[22:59:18] [INFO   ] Fixpoint[2]:Reducer[perses_node_priority_with_dfs_delta]: Reduce node (#leaves=1) 
[22:59:18] [INFO   ] Fixpoint[2]:Reducer[perses_node_priority_with_dfs_delta]: Reduce node (#leaves=1): queue=31, delete 0 tokens, ratio=45/112=40.18% 
[22:59:18] [INFO   ] Fixpoint[2]:Reducer[perses_node_priority_with_dfs_delta]: Reduce node (#leaves=1) 
[22:59:18] [INFO   ] Fixpoint[2]:Reducer[perses_node_priority_with_dfs_delta]: Reduce node (#leaves=1): queue=30, delete 0 tokens, ratio=45/112=40.18% 
[22:59:18] [INFO   ] Fixpoint[2]:Reducer[perses_node_priority_with_dfs_delta]: Reduce node (#leaves=1) 
[22:59:18] [INFO   ] Fixpoint[2]:Reducer[perses_node_priority_with_dfs_delta]: Reduce node (#leaves=1): queue=29, delete 0 tokens, ratio=45/112=40.18% 
[22:59:18] [INFO   ] Fixpoint[2]:Reducer[perses_node_priority_with_dfs_delta]: Reduce node (#leaves=1) 
[22:59:18] [INFO   ] Fixpoint[2]:Reducer[perses_node_priority_with_dfs_delta]: Reduce node (#leaves=1): queue=28, delete 0 tokens, ratio=45/112=40.18% 
[22:59:18] [INFO   ] Fixpoint[2]:Reducer[perses_node_priority_with_dfs_delta]: Reduce node (#leaves=1) 
[22:59:18] [INFO   ] Fixpoint[2]:Reducer[perses_node_priority_with_dfs_delta]: Reduce node (#leaves=1): queue=27, delete 0 tokens, ratio=45/112=40.18% 
[22:59:18] [INFO   ] Fixpoint[2]:Reducer[perses_node_priority_with_dfs_delta]: Reduce node (#leaves=1) 
[22:59:18] [INFO   ] Fixpoint[2]:Reducer[perses_node_priority_with_dfs_delta]: Reduce node (#leaves=1): queue=26, delete 0 tokens, ratio=45/112=40.18% 
[22:59:18] [INFO   ] Fixpoint[2]:Reducer[perses_node_priority_with_dfs_delta]: Reduce node (#leaves=1) 
[22:59:18] [INFO   ] Fixpoint[2]:Reducer[perses_node_priority_with_dfs_delta]: Reduce node (#leaves=1): queue=25, delete 0 tokens, ratio=45/112=40.18% 
[22:59:18] [INFO   ] Fixpoint[2]:Reducer[perses_node_priority_with_dfs_delta]: Reduce node (#leaves=1) 
[22:59:18] [INFO   ] Fixpoint[2]:Reducer[perses_node_priority_with_dfs_delta]: Reduce node (#leaves=1): queue=24, delete 0 tokens, ratio=45/112=40.18% 
[22:59:18] [INFO   ] Fixpoint[2]:Reducer[perses_node_priority_with_dfs_delta]: Reduce node (#leaves=1) 
[22:59:18] [INFO   ] Fixpoint[2]:Reducer[perses_node_priority_with_dfs_delta]: Reduce node (#leaves=1): queue=23, delete 0 tokens, ratio=45/112=40.18% 
[22:59:18] [INFO   ] Fixpoint[2]:Reducer[perses_node_priority_with_dfs_delta]: Reduce node (#leaves=1) 
[22:59:18] [INFO   ] Fixpoint[2]:Reducer[perses_node_priority_with_dfs_delta]: Reduce node (#leaves=1): queue=22, delete 0 tokens, ratio=45/112=40.18% 
[22:59:18] [INFO   ] Fixpoint[2]:Reducer[perses_node_priority_with_dfs_delta]: Reduce node (#leaves=1) 
[22:59:18] [INFO   ] Fixpoint[2]:Reducer[perses_node_priority_with_dfs_delta]: Reduce node (#leaves=1): queue=21, delete 0 tokens, ratio=45/112=40.18% 
[22:59:18] [INFO   ] Fixpoint[2]:Reducer[perses_node_priority_with_dfs_delta]: Reduce node (#leaves=1) 
[22:59:18] [INFO   ] Fixpoint[2]:Reducer[perses_node_priority_with_dfs_delta]: Reduce node (#leaves=1): queue=20, delete 0 tokens, ratio=45/112=40.18% 
[22:59:18] [INFO   ] Fixpoint[2]:Reducer[perses_node_priority_with_dfs_delta]: Reduce node (#leaves=1) 
[22:59:18] [INFO   ] Fixpoint[2]:Reducer[perses_node_priority_with_dfs_delta]: Reduce node (#leaves=1): queue=19, delete 0 tokens, ratio=45/112=40.18% 
[22:59:18] [INFO   ] Fixpoint[2]:Reducer[perses_node_priority_with_dfs_delta]: Reduce node (#leaves=1) 
[22:59:18] [INFO   ] Fixpoint[2]:Reducer[perses_node_priority_with_dfs_delta]: Reduce node (#leaves=1): queue=18, delete 0 tokens, ratio=45/112=40.18% 
[22:59:18] [INFO   ] Fixpoint[2]:Reducer[perses_node_priority_with_dfs_delta]: Reduce node (#leaves=1) 
[22:59:18] [INFO   ] Fixpoint[2]:Reducer[perses_node_priority_with_dfs_delta]: Reduce node (#leaves=1): queue=17, delete 0 tokens, ratio=45/112=40.18% 
[22:59:18] [INFO   ] Fixpoint[2]:Reducer[perses_node_priority_with_dfs_delta]: Reduce node (#leaves=1) 
[22:59:18] [INFO   ] Fixpoint[2]:Reducer[perses_node_priority_with_dfs_delta]: Reduce node (#leaves=1): queue=16, delete 0 tokens, ratio=45/112=40.18% 
[22:59:18] [INFO   ] Fixpoint[2]:Reducer[perses_node_priority_with_dfs_delta]: Reduce node (#leaves=1) 
[22:59:18] [INFO   ] Fixpoint[2]:Reducer[perses_node_priority_with_dfs_delta]: Reduce node (#leaves=1): queue=15, delete 0 tokens, ratio=45/112=40.18% 
[22:59:18] [INFO   ] Fixpoint[2]:Reducer[perses_node_priority_with_dfs_delta]: Reduce node (#leaves=1) 
[22:59:18] [INFO   ] Fixpoint[2]:Reducer[perses_node_priority_with_dfs_delta]: Reduce node (#leaves=1): queue=14, delete 0 tokens, ratio=45/112=40.18% 
[22:59:18] [INFO   ] Fixpoint[2]:Reducer[perses_node_priority_with_dfs_delta]: Reduce node (#leaves=1) 
[22:59:18] [INFO   ] Fixpoint[2]:Reducer[perses_node_priority_with_dfs_delta]: Reduce node (#leaves=1): queue=13, delete 0 tokens, ratio=45/112=40.18% 
[22:59:18] [INFO   ] Fixpoint[2]:Reducer[perses_node_priority_with_dfs_delta]: Reduce node (#leaves=1) 
[22:59:18] [INFO   ] Fixpoint[2]:Reducer[perses_node_priority_with_dfs_delta]: Reduce node (#leaves=1): queue=12, delete 0 tokens, ratio=45/112=40.18% 
[22:59:18] [INFO   ] Fixpoint[2]:Reducer[perses_node_priority_with_dfs_delta]: Reduce node (#leaves=1) 
[22:59:18] [INFO   ] Fixpoint[2]:Reducer[perses_node_priority_with_dfs_delta]: Reduce node (#leaves=1): queue=11, delete 0 tokens, ratio=45/112=40.18% 
[22:59:18] [INFO   ] Fixpoint[2]:Reducer[perses_node_priority_with_dfs_delta]: Reduce node (#leaves=1) 
[22:59:18] [INFO   ] Fixpoint[2]:Reducer[perses_node_priority_with_dfs_delta]: Reduce node (#leaves=1): queue=10, delete 0 tokens, ratio=45/112=40.18% 
[22:59:18] [INFO   ] Fixpoint[2]:Reducer[perses_node_priority_with_dfs_delta]: Reduce node (#leaves=1) 
[22:59:18] [INFO   ] Fixpoint[2]:Reducer[perses_node_priority_with_dfs_delta]: Reduce node (#leaves=1): queue=9, delete 0 tokens, ratio=45/112=40.18% 
[22:59:18] [INFO   ] Fixpoint[2]:Reducer[perses_node_priority_with_dfs_delta]: Reduce node (#leaves=1) 
[22:59:18] [INFO   ] Fixpoint[2]:Reducer[perses_node_priority_with_dfs_delta]: Reduce node (#leaves=1): queue=8, delete 0 tokens, ratio=45/112=40.18% 
[22:59:18] [INFO   ] Fixpoint[2]:Reducer[perses_node_priority_with_dfs_delta]: Reduce node (#leaves=1) 
[22:59:18] [INFO   ] Fixpoint[2]:Reducer[perses_node_priority_with_dfs_delta]: Reduce node (#leaves=1): queue=7, delete 0 tokens, ratio=45/112=40.18% 
[22:59:18] [INFO   ] Fixpoint[2]:Reducer[perses_node_priority_with_dfs_delta]: Reduce node (#leaves=1) 
[22:59:18] [INFO   ] Fixpoint[2]:Reducer[perses_node_priority_with_dfs_delta]: Reduce node (#leaves=1): queue=6, delete 0 tokens, ratio=45/112=40.18% 
[22:59:18] [INFO   ] Fixpoint[2]:Reducer[perses_node_priority_with_dfs_delta]: Reduce node (#leaves=1) 
[22:59:18] [INFO   ] Fixpoint[2]:Reducer[perses_node_priority_with_dfs_delta]: Reduce node (#leaves=1): queue=5, delete 0 tokens, ratio=45/112=40.18% 
[22:59:18] [INFO   ] Fixpoint[2]:Reducer[perses_node_priority_with_dfs_delta]: Reduce node (#leaves=1) 
[22:59:18] [INFO   ] Fixpoint[2]:Reducer[perses_node_priority_with_dfs_delta]: Reduce node (#leaves=1): queue=4, delete 0 tokens, ratio=45/112=40.18% 
[22:59:18] [INFO   ] Fixpoint[2]:Reducer[perses_node_priority_with_dfs_delta]: Reduce node (#leaves=1) 
[22:59:18] [INFO   ] Fixpoint[2]:Reducer[perses_node_priority_with_dfs_delta]: Reduce node (#leaves=1): queue=3, delete 0 tokens, ratio=45/112=40.18% 
[22:59:18] [INFO   ] Fixpoint[2]:Reducer[perses_node_priority_with_dfs_delta]: Reduce node (#leaves=1) 
[22:59:18] [INFO   ] Fixpoint[2]:Reducer[perses_node_priority_with_dfs_delta]: Reduce node (#leaves=1): queue=2, delete 0 tokens, ratio=45/112=40.18% 
[22:59:18] [INFO   ] Fixpoint[2]:Reducer[perses_node_priority_with_dfs_delta]: Reduce node (#leaves=1) 
[22:59:18] [INFO   ] Fixpoint[2]:Reducer[perses_node_priority_with_dfs_delta]: Reduce node (#leaves=1): queue=1, delete 0 tokens, ratio=45/112=40.18% 
[22:59:18] [INFO   ] Fixpoint[2]:Reducer[perses_node_priority_with_dfs_delta]: Reduce node (#leaves=1) 
[22:59:18] [INFO   ] Fixpoint[2]:Reducer[perses_node_priority_with_dfs_delta]: Reduce node (#leaves=1): queue=0, delete 0 tokens, ratio=45/112=40.18% 
[22:59:18] [INFO   ] Fixpoint[2]:Reducer[perses_node_priority_with_dfs_delta]: Fixpoint iteration finished, delete 4 tokens, ratio=45/112=40.18% 
[22:59:18] [INFO   ] perses_node_priority_with_dfs_delta started at 22:59:18 2025/08/04. #tokens=45 
[22:59:18] [INFO   ] Fixpoint[3]:Reducer[perses_node_priority_with_dfs_delta]: New fixpoint iteration started. #Tokens=45 
[22:59:18] [INFO   ] Fixpoint[3]:Reducer[perses_node_priority_with_dfs_delta]: Reduce node (#leaves=45) 
[22:59:18] [INFO   ] Fixpoint[3]:Reducer[perses_node_priority_with_dfs_delta]: Reduce node (#leaves=45): queue=0, delete 0 tokens, ratio=45/112=40.18% 
[22:59:18] [INFO   ] Fixpoint[3]:Reducer[perses_node_priority_with_dfs_delta]: Reduce node (#leaves=24) 
[22:59:18] [INFO   ] Fixpoint[3]:Reducer[perses_node_priority_with_dfs_delta]: Reduce node (#leaves=24): queue=1, delete 0 tokens, ratio=45/112=40.18% 
[22:59:18] [INFO   ] Fixpoint[3]:Reducer[perses_node_priority_with_dfs_delta]: Reduce node (#leaves=22) 
[22:59:18] [INFO   ] Fixpoint[3]:Reducer[perses_node_priority_with_dfs_delta]: Reduce node (#leaves=22): queue=3, delete 0 tokens, ratio=45/112=40.18% 
[22:59:18] [INFO   ] Fixpoint[3]:Reducer[perses_node_priority_with_dfs_delta]: Reduce node (#leaves=21) 
[22:59:18] [INFO   ] Fixpoint[3]:Reducer[perses_node_priority_with_dfs_delta]: Reduce node (#leaves=21): queue=5, delete 0 tokens, ratio=45/112=40.18% 
[22:59:18] [INFO   ] Fixpoint[3]:Reducer[perses_node_priority_with_dfs_delta]: Reduce node (#leaves=20) 
[22:59:18] [INFO   ] Fixpoint[3]:Reducer[perses_node_priority_with_dfs_delta]: Reduce node (#leaves=20): queue=8, delete 0 tokens, ratio=45/112=40.18% 
[22:59:18] [INFO   ] Fixpoint[3]:Reducer[perses_node_priority_with_dfs_delta]: Reduce node (#leaves=20) 
[22:59:18] [INFO   ] Fixpoint[3]:Reducer[perses_node_priority_with_dfs_delta]: Reduce node (#leaves=20): queue=8, delete 0 tokens, ratio=45/112=40.18% 
[22:59:18] [INFO   ] Fixpoint[3]:Reducer[perses_node_priority_with_dfs_delta]: Reduce node (#leaves=18) 
[22:59:18] [INFO   ] Fixpoint[3]:Reducer[perses_node_priority_with_dfs_delta]: Reduce node (#leaves=18): queue=10, delete 0 tokens, ratio=45/112=40.18% 
[22:59:18] [INFO   ] Fixpoint[3]:Reducer[perses_node_priority_with_dfs_delta]: Reduce node (#leaves=18) 
[22:59:18] [INFO   ] Fixpoint[3]:Reducer[perses_node_priority_with_dfs_delta]: Reduce node (#leaves=18): queue=10, delete 0 tokens, ratio=45/112=40.18% 
[22:59:18] [INFO   ] Fixpoint[3]:Reducer[perses_node_priority_with_dfs_delta]: Reduce node (#leaves=18) 
[22:59:18] [INFO   ] Fixpoint[3]:Reducer[perses_node_priority_with_dfs_delta]: Reduce node (#leaves=18): queue=10, delete 0 tokens, ratio=45/112=40.18% 
[22:59:18] [INFO   ] Fixpoint[3]:Reducer[perses_node_priority_with_dfs_delta]: Reduce node (#leaves=17) 
[22:59:18] [INFO   ] Fixpoint[3]:Reducer[perses_node_priority_with_dfs_delta]: Reduce node (#leaves=17): queue=11, delete 0 tokens, ratio=45/112=40.18% 
[22:59:18] [INFO   ] Fixpoint[3]:Reducer[perses_node_priority_with_dfs_delta]: Reduce node (#leaves=12) 
[22:59:18] [INFO   ] Fixpoint[3]:Reducer[perses_node_priority_with_dfs_delta]: Reduce node (#leaves=12): queue=12, delete 0 tokens, ratio=45/112=40.18% 
[22:59:18] [INFO   ] Fixpoint[3]:Reducer[perses_node_priority_with_dfs_delta]: Reduce node (#leaves=10) 
[22:59:18] [INFO   ] Fixpoint[3]:Reducer[perses_node_priority_with_dfs_delta]: Reduce node (#leaves=10): queue=14, delete 0 tokens, ratio=45/112=40.18% 
[22:59:18] [INFO   ] Fixpoint[3]:Reducer[perses_node_priority_with_dfs_delta]: Reduce node (#leaves=10) 
[22:59:18] [INFO   ] Fixpoint[3]:Reducer[perses_node_priority_with_dfs_delta]: Reduce node (#leaves=10): queue=14, delete 0 tokens, ratio=45/112=40.18% 
[22:59:18] [INFO   ] Fixpoint[3]:Reducer[perses_node_priority_with_dfs_delta]: Reduce node (#leaves=9) 
[22:59:18] [INFO   ] Fixpoint[3]:Reducer[perses_node_priority_with_dfs_delta]: Reduce node (#leaves=9): queue=15, delete 0 tokens, ratio=45/112=40.18% 
[22:59:18] [INFO   ] Fixpoint[3]:Reducer[perses_node_priority_with_dfs_delta]: Reduce node (#leaves=9) 
[22:59:18] [INFO   ] Fixpoint[3]:Reducer[perses_node_priority_with_dfs_delta]: Reduce node (#leaves=9): queue=16, delete 0 tokens, ratio=45/112=40.18% 
[22:59:18] [INFO   ] Fixpoint[3]:Reducer[perses_node_priority_with_dfs_delta]: Reduce node (#leaves=8) 
[22:59:18] [INFO   ] Fixpoint[3]:Reducer[perses_node_priority_with_dfs_delta]: Reduce node (#leaves=8): queue=17, delete 0 tokens, ratio=45/112=40.18% 
[22:59:18] [INFO   ] Fixpoint[3]:Reducer[perses_node_priority_with_dfs_delta]: Reduce node (#leaves=8) 
[22:59:18] [INFO   ] Fixpoint[3]:Reducer[perses_node_priority_with_dfs_delta]: Reduce node (#leaves=8): queue=18, delete 0 tokens, ratio=45/112=40.18% 
[22:59:18] [INFO   ] Fixpoint[3]:Reducer[perses_node_priority_with_dfs_delta]: Reduce node (#leaves=8) 
[22:59:18] [INFO   ] Fixpoint[3]:Reducer[perses_node_priority_with_dfs_delta]: Reduce node (#leaves=8): queue=18, delete 0 tokens, ratio=45/112=40.18% 
[22:59:18] [INFO   ] Fixpoint[3]:Reducer[perses_node_priority_with_dfs_delta]: Reduce node (#leaves=8) 
[22:59:18] [INFO   ] Fixpoint[3]:Reducer[perses_node_priority_with_dfs_delta]: Reduce node (#leaves=8): queue=19, delete 0 tokens, ratio=45/112=40.18% 
[22:59:18] [INFO   ] Fixpoint[3]:Reducer[perses_node_priority_with_dfs_delta]: Reduce node (#leaves=7) 
[22:59:18] [INFO   ] Fixpoint[3]:Reducer[perses_node_priority_with_dfs_delta]: Reduce node (#leaves=7): queue=22, delete 0 tokens, ratio=45/112=40.18% 
[22:59:18] [INFO   ] Fixpoint[3]:Reducer[perses_node_priority_with_dfs_delta]: Reduce node (#leaves=7) 
[22:59:18] [INFO   ] Fixpoint[3]:Reducer[perses_node_priority_with_dfs_delta]: Reduce node (#leaves=7): queue=22, delete 0 tokens, ratio=45/112=40.18% 
[22:59:18] [INFO   ] Fixpoint[3]:Reducer[perses_node_priority_with_dfs_delta]: Reduce node (#leaves=7) 
[22:59:18] [INFO   ] Fixpoint[3]:Reducer[perses_node_priority_with_dfs_delta]: Reduce node (#leaves=7): queue=24, delete 0 tokens, ratio=45/112=40.18% 
[22:59:18] [INFO   ] Fixpoint[3]:Reducer[perses_node_priority_with_dfs_delta]: Reduce node (#leaves=7) 
[22:59:18] [INFO   ] Fixpoint[3]:Reducer[perses_node_priority_with_dfs_delta]: Reduce node (#leaves=7): queue=26, delete 0 tokens, ratio=45/112=40.18% 
[22:59:18] [INFO   ] Fixpoint[3]:Reducer[perses_node_priority_with_dfs_delta]: Reduce node (#leaves=7) 
[22:59:18] [INFO   ] Fixpoint[3]:Reducer[perses_node_priority_with_dfs_delta]: Reduce node (#leaves=7): queue=26, delete 0 tokens, ratio=45/112=40.18% 
[22:59:18] [INFO   ] Fixpoint[3]:Reducer[perses_node_priority_with_dfs_delta]: Reduce node (#leaves=5) 
[22:59:18] [INFO   ] Fixpoint[3]:Reducer[perses_node_priority_with_dfs_delta]: Reduce node (#leaves=5): queue=28, delete 0 tokens, ratio=45/112=40.18% 
[22:59:18] [INFO   ] Fixpoint[3]:Reducer[perses_node_priority_with_dfs_delta]: Reduce node (#leaves=5) 
[22:59:18] [INFO   ] Fixpoint[3]:Reducer[perses_node_priority_with_dfs_delta]: Reduce node (#leaves=5): queue=29, delete 0 tokens, ratio=45/112=40.18% 
[22:59:18] [INFO   ] Fixpoint[3]:Reducer[perses_node_priority_with_dfs_delta]: Reduce node (#leaves=5) 
[22:59:18] [INFO   ] Fixpoint[3]:Reducer[perses_node_priority_with_dfs_delta]: Reduce node (#leaves=5): queue=31, delete 0 tokens, ratio=45/112=40.18% 
[22:59:18] [INFO   ] Fixpoint[3]:Reducer[perses_node_priority_with_dfs_delta]: Reduce node (#leaves=5) 
[22:59:18] [INFO   ] Fixpoint[3]:Reducer[perses_node_priority_with_dfs_delta]: Reduce node (#leaves=5): queue=32, delete 0 tokens, ratio=45/112=40.18% 
[22:59:18] [INFO   ] Fixpoint[3]:Reducer[perses_node_priority_with_dfs_delta]: Reduce node (#leaves=5) 
[22:59:18] [INFO   ] Fixpoint[3]:Reducer[perses_node_priority_with_dfs_delta]: Reduce node (#leaves=5): queue=32, delete 0 tokens, ratio=45/112=40.18% 
[22:59:18] [INFO   ] Fixpoint[3]:Reducer[perses_node_priority_with_dfs_delta]: Reduce node (#leaves=4) 
[22:59:18] [INFO   ] Fixpoint[3]:Reducer[perses_node_priority_with_dfs_delta]: Reduce node (#leaves=4): queue=33, delete 0 tokens, ratio=45/112=40.18% 
[22:59:18] [INFO   ] Fixpoint[3]:Reducer[perses_node_priority_with_dfs_delta]: Reduce node (#leaves=4) 
[22:59:18] [INFO   ] Fixpoint[3]:Reducer[perses_node_priority_with_dfs_delta]: Reduce node (#leaves=4): queue=34, delete 0 tokens, ratio=45/112=40.18% 
[22:59:18] [INFO   ] Fixpoint[3]:Reducer[perses_node_priority_with_dfs_delta]: Reduce node (#leaves=3) 
[22:59:18] [INFO   ] Fixpoint[3]:Reducer[perses_node_priority_with_dfs_delta]: Reduce node (#leaves=3): queue=35, delete 0 tokens, ratio=45/112=40.18% 
[22:59:18] [INFO   ] Fixpoint[3]:Reducer[perses_node_priority_with_dfs_delta]: Reduce node (#leaves=3) 
[22:59:18] [INFO   ] Fixpoint[3]:Reducer[perses_node_priority_with_dfs_delta]: Reduce node (#leaves=3): queue=36, delete 0 tokens, ratio=45/112=40.18% 
[22:59:18] [INFO   ] Fixpoint[3]:Reducer[perses_node_priority_with_dfs_delta]: Reduce node (#leaves=3) 
[22:59:18] [INFO   ] Fixpoint[3]:Reducer[perses_node_priority_with_dfs_delta]: Reduce node (#leaves=3): queue=36, delete 0 tokens, ratio=45/112=40.18% 
[22:59:18] [INFO   ] Fixpoint[3]:Reducer[perses_node_priority_with_dfs_delta]: Reduce node (#leaves=2) 
[22:59:18] [INFO   ] Fixpoint[3]:Reducer[perses_node_priority_with_dfs_delta]: Reduce node (#leaves=2): queue=37, delete 0 tokens, ratio=45/112=40.18% 
[22:59:18] [INFO   ] Fixpoint[3]:Reducer[perses_node_priority_with_dfs_delta]: Reduce node (#leaves=2) 
[22:59:18] [INFO   ] Fixpoint[3]:Reducer[perses_node_priority_with_dfs_delta]: Reduce node (#leaves=2): queue=38, delete 0 tokens, ratio=45/112=40.18% 
[22:59:18] [INFO   ] Fixpoint[3]:Reducer[perses_node_priority_with_dfs_delta]: Reduce node (#leaves=2) 
[22:59:18] [INFO   ] Fixpoint[3]:Reducer[perses_node_priority_with_dfs_delta]: Reduce node (#leaves=2): queue=39, delete 0 tokens, ratio=45/112=40.18% 
[22:59:18] [INFO   ] Fixpoint[3]:Reducer[perses_node_priority_with_dfs_delta]: Reduce node (#leaves=2) 
[22:59:18] [INFO   ] Fixpoint[3]:Reducer[perses_node_priority_with_dfs_delta]: Reduce node (#leaves=2): queue=39, delete 0 tokens, ratio=45/112=40.18% 
[22:59:18] [INFO   ] perses_node_priority_with_dfs_delta ended at 22:59:18 2025/08/04. #old=45, #new=45 
[22:59:18] [INFO   ] Fixpoint[3]:Reducer[perses_node_priority_with_dfs_delta]: Reduce node (#leaves=2) 
[22:59:18] [INFO   ] Fixpoint[3]:Reducer[perses_node_priority_with_dfs_delta]: Reduce node (#leaves=2): queue=40, delete 0 tokens, ratio=45/112=40.18% 
[22:59:18] [INFO   ] Fixpoint[3]:Reducer[perses_node_priority_with_dfs_delta]: Reduce node (#leaves=2) 
[22:59:18] [INFO   ] Fixpoint[3]:Reducer[perses_node_priority_with_dfs_delta]: Reduce node (#leaves=2): queue=41, delete 0 tokens, ratio=45/112=40.18% 
[22:59:18] [INFO   ] Fixpoint[3]:Reducer[perses_node_priority_with_dfs_delta]: Reduce node (#leaves=2) 
[22:59:18] [INFO   ] Fixpoint[3]:Reducer[perses_node_priority_with_dfs_delta]: Reduce node (#leaves=2): queue=42, delete 0 tokens, ratio=45/112=40.18% 
[22:59:18] [INFO   ] Fixpoint[3]:Reducer[perses_node_priority_with_dfs_delta]: Reduce node (#leaves=2) 
[22:59:18] [INFO   ] Fixpoint[3]:Reducer[perses_node_priority_with_dfs_delta]: Reduce node (#leaves=2): queue=43, delete 0 tokens, ratio=45/112=40.18% 
[22:59:18] [INFO   ] Fixpoint[3]:Reducer[perses_node_priority_with_dfs_delta]: Reduce node (#leaves=1) 
[22:59:18] [INFO   ] Fixpoint[3]:Reducer[perses_node_priority_with_dfs_delta]: Reduce node (#leaves=1): queue=44, delete 0 tokens, ratio=45/112=40.18% 
[22:59:18] [INFO   ] Fixpoint[3]:Reducer[perses_node_priority_with_dfs_delta]: Reduce node (#leaves=1) 
[22:59:18] [INFO   ] Fixpoint[3]:Reducer[perses_node_priority_with_dfs_delta]: Reduce node (#leaves=1): queue=43, delete 0 tokens, ratio=45/112=40.18% 
[22:59:18] [INFO   ] Fixpoint[3]:Reducer[perses_node_priority_with_dfs_delta]: Reduce node (#leaves=1) 
[22:59:18] [INFO   ] Fixpoint[3]:Reducer[perses_node_priority_with_dfs_delta]: Reduce node (#leaves=1): queue=42, delete 0 tokens, ratio=45/112=40.18% 
[22:59:18] [INFO   ] Fixpoint[3]:Reducer[perses_node_priority_with_dfs_delta]: Reduce node (#leaves=1) 
[22:59:18] [INFO   ] Fixpoint[3]:Reducer[perses_node_priority_with_dfs_delta]: Reduce node (#leaves=1): queue=41, delete 0 tokens, ratio=45/112=40.18% 
[22:59:18] [INFO   ] Fixpoint[3]:Reducer[perses_node_priority_with_dfs_delta]: Reduce node (#leaves=1) 
[22:59:18] [INFO   ] Fixpoint[3]:Reducer[perses_node_priority_with_dfs_delta]: Reduce node (#leaves=1): queue=40, delete 0 tokens, ratio=45/112=40.18% 
[22:59:18] [INFO   ] Fixpoint[3]:Reducer[perses_node_priority_with_dfs_delta]: Reduce node (#leaves=1) 
[22:59:18] [INFO   ] Fixpoint[3]:Reducer[perses_node_priority_with_dfs_delta]: Reduce node (#leaves=1): queue=39, delete 0 tokens, ratio=45/112=40.18% 
[22:59:18] [INFO   ] Fixpoint[3]:Reducer[perses_node_priority_with_dfs_delta]: Reduce node (#leaves=1) 
[22:59:18] [INFO   ] Fixpoint[3]:Reducer[perses_node_priority_with_dfs_delta]: Reduce node (#leaves=1): queue=38, delete 0 tokens, ratio=45/112=40.18% 
[22:59:18] [INFO   ] Fixpoint[3]:Reducer[perses_node_priority_with_dfs_delta]: Reduce node (#leaves=1) 
[22:59:18] [INFO   ] Fixpoint[3]:Reducer[perses_node_priority_with_dfs_delta]: Reduce node (#leaves=1): queue=37, delete 0 tokens, ratio=45/112=40.18% 
[22:59:18] [INFO   ] Fixpoint[3]:Reducer[perses_node_priority_with_dfs_delta]: Reduce node (#leaves=1) 
[22:59:18] [INFO   ] Fixpoint[3]:Reducer[perses_node_priority_with_dfs_delta]: Reduce node (#leaves=1): queue=36, delete 0 tokens, ratio=45/112=40.18% 
[22:59:18] [INFO   ] Fixpoint[3]:Reducer[perses_node_priority_with_dfs_delta]: Reduce node (#leaves=1) 
[22:59:18] [INFO   ] Fixpoint[3]:Reducer[perses_node_priority_with_dfs_delta]: Reduce node (#leaves=1): queue=35, delete 0 tokens, ratio=45/112=40.18% 
[22:59:18] [INFO   ] Fixpoint[3]:Reducer[perses_node_priority_with_dfs_delta]: Reduce node (#leaves=1) 
[22:59:18] [INFO   ] Fixpoint[3]:Reducer[perses_node_priority_with_dfs_delta]: Reduce node (#leaves=1): queue=34, delete 0 tokens, ratio=45/112=40.18% 
[22:59:18] [INFO   ] Fixpoint[3]:Reducer[perses_node_priority_with_dfs_delta]: Reduce node (#leaves=1) 
[22:59:18] [INFO   ] Fixpoint[3]:Reducer[perses_node_priority_with_dfs_delta]: Reduce node (#leaves=1): queue=33, delete 0 tokens, ratio=45/112=40.18% 
[22:59:18] [INFO   ] Fixpoint[3]:Reducer[perses_node_priority_with_dfs_delta]: Reduce node (#leaves=1) 
[22:59:18] [INFO   ] Fixpoint[3]:Reducer[perses_node_priority_with_dfs_delta]: Reduce node (#leaves=1): queue=32, delete 0 tokens, ratio=45/112=40.18% 
[22:59:18] [INFO   ] Fixpoint[3]:Reducer[perses_node_priority_with_dfs_delta]: Reduce node (#leaves=1) 
[22:59:18] [INFO   ] Fixpoint[3]:Reducer[perses_node_priority_with_dfs_delta]: Reduce node (#leaves=1): queue=31, delete 0 tokens, ratio=45/112=40.18% 
[22:59:18] [INFO   ] Fixpoint[3]:Reducer[perses_node_priority_with_dfs_delta]: Reduce node (#leaves=1) 
[22:59:18] [INFO   ] Fixpoint[3]:Reducer[perses_node_priority_with_dfs_delta]: Reduce node (#leaves=1): queue=30, delete 0 tokens, ratio=45/112=40.18% 
[22:59:18] [INFO   ] Fixpoint[3]:Reducer[perses_node_priority_with_dfs_delta]: Reduce node (#leaves=1) 
[22:59:18] [INFO   ] Fixpoint[3]:Reducer[perses_node_priority_with_dfs_delta]: Reduce node (#leaves=1): queue=29, delete 0 tokens, ratio=45/112=40.18% 
[22:59:18] [INFO   ] Fixpoint[3]:Reducer[perses_node_priority_with_dfs_delta]: Reduce node (#leaves=1) 
[22:59:18] [INFO   ] Fixpoint[3]:Reducer[perses_node_priority_with_dfs_delta]: Reduce node (#leaves=1): queue=28, delete 0 tokens, ratio=45/112=40.18% 
[22:59:18] [INFO   ] Fixpoint[3]:Reducer[perses_node_priority_with_dfs_delta]: Reduce node (#leaves=1) 
[22:59:18] [INFO   ] Fixpoint[3]:Reducer[perses_node_priority_with_dfs_delta]: Reduce node (#leaves=1): queue=27, delete 0 tokens, ratio=45/112=40.18% 
[22:59:18] [INFO   ] Fixpoint[3]:Reducer[perses_node_priority_with_dfs_delta]: Reduce node (#leaves=1) 
[22:59:18] [INFO   ] Fixpoint[3]:Reducer[perses_node_priority_with_dfs_delta]: Reduce node (#leaves=1): queue=26, delete 0 tokens, ratio=45/112=40.18% 
[22:59:18] [INFO   ] Fixpoint[3]:Reducer[perses_node_priority_with_dfs_delta]: Reduce node (#leaves=1) 
[22:59:18] [INFO   ] Fixpoint[3]:Reducer[perses_node_priority_with_dfs_delta]: Reduce node (#leaves=1): queue=25, delete 0 tokens, ratio=45/112=40.18% 
[22:59:18] [INFO   ] Fixpoint[3]:Reducer[perses_node_priority_with_dfs_delta]: Reduce node (#leaves=1) 
[22:59:18] [INFO   ] Fixpoint[3]:Reducer[perses_node_priority_with_dfs_delta]: Reduce node (#leaves=1): queue=24, delete 0 tokens, ratio=45/112=40.18% 
[22:59:18] [INFO   ] Fixpoint[3]:Reducer[perses_node_priority_with_dfs_delta]: Reduce node (#leaves=1) 
[22:59:18] [INFO   ] Fixpoint[3]:Reducer[perses_node_priority_with_dfs_delta]: Reduce node (#leaves=1): queue=23, delete 0 tokens, ratio=45/112=40.18% 
[22:59:18] [INFO   ] Fixpoint[3]:Reducer[perses_node_priority_with_dfs_delta]: Reduce node (#leaves=1) 
[22:59:18] [INFO   ] Fixpoint[3]:Reducer[perses_node_priority_with_dfs_delta]: Reduce node (#leaves=1): queue=22, delete 0 tokens, ratio=45/112=40.18% 
[22:59:18] [INFO   ] Fixpoint[3]:Reducer[perses_node_priority_with_dfs_delta]: Reduce node (#leaves=1) 
[22:59:18] [INFO   ] Fixpoint[3]:Reducer[perses_node_priority_with_dfs_delta]: Reduce node (#leaves=1): queue=21, delete 0 tokens, ratio=45/112=40.18% 
[22:59:18] [INFO   ] Fixpoint[3]:Reducer[perses_node_priority_with_dfs_delta]: Reduce node (#leaves=1) 
[22:59:18] [INFO   ] Fixpoint[3]:Reducer[perses_node_priority_with_dfs_delta]: Reduce node (#leaves=1): queue=20, delete 0 tokens, ratio=45/112=40.18% 
[22:59:18] [INFO   ] Fixpoint[3]:Reducer[perses_node_priority_with_dfs_delta]: Reduce node (#leaves=1) 
[22:59:18] [INFO   ] Fixpoint[3]:Reducer[perses_node_priority_with_dfs_delta]: Reduce node (#leaves=1): queue=19, delete 0 tokens, ratio=45/112=40.18% 
[22:59:18] [INFO   ] Fixpoint[3]:Reducer[perses_node_priority_with_dfs_delta]: Reduce node (#leaves=1) 
[22:59:18] [INFO   ] Fixpoint[3]:Reducer[perses_node_priority_with_dfs_delta]: Reduce node (#leaves=1): queue=18, delete 0 tokens, ratio=45/112=40.18% 
[22:59:18] [INFO   ] Fixpoint[3]:Reducer[perses_node_priority_with_dfs_delta]: Reduce node (#leaves=1) 
[22:59:18] [INFO   ] Fixpoint[3]:Reducer[perses_node_priority_with_dfs_delta]: Reduce node (#leaves=1): queue=17, delete 0 tokens, ratio=45/112=40.18% 
[22:59:18] [INFO   ] Fixpoint[3]:Reducer[perses_node_priority_with_dfs_delta]: Reduce node (#leaves=1) 
[22:59:18] [INFO   ] Fixpoint[3]:Reducer[perses_node_priority_with_dfs_delta]: Reduce node (#leaves=1): queue=16, delete 0 tokens, ratio=45/112=40.18% 
[22:59:18] [INFO   ] Fixpoint[3]:Reducer[perses_node_priority_with_dfs_delta]: Reduce node (#leaves=1) 
[22:59:18] [INFO   ] Fixpoint[3]:Reducer[perses_node_priority_with_dfs_delta]: Reduce node (#leaves=1): queue=15, delete 0 tokens, ratio=45/112=40.18% 
[22:59:18] [INFO   ] Fixpoint[3]:Reducer[perses_node_priority_with_dfs_delta]: Reduce node (#leaves=1) 
[22:59:18] [INFO   ] Fixpoint[3]:Reducer[perses_node_priority_with_dfs_delta]: Reduce node (#leaves=1): queue=14, delete 0 tokens, ratio=45/112=40.18% 
[22:59:18] [INFO   ] Fixpoint[3]:Reducer[perses_node_priority_with_dfs_delta]: Reduce node (#leaves=1) 
[22:59:18] [INFO   ] Fixpoint[3]:Reducer[perses_node_priority_with_dfs_delta]: Reduce node (#leaves=1): queue=13, delete 0 tokens, ratio=45/112=40.18% 
[22:59:18] [INFO   ] Fixpoint[3]:Reducer[perses_node_priority_with_dfs_delta]: Reduce node (#leaves=1) 
[22:59:18] [INFO   ] Fixpoint[3]:Reducer[perses_node_priority_with_dfs_delta]: Reduce node (#leaves=1): queue=12, delete 0 tokens, ratio=45/112=40.18% 
[22:59:18] [INFO   ] Fixpoint[3]:Reducer[perses_node_priority_with_dfs_delta]: Reduce node (#leaves=1) 
[22:59:18] [INFO   ] Fixpoint[3]:Reducer[perses_node_priority_with_dfs_delta]: Reduce node (#leaves=1): queue=11, delete 0 tokens, ratio=45/112=40.18% 
[22:59:18] [INFO   ] Fixpoint[3]:Reducer[perses_node_priority_with_dfs_delta]: Reduce node (#leaves=1) 
[22:59:18] [INFO   ] Fixpoint[3]:Reducer[perses_node_priority_with_dfs_delta]: Reduce node (#leaves=1): queue=10, delete 0 tokens, ratio=45/112=40.18% 
[22:59:18] [INFO   ] Fixpoint[3]:Reducer[perses_node_priority_with_dfs_delta]: Reduce node (#leaves=1) 
[22:59:18] [INFO   ] Fixpoint[3]:Reducer[perses_node_priority_with_dfs_delta]: Reduce node (#leaves=1): queue=9, delete 0 tokens, ratio=45/112=40.18% 
[22:59:18] [INFO   ] Fixpoint[3]:Reducer[perses_node_priority_with_dfs_delta]: Reduce node (#leaves=1) 
[22:59:18] [INFO   ] Fixpoint[3]:Reducer[perses_node_priority_with_dfs_delta]: Reduce node (#leaves=1): queue=8, delete 0 tokens, ratio=45/112=40.18% 
[22:59:18] [INFO   ] Fixpoint[3]:Reducer[perses_node_priority_with_dfs_delta]: Reduce node (#leaves=1) 
[22:59:18] [INFO   ] Fixpoint[3]:Reducer[perses_node_priority_with_dfs_delta]: Reduce node (#leaves=1): queue=7, delete 0 tokens, ratio=45/112=40.18% 
[22:59:18] [INFO   ] Fixpoint[3]:Reducer[perses_node_priority_with_dfs_delta]: Reduce node (#leaves=1) 
[22:59:18] [INFO   ] Fixpoint[3]:Reducer[perses_node_priority_with_dfs_delta]: Reduce node (#leaves=1): queue=6, delete 0 tokens, ratio=45/112=40.18% 
[22:59:18] [INFO   ] Fixpoint[3]:Reducer[perses_node_priority_with_dfs_delta]: Reduce node (#leaves=1) 
[22:59:18] [INFO   ] Fixpoint[3]:Reducer[perses_node_priority_with_dfs_delta]: Reduce node (#leaves=1): queue=5, delete 0 tokens, ratio=45/112=40.18% 
[22:59:18] [INFO   ] Fixpoint[3]:Reducer[perses_node_priority_with_dfs_delta]: Reduce node (#leaves=1) 
[22:59:18] [INFO   ] Fixpoint[3]:Reducer[perses_node_priority_with_dfs_delta]: Reduce node (#leaves=1): queue=4, delete 0 tokens, ratio=45/112=40.18% 
[22:59:18] [INFO   ] Fixpoint[3]:Reducer[perses_node_priority_with_dfs_delta]: Reduce node (#leaves=1) 
[22:59:18] [INFO   ] Fixpoint[3]:Reducer[perses_node_priority_with_dfs_delta]: Reduce node (#leaves=1): queue=3, delete 0 tokens, ratio=45/112=40.18% 
[22:59:18] [INFO   ] Fixpoint[3]:Reducer[perses_node_priority_with_dfs_delta]: Reduce node (#leaves=1) 
[22:59:18] [INFO   ] Fixpoint[3]:Reducer[perses_node_priority_with_dfs_delta]: Reduce node (#leaves=1): queue=2, delete 0 tokens, ratio=45/112=40.18% 
[22:59:18] [INFO   ] Fixpoint[3]:Reducer[perses_node_priority_with_dfs_delta]: Reduce node (#leaves=1) 
[22:59:18] [INFO   ] Fixpoint[3]:Reducer[perses_node_priority_with_dfs_delta]: Reduce node (#leaves=1): queue=1, delete 0 tokens, ratio=45/112=40.18% 
[22:59:18] [INFO   ] Fixpoint[3]:Reducer[perses_node_priority_with_dfs_delta]: Reduce node (#leaves=1) 
[22:59:18] [INFO   ] Fixpoint[3]:Reducer[perses_node_priority_with_dfs_delta]: Reduce node (#leaves=1): queue=0, delete 0 tokens, ratio=45/112=40.18% 
[22:59:18] [INFO   ] Fixpoint[3]:Reducer[perses_node_priority_with_dfs_delta]: Fixpoint iteration finished, delete 0 tokens, ratio=45/112=40.18% 
[22:59:18] [INFO   ] Reduction ended at 22:59:18 2025/08/04 
[22:59:18] [INFO   ] Elapsed time is 18 seconds 
[22:59:18] [INFO   ] Removed 67 token(s). Reduction ratio is 45/112=40.18% 
[22:59:18] [INFO   ] Test script execution count: 84 
