[14:14:09] [INFO   ] The command-line options are: --append-to-progress-dump-file "true" --call-creduce "false" --call-formatter "false" --creduce-cmd "creduce" --default-delta-debugger-for-kleene "DFS" --deps "[]" --edit-caching "true" --enable-lightweight-refreshing "true" --enable-line-slicer "false" --enable-lpr "false" --enable-token-slicer "false" --enable-trec "false" --enable-tree-slicer "false" --enable-vulcan "false" --fixpoint "true" --format-cmd "" --help "false" --input-file "/Users/artemancikov/Desktop/practical work/try1/reducer/jdk_replace_mode_results/iter_8/Main.java" --lang "" --language-ext-jars "[]" --list-algs "false" --list-langs "false" --list-parser-facades "false" --list-verbosity-levels "false" --lpr-fixpoint "false" --max-bfs-depth-for-regular-rule-node "5" --max-edit-count-for-regular-rule-node "100" --non-deletion-iteration-limit "10" --on-demand-coarse-grit-reducer-annotations "[]" --on-demand-fine-grit-reducer-annotations "[]" --on-demand-medium-grit-reducer-annotations "[]" --parser-facade-class-name "" --pass-level-caching "false" --query-cache-refresh-threshold "0" --query-cache-type "CONTENT_SHA512" --query-caching "AUTO" --reparse-each-iteration "true" --script-execution-keep-waiting-after-timeout "true" --script-execution-timeout-in-seconds "600" --stop-at-first-compatible-child-for-regular-rule-node "false" --test-script "/Users/artemancikov/Desktop/practical work/try1/reducer/jdk_replace_mode_results/iter_8/run2.sh" --threads "auto" --verbosity "INFO" --version "false" --vulcan-fixpoint "false" --window-size "4" 
[14:14:10] [SEVERE ] Failed to load the class of the parser facade org.perses.grammar.sql.tidb.TiDBParserFacade for LanguageTiDB{name=tidb, extensions=[tidb], defaultCodeFormatControl=COMPACT_ORIG_FORMAT}
org.perses.grammar.sql.tidb.TiDBParserFacade 
[14:14:11] [INFO   ] Tree Building: Start building spar-tree from input file SourceFile{file=FilePathWithContent{file=/Users/artemancikov/Desktop/practical work/try1/reducer/jdk_replace_mode_results/iter_8/Main.java}, lang=LanguageJava{name=java, extensions=[java], defaultCodeFormatControl=SINGLE_TOKEN_PER_LINE}} 
[14:14:11] [INFO   ] Tree Building: Step 1: Antlr parsing. 
[14:14:13] [SEVERE ] Failed to parse the input program with the reduction driver: 
SINGLE_TOKEN_PER_LINE
class org.perses.grammar.java.Java8ParserFacade

Perses will try to create a different reduction driver to parse the program. 
[14:14:14] [INFO   ] Tree Building: Start building spar-tree from input file SourceFile{file=FilePathWithContent{file=/Users/artemancikov/Desktop/practical work/try1/reducer/jdk_replace_mode_results/iter_8/Main.java}, lang=LanguageJava{name=java, extensions=[java], defaultCodeFormatControl=SINGLE_TOKEN_PER_LINE}} 
[14:14:14] [INFO   ] Tree Building: Step 1: Antlr parsing. 
[14:14:14] [SEVERE ] Failed to parse the input program with the reduction driver: 
COMPACT_ORIG_FORMAT
class org.perses.grammar.java.Java8ParserFacade

Perses will try to create a different reduction driver to parse the program. 
[14:14:14] [INFO   ] Tree Building: Start building spar-tree from input file SourceFile{file=FilePathWithContent{file=/Users/artemancikov/Desktop/practical work/try1/reducer/jdk_replace_mode_results/iter_8/Main.java}, lang=LanguageJava{name=java, extensions=[java], defaultCodeFormatControl=SINGLE_TOKEN_PER_LINE}} 
[14:14:14] [INFO   ] Tree Building: Step 1: Antlr parsing. 
[14:14:14] [SEVERE ] Failed to parse the input program with the reduction driver: 
ORIG_FORMAT
class org.perses.grammar.java.Java8ParserFacade

Perses will try to create a different reduction driver to parse the program. 
[14:14:14] [INFO   ] Tree Building: Start building spar-tree from input file SourceFile{file=FilePathWithContent{file=/Users/artemancikov/Desktop/practical work/try1/reducer/jdk_replace_mode_results/iter_8/Main.java}, lang=LanguageJava{name=java, extensions=[java], defaultCodeFormatControl=SINGLE_TOKEN_PER_LINE}} 
[14:14:14] [INFO   ] Tree Building: Step 1: Antlr parsing. 
[14:14:15] [INFO   ] Tree Building: Step 2: Converting parse tree to spar-tree 
[14:14:15] [INFO   ] Tree Building: Step 3: Simplifying spar-tree 
[14:14:15] [INFO   ] Tree Building: Finished in TimeSpan{startMillis=1755778454402, endMillis=1755778455097, formatted=0 seconds} 
[14:14:16] [INFO   ] The reduction process started at 14:14:16 2025/08/21 
[14:14:17] [INFO   ] Cache setting: query-caching=enabled, edit-caching=enabled, query-cache=content_sha512 
[14:14:17] [INFO   ] Reduction Started at 14:14:16 2025/08/21 
[14:14:17] [INFO   ] The sanity check result is: PassingSanityCheckResult 
[14:14:17] [INFO   ] The number of lexemes in the token factory is is 247 
[14:14:17] [INFO   ] Reduction algorithm is perses_node_priority_with_dfs_delta 
[14:14:17] [INFO   ] perses_node_priority_with_dfs_delta started at 14:14:17 2025/08/21. #tokens=2227 
[14:14:17] [INFO   ] Fixpoint[1]:Reducer[perses_node_priority_with_dfs_delta]: New fixpoint iteration started. #Tokens=2227 
[14:14:17] [INFO   ] Fixpoint[1]:Reducer[perses_node_priority_with_dfs_delta]: Reduce node (#leaves=2227) 
[14:14:23] [INFO   ] Fixpoint[1]:Reducer[perses_node_priority_with_dfs_delta]: New minimal, delete 5 tokens, ratio=2222/2227=99,78% 
[14:14:23] [INFO   ] Fixpoint[1]:Reducer[perses_node_priority_with_dfs_delta]: Reduce node (#leaves=2227): queue=0, delete 5 tokens, ratio=2222/2227=99,78% 
[14:14:23] [INFO   ] Fixpoint[1]:Reducer[perses_node_priority_with_dfs_delta]: Reduce node (#leaves=2222) 
[14:14:26] [INFO   ] Fixpoint[1]:Reducer[perses_node_priority_with_dfs_delta]: New minimal, delete 181 tokens, ratio=2041/2227=91,65% 
[14:14:28] [INFO   ] Fixpoint[1]:Reducer[perses_node_priority_with_dfs_delta]: New minimal, delete 46 tokens, ratio=1995/2227=89,58% 
[14:14:31] [INFO   ] Fixpoint[1]:Reducer[perses_node_priority_with_dfs_delta]: New minimal, delete 73 tokens, ratio=1922/2227=86,30% 
[14:14:33] [INFO   ] Fixpoint[1]:Reducer[perses_node_priority_with_dfs_delta]: New minimal, delete 174 tokens, ratio=1748/2227=78,49% 
[14:14:44] [INFO   ] Fixpoint[1]:Reducer[perses_node_priority_with_dfs_delta]: New minimal, delete 22 tokens, ratio=1726/2227=77,50% 
[14:14:47] [INFO   ] Fixpoint[1]:Reducer[perses_node_priority_with_dfs_delta]: New minimal, delete 13 tokens, ratio=1713/2227=76,92% 
[14:14:47] [INFO   ] Fixpoint[1]:Reducer[perses_node_priority_with_dfs_delta]: Reduce node (#leaves=2222): queue=0, delete 509 tokens, ratio=1713/2227=76,92% 
[14:14:47] [INFO   ] Fixpoint[1]:Reducer[perses_node_priority_with_dfs_delta]: Reduce node (#leaves=726) 
[14:14:47] [INFO   ] Fixpoint[1]:Reducer[perses_node_priority_with_dfs_delta]: Reduce node (#leaves=726): queue=11, delete 0 tokens, ratio=1713/2227=76,92% 
[14:14:47] [INFO   ] Fixpoint[1]:Reducer[perses_node_priority_with_dfs_delta]: Reduce node (#leaves=724) 
[14:14:47] [INFO   ] Fixpoint[1]:Reducer[perses_node_priority_with_dfs_delta]: Reduce node (#leaves=724): queue=13, delete 0 tokens, ratio=1713/2227=76,92% 
[14:14:47] [INFO   ] Fixpoint[1]:Reducer[perses_node_priority_with_dfs_delta]: Reduce node (#leaves=722) 
[14:14:49] [INFO   ] Fixpoint[1]:Reducer[perses_node_priority_with_dfs_delta]: New minimal, delete 257 tokens, ratio=1456/2227=65,38% 
[14:14:52] [INFO   ] Fixpoint[1]:Reducer[perses_node_priority_with_dfs_delta]: New minimal, delete 43 tokens, ratio=1413/2227=63,45% 
[14:14:52] [INFO   ] Fixpoint[1]:Reducer[perses_node_priority_with_dfs_delta]: New minimal, delete 103 tokens, ratio=1310/2227=58,82% 
[14:14:53] [INFO   ] Fixpoint[1]:Reducer[perses_node_priority_with_dfs_delta]: New minimal, delete 257 tokens, ratio=1053/2227=47,28% 
[14:14:53] [INFO   ] Fixpoint[1]:Reducer[perses_node_priority_with_dfs_delta]: Reduce node (#leaves=722): queue=15, delete 660 tokens, ratio=1053/2227=47,28% 
[14:14:53] [INFO   ] Fixpoint[1]:Reducer[perses_node_priority_with_dfs_delta]: Reduce node (#leaves=253) 
[14:14:54] [INFO   ] Fixpoint[1]:Reducer[perses_node_priority_with_dfs_delta]: Reduce node (#leaves=253): queue=15, delete 0 tokens, ratio=1053/2227=47,28% 
[14:14:54] [INFO   ] Fixpoint[1]:Reducer[perses_node_priority_with_dfs_delta]: Reduce node (#leaves=251) 
[14:14:54] [INFO   ] Fixpoint[1]:Reducer[perses_node_priority_with_dfs_delta]: Reduce node (#leaves=251): queue=17, delete 0 tokens, ratio=1053/2227=47,28% 
[14:14:54] [INFO   ] Fixpoint[1]:Reducer[perses_node_priority_with_dfs_delta]: Reduce node (#leaves=249) 
[14:14:55] [INFO   ] Fixpoint[1]:Reducer[perses_node_priority_with_dfs_delta]: New minimal, delete 249 tokens, ratio=804/2227=36,10% 
[14:14:55] [INFO   ] Fixpoint[1]:Reducer[perses_node_priority_with_dfs_delta]: Reduce node (#leaves=249): queue=19, delete 249 tokens, ratio=804/2227=36,10% 
[14:14:55] [INFO   ] Fixpoint[1]:Reducer[perses_node_priority_with_dfs_delta]: Reduce node (#leaves=183) 
[14:14:55] [INFO   ] Fixpoint[1]:Reducer[perses_node_priority_with_dfs_delta]: New minimal, delete 183 tokens, ratio=621/2227=27,89% 
[14:14:55] [INFO   ] Fixpoint[1]:Reducer[perses_node_priority_with_dfs_delta]: Reduce node (#leaves=183): queue=18, delete 183 tokens, ratio=621/2227=27,89% 
[14:14:55] [INFO   ] Fixpoint[1]:Reducer[perses_node_priority_with_dfs_delta]: Reduce node (#leaves=114) 
[14:14:56] [INFO   ] Fixpoint[1]:Reducer[perses_node_priority_with_dfs_delta]: New minimal, delete 114 tokens, ratio=507/2227=22,77% 
[14:14:56] [INFO   ] Fixpoint[1]:Reducer[perses_node_priority_with_dfs_delta]: Reduce node (#leaves=114): queue=17, delete 114 tokens, ratio=507/2227=22,77% 
[14:14:56] [INFO   ] Fixpoint[1]:Reducer[perses_node_priority_with_dfs_delta]: Reduce node (#leaves=99) 
[14:14:57] [INFO   ] Fixpoint[1]:Reducer[perses_node_priority_with_dfs_delta]: Reduce node (#leaves=99): queue=16, delete 0 tokens, ratio=507/2227=22,77% 
[14:14:57] [INFO   ] Fixpoint[1]:Reducer[perses_node_priority_with_dfs_delta]: Reduce node (#leaves=93) 
[14:14:57] [INFO   ] Fixpoint[1]:Reducer[perses_node_priority_with_dfs_delta]: Reduce node (#leaves=93): queue=20, delete 0 tokens, ratio=507/2227=22,77% 
[14:14:57] [INFO   ] Fixpoint[1]:Reducer[perses_node_priority_with_dfs_delta]: Reduce node (#leaves=91) 
[14:14:58] [INFO   ] Fixpoint[1]:Reducer[perses_node_priority_with_dfs_delta]: New minimal, delete 91 tokens, ratio=416/2227=18,68% 
[14:14:58] [INFO   ] Fixpoint[1]:Reducer[perses_node_priority_with_dfs_delta]: Reduce node (#leaves=91): queue=22, delete 91 tokens, ratio=416/2227=18,68% 
[14:14:58] [INFO   ] Fixpoint[1]:Reducer[perses_node_priority_with_dfs_delta]: Reduce node (#leaves=91) 
[14:14:58] [INFO   ] Fixpoint[1]:Reducer[perses_node_priority_with_dfs_delta]: New minimal, delete 91 tokens, ratio=325/2227=14,59% 
[14:14:58] [INFO   ] Fixpoint[1]:Reducer[perses_node_priority_with_dfs_delta]: Reduce node (#leaves=91): queue=21, delete 91 tokens, ratio=325/2227=14,59% 
[14:14:58] [INFO   ] Fixpoint[1]:Reducer[perses_node_priority_with_dfs_delta]: Reduce node (#leaves=84) 
[14:14:59] [INFO   ] Fixpoint[1]:Reducer[perses_node_priority_with_dfs_delta]: New minimal, delete 84 tokens, ratio=241/2227=10,82% 
[14:14:59] [INFO   ] Fixpoint[1]:Reducer[perses_node_priority_with_dfs_delta]: Reduce node (#leaves=84): queue=20, delete 84 tokens, ratio=241/2227=10,82% 
[14:14:59] [INFO   ] Fixpoint[1]:Reducer[perses_node_priority_with_dfs_delta]: Reduce node (#leaves=75) 
[14:15:00] [INFO   ] Fixpoint[1]:Reducer[perses_node_priority_with_dfs_delta]: New minimal, delete 75 tokens, ratio=166/2227=7,45% 
[14:15:00] [INFO   ] Fixpoint[1]:Reducer[perses_node_priority_with_dfs_delta]: Reduce node (#leaves=75): queue=19, delete 75 tokens, ratio=166/2227=7,45% 
[14:15:00] [INFO   ] Fixpoint[1]:Reducer[perses_node_priority_with_dfs_delta]: Reduce node (#leaves=62) 
[14:15:01] [INFO   ] Fixpoint[1]:Reducer[perses_node_priority_with_dfs_delta]: Reduce node (#leaves=62): queue=18, delete 0 tokens, ratio=166/2227=7,45% 
[14:15:01] [INFO   ] Fixpoint[1]:Reducer[perses_node_priority_with_dfs_delta]: Reduce node (#leaves=58) 
[14:15:01] [INFO   ] Fixpoint[1]:Reducer[perses_node_priority_with_dfs_delta]: Reduce node (#leaves=58): queue=21, delete 0 tokens, ratio=166/2227=7,45% 
[14:15:01] [INFO   ] Fixpoint[1]:Reducer[perses_node_priority_with_dfs_delta]: Reduce node (#leaves=57) 
[14:15:01] [INFO   ] Fixpoint[1]:Reducer[perses_node_priority_with_dfs_delta]: Reduce node (#leaves=57): queue=22, delete 0 tokens, ratio=166/2227=7,45% 
[14:15:01] [INFO   ] Fixpoint[1]:Reducer[perses_node_priority_with_dfs_delta]: Reduce node (#leaves=57) 
[14:15:01] [INFO   ] Fixpoint[1]:Reducer[perses_node_priority_with_dfs_delta]: Reduce node (#leaves=57): queue=22, delete 0 tokens, ratio=166/2227=7,45% 
[14:15:01] [INFO   ] Fixpoint[1]:Reducer[perses_node_priority_with_dfs_delta]: Reduce node (#leaves=56) 
[14:15:03] [INFO   ] Fixpoint[1]:Reducer[perses_node_priority_with_dfs_delta]: New minimal, delete 2 tokens, ratio=164/2227=7,36% 
[14:15:03] [INFO   ] Fixpoint[1]:Reducer[perses_node_priority_with_dfs_delta]: Reduce node (#leaves=56): queue=23, delete 2 tokens, ratio=164/2227=7,36% 
[14:15:03] [INFO   ] Fixpoint[1]:Reducer[perses_node_priority_with_dfs_delta]: Reduce node (#leaves=54) 
[14:15:03] [INFO   ] Fixpoint[1]:Reducer[perses_node_priority_with_dfs_delta]: Reduce node (#leaves=54): queue=23, delete 0 tokens, ratio=164/2227=7,36% 
[14:15:03] [INFO   ] Fixpoint[1]:Reducer[perses_node_priority_with_dfs_delta]: Reduce node (#leaves=37) 
[14:15:03] [INFO   ] Fixpoint[1]:Reducer[perses_node_priority_with_dfs_delta]: Reduce node (#leaves=37): queue=24, delete 0 tokens, ratio=164/2227=7,36% 
[14:15:03] [INFO   ] Fixpoint[1]:Reducer[perses_node_priority_with_dfs_delta]: Reduce node (#leaves=37) 
[14:15:03] [INFO   ] Fixpoint[1]:Reducer[perses_node_priority_with_dfs_delta]: Reduce node (#leaves=37): queue=24, delete 0 tokens, ratio=164/2227=7,36% 
[14:15:03] [INFO   ] Fixpoint[1]:Reducer[perses_node_priority_with_dfs_delta]: Reduce node (#leaves=36) 
[14:15:05] [INFO   ] Fixpoint[1]:Reducer[perses_node_priority_with_dfs_delta]: Reduce node (#leaves=36): queue=25, delete 0 tokens, ratio=164/2227=7,36% 
[14:15:05] [INFO   ] Fixpoint[1]:Reducer[perses_node_priority_with_dfs_delta]: Reduce node (#leaves=34) 
[14:15:05] [INFO   ] Fixpoint[1]:Reducer[perses_node_priority_with_dfs_delta]: New minimal, delete 2 tokens, ratio=162/2227=7,27% 
[14:15:05] [INFO   ] Fixpoint[1]:Reducer[perses_node_priority_with_dfs_delta]: Reduce node (#leaves=34): queue=27, delete 2 tokens, ratio=162/2227=7,27% 
[14:15:05] [INFO   ] Fixpoint[1]:Reducer[perses_node_priority_with_dfs_delta]: Reduce node (#leaves=33) 
[14:15:06] [INFO   ] Fixpoint[1]:Reducer[perses_node_priority_with_dfs_delta]: New minimal, delete 33 tokens, ratio=129/2227=5,79% 
[14:15:06] [INFO   ] Fixpoint[1]:Reducer[perses_node_priority_with_dfs_delta]: Reduce node (#leaves=33): queue=27, delete 33 tokens, ratio=129/2227=5,79% 
[14:15:06] [INFO   ] Fixpoint[1]:Reducer[perses_node_priority_with_dfs_delta]: Reduce node (#leaves=32) 
[14:15:06] [INFO   ] Fixpoint[1]:Reducer[perses_node_priority_with_dfs_delta]: Reduce node (#leaves=32): queue=26, delete 0 tokens, ratio=129/2227=5,79% 
[14:15:06] [INFO   ] Fixpoint[1]:Reducer[perses_node_priority_with_dfs_delta]: Reduce node (#leaves=29) 
[14:15:07] [INFO   ] Fixpoint[1]:Reducer[perses_node_priority_with_dfs_delta]: Reduce node (#leaves=29): queue=29, delete 0 tokens, ratio=129/2227=5,79% 
[14:15:07] [INFO   ] Fixpoint[1]:Reducer[perses_node_priority_with_dfs_delta]: Reduce node (#leaves=29) 
[14:15:08] [INFO   ] Fixpoint[1]:Reducer[perses_node_priority_with_dfs_delta]: New minimal, delete 18 tokens, ratio=111/2227=4,98% 
[14:15:08] [INFO   ] Fixpoint[1]:Reducer[perses_node_priority_with_dfs_delta]: Reduce node (#leaves=29): queue=29, delete 18 tokens, ratio=111/2227=4,98% 
[14:15:08] [INFO   ] Fixpoint[1]:Reducer[perses_node_priority_with_dfs_delta]: Reduce node (#leaves=27) 
[14:15:09] [INFO   ] Fixpoint[1]:Reducer[perses_node_priority_with_dfs_delta]: New minimal, delete 27 tokens, ratio=84/2227=3,77% 
[14:15:09] [INFO   ] Fixpoint[1]:Reducer[perses_node_priority_with_dfs_delta]: Reduce node (#leaves=27): queue=29, delete 27 tokens, ratio=84/2227=3,77% 
[14:15:09] [INFO   ] Fixpoint[1]:Reducer[perses_node_priority_with_dfs_delta]: Reduce node (#leaves=17) 
[14:15:10] [INFO   ] Fixpoint[1]:Reducer[perses_node_priority_with_dfs_delta]: New minimal, delete 15 tokens, ratio=69/2227=3,10% 
[14:15:10] [INFO   ] Fixpoint[1]:Reducer[perses_node_priority_with_dfs_delta]: Reduce node (#leaves=17): queue=28, delete 15 tokens, ratio=69/2227=3,10% 
[14:15:10] [INFO   ] Fixpoint[1]:Reducer[perses_node_priority_with_dfs_delta]: Reduce node (#leaves=17) 
[14:15:11] [INFO   ] Fixpoint[1]:Reducer[perses_node_priority_with_dfs_delta]: New minimal, delete 17 tokens, ratio=52/2227=2,33% 
[14:15:11] [INFO   ] Fixpoint[1]:Reducer[perses_node_priority_with_dfs_delta]: Reduce node (#leaves=17): queue=28, delete 17 tokens, ratio=52/2227=2,33% 
[14:15:11] [INFO   ] Fixpoint[1]:Reducer[perses_node_priority_with_dfs_delta]: Reduce node (#leaves=11) 
[14:15:12] [INFO   ] Fixpoint[1]:Reducer[perses_node_priority_with_dfs_delta]: Reduce node (#leaves=11): queue=27, delete 0 tokens, ratio=52/2227=2,33% 
[14:15:12] [INFO   ] Fixpoint[1]:Reducer[perses_node_priority_with_dfs_delta]: Reduce node (#leaves=11) 
[14:15:13] [INFO   ] Fixpoint[1]:Reducer[perses_node_priority_with_dfs_delta]: New minimal, delete 11 tokens, ratio=41/2227=1,84% 
[14:15:13] [INFO   ] Fixpoint[1]:Reducer[perses_node_priority_with_dfs_delta]: Reduce node (#leaves=11): queue=29, delete 11 tokens, ratio=41/2227=1,84% 
[14:15:13] [INFO   ] Fixpoint[1]:Reducer[perses_node_priority_with_dfs_delta]: Reduce node (#leaves=6) 
[14:15:13] [INFO   ] Fixpoint[1]:Reducer[perses_node_priority_with_dfs_delta]: New minimal, delete 4 tokens, ratio=37/2227=1,66% 
[14:15:13] [INFO   ] Fixpoint[1]:Reducer[perses_node_priority_with_dfs_delta]: Reduce node (#leaves=6): queue=28, delete 4 tokens, ratio=37/2227=1,66% 
[14:15:13] [INFO   ] Fixpoint[1]:Reducer[perses_node_priority_with_dfs_delta]: Reduce node (#leaves=4) 
[14:15:14] [INFO   ] Fixpoint[1]:Reducer[perses_node_priority_with_dfs_delta]: New minimal, delete 3 tokens, ratio=34/2227=1,53% 
[14:15:14] [INFO   ] Fixpoint[1]:Reducer[perses_node_priority_with_dfs_delta]: Reduce node (#leaves=4): queue=28, delete 3 tokens, ratio=34/2227=1,53% 
[14:15:14] [INFO   ] Fixpoint[1]:Reducer[perses_node_priority_with_dfs_delta]: Reduce node (#leaves=3) 
[14:15:15] [INFO   ] Fixpoint[1]:Reducer[perses_node_priority_with_dfs_delta]: New minimal, delete 3 tokens, ratio=31/2227=1,39% 
[14:15:15] [INFO   ] Fixpoint[1]:Reducer[perses_node_priority_with_dfs_delta]: Reduce node (#leaves=3): queue=28, delete 3 tokens, ratio=31/2227=1,39% 
[14:15:15] [INFO   ] Fixpoint[1]:Reducer[perses_node_priority_with_dfs_delta]: Reduce node (#leaves=2) 
[14:15:15] [INFO   ] Fixpoint[1]:Reducer[perses_node_priority_with_dfs_delta]: New minimal, delete 1 tokens, ratio=30/2227=1,35% 
[14:15:15] [INFO   ] Fixpoint[1]:Reducer[perses_node_priority_with_dfs_delta]: Reduce node (#leaves=2): queue=27, delete 1 tokens, ratio=30/2227=1,35% 
[14:15:15] [INFO   ] Fixpoint[1]:Reducer[perses_node_priority_with_dfs_delta]: Reduce node (#leaves=2) 
[14:15:16] [INFO   ] Fixpoint[1]:Reducer[perses_node_priority_with_dfs_delta]: New minimal, delete 1 tokens, ratio=29/2227=1,30% 
[14:15:16] [INFO   ] Fixpoint[1]:Reducer[perses_node_priority_with_dfs_delta]: Reduce node (#leaves=2): queue=27, delete 1 tokens, ratio=29/2227=1,30% 
[14:15:16] [INFO   ] Fixpoint[1]:Reducer[perses_node_priority_with_dfs_delta]: Reduce node (#leaves=2) 
[14:15:18] [INFO   ] Fixpoint[1]:Reducer[perses_node_priority_with_dfs_delta]: New minimal, delete 1 tokens, ratio=28/2227=1,26% 
[14:15:18] [INFO   ] Fixpoint[1]:Reducer[perses_node_priority_with_dfs_delta]: Reduce node (#leaves=2): queue=27, delete 1 tokens, ratio=28/2227=1,26% 
[14:15:18] [INFO   ] Fixpoint[1]:Reducer[perses_node_priority_with_dfs_delta]: Reduce node (#leaves=1) 
[14:15:18] [INFO   ] Fixpoint[1]:Reducer[perses_node_priority_with_dfs_delta]: Reduce node (#leaves=1): queue=27, delete 0 tokens, ratio=28/2227=1,26% 
[14:15:18] [INFO   ] Fixpoint[1]:Reducer[perses_node_priority_with_dfs_delta]: Reduce node (#leaves=1) 
[14:15:18] [INFO   ] Fixpoint[1]:Reducer[perses_node_priority_with_dfs_delta]: Reduce node (#leaves=1): queue=26, delete 0 tokens, ratio=28/2227=1,26% 
[14:15:18] [INFO   ] Fixpoint[1]:Reducer[perses_node_priority_with_dfs_delta]: Reduce node (#leaves=1) 
[14:15:18] [INFO   ] Fixpoint[1]:Reducer[perses_node_priority_with_dfs_delta]: Reduce node (#leaves=1): queue=25, delete 0 tokens, ratio=28/2227=1,26% 
[14:15:18] [INFO   ] Fixpoint[1]:Reducer[perses_node_priority_with_dfs_delta]: Reduce node (#leaves=1) 
[14:15:18] [INFO   ] Fixpoint[1]:Reducer[perses_node_priority_with_dfs_delta]: Reduce node (#leaves=1): queue=24, delete 0 tokens, ratio=28/2227=1,26% 
[14:15:18] [INFO   ] Fixpoint[1]:Reducer[perses_node_priority_with_dfs_delta]: Reduce node (#leaves=1) 
[14:15:18] [INFO   ] Fixpoint[1]:Reducer[perses_node_priority_with_dfs_delta]: Reduce node (#leaves=1): queue=23, delete 0 tokens, ratio=28/2227=1,26% 
[14:15:18] [INFO   ] Fixpoint[1]:Reducer[perses_node_priority_with_dfs_delta]: Reduce node (#leaves=1) 
[14:15:18] [INFO   ] Fixpoint[1]:Reducer[perses_node_priority_with_dfs_delta]: Reduce node (#leaves=1): queue=22, delete 0 tokens, ratio=28/2227=1,26% 
[14:15:18] [INFO   ] Fixpoint[1]:Reducer[perses_node_priority_with_dfs_delta]: Reduce node (#leaves=1) 
[14:15:18] [INFO   ] Fixpoint[1]:Reducer[perses_node_priority_with_dfs_delta]: Reduce node (#leaves=1): queue=21, delete 0 tokens, ratio=28/2227=1,26% 
[14:15:18] [INFO   ] Fixpoint[1]:Reducer[perses_node_priority_with_dfs_delta]: Reduce node (#leaves=1) 
[14:15:18] [INFO   ] Fixpoint[1]:Reducer[perses_node_priority_with_dfs_delta]: Reduce node (#leaves=1): queue=20, delete 0 tokens, ratio=28/2227=1,26% 
[14:15:18] [INFO   ] Fixpoint[1]:Reducer[perses_node_priority_with_dfs_delta]: Reduce node (#leaves=1) 
[14:15:18] [INFO   ] Fixpoint[1]:Reducer[perses_node_priority_with_dfs_delta]: Reduce node (#leaves=1): queue=19, delete 0 tokens, ratio=28/2227=1,26% 
[14:15:18] [INFO   ] Fixpoint[1]:Reducer[perses_node_priority_with_dfs_delta]: Reduce node (#leaves=1) 
[14:15:18] [INFO   ] Fixpoint[1]:Reducer[perses_node_priority_with_dfs_delta]: Reduce node (#leaves=1): queue=18, delete 0 tokens, ratio=28/2227=1,26% 
[14:15:18] [INFO   ] Fixpoint[1]:Reducer[perses_node_priority_with_dfs_delta]: Reduce node (#leaves=1) 
[14:15:18] [INFO   ] Fixpoint[1]:Reducer[perses_node_priority_with_dfs_delta]: Reduce node (#leaves=1): queue=17, delete 0 tokens, ratio=28/2227=1,26% 
[14:15:18] [INFO   ] Fixpoint[1]:Reducer[perses_node_priority_with_dfs_delta]: Reduce node (#leaves=1) 
[14:15:18] [INFO   ] Fixpoint[1]:Reducer[perses_node_priority_with_dfs_delta]: Reduce node (#leaves=1): queue=16, delete 0 tokens, ratio=28/2227=1,26% 
[14:15:18] [INFO   ] Fixpoint[1]:Reducer[perses_node_priority_with_dfs_delta]: Reduce node (#leaves=1) 
[14:15:18] [INFO   ] Fixpoint[1]:Reducer[perses_node_priority_with_dfs_delta]: Reduce node (#leaves=1): queue=15, delete 0 tokens, ratio=28/2227=1,26% 
[14:15:18] [INFO   ] Fixpoint[1]:Reducer[perses_node_priority_with_dfs_delta]: Reduce node (#leaves=1) 
[14:15:18] [INFO   ] Fixpoint[1]:Reducer[perses_node_priority_with_dfs_delta]: Reduce node (#leaves=1): queue=14, delete 0 tokens, ratio=28/2227=1,26% 
[14:15:18] [INFO   ] Fixpoint[1]:Reducer[perses_node_priority_with_dfs_delta]: Reduce node (#leaves=1) 
[14:15:18] [INFO   ] Fixpoint[1]:Reducer[perses_node_priority_with_dfs_delta]: Reduce node (#leaves=1): queue=13, delete 0 tokens, ratio=28/2227=1,26% 
[14:15:18] [INFO   ] Fixpoint[1]:Reducer[perses_node_priority_with_dfs_delta]: Reduce node (#leaves=1) 
[14:15:18] [INFO   ] Fixpoint[1]:Reducer[perses_node_priority_with_dfs_delta]: Reduce node (#leaves=1): queue=12, delete 0 tokens, ratio=28/2227=1,26% 
[14:15:18] [INFO   ] Fixpoint[1]:Reducer[perses_node_priority_with_dfs_delta]: Reduce node (#leaves=1) 
[14:15:18] [INFO   ] Fixpoint[1]:Reducer[perses_node_priority_with_dfs_delta]: Reduce node (#leaves=1): queue=11, delete 0 tokens, ratio=28/2227=1,26% 
[14:15:18] [INFO   ] Fixpoint[1]:Reducer[perses_node_priority_with_dfs_delta]: Reduce node (#leaves=1) 
[14:15:18] [INFO   ] Fixpoint[1]:Reducer[perses_node_priority_with_dfs_delta]: Reduce node (#leaves=1): queue=10, delete 0 tokens, ratio=28/2227=1,26% 
[14:15:18] [INFO   ] Fixpoint[1]:Reducer[perses_node_priority_with_dfs_delta]: Reduce node (#leaves=1) 
[14:15:18] [INFO   ] Fixpoint[1]:Reducer[perses_node_priority_with_dfs_delta]: Reduce node (#leaves=1): queue=9, delete 0 tokens, ratio=28/2227=1,26% 
[14:15:18] [INFO   ] Fixpoint[1]:Reducer[perses_node_priority_with_dfs_delta]: Reduce node (#leaves=1) 
[14:15:18] [INFO   ] Fixpoint[1]:Reducer[perses_node_priority_with_dfs_delta]: Reduce node (#leaves=1): queue=8, delete 0 tokens, ratio=28/2227=1,26% 
[14:15:18] [INFO   ] Fixpoint[1]:Reducer[perses_node_priority_with_dfs_delta]: Reduce node (#leaves=1) 
[14:15:18] [INFO   ] Fixpoint[1]:Reducer[perses_node_priority_with_dfs_delta]: Reduce node (#leaves=1): queue=7, delete 0 tokens, ratio=28/2227=1,26% 
[14:15:18] [INFO   ] Fixpoint[1]:Reducer[perses_node_priority_with_dfs_delta]: Reduce node (#leaves=1) 
[14:15:18] [INFO   ] Fixpoint[1]:Reducer[perses_node_priority_with_dfs_delta]: Reduce node (#leaves=1): queue=6, delete 0 tokens, ratio=28/2227=1,26% 
[14:15:18] [INFO   ] Fixpoint[1]:Reducer[perses_node_priority_with_dfs_delta]: Reduce node (#leaves=1) 
[14:15:18] [INFO   ] Fixpoint[1]:Reducer[perses_node_priority_with_dfs_delta]: Reduce node (#leaves=1): queue=5, delete 0 tokens, ratio=28/2227=1,26% 
[14:15:18] [INFO   ] Fixpoint[1]:Reducer[perses_node_priority_with_dfs_delta]: Reduce node (#leaves=1) 
[14:15:18] [INFO   ] Fixpoint[1]:Reducer[perses_node_priority_with_dfs_delta]: Reduce node (#leaves=1): queue=4, delete 0 tokens, ratio=28/2227=1,26% 
[14:15:18] [INFO   ] Fixpoint[1]:Reducer[perses_node_priority_with_dfs_delta]: Reduce node (#leaves=1) 
[14:15:18] [INFO   ] Fixpoint[1]:Reducer[perses_node_priority_with_dfs_delta]: Reduce node (#leaves=1): queue=3, delete 0 tokens, ratio=28/2227=1,26% 
[14:15:18] [INFO   ] Fixpoint[1]:Reducer[perses_node_priority_with_dfs_delta]: Reduce node (#leaves=1) 
[14:15:18] [INFO   ] Fixpoint[1]:Reducer[perses_node_priority_with_dfs_delta]: Reduce node (#leaves=1): queue=2, delete 0 tokens, ratio=28/2227=1,26% 
[14:15:18] [INFO   ] Fixpoint[1]:Reducer[perses_node_priority_with_dfs_delta]: Reduce node (#leaves=1) 
[14:15:18] [INFO   ] Fixpoint[1]:Reducer[perses_node_priority_with_dfs_delta]: Reduce node (#leaves=1): queue=1, delete 0 tokens, ratio=28/2227=1,26% 
[14:15:18] [INFO   ] Fixpoint[1]:Reducer[perses_node_priority_with_dfs_delta]: Reduce node (#leaves=1) 
[14:15:19] [INFO   ] perses_node_priority_with_dfs_delta ended at 14:15:19 2025/08/21. #old=2227, #new=27 
[14:15:19] [INFO   ] Fixpoint[1]:Reducer[perses_node_priority_with_dfs_delta]: New minimal, delete 1 tokens, ratio=27/2227=1,21% 
[14:15:19] [INFO   ] Fixpoint[1]:Reducer[perses_node_priority_with_dfs_delta]: Reduce node (#leaves=0): queue=0, delete 1 tokens, ratio=27/2227=1,21% 
[14:15:19] [INFO   ] Fixpoint[1]:Reducer[perses_node_priority_with_dfs_delta]: Fixpoint iteration finished, delete 2200 tokens, ratio=27/2227=1,21% 
[14:15:19] [INFO   ] perses_node_priority_with_dfs_delta started at 14:15:19 2025/08/21. #tokens=27 
[14:15:19] [INFO   ] Fixpoint[2]:Reducer[perses_node_priority_with_dfs_delta]: New fixpoint iteration started. #Tokens=27 
[14:15:19] [INFO   ] Fixpoint[2]:Reducer[perses_node_priority_with_dfs_delta]: Reduce node (#leaves=27) 
[14:15:20] [INFO   ] Fixpoint[2]:Reducer[perses_node_priority_with_dfs_delta]: New minimal, delete 4 tokens, ratio=23/2227=1,03% 
[14:15:21] [INFO   ] Fixpoint[2]:Reducer[perses_node_priority_with_dfs_delta]: New minimal, delete 4 tokens, ratio=19/2227=0,85% 
[14:15:21] [INFO   ] Fixpoint[2]:Reducer[perses_node_priority_with_dfs_delta]: Reduce node (#leaves=27): queue=0, delete 8 tokens, ratio=19/2227=0,85% 
[14:15:21] [INFO   ] Fixpoint[2]:Reducer[perses_node_priority_with_dfs_delta]: Reduce node (#leaves=19) 
[14:15:21] [INFO   ] Fixpoint[2]:Reducer[perses_node_priority_with_dfs_delta]: Reduce node (#leaves=19): queue=0, delete 0 tokens, ratio=19/2227=0,85% 
[14:15:21] [INFO   ] Fixpoint[2]:Reducer[perses_node_priority_with_dfs_delta]: Reduce node (#leaves=17) 
[14:15:21] [INFO   ] Fixpoint[2]:Reducer[perses_node_priority_with_dfs_delta]: Reduce node (#leaves=17): queue=2, delete 0 tokens, ratio=19/2227=0,85% 
[14:15:21] [INFO   ] Fixpoint[2]:Reducer[perses_node_priority_with_dfs_delta]: Reduce node (#leaves=15) 
[14:15:21] [INFO   ] Fixpoint[2]:Reducer[perses_node_priority_with_dfs_delta]: Reduce node (#leaves=15): queue=4, delete 0 tokens, ratio=19/2227=0,85% 
[14:15:21] [INFO   ] Fixpoint[2]:Reducer[perses_node_priority_with_dfs_delta]: Reduce node (#leaves=15) 
[14:15:21] [INFO   ] Fixpoint[2]:Reducer[perses_node_priority_with_dfs_delta]: Reduce node (#leaves=15): queue=4, delete 0 tokens, ratio=19/2227=0,85% 
[14:15:21] [INFO   ] Fixpoint[2]:Reducer[perses_node_priority_with_dfs_delta]: Reduce node (#leaves=12) 
[14:15:22] [INFO   ] Fixpoint[2]:Reducer[perses_node_priority_with_dfs_delta]: Reduce node (#leaves=12): queue=7, delete 0 tokens, ratio=19/2227=0,85% 
[14:15:22] [INFO   ] Fixpoint[2]:Reducer[perses_node_priority_with_dfs_delta]: Reduce node (#leaves=11) 
[14:15:22] [INFO   ] Fixpoint[2]:Reducer[perses_node_priority_with_dfs_delta]: Reduce node (#leaves=11): queue=8, delete 0 tokens, ratio=19/2227=0,85% 
[14:15:22] [INFO   ] Fixpoint[2]:Reducer[perses_node_priority_with_dfs_delta]: Reduce node (#leaves=11) 
[14:15:22] [INFO   ] Fixpoint[2]:Reducer[perses_node_priority_with_dfs_delta]: Reduce node (#leaves=11): queue=8, delete 0 tokens, ratio=19/2227=0,85% 
[14:15:22] [INFO   ] Fixpoint[2]:Reducer[perses_node_priority_with_dfs_delta]: Reduce node (#leaves=10) 
[14:15:23] [INFO   ] Fixpoint[2]:Reducer[perses_node_priority_with_dfs_delta]: Reduce node (#leaves=10): queue=9, delete 0 tokens, ratio=19/2227=0,85% 
[14:15:23] [INFO   ] Fixpoint[2]:Reducer[perses_node_priority_with_dfs_delta]: Reduce node (#leaves=9) 
[14:15:23] [INFO   ] Fixpoint[2]:Reducer[perses_node_priority_with_dfs_delta]: Reduce node (#leaves=9): queue=10, delete 0 tokens, ratio=19/2227=0,85% 
[14:15:23] [INFO   ] Fixpoint[2]:Reducer[perses_node_priority_with_dfs_delta]: Reduce node (#leaves=9) 
[14:15:23] [INFO   ] Fixpoint[2]:Reducer[perses_node_priority_with_dfs_delta]: Reduce node (#leaves=9): queue=10, delete 0 tokens, ratio=19/2227=0,85% 
[14:15:23] [INFO   ] Fixpoint[2]:Reducer[perses_node_priority_with_dfs_delta]: Reduce node (#leaves=8) 
[14:15:24] [INFO   ] Fixpoint[2]:Reducer[perses_node_priority_with_dfs_delta]: Reduce node (#leaves=8): queue=11, delete 0 tokens, ratio=19/2227=0,85% 
[14:15:24] [INFO   ] Fixpoint[2]:Reducer[perses_node_priority_with_dfs_delta]: Reduce node (#leaves=6) 
[14:15:24] [INFO   ] Fixpoint[2]:Reducer[perses_node_priority_with_dfs_delta]: Reduce node (#leaves=6): queue=13, delete 0 tokens, ratio=19/2227=0,85% 
[14:15:24] [INFO   ] Fixpoint[2]:Reducer[perses_node_priority_with_dfs_delta]: Reduce node (#leaves=3) 
[14:15:25] [INFO   ] Fixpoint[2]:Reducer[perses_node_priority_with_dfs_delta]: Reduce node (#leaves=3): queue=16, delete 0 tokens, ratio=19/2227=0,85% 
[14:15:25] [INFO   ] Fixpoint[2]:Reducer[perses_node_priority_with_dfs_delta]: Reduce node (#leaves=3) 
[14:15:26] [INFO   ] Fixpoint[2]:Reducer[perses_node_priority_with_dfs_delta]: Reduce node (#leaves=3): queue=16, delete 0 tokens, ratio=19/2227=0,85% 
[14:15:26] [INFO   ] Fixpoint[2]:Reducer[perses_node_priority_with_dfs_delta]: Reduce node (#leaves=1) 
[14:15:26] [INFO   ] Fixpoint[2]:Reducer[perses_node_priority_with_dfs_delta]: Reduce node (#leaves=1): queue=18, delete 0 tokens, ratio=19/2227=0,85% 
[14:15:26] [INFO   ] Fixpoint[2]:Reducer[perses_node_priority_with_dfs_delta]: Reduce node (#leaves=1) 
[14:15:26] [INFO   ] Fixpoint[2]:Reducer[perses_node_priority_with_dfs_delta]: Reduce node (#leaves=1): queue=17, delete 0 tokens, ratio=19/2227=0,85% 
[14:15:26] [INFO   ] Fixpoint[2]:Reducer[perses_node_priority_with_dfs_delta]: Reduce node (#leaves=1) 
[14:15:26] [INFO   ] Fixpoint[2]:Reducer[perses_node_priority_with_dfs_delta]: Reduce node (#leaves=1): queue=16, delete 0 tokens, ratio=19/2227=0,85% 
[14:15:26] [INFO   ] Fixpoint[2]:Reducer[perses_node_priority_with_dfs_delta]: Reduce node (#leaves=1) 
[14:15:26] [INFO   ] Fixpoint[2]:Reducer[perses_node_priority_with_dfs_delta]: Reduce node (#leaves=1): queue=15, delete 0 tokens, ratio=19/2227=0,85% 
[14:15:26] [INFO   ] Fixpoint[2]:Reducer[perses_node_priority_with_dfs_delta]: Reduce node (#leaves=1) 
[14:15:26] [INFO   ] Fixpoint[2]:Reducer[perses_node_priority_with_dfs_delta]: Reduce node (#leaves=1): queue=14, delete 0 tokens, ratio=19/2227=0,85% 
[14:15:26] [INFO   ] Fixpoint[2]:Reducer[perses_node_priority_with_dfs_delta]: Reduce node (#leaves=1) 
[14:15:26] [INFO   ] Fixpoint[2]:Reducer[perses_node_priority_with_dfs_delta]: Reduce node (#leaves=1): queue=13, delete 0 tokens, ratio=19/2227=0,85% 
[14:15:26] [INFO   ] Fixpoint[2]:Reducer[perses_node_priority_with_dfs_delta]: Reduce node (#leaves=1) 
[14:15:26] [INFO   ] Fixpoint[2]:Reducer[perses_node_priority_with_dfs_delta]: Reduce node (#leaves=1): queue=12, delete 0 tokens, ratio=19/2227=0,85% 
[14:15:26] [INFO   ] Fixpoint[2]:Reducer[perses_node_priority_with_dfs_delta]: Reduce node (#leaves=1) 
[14:15:26] [INFO   ] Fixpoint[2]:Reducer[perses_node_priority_with_dfs_delta]: Reduce node (#leaves=1): queue=11, delete 0 tokens, ratio=19/2227=0,85% 
[14:15:26] [INFO   ] Fixpoint[2]:Reducer[perses_node_priority_with_dfs_delta]: Reduce node (#leaves=1) 
[14:15:26] [INFO   ] Fixpoint[2]:Reducer[perses_node_priority_with_dfs_delta]: Reduce node (#leaves=1): queue=10, delete 0 tokens, ratio=19/2227=0,85% 
[14:15:26] [INFO   ] Fixpoint[2]:Reducer[perses_node_priority_with_dfs_delta]: Reduce node (#leaves=1) 
[14:15:26] [INFO   ] Fixpoint[2]:Reducer[perses_node_priority_with_dfs_delta]: Reduce node (#leaves=1): queue=9, delete 0 tokens, ratio=19/2227=0,85% 
[14:15:26] [INFO   ] Fixpoint[2]:Reducer[perses_node_priority_with_dfs_delta]: Reduce node (#leaves=1) 
[14:15:26] [INFO   ] Fixpoint[2]:Reducer[perses_node_priority_with_dfs_delta]: Reduce node (#leaves=1): queue=8, delete 0 tokens, ratio=19/2227=0,85% 
[14:15:26] [INFO   ] Fixpoint[2]:Reducer[perses_node_priority_with_dfs_delta]: Reduce node (#leaves=1) 
[14:15:26] [INFO   ] Fixpoint[2]:Reducer[perses_node_priority_with_dfs_delta]: Reduce node (#leaves=1): queue=7, delete 0 tokens, ratio=19/2227=0,85% 
[14:15:26] [INFO   ] Fixpoint[2]:Reducer[perses_node_priority_with_dfs_delta]: Reduce node (#leaves=1) 
[14:15:26] [INFO   ] Fixpoint[2]:Reducer[perses_node_priority_with_dfs_delta]: Reduce node (#leaves=1): queue=6, delete 0 tokens, ratio=19/2227=0,85% 
[14:15:26] [INFO   ] Fixpoint[2]:Reducer[perses_node_priority_with_dfs_delta]: Reduce node (#leaves=1) 
[14:15:26] [INFO   ] Fixpoint[2]:Reducer[perses_node_priority_with_dfs_delta]: Reduce node (#leaves=1): queue=5, delete 0 tokens, ratio=19/2227=0,85% 
[14:15:26] [INFO   ] Fixpoint[2]:Reducer[perses_node_priority_with_dfs_delta]: Reduce node (#leaves=1) 
[14:15:26] [INFO   ] Fixpoint[2]:Reducer[perses_node_priority_with_dfs_delta]: Reduce node (#leaves=1): queue=4, delete 0 tokens, ratio=19/2227=0,85% 
[14:15:26] [INFO   ] Fixpoint[2]:Reducer[perses_node_priority_with_dfs_delta]: Reduce node (#leaves=1) 
[14:15:27] [INFO   ] perses_node_priority_with_dfs_delta ended at 14:15:27 2025/08/21. #old=27, #new=19 
[14:15:27] [INFO   ] Fixpoint[2]:Reducer[perses_node_priority_with_dfs_delta]: Reduce node (#leaves=1): queue=3, delete 0 tokens, ratio=19/2227=0,85% 
[14:15:27] [INFO   ] Fixpoint[2]:Reducer[perses_node_priority_with_dfs_delta]: Reduce node (#leaves=1) 
[14:15:27] [INFO   ] Fixpoint[2]:Reducer[perses_node_priority_with_dfs_delta]: Reduce node (#leaves=1): queue=3, delete 0 tokens, ratio=19/2227=0,85% 
[14:15:27] [INFO   ] Fixpoint[2]:Reducer[perses_node_priority_with_dfs_delta]: Reduce node (#leaves=1) 
[14:15:27] [INFO   ] Fixpoint[2]:Reducer[perses_node_priority_with_dfs_delta]: Reduce node (#leaves=1): queue=2, delete 0 tokens, ratio=19/2227=0,85% 
[14:15:27] [INFO   ] Fixpoint[2]:Reducer[perses_node_priority_with_dfs_delta]: Reduce node (#leaves=1) 
[14:15:27] [INFO   ] Fixpoint[2]:Reducer[perses_node_priority_with_dfs_delta]: Reduce node (#leaves=1): queue=1, delete 0 tokens, ratio=19/2227=0,85% 
[14:15:27] [INFO   ] Fixpoint[2]:Reducer[perses_node_priority_with_dfs_delta]: Reduce node (#leaves=1) 
[14:15:27] [INFO   ] Fixpoint[2]:Reducer[perses_node_priority_with_dfs_delta]: Reduce node (#leaves=1): queue=0, delete 0 tokens, ratio=19/2227=0,85% 
[14:15:27] [INFO   ] Fixpoint[2]:Reducer[perses_node_priority_with_dfs_delta]: Fixpoint iteration finished, delete 8 tokens, ratio=19/2227=0,85% 
[14:15:27] [INFO   ] perses_node_priority_with_dfs_delta started at 14:15:27 2025/08/21. #tokens=19 
[14:15:27] [INFO   ] Fixpoint[3]:Reducer[perses_node_priority_with_dfs_delta]: New fixpoint iteration started. #Tokens=19 
[14:15:27] [INFO   ] Fixpoint[3]:Reducer[perses_node_priority_with_dfs_delta]: Reduce node (#leaves=19) 
[14:15:27] [INFO   ] Fixpoint[3]:Reducer[perses_node_priority_with_dfs_delta]: Reduce node (#leaves=19): queue=0, delete 0 tokens, ratio=19/2227=0,85% 
[14:15:27] [INFO   ] Fixpoint[3]:Reducer[perses_node_priority_with_dfs_delta]: Reduce node (#leaves=19) 
[14:15:27] [INFO   ] Fixpoint[3]:Reducer[perses_node_priority_with_dfs_delta]: Reduce node (#leaves=19): queue=0, delete 0 tokens, ratio=19/2227=0,85% 
[14:15:27] [INFO   ] Fixpoint[3]:Reducer[perses_node_priority_with_dfs_delta]: Reduce node (#leaves=17) 
[14:15:27] [INFO   ] Fixpoint[3]:Reducer[perses_node_priority_with_dfs_delta]: Reduce node (#leaves=17): queue=2, delete 0 tokens, ratio=19/2227=0,85% 
[14:15:27] [INFO   ] Fixpoint[3]:Reducer[perses_node_priority_with_dfs_delta]: Reduce node (#leaves=15) 
[14:15:27] [INFO   ] Fixpoint[3]:Reducer[perses_node_priority_with_dfs_delta]: Reduce node (#leaves=15): queue=4, delete 0 tokens, ratio=19/2227=0,85% 
[14:15:27] [INFO   ] Fixpoint[3]:Reducer[perses_node_priority_with_dfs_delta]: Reduce node (#leaves=15) 
[14:15:27] [INFO   ] Fixpoint[3]:Reducer[perses_node_priority_with_dfs_delta]: Reduce node (#leaves=15): queue=4, delete 0 tokens, ratio=19/2227=0,85% 
[14:15:27] [INFO   ] Fixpoint[3]:Reducer[perses_node_priority_with_dfs_delta]: Reduce node (#leaves=12) 
[14:15:27] [INFO   ] Fixpoint[3]:Reducer[perses_node_priority_with_dfs_delta]: Reduce node (#leaves=12): queue=7, delete 0 tokens, ratio=19/2227=0,85% 
[14:15:27] [INFO   ] Fixpoint[3]:Reducer[perses_node_priority_with_dfs_delta]: Reduce node (#leaves=11) 
[14:15:27] [INFO   ] Fixpoint[3]:Reducer[perses_node_priority_with_dfs_delta]: Reduce node (#leaves=11): queue=8, delete 0 tokens, ratio=19/2227=0,85% 
[14:15:27] [INFO   ] Fixpoint[3]:Reducer[perses_node_priority_with_dfs_delta]: Reduce node (#leaves=11) 
[14:15:27] [INFO   ] Fixpoint[3]:Reducer[perses_node_priority_with_dfs_delta]: Reduce node (#leaves=11): queue=8, delete 0 tokens, ratio=19/2227=0,85% 
[14:15:27] [INFO   ] Fixpoint[3]:Reducer[perses_node_priority_with_dfs_delta]: Reduce node (#leaves=10) 
[14:15:27] [INFO   ] Fixpoint[3]:Reducer[perses_node_priority_with_dfs_delta]: Reduce node (#leaves=10): queue=9, delete 0 tokens, ratio=19/2227=0,85% 
[14:15:27] [INFO   ] Fixpoint[3]:Reducer[perses_node_priority_with_dfs_delta]: Reduce node (#leaves=9) 
[14:15:27] [INFO   ] Fixpoint[3]:Reducer[perses_node_priority_with_dfs_delta]: Reduce node (#leaves=9): queue=10, delete 0 tokens, ratio=19/2227=0,85% 
[14:15:27] [INFO   ] Fixpoint[3]:Reducer[perses_node_priority_with_dfs_delta]: Reduce node (#leaves=9) 
[14:15:27] [INFO   ] Fixpoint[3]:Reducer[perses_node_priority_with_dfs_delta]: Reduce node (#leaves=9): queue=10, delete 0 tokens, ratio=19/2227=0,85% 
[14:15:27] [INFO   ] Fixpoint[3]:Reducer[perses_node_priority_with_dfs_delta]: Reduce node (#leaves=8) 
[14:15:27] [INFO   ] Fixpoint[3]:Reducer[perses_node_priority_with_dfs_delta]: Reduce node (#leaves=8): queue=11, delete 0 tokens, ratio=19/2227=0,85% 
[14:15:27] [INFO   ] Fixpoint[3]:Reducer[perses_node_priority_with_dfs_delta]: Reduce node (#leaves=6) 
[14:15:27] [INFO   ] Fixpoint[3]:Reducer[perses_node_priority_with_dfs_delta]: Reduce node (#leaves=6): queue=13, delete 0 tokens, ratio=19/2227=0,85% 
[14:15:27] [INFO   ] Fixpoint[3]:Reducer[perses_node_priority_with_dfs_delta]: Reduce node (#leaves=3) 
[14:15:27] [INFO   ] Fixpoint[3]:Reducer[perses_node_priority_with_dfs_delta]: Reduce node (#leaves=3): queue=16, delete 0 tokens, ratio=19/2227=0,85% 
[14:15:27] [INFO   ] Fixpoint[3]:Reducer[perses_node_priority_with_dfs_delta]: Reduce node (#leaves=3) 
[14:15:27] [INFO   ] Fixpoint[3]:Reducer[perses_node_priority_with_dfs_delta]: Reduce node (#leaves=3): queue=16, delete 0 tokens, ratio=19/2227=0,85% 
[14:15:27] [INFO   ] Fixpoint[3]:Reducer[perses_node_priority_with_dfs_delta]: Reduce node (#leaves=1) 
[14:15:27] [INFO   ] perses_node_priority_with_dfs_delta ended at 14:15:27 2025/08/21. #old=19, #new=19 
[14:15:27] [INFO   ] Fixpoint[3]:Reducer[perses_node_priority_with_dfs_delta]: Reduce node (#leaves=1): queue=18, delete 0 tokens, ratio=19/2227=0,85% 
[14:15:27] [INFO   ] Fixpoint[3]:Reducer[perses_node_priority_with_dfs_delta]: Reduce node (#leaves=1) 
[14:15:27] [INFO   ] Fixpoint[3]:Reducer[perses_node_priority_with_dfs_delta]: Reduce node (#leaves=1): queue=17, delete 0 tokens, ratio=19/2227=0,85% 
[14:15:27] [INFO   ] Fixpoint[3]:Reducer[perses_node_priority_with_dfs_delta]: Reduce node (#leaves=1) 
[14:15:27] [INFO   ] Fixpoint[3]:Reducer[perses_node_priority_with_dfs_delta]: Reduce node (#leaves=1): queue=16, delete 0 tokens, ratio=19/2227=0,85% 
[14:15:27] [INFO   ] Fixpoint[3]:Reducer[perses_node_priority_with_dfs_delta]: Reduce node (#leaves=1) 
[14:15:27] [INFO   ] Fixpoint[3]:Reducer[perses_node_priority_with_dfs_delta]: Reduce node (#leaves=1): queue=15, delete 0 tokens, ratio=19/2227=0,85% 
[14:15:27] [INFO   ] Fixpoint[3]:Reducer[perses_node_priority_with_dfs_delta]: Reduce node (#leaves=1) 
[14:15:27] [INFO   ] Fixpoint[3]:Reducer[perses_node_priority_with_dfs_delta]: Reduce node (#leaves=1): queue=14, delete 0 tokens, ratio=19/2227=0,85% 
[14:15:27] [INFO   ] Fixpoint[3]:Reducer[perses_node_priority_with_dfs_delta]: Reduce node (#leaves=1) 
[14:15:27] [INFO   ] Fixpoint[3]:Reducer[perses_node_priority_with_dfs_delta]: Reduce node (#leaves=1): queue=13, delete 0 tokens, ratio=19/2227=0,85% 
[14:15:27] [INFO   ] Fixpoint[3]:Reducer[perses_node_priority_with_dfs_delta]: Reduce node (#leaves=1) 
[14:15:27] [INFO   ] Fixpoint[3]:Reducer[perses_node_priority_with_dfs_delta]: Reduce node (#leaves=1): queue=12, delete 0 tokens, ratio=19/2227=0,85% 
[14:15:27] [INFO   ] Fixpoint[3]:Reducer[perses_node_priority_with_dfs_delta]: Reduce node (#leaves=1) 
[14:15:27] [INFO   ] Fixpoint[3]:Reducer[perses_node_priority_with_dfs_delta]: Reduce node (#leaves=1): queue=11, delete 0 tokens, ratio=19/2227=0,85% 
[14:15:27] [INFO   ] Fixpoint[3]:Reducer[perses_node_priority_with_dfs_delta]: Reduce node (#leaves=1) 
[14:15:27] [INFO   ] Fixpoint[3]:Reducer[perses_node_priority_with_dfs_delta]: Reduce node (#leaves=1): queue=10, delete 0 tokens, ratio=19/2227=0,85% 
[14:15:27] [INFO   ] Fixpoint[3]:Reducer[perses_node_priority_with_dfs_delta]: Reduce node (#leaves=1) 
[14:15:27] [INFO   ] Fixpoint[3]:Reducer[perses_node_priority_with_dfs_delta]: Reduce node (#leaves=1): queue=9, delete 0 tokens, ratio=19/2227=0,85% 
[14:15:27] [INFO   ] Fixpoint[3]:Reducer[perses_node_priority_with_dfs_delta]: Reduce node (#leaves=1) 
[14:15:27] [INFO   ] Fixpoint[3]:Reducer[perses_node_priority_with_dfs_delta]: Reduce node (#leaves=1): queue=8, delete 0 tokens, ratio=19/2227=0,85% 
[14:15:27] [INFO   ] Fixpoint[3]:Reducer[perses_node_priority_with_dfs_delta]: Reduce node (#leaves=1) 
[14:15:27] [INFO   ] Fixpoint[3]:Reducer[perses_node_priority_with_dfs_delta]: Reduce node (#leaves=1): queue=7, delete 0 tokens, ratio=19/2227=0,85% 
[14:15:27] [INFO   ] Fixpoint[3]:Reducer[perses_node_priority_with_dfs_delta]: Reduce node (#leaves=1) 
[14:15:27] [INFO   ] Fixpoint[3]:Reducer[perses_node_priority_with_dfs_delta]: Reduce node (#leaves=1): queue=6, delete 0 tokens, ratio=19/2227=0,85% 
[14:15:27] [INFO   ] Fixpoint[3]:Reducer[perses_node_priority_with_dfs_delta]: Reduce node (#leaves=1) 
[14:15:27] [INFO   ] Fixpoint[3]:Reducer[perses_node_priority_with_dfs_delta]: Reduce node (#leaves=1): queue=5, delete 0 tokens, ratio=19/2227=0,85% 
[14:15:27] [INFO   ] Fixpoint[3]:Reducer[perses_node_priority_with_dfs_delta]: Reduce node (#leaves=1) 
[14:15:27] [INFO   ] Fixpoint[3]:Reducer[perses_node_priority_with_dfs_delta]: Reduce node (#leaves=1): queue=4, delete 0 tokens, ratio=19/2227=0,85% 
[14:15:27] [INFO   ] Fixpoint[3]:Reducer[perses_node_priority_with_dfs_delta]: Reduce node (#leaves=1) 
[14:15:27] [INFO   ] Fixpoint[3]:Reducer[perses_node_priority_with_dfs_delta]: Reduce node (#leaves=1): queue=3, delete 0 tokens, ratio=19/2227=0,85% 
[14:15:27] [INFO   ] Fixpoint[3]:Reducer[perses_node_priority_with_dfs_delta]: Reduce node (#leaves=1) 
[14:15:27] [INFO   ] Fixpoint[3]:Reducer[perses_node_priority_with_dfs_delta]: Reduce node (#leaves=1): queue=3, delete 0 tokens, ratio=19/2227=0,85% 
[14:15:27] [INFO   ] Fixpoint[3]:Reducer[perses_node_priority_with_dfs_delta]: Reduce node (#leaves=1) 
[14:15:27] [INFO   ] Fixpoint[3]:Reducer[perses_node_priority_with_dfs_delta]: Reduce node (#leaves=1): queue=2, delete 0 tokens, ratio=19/2227=0,85% 
[14:15:27] [INFO   ] Fixpoint[3]:Reducer[perses_node_priority_with_dfs_delta]: Reduce node (#leaves=1) 
[14:15:27] [INFO   ] Fixpoint[3]:Reducer[perses_node_priority_with_dfs_delta]: Reduce node (#leaves=1): queue=1, delete 0 tokens, ratio=19/2227=0,85% 
[14:15:27] [INFO   ] Fixpoint[3]:Reducer[perses_node_priority_with_dfs_delta]: Reduce node (#leaves=1) 
[14:15:27] [INFO   ] Fixpoint[3]:Reducer[perses_node_priority_with_dfs_delta]: Reduce node (#leaves=1): queue=0, delete 0 tokens, ratio=19/2227=0,85% 
[14:15:27] [INFO   ] Fixpoint[3]:Reducer[perses_node_priority_with_dfs_delta]: Fixpoint iteration finished, delete 0 tokens, ratio=19/2227=0,85% 
[14:15:27] [INFO   ] Reduction ended at 14:15:27 2025/08/21 
[14:15:27] [INFO   ] Elapsed time is 71 seconds (1 minute 11 seconds) 
[14:15:27] [INFO   ] Removed 2208 token(s). Reduction ratio is 19/2227=0,85% 
[14:15:27] [INFO   ] Test script execution count: 124 
