🔧 Running setup: setup.sh
Using source file: /Users/artemancikov/Desktop/practical-work-new/reducer/generator_modified/iter_1/Main.java
Execution time: 129.30714893341064 seconds
Using source file: /Users/artemancikov/Desktop/practical-work-new/reducer/generator_modified/iter_2/Main.java
Execution time: 15.12537670135498 seconds
Using source file: /Users/artemancikov/Desktop/practical-work-new/reducer/generator_modified/iter_3/Main.java
Execution time: 33.33648991584778 seconds
Using source file: /Users/artemancikov/Desktop/practical-work-new/reducer/generator_modified/iter_4/Main.java
Execution time: 12.750527143478394 seconds
Using source file: /Users/artemancikov/Desktop/practical-work-new/reducer/generator_modified/iter_5/Main.java
Execution time: 118.66137409210205 seconds
Using source file: /Users/artemancikov/Desktop/practical-work-new/reducer/generator_modified/iter_6/Main.java
Execution time: 19.6620512008667 seconds
Using source file: /Users/artemancikov/Desktop/practical-work-new/reducer/generator_modified/iter_7/Main.java
Execution time: 23.92834496498108 seconds
Using source file: /Users/artemancikov/Desktop/practical-work-new/reducer/generator_modified/iter_8/Main.java
Execution time: 38.70767688751221 seconds
Using source file: /Users/artemancikov/Desktop/practical-work-new/reducer/generator_modified/iter_9/Main.java
Execution time: 114.5282289981842 seconds
Using source file: /Users/artemancikov/Desktop/practical-work-new/reducer/generator_modified/iter_10/Main.java
Execution time: 19.883289098739624 seconds

❌ Error occurred in iter_1: Command '['python3', '-m', 'main', '--source-file', '/Users/artemancikov/Desktop/practical-work-new/reducer/generator_modified/iter_1/Main.java', '--script', '/Users/artemancikov/Desktop/practical-work-new/reducer/generator_modified/iter_1/run.sh']' returned non-zero exit status 1.
🧹 Running cleanup: cleanup.sh

❌ Error occurred in iter_2: Command '['python3', '-m', 'main', '--source-file', '/Users/artemancikov/Desktop/practical-work-new/reducer/generator_modified/iter_2/Main.java', '--script', '/Users/artemancikov/Desktop/practical-work-new/reducer/generator_modified/iter_2/run.sh']' returned non-zero exit status 1.
🧹 Running cleanup: cleanup.sh

❌ Error occurred in iter_3: Command '['python3', '-m', 'main', '--source-file', '/Users/artemancikov/Desktop/practical-work-new/reducer/generator_modified/iter_3/Main.java', '--script', '/Users/artemancikov/Desktop/practical-work-new/reducer/generator_modified/iter_3/run.sh']' returned non-zero exit status 1.
🧹 Running cleanup: cleanup.sh

❌ Error occurred in iter_4: Command '['python3', '-m', 'main', '--source-file', '/Users/artemancikov/Desktop/practical-work-new/reducer/generator_modified/iter_4/Main.java', '--script', '/Users/artemancikov/Desktop/practical-work-new/reducer/generator_modified/iter_4/run.sh']' returned non-zero exit status 1.
🧹 Running cleanup: cleanup.sh

❌ Error occurred in iter_5: Command '['python3', '-m', 'main', '--source-file', '/Users/artemancikov/Desktop/practical-work-new/reducer/generator_modified/iter_5/Main.java', '--script', '/Users/artemancikov/Desktop/practical-work-new/reducer/generator_modified/iter_5/run.sh']' returned non-zero exit status 1.
🧹 Running cleanup: cleanup.sh

❌ Error occurred in iter_6: Command '['python3', '-m', 'main', '--source-file', '/Users/artemancikov/Desktop/practical-work-new/reducer/generator_modified/iter_6/Main.java', '--script', '/Users/artemancikov/Desktop/practical-work-new/reducer/generator_modified/iter_6/run.sh']' returned non-zero exit status 1.
🧹 Running cleanup: cleanup.sh

❌ Error occurred in iter_7: Command '['python3', '-m', 'main', '--source-file', '/Users/artemancikov/Desktop/practical-work-new/reducer/generator_modified/iter_7/Main.java', '--script', '/Users/artemancikov/Desktop/practical-work-new/reducer/generator_modified/iter_7/run.sh']' returned non-zero exit status 1.
🧹 Running cleanup: cleanup.sh

❌ Error occurred in iter_8: Command '['python3', '-m', 'main', '--source-file', '/Users/artemancikov/Desktop/practical-work-new/reducer/generator_modified/iter_8/Main.java', '--script', '/Users/artemancikov/Desktop/practical-work-new/reducer/generator_modified/iter_8/run.sh']' returned non-zero exit status 1.
🧹 Running cleanup: cleanup.sh
🧹 Running cleanup: cleanup.sh
🧹 Running cleanup: cleanup.sh
🧹 Running cleanup: cleanup.sh
❌ Cleanup script failed: Command '['bash', 'cleanup.sh']' returned non-zero exit status 1.
