[08:28:46] [INFO   ] The command-line options are: --append-to-progress-dump-file "true" --call-creduce "false" --call-formatter "false" --creduce-cmd "creduce" --default-delta-debugger-for-kleene "DFS" --deps "[]" --edit-caching "true" --enable-lightweight-refreshing "true" --enable-line-slicer "false" --enable-lpr "false" --enable-token-slicer "false" --enable-trec "false" --enable-tree-slicer "false" --enable-vulcan "false" --fixpoint "true" --format-cmd "" --help "false" --input-file "/Users/artemancikov/Desktop/practical work/try1/reducer/final_remove_more/iter_6/Main.java" --lang "" --language-ext-jars "[]" --list-algs "false" --list-langs "false" --list-parser-facades "false" --list-verbosity-levels "false" --lpr-fixpoint "false" --max-bfs-depth-for-regular-rule-node "5" --max-edit-count-for-regular-rule-node "100" --non-deletion-iteration-limit "10" --on-demand-coarse-grit-reducer-annotations "[]" --on-demand-fine-grit-reducer-annotations "[]" --on-demand-medium-grit-reducer-annotations "[]" --parser-facade-class-name "" --pass-level-caching "false" --query-cache-refresh-threshold "0" --query-cache-type "CONTENT_SHA512" --query-caching "AUTO" --reparse-each-iteration "true" --script-execution-keep-waiting-after-timeout "true" --script-execution-timeout-in-seconds "600" --stop-at-first-compatible-child-for-regular-rule-node "false" --test-script "/Users/artemancikov/Desktop/practical work/try1/reducer/final_remove_more/iter_6/run2.sh" --threads "auto" --verbosity "INFO" --version "false" --vulcan-fixpoint "false" --window-size "4" 
[08:28:46] [SEVERE ] Failed to load the class of the parser facade org.perses.grammar.sql.tidb.TiDBParserFacade for LanguageTiDB{name=tidb, extensions=[tidb], defaultCodeFormatControl=COMPACT_ORIG_FORMAT}
org.perses.grammar.sql.tidb.TiDBParserFacade 
[08:28:46] [INFO   ] Tree Building: Start building spar-tree from input file SourceFile{file=FilePathWithContent{file=/Users/artemancikov/Desktop/practical work/try1/reducer/final_remove_more/iter_6/Main.java}, lang=LanguageJava{name=java, extensions=[java], defaultCodeFormatControl=SINGLE_TOKEN_PER_LINE}} 
[08:28:46] [INFO   ] Tree Building: Step 1: Antlr parsing. 
[08:28:47] [INFO   ] Tree Building: Step 2: Converting parse tree to spar-tree 
[08:28:47] [INFO   ] Tree Building: Step 3: Simplifying spar-tree 
[08:28:47] [INFO   ] Tree Building: Finished in TimeSpan{startMillis=1754375326839, endMillis=1754375327428, formatted=0 seconds} 
[08:28:47] [INFO   ] The reduction process started at 08:28:47 2025/08/05 
[08:28:48] [INFO   ] Cache setting: query-caching=enabled, edit-caching=enabled, query-cache=content_sha512 
[08:28:48] [INFO   ] Reduction Started at 08:28:47 2025/08/05 
[08:28:48] [INFO   ] The sanity check result is: PassingSanityCheckResult 
[08:28:48] [INFO   ] The number of lexemes in the token factory is is 59 
[08:28:48] [INFO   ] Reduction algorithm is perses_node_priority_with_dfs_delta 
[08:28:48] [INFO   ] perses_node_priority_with_dfs_delta started at 08:28:48 2025/08/05. #tokens=154 
[08:28:48] [INFO   ] Fixpoint[1]:Reducer[perses_node_priority_with_dfs_delta]: New fixpoint iteration started. #Tokens=154 
[08:28:48] [INFO   ] Fixpoint[1]:Reducer[perses_node_priority_with_dfs_delta]: Reduce node (#leaves=149) 
[08:28:49] [INFO   ] Fixpoint[1]:Reducer[perses_node_priority_with_dfs_delta]: Reduce node (#leaves=149): queue=1, delete 0 tokens, ratio=154/154=100.00% 
[08:28:49] [INFO   ] Fixpoint[1]:Reducer[perses_node_priority_with_dfs_delta]: Reduce node (#leaves=102) 
[08:28:49] [INFO   ] Fixpoint[1]:Reducer[perses_node_priority_with_dfs_delta]: Reduce node (#leaves=102): queue=3, delete 0 tokens, ratio=154/154=100.00% 
[08:28:49] [INFO   ] Fixpoint[1]:Reducer[perses_node_priority_with_dfs_delta]: Reduce node (#leaves=100) 
[08:28:49] [INFO   ] Fixpoint[1]:Reducer[perses_node_priority_with_dfs_delta]: Reduce node (#leaves=100): queue=5, delete 0 tokens, ratio=154/154=100.00% 
[08:28:49] [INFO   ] Fixpoint[1]:Reducer[perses_node_priority_with_dfs_delta]: Reduce node (#leaves=98) 
[08:28:50] [INFO   ] Fixpoint[1]:Reducer[perses_node_priority_with_dfs_delta]: New minimal, delete 11 tokens, ratio=143/154=92.86% 
[08:28:50] [INFO   ] Fixpoint[1]:Reducer[perses_node_priority_with_dfs_delta]: Reduce node (#leaves=98): queue=7, delete 11 tokens, ratio=143/154=92.86% 
[08:28:50] [INFO   ] Fixpoint[1]:Reducer[perses_node_priority_with_dfs_delta]: Reduce node (#leaves=87) 
[08:28:50] [INFO   ] Fixpoint[1]:Reducer[perses_node_priority_with_dfs_delta]: Reduce node (#leaves=87): queue=7, delete 0 tokens, ratio=143/154=92.86% 
[08:28:50] [INFO   ] Fixpoint[1]:Reducer[perses_node_priority_with_dfs_delta]: Reduce node (#leaves=69) 
[08:28:50] [INFO   ] Fixpoint[1]:Reducer[perses_node_priority_with_dfs_delta]: Reduce node (#leaves=69): queue=9, delete 0 tokens, ratio=143/154=92.86% 
[08:28:50] [INFO   ] Fixpoint[1]:Reducer[perses_node_priority_with_dfs_delta]: Reduce node (#leaves=67) 
[08:28:50] [INFO   ] Fixpoint[1]:Reducer[perses_node_priority_with_dfs_delta]: New minimal, delete 67 tokens, ratio=76/154=49.35% 
[08:28:50] [INFO   ] Fixpoint[1]:Reducer[perses_node_priority_with_dfs_delta]: Reduce node (#leaves=67): queue=11, delete 67 tokens, ratio=76/154=49.35% 
[08:28:50] [INFO   ] Fixpoint[1]:Reducer[perses_node_priority_with_dfs_delta]: Reduce node (#leaves=27) 
[08:28:50] [INFO   ] Fixpoint[1]:Reducer[perses_node_priority_with_dfs_delta]: Reduce node (#leaves=27): queue=10, delete 0 tokens, ratio=76/154=49.35% 
[08:28:50] [INFO   ] Fixpoint[1]:Reducer[perses_node_priority_with_dfs_delta]: Reduce node (#leaves=20) 
[08:28:51] [INFO   ] Fixpoint[1]:Reducer[perses_node_priority_with_dfs_delta]: New minimal, delete 20 tokens, ratio=56/154=36.36% 
[08:28:51] [INFO   ] Fixpoint[1]:Reducer[perses_node_priority_with_dfs_delta]: Reduce node (#leaves=20): queue=13, delete 20 tokens, ratio=56/154=36.36% 
[08:28:51] [INFO   ] Fixpoint[1]:Reducer[perses_node_priority_with_dfs_delta]: Reduce node (#leaves=16) 
[08:28:51] [INFO   ] Fixpoint[1]:Reducer[perses_node_priority_with_dfs_delta]: Reduce node (#leaves=16): queue=12, delete 0 tokens, ratio=56/154=36.36% 
[08:28:51] [INFO   ] Fixpoint[1]:Reducer[perses_node_priority_with_dfs_delta]: Reduce node (#leaves=15) 
[08:28:51] [INFO   ] Fixpoint[1]:Reducer[perses_node_priority_with_dfs_delta]: Reduce node (#leaves=15): queue=14, delete 0 tokens, ratio=56/154=36.36% 
[08:28:51] [INFO   ] Fixpoint[1]:Reducer[perses_node_priority_with_dfs_delta]: Reduce node (#leaves=14) 
[08:28:51] [INFO   ] Fixpoint[1]:Reducer[perses_node_priority_with_dfs_delta]: New minimal, delete 14 tokens, ratio=42/154=27.27% 
[08:28:51] [INFO   ] Fixpoint[1]:Reducer[perses_node_priority_with_dfs_delta]: Reduce node (#leaves=14): queue=15, delete 14 tokens, ratio=42/154=27.27% 
[08:28:51] [INFO   ] Fixpoint[1]:Reducer[perses_node_priority_with_dfs_delta]: Reduce node (#leaves=10) 
[08:28:51] [INFO   ] Fixpoint[1]:Reducer[perses_node_priority_with_dfs_delta]: Reduce node (#leaves=10): queue=14, delete 0 tokens, ratio=42/154=27.27% 
[08:28:51] [INFO   ] Fixpoint[1]:Reducer[perses_node_priority_with_dfs_delta]: Reduce node (#leaves=9) 
[08:28:51] [INFO   ] Fixpoint[1]:Reducer[perses_node_priority_with_dfs_delta]: Reduce node (#leaves=9): queue=15, delete 0 tokens, ratio=42/154=27.27% 
[08:28:51] [INFO   ] Fixpoint[1]:Reducer[perses_node_priority_with_dfs_delta]: Reduce node (#leaves=9) 
[08:28:51] [INFO   ] Fixpoint[1]:Reducer[perses_node_priority_with_dfs_delta]: Reduce node (#leaves=9): queue=15, delete 0 tokens, ratio=42/154=27.27% 
[08:28:51] [INFO   ] Fixpoint[1]:Reducer[perses_node_priority_with_dfs_delta]: Reduce node (#leaves=9) 
[08:28:51] [INFO   ] Fixpoint[1]:Reducer[perses_node_priority_with_dfs_delta]: Reduce node (#leaves=9): queue=17, delete 0 tokens, ratio=42/154=27.27% 
[08:28:51] [INFO   ] Fixpoint[1]:Reducer[perses_node_priority_with_dfs_delta]: Reduce node (#leaves=9) 
[08:28:51] [INFO   ] Fixpoint[1]:Reducer[perses_node_priority_with_dfs_delta]: Reduce node (#leaves=9): queue=17, delete 0 tokens, ratio=42/154=27.27% 
[08:28:51] [INFO   ] Fixpoint[1]:Reducer[perses_node_priority_with_dfs_delta]: Reduce node (#leaves=7) 
[08:28:52] [INFO   ] Fixpoint[1]:Reducer[perses_node_priority_with_dfs_delta]: New minimal, delete 6 tokens, ratio=36/154=23.38% 
[08:28:52] [INFO   ] Fixpoint[1]:Reducer[perses_node_priority_with_dfs_delta]: Reduce node (#leaves=7): queue=19, delete 6 tokens, ratio=36/154=23.38% 
[08:28:52] [INFO   ] Fixpoint[1]:Reducer[perses_node_priority_with_dfs_delta]: Reduce node (#leaves=7) 
[08:28:52] [INFO   ] Fixpoint[1]:Reducer[perses_node_priority_with_dfs_delta]: Reduce node (#leaves=7): queue=19, delete 0 tokens, ratio=36/154=23.38% 
[08:28:52] [INFO   ] Fixpoint[1]:Reducer[perses_node_priority_with_dfs_delta]: Reduce node (#leaves=6) 
[08:28:53] [INFO   ] Fixpoint[1]:Reducer[perses_node_priority_with_dfs_delta]: Reduce node (#leaves=6): queue=20, delete 0 tokens, ratio=36/154=23.38% 
[08:28:53] [INFO   ] Fixpoint[1]:Reducer[perses_node_priority_with_dfs_delta]: Reduce node (#leaves=5) 
[08:28:53] [INFO   ] Fixpoint[1]:Reducer[perses_node_priority_with_dfs_delta]: Reduce node (#leaves=5): queue=22, delete 0 tokens, ratio=36/154=23.38% 
[08:28:53] [INFO   ] Fixpoint[1]:Reducer[perses_node_priority_with_dfs_delta]: Reduce node (#leaves=5) 
[08:28:54] [INFO   ] Fixpoint[1]:Reducer[perses_node_priority_with_dfs_delta]: New minimal, delete 5 tokens, ratio=31/154=20.13% 
[08:28:54] [INFO   ] Fixpoint[1]:Reducer[perses_node_priority_with_dfs_delta]: Reduce node (#leaves=5): queue=25, delete 5 tokens, ratio=31/154=20.13% 
[08:28:54] [INFO   ] Fixpoint[1]:Reducer[perses_node_priority_with_dfs_delta]: Reduce node (#leaves=3) 
[08:28:54] [INFO   ] Fixpoint[1]:Reducer[perses_node_priority_with_dfs_delta]: New minimal, delete 3 tokens, ratio=28/154=18.18% 
[08:28:54] [INFO   ] Fixpoint[1]:Reducer[perses_node_priority_with_dfs_delta]: Reduce node (#leaves=3): queue=24, delete 3 tokens, ratio=28/154=18.18% 
[08:28:54] [INFO   ] Fixpoint[1]:Reducer[perses_node_priority_with_dfs_delta]: Reduce node (#leaves=2) 
[08:28:54] [INFO   ] Fixpoint[1]:Reducer[perses_node_priority_with_dfs_delta]: New minimal, delete 2 tokens, ratio=26/154=16.88% 
[08:28:54] [INFO   ] Fixpoint[1]:Reducer[perses_node_priority_with_dfs_delta]: Reduce node (#leaves=2): queue=23, delete 2 tokens, ratio=26/154=16.88% 
[08:28:54] [INFO   ] Fixpoint[1]:Reducer[perses_node_priority_with_dfs_delta]: Reduce node (#leaves=2) 
[08:28:54] [INFO   ] Fixpoint[1]:Reducer[perses_node_priority_with_dfs_delta]: Reduce node (#leaves=2): queue=22, delete 0 tokens, ratio=26/154=16.88% 
[08:28:54] [INFO   ] Fixpoint[1]:Reducer[perses_node_priority_with_dfs_delta]: Reduce node (#leaves=2) 
[08:28:55] [INFO   ] Fixpoint[1]:Reducer[perses_node_priority_with_dfs_delta]: Reduce node (#leaves=2): queue=23, delete 0 tokens, ratio=26/154=16.88% 
[08:28:55] [INFO   ] Fixpoint[1]:Reducer[perses_node_priority_with_dfs_delta]: Reduce node (#leaves=2) 
[08:28:55] [INFO   ] Fixpoint[1]:Reducer[perses_node_priority_with_dfs_delta]: Reduce node (#leaves=2): queue=24, delete 0 tokens, ratio=26/154=16.88% 
[08:28:55] [INFO   ] perses_node_priority_with_dfs_delta ended at 08:28:55 2025/08/05. #old=154, #new=26 
[08:28:55] [INFO   ] Fixpoint[1]:Reducer[perses_node_priority_with_dfs_delta]: Reduce node (#leaves=1) 
[08:28:55] [INFO   ] Fixpoint[1]:Reducer[perses_node_priority_with_dfs_delta]: Reduce node (#leaves=1): queue=25, delete 0 tokens, ratio=26/154=16.88% 
[08:28:55] [INFO   ] Fixpoint[1]:Reducer[perses_node_priority_with_dfs_delta]: Reduce node (#leaves=1) 
[08:28:55] [INFO   ] Fixpoint[1]:Reducer[perses_node_priority_with_dfs_delta]: Reduce node (#leaves=1): queue=24, delete 0 tokens, ratio=26/154=16.88% 
[08:28:55] [INFO   ] Fixpoint[1]:Reducer[perses_node_priority_with_dfs_delta]: Reduce node (#leaves=1) 
[08:28:55] [INFO   ] Fixpoint[1]:Reducer[perses_node_priority_with_dfs_delta]: Reduce node (#leaves=1): queue=23, delete 0 tokens, ratio=26/154=16.88% 
[08:28:55] [INFO   ] Fixpoint[1]:Reducer[perses_node_priority_with_dfs_delta]: Reduce node (#leaves=1) 
[08:28:55] [INFO   ] Fixpoint[1]:Reducer[perses_node_priority_with_dfs_delta]: Reduce node (#leaves=1): queue=22, delete 0 tokens, ratio=26/154=16.88% 
[08:28:55] [INFO   ] Fixpoint[1]:Reducer[perses_node_priority_with_dfs_delta]: Reduce node (#leaves=1) 
[08:28:55] [INFO   ] Fixpoint[1]:Reducer[perses_node_priority_with_dfs_delta]: Reduce node (#leaves=1): queue=21, delete 0 tokens, ratio=26/154=16.88% 
[08:28:55] [INFO   ] Fixpoint[1]:Reducer[perses_node_priority_with_dfs_delta]: Reduce node (#leaves=1) 
[08:28:55] [INFO   ] Fixpoint[1]:Reducer[perses_node_priority_with_dfs_delta]: Reduce node (#leaves=1): queue=20, delete 0 tokens, ratio=26/154=16.88% 
[08:28:55] [INFO   ] Fixpoint[1]:Reducer[perses_node_priority_with_dfs_delta]: Reduce node (#leaves=1) 
[08:28:55] [INFO   ] Fixpoint[1]:Reducer[perses_node_priority_with_dfs_delta]: Reduce node (#leaves=1): queue=19, delete 0 tokens, ratio=26/154=16.88% 
[08:28:55] [INFO   ] Fixpoint[1]:Reducer[perses_node_priority_with_dfs_delta]: Reduce node (#leaves=1) 
[08:28:55] [INFO   ] Fixpoint[1]:Reducer[perses_node_priority_with_dfs_delta]: Reduce node (#leaves=1): queue=18, delete 0 tokens, ratio=26/154=16.88% 
[08:28:55] [INFO   ] Fixpoint[1]:Reducer[perses_node_priority_with_dfs_delta]: Reduce node (#leaves=1) 
[08:28:55] [INFO   ] Fixpoint[1]:Reducer[perses_node_priority_with_dfs_delta]: Reduce node (#leaves=1): queue=17, delete 0 tokens, ratio=26/154=16.88% 
[08:28:55] [INFO   ] Fixpoint[1]:Reducer[perses_node_priority_with_dfs_delta]: Reduce node (#leaves=1) 
[08:28:55] [INFO   ] Fixpoint[1]:Reducer[perses_node_priority_with_dfs_delta]: Reduce node (#leaves=1): queue=16, delete 0 tokens, ratio=26/154=16.88% 
[08:28:55] [INFO   ] Fixpoint[1]:Reducer[perses_node_priority_with_dfs_delta]: Reduce node (#leaves=1) 
[08:28:55] [INFO   ] Fixpoint[1]:Reducer[perses_node_priority_with_dfs_delta]: Reduce node (#leaves=1): queue=15, delete 0 tokens, ratio=26/154=16.88% 
[08:28:55] [INFO   ] Fixpoint[1]:Reducer[perses_node_priority_with_dfs_delta]: Reduce node (#leaves=1) 
[08:28:55] [INFO   ] Fixpoint[1]:Reducer[perses_node_priority_with_dfs_delta]: Reduce node (#leaves=1): queue=14, delete 0 tokens, ratio=26/154=16.88% 
[08:28:55] [INFO   ] Fixpoint[1]:Reducer[perses_node_priority_with_dfs_delta]: Reduce node (#leaves=1) 
[08:28:55] [INFO   ] Fixpoint[1]:Reducer[perses_node_priority_with_dfs_delta]: Reduce node (#leaves=1): queue=13, delete 0 tokens, ratio=26/154=16.88% 
[08:28:55] [INFO   ] Fixpoint[1]:Reducer[perses_node_priority_with_dfs_delta]: Reduce node (#leaves=1) 
[08:28:55] [INFO   ] Fixpoint[1]:Reducer[perses_node_priority_with_dfs_delta]: Reduce node (#leaves=1): queue=12, delete 0 tokens, ratio=26/154=16.88% 
[08:28:55] [INFO   ] Fixpoint[1]:Reducer[perses_node_priority_with_dfs_delta]: Reduce node (#leaves=1) 
[08:28:55] [INFO   ] Fixpoint[1]:Reducer[perses_node_priority_with_dfs_delta]: Reduce node (#leaves=1): queue=11, delete 0 tokens, ratio=26/154=16.88% 
[08:28:55] [INFO   ] Fixpoint[1]:Reducer[perses_node_priority_with_dfs_delta]: Reduce node (#leaves=1) 
[08:28:55] [INFO   ] Fixpoint[1]:Reducer[perses_node_priority_with_dfs_delta]: Reduce node (#leaves=1): queue=10, delete 0 tokens, ratio=26/154=16.88% 
[08:28:55] [INFO   ] Fixpoint[1]:Reducer[perses_node_priority_with_dfs_delta]: Reduce node (#leaves=1) 
[08:28:55] [INFO   ] Fixpoint[1]:Reducer[perses_node_priority_with_dfs_delta]: Reduce node (#leaves=1): queue=9, delete 0 tokens, ratio=26/154=16.88% 
[08:28:55] [INFO   ] Fixpoint[1]:Reducer[perses_node_priority_with_dfs_delta]: Reduce node (#leaves=1) 
[08:28:55] [INFO   ] Fixpoint[1]:Reducer[perses_node_priority_with_dfs_delta]: Reduce node (#leaves=1): queue=8, delete 0 tokens, ratio=26/154=16.88% 
[08:28:55] [INFO   ] Fixpoint[1]:Reducer[perses_node_priority_with_dfs_delta]: Reduce node (#leaves=1) 
[08:28:55] [INFO   ] Fixpoint[1]:Reducer[perses_node_priority_with_dfs_delta]: Reduce node (#leaves=1): queue=7, delete 0 tokens, ratio=26/154=16.88% 
[08:28:55] [INFO   ] Fixpoint[1]:Reducer[perses_node_priority_with_dfs_delta]: Reduce node (#leaves=1) 
[08:28:55] [INFO   ] Fixpoint[1]:Reducer[perses_node_priority_with_dfs_delta]: Reduce node (#leaves=1): queue=6, delete 0 tokens, ratio=26/154=16.88% 
[08:28:55] [INFO   ] Fixpoint[1]:Reducer[perses_node_priority_with_dfs_delta]: Reduce node (#leaves=1) 
[08:28:55] [INFO   ] Fixpoint[1]:Reducer[perses_node_priority_with_dfs_delta]: Reduce node (#leaves=1): queue=5, delete 0 tokens, ratio=26/154=16.88% 
[08:28:55] [INFO   ] Fixpoint[1]:Reducer[perses_node_priority_with_dfs_delta]: Reduce node (#leaves=1) 
[08:28:55] [INFO   ] Fixpoint[1]:Reducer[perses_node_priority_with_dfs_delta]: Reduce node (#leaves=1): queue=4, delete 0 tokens, ratio=26/154=16.88% 
[08:28:55] [INFO   ] Fixpoint[1]:Reducer[perses_node_priority_with_dfs_delta]: Reduce node (#leaves=1) 
[08:28:55] [INFO   ] Fixpoint[1]:Reducer[perses_node_priority_with_dfs_delta]: Reduce node (#leaves=1): queue=3, delete 0 tokens, ratio=26/154=16.88% 
[08:28:55] [INFO   ] Fixpoint[1]:Reducer[perses_node_priority_with_dfs_delta]: Reduce node (#leaves=1) 
[08:28:55] [INFO   ] Fixpoint[1]:Reducer[perses_node_priority_with_dfs_delta]: Reduce node (#leaves=1): queue=2, delete 0 tokens, ratio=26/154=16.88% 
[08:28:55] [INFO   ] Fixpoint[1]:Reducer[perses_node_priority_with_dfs_delta]: Reduce node (#leaves=1) 
[08:28:55] [INFO   ] Fixpoint[1]:Reducer[perses_node_priority_with_dfs_delta]: Reduce node (#leaves=1): queue=1, delete 0 tokens, ratio=26/154=16.88% 
[08:28:55] [INFO   ] Fixpoint[1]:Reducer[perses_node_priority_with_dfs_delta]: Reduce node (#leaves=1) 
[08:28:55] [INFO   ] Fixpoint[1]:Reducer[perses_node_priority_with_dfs_delta]: Reduce node (#leaves=1): queue=0, delete 0 tokens, ratio=26/154=16.88% 
[08:28:55] [INFO   ] Fixpoint[1]:Reducer[perses_node_priority_with_dfs_delta]: Fixpoint iteration finished, delete 128 tokens, ratio=26/154=16.88% 
[08:28:55] [INFO   ] perses_node_priority_with_dfs_delta started at 08:28:55 2025/08/05. #tokens=26 
[08:28:55] [INFO   ] Fixpoint[2]:Reducer[perses_node_priority_with_dfs_delta]: New fixpoint iteration started. #Tokens=26 
[08:28:55] [INFO   ] Fixpoint[2]:Reducer[perses_node_priority_with_dfs_delta]: Reduce node (#leaves=26) 
[08:28:56] [INFO   ] Fixpoint[2]:Reducer[perses_node_priority_with_dfs_delta]: Reduce node (#leaves=26): queue=0, delete 0 tokens, ratio=26/154=16.88% 
[08:28:56] [INFO   ] Fixpoint[2]:Reducer[perses_node_priority_with_dfs_delta]: Reduce node (#leaves=13) 
[08:28:56] [INFO   ] Fixpoint[2]:Reducer[perses_node_priority_with_dfs_delta]: Reduce node (#leaves=13): queue=1, delete 0 tokens, ratio=26/154=16.88% 
[08:28:56] [INFO   ] Fixpoint[2]:Reducer[perses_node_priority_with_dfs_delta]: Reduce node (#leaves=13) 
[08:28:56] [INFO   ] Fixpoint[2]:Reducer[perses_node_priority_with_dfs_delta]: Reduce node (#leaves=13): queue=3, delete 0 tokens, ratio=26/154=16.88% 
[08:28:56] [INFO   ] Fixpoint[2]:Reducer[perses_node_priority_with_dfs_delta]: Reduce node (#leaves=11) 
[08:28:56] [INFO   ] Fixpoint[2]:Reducer[perses_node_priority_with_dfs_delta]: Reduce node (#leaves=11): queue=6, delete 0 tokens, ratio=26/154=16.88% 
[08:28:56] [INFO   ] Fixpoint[2]:Reducer[perses_node_priority_with_dfs_delta]: Reduce node (#leaves=9) 
[08:28:56] [INFO   ] Fixpoint[2]:Reducer[perses_node_priority_with_dfs_delta]: Reduce node (#leaves=9): queue=8, delete 0 tokens, ratio=26/154=16.88% 
[08:28:56] [INFO   ] Fixpoint[2]:Reducer[perses_node_priority_with_dfs_delta]: Reduce node (#leaves=9) 
[08:28:56] [INFO   ] Fixpoint[2]:Reducer[perses_node_priority_with_dfs_delta]: Reduce node (#leaves=9): queue=8, delete 0 tokens, ratio=26/154=16.88% 
[08:28:56] [INFO   ] Fixpoint[2]:Reducer[perses_node_priority_with_dfs_delta]: Reduce node (#leaves=9) 
[08:28:57] [INFO   ] Fixpoint[2]:Reducer[perses_node_priority_with_dfs_delta]: Reduce node (#leaves=9): queue=9, delete 0 tokens, ratio=26/154=16.88% 
[08:28:57] [INFO   ] Fixpoint[2]:Reducer[perses_node_priority_with_dfs_delta]: Reduce node (#leaves=9) 
[08:28:57] [INFO   ] Fixpoint[2]:Reducer[perses_node_priority_with_dfs_delta]: Reduce node (#leaves=9): queue=9, delete 0 tokens, ratio=26/154=16.88% 
[08:28:57] [INFO   ] Fixpoint[2]:Reducer[perses_node_priority_with_dfs_delta]: Reduce node (#leaves=7) 
[08:28:57] [INFO   ] Fixpoint[2]:Reducer[perses_node_priority_with_dfs_delta]: Reduce node (#leaves=7): queue=11, delete 0 tokens, ratio=26/154=16.88% 
[08:28:57] [INFO   ] Fixpoint[2]:Reducer[perses_node_priority_with_dfs_delta]: Reduce node (#leaves=7) 
[08:28:57] [INFO   ] Fixpoint[2]:Reducer[perses_node_priority_with_dfs_delta]: Reduce node (#leaves=7): queue=12, delete 0 tokens, ratio=26/154=16.88% 
[08:28:57] [INFO   ] Fixpoint[2]:Reducer[perses_node_priority_with_dfs_delta]: Reduce node (#leaves=6) 
[08:28:58] [INFO   ] Fixpoint[2]:Reducer[perses_node_priority_with_dfs_delta]: Reduce node (#leaves=6): queue=13, delete 0 tokens, ratio=26/154=16.88% 
[08:28:58] [INFO   ] Fixpoint[2]:Reducer[perses_node_priority_with_dfs_delta]: Reduce node (#leaves=4) 
[08:28:58] [INFO   ] Fixpoint[2]:Reducer[perses_node_priority_with_dfs_delta]: Reduce node (#leaves=4): queue=15, delete 0 tokens, ratio=26/154=16.88% 
[08:28:58] [INFO   ] Fixpoint[2]:Reducer[perses_node_priority_with_dfs_delta]: Reduce node (#leaves=3) 
[08:28:58] [INFO   ] Fixpoint[2]:Reducer[perses_node_priority_with_dfs_delta]: Reduce node (#leaves=3): queue=16, delete 0 tokens, ratio=26/154=16.88% 
[08:28:58] [INFO   ] Fixpoint[2]:Reducer[perses_node_priority_with_dfs_delta]: Reduce node (#leaves=3) 
[08:28:58] [INFO   ] Fixpoint[2]:Reducer[perses_node_priority_with_dfs_delta]: Reduce node (#leaves=3): queue=16, delete 0 tokens, ratio=26/154=16.88% 
[08:28:58] [INFO   ] Fixpoint[2]:Reducer[perses_node_priority_with_dfs_delta]: Reduce node (#leaves=3) 
[08:28:58] [INFO   ] Fixpoint[2]:Reducer[perses_node_priority_with_dfs_delta]: Reduce node (#leaves=3): queue=18, delete 0 tokens, ratio=26/154=16.88% 
[08:28:58] [INFO   ] Fixpoint[2]:Reducer[perses_node_priority_with_dfs_delta]: Reduce node (#leaves=2) 
[08:28:58] [INFO   ] Fixpoint[2]:Reducer[perses_node_priority_with_dfs_delta]: Reduce node (#leaves=2): queue=20, delete 0 tokens, ratio=26/154=16.88% 
[08:28:58] [INFO   ] perses_node_priority_with_dfs_delta ended at 08:28:58 2025/08/05. #old=26, #new=26 
[08:28:58] [INFO   ] Fixpoint[2]:Reducer[perses_node_priority_with_dfs_delta]: Reduce node (#leaves=2) 
[08:28:58] [INFO   ] Fixpoint[2]:Reducer[perses_node_priority_with_dfs_delta]: Reduce node (#leaves=2): queue=21, delete 0 tokens, ratio=26/154=16.88% 
[08:28:58] [INFO   ] Fixpoint[2]:Reducer[perses_node_priority_with_dfs_delta]: Reduce node (#leaves=2) 
[08:28:58] [INFO   ] Fixpoint[2]:Reducer[perses_node_priority_with_dfs_delta]: Reduce node (#leaves=2): queue=22, delete 0 tokens, ratio=26/154=16.88% 
[08:28:58] [INFO   ] Fixpoint[2]:Reducer[perses_node_priority_with_dfs_delta]: Reduce node (#leaves=2) 
[08:28:58] [INFO   ] Fixpoint[2]:Reducer[perses_node_priority_with_dfs_delta]: Reduce node (#leaves=2): queue=23, delete 0 tokens, ratio=26/154=16.88% 
[08:28:58] [INFO   ] Fixpoint[2]:Reducer[perses_node_priority_with_dfs_delta]: Reduce node (#leaves=2) 
[08:28:58] [INFO   ] Fixpoint[2]:Reducer[perses_node_priority_with_dfs_delta]: Reduce node (#leaves=2): queue=24, delete 0 tokens, ratio=26/154=16.88% 
[08:28:58] [INFO   ] Fixpoint[2]:Reducer[perses_node_priority_with_dfs_delta]: Reduce node (#leaves=1) 
[08:28:58] [INFO   ] Fixpoint[2]:Reducer[perses_node_priority_with_dfs_delta]: Reduce node (#leaves=1): queue=25, delete 0 tokens, ratio=26/154=16.88% 
[08:28:58] [INFO   ] Fixpoint[2]:Reducer[perses_node_priority_with_dfs_delta]: Reduce node (#leaves=1) 
[08:28:58] [INFO   ] Fixpoint[2]:Reducer[perses_node_priority_with_dfs_delta]: Reduce node (#leaves=1): queue=24, delete 0 tokens, ratio=26/154=16.88% 
[08:28:58] [INFO   ] Fixpoint[2]:Reducer[perses_node_priority_with_dfs_delta]: Reduce node (#leaves=1) 
[08:28:58] [INFO   ] Fixpoint[2]:Reducer[perses_node_priority_with_dfs_delta]: Reduce node (#leaves=1): queue=23, delete 0 tokens, ratio=26/154=16.88% 
[08:28:58] [INFO   ] Fixpoint[2]:Reducer[perses_node_priority_with_dfs_delta]: Reduce node (#leaves=1) 
[08:28:58] [INFO   ] Fixpoint[2]:Reducer[perses_node_priority_with_dfs_delta]: Reduce node (#leaves=1): queue=22, delete 0 tokens, ratio=26/154=16.88% 
[08:28:58] [INFO   ] Fixpoint[2]:Reducer[perses_node_priority_with_dfs_delta]: Reduce node (#leaves=1) 
[08:28:58] [INFO   ] Fixpoint[2]:Reducer[perses_node_priority_with_dfs_delta]: Reduce node (#leaves=1): queue=21, delete 0 tokens, ratio=26/154=16.88% 
[08:28:58] [INFO   ] Fixpoint[2]:Reducer[perses_node_priority_with_dfs_delta]: Reduce node (#leaves=1) 
[08:28:58] [INFO   ] Fixpoint[2]:Reducer[perses_node_priority_with_dfs_delta]: Reduce node (#leaves=1): queue=20, delete 0 tokens, ratio=26/154=16.88% 
[08:28:58] [INFO   ] Fixpoint[2]:Reducer[perses_node_priority_with_dfs_delta]: Reduce node (#leaves=1) 
[08:28:58] [INFO   ] Fixpoint[2]:Reducer[perses_node_priority_with_dfs_delta]: Reduce node (#leaves=1): queue=19, delete 0 tokens, ratio=26/154=16.88% 
[08:28:58] [INFO   ] Fixpoint[2]:Reducer[perses_node_priority_with_dfs_delta]: Reduce node (#leaves=1) 
[08:28:58] [INFO   ] Fixpoint[2]:Reducer[perses_node_priority_with_dfs_delta]: Reduce node (#leaves=1): queue=18, delete 0 tokens, ratio=26/154=16.88% 
[08:28:58] [INFO   ] Fixpoint[2]:Reducer[perses_node_priority_with_dfs_delta]: Reduce node (#leaves=1) 
[08:28:58] [INFO   ] Fixpoint[2]:Reducer[perses_node_priority_with_dfs_delta]: Reduce node (#leaves=1): queue=17, delete 0 tokens, ratio=26/154=16.88% 
[08:28:58] [INFO   ] Fixpoint[2]:Reducer[perses_node_priority_with_dfs_delta]: Reduce node (#leaves=1) 
[08:28:58] [INFO   ] Fixpoint[2]:Reducer[perses_node_priority_with_dfs_delta]: Reduce node (#leaves=1): queue=16, delete 0 tokens, ratio=26/154=16.88% 
[08:28:58] [INFO   ] Fixpoint[2]:Reducer[perses_node_priority_with_dfs_delta]: Reduce node (#leaves=1) 
[08:28:58] [INFO   ] Fixpoint[2]:Reducer[perses_node_priority_with_dfs_delta]: Reduce node (#leaves=1): queue=15, delete 0 tokens, ratio=26/154=16.88% 
[08:28:58] [INFO   ] Fixpoint[2]:Reducer[perses_node_priority_with_dfs_delta]: Reduce node (#leaves=1) 
[08:28:58] [INFO   ] Fixpoint[2]:Reducer[perses_node_priority_with_dfs_delta]: Reduce node (#leaves=1): queue=14, delete 0 tokens, ratio=26/154=16.88% 
[08:28:58] [INFO   ] Fixpoint[2]:Reducer[perses_node_priority_with_dfs_delta]: Reduce node (#leaves=1) 
[08:28:58] [INFO   ] Fixpoint[2]:Reducer[perses_node_priority_with_dfs_delta]: Reduce node (#leaves=1): queue=13, delete 0 tokens, ratio=26/154=16.88% 
[08:28:58] [INFO   ] Fixpoint[2]:Reducer[perses_node_priority_with_dfs_delta]: Reduce node (#leaves=1) 
[08:28:58] [INFO   ] Fixpoint[2]:Reducer[perses_node_priority_with_dfs_delta]: Reduce node (#leaves=1): queue=12, delete 0 tokens, ratio=26/154=16.88% 
[08:28:58] [INFO   ] Fixpoint[2]:Reducer[perses_node_priority_with_dfs_delta]: Reduce node (#leaves=1) 
[08:28:58] [INFO   ] Fixpoint[2]:Reducer[perses_node_priority_with_dfs_delta]: Reduce node (#leaves=1): queue=11, delete 0 tokens, ratio=26/154=16.88% 
[08:28:58] [INFO   ] Fixpoint[2]:Reducer[perses_node_priority_with_dfs_delta]: Reduce node (#leaves=1) 
[08:28:58] [INFO   ] Fixpoint[2]:Reducer[perses_node_priority_with_dfs_delta]: Reduce node (#leaves=1): queue=10, delete 0 tokens, ratio=26/154=16.88% 
[08:28:58] [INFO   ] Fixpoint[2]:Reducer[perses_node_priority_with_dfs_delta]: Reduce node (#leaves=1) 
[08:28:58] [INFO   ] Fixpoint[2]:Reducer[perses_node_priority_with_dfs_delta]: Reduce node (#leaves=1): queue=9, delete 0 tokens, ratio=26/154=16.88% 
[08:28:58] [INFO   ] Fixpoint[2]:Reducer[perses_node_priority_with_dfs_delta]: Reduce node (#leaves=1) 
[08:28:58] [INFO   ] Fixpoint[2]:Reducer[perses_node_priority_with_dfs_delta]: Reduce node (#leaves=1): queue=8, delete 0 tokens, ratio=26/154=16.88% 
[08:28:58] [INFO   ] Fixpoint[2]:Reducer[perses_node_priority_with_dfs_delta]: Reduce node (#leaves=1) 
[08:28:58] [INFO   ] Fixpoint[2]:Reducer[perses_node_priority_with_dfs_delta]: Reduce node (#leaves=1): queue=7, delete 0 tokens, ratio=26/154=16.88% 
[08:28:58] [INFO   ] Fixpoint[2]:Reducer[perses_node_priority_with_dfs_delta]: Reduce node (#leaves=1) 
[08:28:58] [INFO   ] Fixpoint[2]:Reducer[perses_node_priority_with_dfs_delta]: Reduce node (#leaves=1): queue=6, delete 0 tokens, ratio=26/154=16.88% 
[08:28:58] [INFO   ] Fixpoint[2]:Reducer[perses_node_priority_with_dfs_delta]: Reduce node (#leaves=1) 
[08:28:58] [INFO   ] Fixpoint[2]:Reducer[perses_node_priority_with_dfs_delta]: Reduce node (#leaves=1): queue=5, delete 0 tokens, ratio=26/154=16.88% 
[08:28:58] [INFO   ] Fixpoint[2]:Reducer[perses_node_priority_with_dfs_delta]: Reduce node (#leaves=1) 
[08:28:58] [INFO   ] Fixpoint[2]:Reducer[perses_node_priority_with_dfs_delta]: Reduce node (#leaves=1): queue=4, delete 0 tokens, ratio=26/154=16.88% 
[08:28:58] [INFO   ] Fixpoint[2]:Reducer[perses_node_priority_with_dfs_delta]: Reduce node (#leaves=1) 
[08:28:58] [INFO   ] Fixpoint[2]:Reducer[perses_node_priority_with_dfs_delta]: Reduce node (#leaves=1): queue=3, delete 0 tokens, ratio=26/154=16.88% 
[08:28:58] [INFO   ] Fixpoint[2]:Reducer[perses_node_priority_with_dfs_delta]: Reduce node (#leaves=1) 
[08:28:58] [INFO   ] Fixpoint[2]:Reducer[perses_node_priority_with_dfs_delta]: Reduce node (#leaves=1): queue=2, delete 0 tokens, ratio=26/154=16.88% 
[08:28:58] [INFO   ] Fixpoint[2]:Reducer[perses_node_priority_with_dfs_delta]: Reduce node (#leaves=1) 
[08:28:58] [INFO   ] Fixpoint[2]:Reducer[perses_node_priority_with_dfs_delta]: Reduce node (#leaves=1): queue=1, delete 0 tokens, ratio=26/154=16.88% 
[08:28:58] [INFO   ] Fixpoint[2]:Reducer[perses_node_priority_with_dfs_delta]: Reduce node (#leaves=1) 
[08:28:58] [INFO   ] Fixpoint[2]:Reducer[perses_node_priority_with_dfs_delta]: Reduce node (#leaves=1): queue=0, delete 0 tokens, ratio=26/154=16.88% 
[08:28:58] [INFO   ] Fixpoint[2]:Reducer[perses_node_priority_with_dfs_delta]: Fixpoint iteration finished, delete 0 tokens, ratio=26/154=16.88% 
[08:28:58] [INFO   ] Reduction ended at 08:28:58 2025/08/05 
[08:28:58] [INFO   ] Elapsed time is 10 seconds 
[08:28:58] [INFO   ] Removed 128 token(s). Reduction ratio is 26/154=16.88% 
[08:28:58] [INFO   ] Test script execution count: 46 
