[22:57:44] [INFO   ] The command-line options are: --append-to-progress-dump-file "true" --call-creduce "false" --call-formatter "false" --creduce-cmd "creduce" --default-delta-debugger-for-kleene "DFS" --deps "[]" --edit-caching "true" --enable-lightweight-refreshing "true" --enable-line-slicer "false" --enable-lpr "false" --enable-token-slicer "false" --enable-trec "false" --enable-tree-slicer "false" --enable-vulcan "false" --fixpoint "true" --format-cmd "" --help "false" --input-file "/Users/artemancikov/Desktop/practical work/try1/reducer/final_removereplace/iter_11/Main.java" --lang "" --language-ext-jars "[]" --list-algs "false" --list-langs "false" --list-parser-facades "false" --list-verbosity-levels "false" --lpr-fixpoint "false" --max-bfs-depth-for-regular-rule-node "5" --max-edit-count-for-regular-rule-node "100" --non-deletion-iteration-limit "10" --on-demand-coarse-grit-reducer-annotations "[]" --on-demand-fine-grit-reducer-annotations "[]" --on-demand-medium-grit-reducer-annotations "[]" --parser-facade-class-name "" --pass-level-caching "false" --query-cache-refresh-threshold "0" --query-cache-type "CONTENT_SHA512" --query-caching "AUTO" --reparse-each-iteration "true" --script-execution-keep-waiting-after-timeout "true" --script-execution-timeout-in-seconds "600" --stop-at-first-compatible-child-for-regular-rule-node "false" --test-script "/Users/artemancikov/Desktop/practical work/try1/reducer/final_removereplace/iter_11/run2.sh" --threads "auto" --verbosity "INFO" --version "false" --vulcan-fixpoint "false" --window-size "4" 
[22:57:45] [SEVERE ] Failed to load the class of the parser facade org.perses.grammar.sql.tidb.TiDBParserFacade for LanguageTiDB{name=tidb, extensions=[tidb], defaultCodeFormatControl=COMPACT_ORIG_FORMAT}
org.perses.grammar.sql.tidb.TiDBParserFacade 
[22:57:45] [INFO   ] Tree Building: Start building spar-tree from input file SourceFile{file=FilePathWithContent{file=/Users/artemancikov/Desktop/practical work/try1/reducer/final_removereplace/iter_11/Main.java}, lang=LanguageJava{name=java, extensions=[java], defaultCodeFormatControl=SINGLE_TOKEN_PER_LINE}} 
[22:57:45] [INFO   ] Tree Building: Step 1: Antlr parsing. 
[22:57:45] [INFO   ] Tree Building: Step 2: Converting parse tree to spar-tree 
[22:57:45] [INFO   ] Tree Building: Step 3: Simplifying spar-tree 
[22:57:45] [INFO   ] Tree Building: Finished in TimeSpan{startMillis=1754341065314, endMillis=1754341065870, formatted=0 seconds} 
[22:57:46] [INFO   ] The reduction process started at 22:57:46 2025/08/04 
[22:57:47] [INFO   ] Reduction Started at 22:57:46 2025/08/04 
[22:57:47] [INFO   ] Cache setting: query-caching=enabled, edit-caching=enabled, query-cache=content_sha512 
[22:57:47] [INFO   ] The sanity check result is: PassingSanityCheckResult 
[22:57:47] [INFO   ] The number of lexemes in the token factory is is 50 
[22:57:47] [INFO   ] Reduction algorithm is perses_node_priority_with_dfs_delta 
[22:57:47] [INFO   ] perses_node_priority_with_dfs_delta started at 22:57:47 2025/08/04. #tokens=118 
[22:57:47] [INFO   ] Fixpoint[1]:Reducer[perses_node_priority_with_dfs_delta]: New fixpoint iteration started. #Tokens=118 
[22:57:47] [INFO   ] Fixpoint[1]:Reducer[perses_node_priority_with_dfs_delta]: Reduce node (#leaves=93) 
[22:57:47] [INFO   ] Fixpoint[1]:Reducer[perses_node_priority_with_dfs_delta]: Reduce node (#leaves=93): queue=1, delete 0 tokens, ratio=118/118=100.00% 
[22:57:47] [INFO   ] Fixpoint[1]:Reducer[perses_node_priority_with_dfs_delta]: Reduce node (#leaves=93) 
[22:57:47] [INFO   ] Fixpoint[1]:Reducer[perses_node_priority_with_dfs_delta]: Reduce node (#leaves=93): queue=1, delete 0 tokens, ratio=118/118=100.00% 
[22:57:47] [INFO   ] Fixpoint[1]:Reducer[perses_node_priority_with_dfs_delta]: Reduce node (#leaves=91) 
[22:57:47] [INFO   ] Fixpoint[1]:Reducer[perses_node_priority_with_dfs_delta]: Reduce node (#leaves=91): queue=3, delete 0 tokens, ratio=118/118=100.00% 
[22:57:47] [INFO   ] Fixpoint[1]:Reducer[perses_node_priority_with_dfs_delta]: Reduce node (#leaves=89) 
[22:57:51] [INFO   ] Fixpoint[1]:Reducer[perses_node_priority_with_dfs_delta]: Reduce node (#leaves=89): queue=5, delete 0 tokens, ratio=118/118=100.00% 
[22:57:51] [INFO   ] Fixpoint[1]:Reducer[perses_node_priority_with_dfs_delta]: Reduce node (#leaves=45) 
[22:57:52] [INFO   ] Fixpoint[1]:Reducer[perses_node_priority_with_dfs_delta]: New minimal, delete 4 tokens, ratio=114/118=96.61% 
[22:57:52] [INFO   ] Fixpoint[1]:Reducer[perses_node_priority_with_dfs_delta]: Reduce node (#leaves=45): queue=7, delete 4 tokens, ratio=114/118=96.61% 
[22:57:52] [INFO   ] Fixpoint[1]:Reducer[perses_node_priority_with_dfs_delta]: Reduce node (#leaves=41) 
[22:57:52] [INFO   ] Fixpoint[1]:Reducer[perses_node_priority_with_dfs_delta]: Reduce node (#leaves=41): queue=7, delete 0 tokens, ratio=114/118=96.61% 
[22:57:52] [INFO   ] Fixpoint[1]:Reducer[perses_node_priority_with_dfs_delta]: Reduce node (#leaves=39) 
[22:57:52] [INFO   ] Fixpoint[1]:Reducer[perses_node_priority_with_dfs_delta]: Reduce node (#leaves=39): queue=9, delete 0 tokens, ratio=114/118=96.61% 
[22:57:52] [INFO   ] Fixpoint[1]:Reducer[perses_node_priority_with_dfs_delta]: Reduce node (#leaves=39) 
[22:57:52] [INFO   ] Fixpoint[1]:Reducer[perses_node_priority_with_dfs_delta]: Reduce node (#leaves=39): queue=9, delete 0 tokens, ratio=114/118=96.61% 
[22:57:52] [INFO   ] Fixpoint[1]:Reducer[perses_node_priority_with_dfs_delta]: Reduce node (#leaves=39) 
[22:57:52] [INFO   ] Fixpoint[1]:Reducer[perses_node_priority_with_dfs_delta]: Reduce node (#leaves=39): queue=9, delete 0 tokens, ratio=114/118=96.61% 
[22:57:52] [INFO   ] Fixpoint[1]:Reducer[perses_node_priority_with_dfs_delta]: Reduce node (#leaves=38) 
[22:57:52] [INFO   ] Fixpoint[1]:Reducer[perses_node_priority_with_dfs_delta]: Reduce node (#leaves=38): queue=10, delete 0 tokens, ratio=114/118=96.61% 
[22:57:52] [INFO   ] Fixpoint[1]:Reducer[perses_node_priority_with_dfs_delta]: Reduce node (#leaves=37) 
[22:57:53] [INFO   ] Fixpoint[1]:Reducer[perses_node_priority_with_dfs_delta]: Reduce node (#leaves=37): queue=11, delete 0 tokens, ratio=114/118=96.61% 
[22:57:53] [INFO   ] Fixpoint[1]:Reducer[perses_node_priority_with_dfs_delta]: Reduce node (#leaves=36) 
[22:57:53] [INFO   ] Fixpoint[1]:Reducer[perses_node_priority_with_dfs_delta]: Reduce node (#leaves=36): queue=12, delete 0 tokens, ratio=114/118=96.61% 
[22:57:53] [INFO   ] Fixpoint[1]:Reducer[perses_node_priority_with_dfs_delta]: Reduce node (#leaves=36) 
[22:57:53] [INFO   ] Fixpoint[1]:Reducer[perses_node_priority_with_dfs_delta]: Reduce node (#leaves=36): queue=12, delete 0 tokens, ratio=114/118=96.61% 
[22:57:53] [INFO   ] Fixpoint[1]:Reducer[perses_node_priority_with_dfs_delta]: Reduce node (#leaves=35) 
[22:57:54] [INFO   ] Fixpoint[1]:Reducer[perses_node_priority_with_dfs_delta]: New minimal, delete 3 tokens, ratio=111/118=94.07% 
[22:57:54] [INFO   ] Fixpoint[1]:Reducer[perses_node_priority_with_dfs_delta]: Reduce node (#leaves=35): queue=13, delete 3 tokens, ratio=111/118=94.07% 
[22:57:54] [INFO   ] Fixpoint[1]:Reducer[perses_node_priority_with_dfs_delta]: Reduce node (#leaves=32) 
[22:57:55] [INFO   ] Fixpoint[1]:Reducer[perses_node_priority_with_dfs_delta]: Reduce node (#leaves=32): queue=13, delete 0 tokens, ratio=111/118=94.07% 
[22:57:55] [INFO   ] Fixpoint[1]:Reducer[perses_node_priority_with_dfs_delta]: Reduce node (#leaves=31) 
[22:57:55] [INFO   ] Fixpoint[1]:Reducer[perses_node_priority_with_dfs_delta]: Reduce node (#leaves=31): queue=14, delete 0 tokens, ratio=111/118=94.07% 
[22:57:55] [INFO   ] Fixpoint[1]:Reducer[perses_node_priority_with_dfs_delta]: Reduce node (#leaves=29) 
[22:57:56] [INFO   ] Fixpoint[1]:Reducer[perses_node_priority_with_dfs_delta]: Reduce node (#leaves=29): queue=16, delete 0 tokens, ratio=111/118=94.07% 
[22:57:56] [INFO   ] Fixpoint[1]:Reducer[perses_node_priority_with_dfs_delta]: Reduce node (#leaves=29) 
[22:57:58] [INFO   ] Fixpoint[1]:Reducer[perses_node_priority_with_dfs_delta]: Reduce node (#leaves=29): queue=16, delete 0 tokens, ratio=111/118=94.07% 
[22:57:58] [INFO   ] Fixpoint[1]:Reducer[perses_node_priority_with_dfs_delta]: Reduce node (#leaves=25) 
[22:58:00] [INFO   ] Fixpoint[1]:Reducer[perses_node_priority_with_dfs_delta]: New minimal, delete 7 tokens, ratio=104/118=88.14% 
[22:58:01] [INFO   ] Fixpoint[1]:Reducer[perses_node_priority_with_dfs_delta]: Reduce node (#leaves=25): queue=17, delete 7 tokens, ratio=104/118=88.14% 
[22:58:01] [INFO   ] Fixpoint[1]:Reducer[perses_node_priority_with_dfs_delta]: Reduce node (#leaves=24) 
[22:58:02] [INFO   ] Fixpoint[1]:Reducer[perses_node_priority_with_dfs_delta]: Reduce node (#leaves=24): queue=18, delete 0 tokens, ratio=104/118=88.14% 
[22:58:02] [INFO   ] Fixpoint[1]:Reducer[perses_node_priority_with_dfs_delta]: Reduce node (#leaves=20) 
[22:58:02] [INFO   ] Fixpoint[1]:Reducer[perses_node_priority_with_dfs_delta]: Reduce node (#leaves=20): queue=20, delete 0 tokens, ratio=104/118=88.14% 
[22:58:02] [INFO   ] Fixpoint[1]:Reducer[perses_node_priority_with_dfs_delta]: Reduce node (#leaves=20) 
[22:58:03] [INFO   ] Fixpoint[1]:Reducer[perses_node_priority_with_dfs_delta]: New minimal, delete 20 tokens, ratio=84/118=71.19% 
[22:58:03] [INFO   ] Fixpoint[1]:Reducer[perses_node_priority_with_dfs_delta]: Reduce node (#leaves=20): queue=22, delete 20 tokens, ratio=84/118=71.19% 
[22:58:03] [INFO   ] Fixpoint[1]:Reducer[perses_node_priority_with_dfs_delta]: Reduce node (#leaves=17) 
[22:58:04] [INFO   ] Fixpoint[1]:Reducer[perses_node_priority_with_dfs_delta]: Reduce node (#leaves=17): queue=21, delete 0 tokens, ratio=84/118=71.19% 
[22:58:04] [INFO   ] Fixpoint[1]:Reducer[perses_node_priority_with_dfs_delta]: Reduce node (#leaves=17) 
[22:58:04] [INFO   ] Fixpoint[1]:Reducer[perses_node_priority_with_dfs_delta]: Reduce node (#leaves=17): queue=21, delete 0 tokens, ratio=84/118=71.19% 
[22:58:04] [INFO   ] Fixpoint[1]:Reducer[perses_node_priority_with_dfs_delta]: Reduce node (#leaves=16) 
[22:58:04] [INFO   ] Fixpoint[1]:Reducer[perses_node_priority_with_dfs_delta]: Reduce node (#leaves=16): queue=22, delete 0 tokens, ratio=84/118=71.19% 
[22:58:04] [INFO   ] Fixpoint[1]:Reducer[perses_node_priority_with_dfs_delta]: Reduce node (#leaves=16) 
[22:58:05] [INFO   ] Fixpoint[1]:Reducer[perses_node_priority_with_dfs_delta]: Reduce node (#leaves=16): queue=25, delete 0 tokens, ratio=84/118=71.19% 
[22:58:05] [INFO   ] Fixpoint[1]:Reducer[perses_node_priority_with_dfs_delta]: Reduce node (#leaves=14) 
[22:58:06] [INFO   ] Fixpoint[1]:Reducer[perses_node_priority_with_dfs_delta]: New minimal, delete 13 tokens, ratio=71/118=60.17% 
[22:58:06] [INFO   ] Fixpoint[1]:Reducer[perses_node_priority_with_dfs_delta]: Reduce node (#leaves=14): queue=27, delete 13 tokens, ratio=71/118=60.17% 
[22:58:06] [INFO   ] Fixpoint[1]:Reducer[perses_node_priority_with_dfs_delta]: Reduce node (#leaves=13) 
[22:58:07] [INFO   ] Fixpoint[1]:Reducer[perses_node_priority_with_dfs_delta]: Reduce node (#leaves=13): queue=27, delete 0 tokens, ratio=71/118=60.17% 
[22:58:07] [INFO   ] Fixpoint[1]:Reducer[perses_node_priority_with_dfs_delta]: Reduce node (#leaves=13) 
[22:58:08] [INFO   ] Fixpoint[1]:Reducer[perses_node_priority_with_dfs_delta]: Reduce node (#leaves=13): queue=27, delete 0 tokens, ratio=71/118=60.17% 
[22:58:08] [INFO   ] Fixpoint[1]:Reducer[perses_node_priority_with_dfs_delta]: Reduce node (#leaves=12) 
[22:58:09] [INFO   ] Fixpoint[1]:Reducer[perses_node_priority_with_dfs_delta]: Reduce node (#leaves=12): queue=28, delete 0 tokens, ratio=71/118=60.17% 
[22:58:09] [INFO   ] Fixpoint[1]:Reducer[perses_node_priority_with_dfs_delta]: Reduce node (#leaves=9) 
[22:58:10] [INFO   ] Fixpoint[1]:Reducer[perses_node_priority_with_dfs_delta]: Reduce node (#leaves=9): queue=29, delete 0 tokens, ratio=71/118=60.17% 
[22:58:10] [INFO   ] Fixpoint[1]:Reducer[perses_node_priority_with_dfs_delta]: Reduce node (#leaves=9) 
[22:58:10] [INFO   ] Fixpoint[1]:Reducer[perses_node_priority_with_dfs_delta]: Reduce node (#leaves=9): queue=33, delete 0 tokens, ratio=71/118=60.17% 
[22:58:10] [INFO   ] Fixpoint[1]:Reducer[perses_node_priority_with_dfs_delta]: Reduce node (#leaves=8) 
[22:58:11] [INFO   ] Fixpoint[1]:Reducer[perses_node_priority_with_dfs_delta]: Reduce node (#leaves=8): queue=37, delete 0 tokens, ratio=71/118=60.17% 
[22:58:11] [INFO   ] Fixpoint[1]:Reducer[perses_node_priority_with_dfs_delta]: Reduce node (#leaves=7) 
[22:58:11] [INFO   ] Fixpoint[1]:Reducer[perses_node_priority_with_dfs_delta]: Reduce node (#leaves=7): queue=38, delete 0 tokens, ratio=71/118=60.17% 
[22:58:11] [INFO   ] Fixpoint[1]:Reducer[perses_node_priority_with_dfs_delta]: Reduce node (#leaves=7) 
[22:58:11] [INFO   ] Fixpoint[1]:Reducer[perses_node_priority_with_dfs_delta]: Reduce node (#leaves=7): queue=39, delete 0 tokens, ratio=71/118=60.17% 
[22:58:11] [INFO   ] Fixpoint[1]:Reducer[perses_node_priority_with_dfs_delta]: Reduce node (#leaves=6) 
[22:58:12] [INFO   ] Fixpoint[1]:Reducer[perses_node_priority_with_dfs_delta]: New minimal, delete 5 tokens, ratio=66/118=55.93% 
[22:58:12] [INFO   ] Fixpoint[1]:Reducer[perses_node_priority_with_dfs_delta]: Reduce node (#leaves=6): queue=41, delete 5 tokens, ratio=66/118=55.93% 
[22:58:12] [INFO   ] Fixpoint[1]:Reducer[perses_node_priority_with_dfs_delta]: Reduce node (#leaves=6) 
[22:58:13] [INFO   ] Fixpoint[1]:Reducer[perses_node_priority_with_dfs_delta]: Reduce node (#leaves=6): queue=41, delete 0 tokens, ratio=66/118=55.93% 
[22:58:13] [INFO   ] Fixpoint[1]:Reducer[perses_node_priority_with_dfs_delta]: Reduce node (#leaves=6) 
[22:58:13] [INFO   ] Fixpoint[1]:Reducer[perses_node_priority_with_dfs_delta]: Reduce node (#leaves=6): queue=41, delete 0 tokens, ratio=66/118=55.93% 
[22:58:13] [INFO   ] Fixpoint[1]:Reducer[perses_node_priority_with_dfs_delta]: Reduce node (#leaves=5) 
[22:58:14] [INFO   ] Fixpoint[1]:Reducer[perses_node_priority_with_dfs_delta]: Reduce node (#leaves=5): queue=42, delete 0 tokens, ratio=66/118=55.93% 
[22:58:14] [INFO   ] Fixpoint[1]:Reducer[perses_node_priority_with_dfs_delta]: Reduce node (#leaves=5) 
[22:58:15] [INFO   ] Fixpoint[1]:Reducer[perses_node_priority_with_dfs_delta]: New minimal, delete 4 tokens, ratio=62/118=52.54% 
[22:58:15] [INFO   ] Fixpoint[1]:Reducer[perses_node_priority_with_dfs_delta]: Reduce node (#leaves=5): queue=43, delete 4 tokens, ratio=62/118=52.54% 
[22:58:15] [INFO   ] Fixpoint[1]:Reducer[perses_node_priority_with_dfs_delta]: Reduce node (#leaves=5) 
[22:58:15] [INFO   ] Fixpoint[1]:Reducer[perses_node_priority_with_dfs_delta]: Reduce node (#leaves=5): queue=43, delete 0 tokens, ratio=62/118=52.54% 
[22:58:15] [INFO   ] Fixpoint[1]:Reducer[perses_node_priority_with_dfs_delta]: Reduce node (#leaves=5) 
[22:58:15] [INFO   ] Fixpoint[1]:Reducer[perses_node_priority_with_dfs_delta]: Reduce node (#leaves=5): queue=44, delete 0 tokens, ratio=62/118=52.54% 
[22:58:15] [INFO   ] Fixpoint[1]:Reducer[perses_node_priority_with_dfs_delta]: Reduce node (#leaves=4) 
[22:58:17] [INFO   ] Fixpoint[1]:Reducer[perses_node_priority_with_dfs_delta]: Reduce node (#leaves=4): queue=46, delete 0 tokens, ratio=62/118=52.54% 
[22:58:17] [INFO   ] Fixpoint[1]:Reducer[perses_node_priority_with_dfs_delta]: Reduce node (#leaves=4) 
[22:58:18] [INFO   ] Fixpoint[1]:Reducer[perses_node_priority_with_dfs_delta]: Reduce node (#leaves=4): queue=47, delete 0 tokens, ratio=62/118=52.54% 
[22:58:18] [INFO   ] Fixpoint[1]:Reducer[perses_node_priority_with_dfs_delta]: Reduce node (#leaves=4) 
[22:58:19] [INFO   ] Fixpoint[1]:Reducer[perses_node_priority_with_dfs_delta]: Reduce node (#leaves=4): queue=48, delete 0 tokens, ratio=62/118=52.54% 
[22:58:19] [INFO   ] Fixpoint[1]:Reducer[perses_node_priority_with_dfs_delta]: Reduce node (#leaves=4) 
[22:58:19] [INFO   ] Fixpoint[1]:Reducer[perses_node_priority_with_dfs_delta]: Reduce node (#leaves=4): queue=48, delete 0 tokens, ratio=62/118=52.54% 
[22:58:19] [INFO   ] Fixpoint[1]:Reducer[perses_node_priority_with_dfs_delta]: Reduce node (#leaves=3) 
[22:58:19] [INFO   ] Fixpoint[1]:Reducer[perses_node_priority_with_dfs_delta]: Reduce node (#leaves=3): queue=51, delete 0 tokens, ratio=62/118=52.54% 
[22:58:19] [INFO   ] Fixpoint[1]:Reducer[perses_node_priority_with_dfs_delta]: Reduce node (#leaves=3) 
[22:58:19] [INFO   ] Fixpoint[1]:Reducer[perses_node_priority_with_dfs_delta]: Reduce node (#leaves=3): queue=51, delete 0 tokens, ratio=62/118=52.54% 
[22:58:19] [INFO   ] Fixpoint[1]:Reducer[perses_node_priority_with_dfs_delta]: Reduce node (#leaves=3) 
[22:58:19] [INFO   ] Fixpoint[1]:Reducer[perses_node_priority_with_dfs_delta]: Reduce node (#leaves=3): queue=53, delete 0 tokens, ratio=62/118=52.54% 
[22:58:19] [INFO   ] Fixpoint[1]:Reducer[perses_node_priority_with_dfs_delta]: Reduce node (#leaves=3) 
[22:58:19] [INFO   ] Fixpoint[1]:Reducer[perses_node_priority_with_dfs_delta]: Reduce node (#leaves=3): queue=53, delete 0 tokens, ratio=62/118=52.54% 
[22:58:19] [INFO   ] Fixpoint[1]:Reducer[perses_node_priority_with_dfs_delta]: Reduce node (#leaves=3) 
[22:58:20] [INFO   ] Fixpoint[1]:Reducer[perses_node_priority_with_dfs_delta]: Reduce node (#leaves=3): queue=55, delete 0 tokens, ratio=62/118=52.54% 
[22:58:20] [INFO   ] Fixpoint[1]:Reducer[perses_node_priority_with_dfs_delta]: Reduce node (#leaves=3) 
[22:58:21] [INFO   ] Fixpoint[1]:Reducer[perses_node_priority_with_dfs_delta]: Reduce node (#leaves=3): queue=55, delete 0 tokens, ratio=62/118=52.54% 
[22:58:21] [INFO   ] Fixpoint[1]:Reducer[perses_node_priority_with_dfs_delta]: Reduce node (#leaves=2) 
[22:58:21] [INFO   ] Fixpoint[1]:Reducer[perses_node_priority_with_dfs_delta]: Reduce node (#leaves=2): queue=56, delete 0 tokens, ratio=62/118=52.54% 
[22:58:21] [INFO   ] Fixpoint[1]:Reducer[perses_node_priority_with_dfs_delta]: Reduce node (#leaves=2) 
[22:58:21] [INFO   ] Fixpoint[1]:Reducer[perses_node_priority_with_dfs_delta]: Reduce node (#leaves=2): queue=57, delete 0 tokens, ratio=62/118=52.54% 
[22:58:21] [INFO   ] Fixpoint[1]:Reducer[perses_node_priority_with_dfs_delta]: Reduce node (#leaves=2) 
[22:58:21] [INFO   ] Fixpoint[1]:Reducer[perses_node_priority_with_dfs_delta]: Reduce node (#leaves=2): queue=58, delete 0 tokens, ratio=62/118=52.54% 
[22:58:21] [INFO   ] Fixpoint[1]:Reducer[perses_node_priority_with_dfs_delta]: Reduce node (#leaves=2) 
[22:58:22] [INFO   ] Fixpoint[1]:Reducer[perses_node_priority_with_dfs_delta]: New minimal, delete 2 tokens, ratio=60/118=50.85% 
[22:58:22] [INFO   ] Fixpoint[1]:Reducer[perses_node_priority_with_dfs_delta]: Reduce node (#leaves=2): queue=59, delete 2 tokens, ratio=60/118=50.85% 
[22:58:22] [INFO   ] Fixpoint[1]:Reducer[perses_node_priority_with_dfs_delta]: Reduce node (#leaves=2) 
[22:58:22] [INFO   ] Fixpoint[1]:Reducer[perses_node_priority_with_dfs_delta]: Reduce node (#leaves=2): queue=58, delete 0 tokens, ratio=60/118=50.85% 
[22:58:22] [INFO   ] Fixpoint[1]:Reducer[perses_node_priority_with_dfs_delta]: Reduce node (#leaves=2) 
[22:58:22] [INFO   ] perses_node_priority_with_dfs_delta ended at 22:58:22 2025/08/04. #old=118, #new=60 
[22:58:22] [INFO   ] Fixpoint[1]:Reducer[perses_node_priority_with_dfs_delta]: Reduce node (#leaves=2): queue=58, delete 0 tokens, ratio=60/118=50.85% 
[22:58:22] [INFO   ] Fixpoint[1]:Reducer[perses_node_priority_with_dfs_delta]: Reduce node (#leaves=1) 
[22:58:22] [INFO   ] Fixpoint[1]:Reducer[perses_node_priority_with_dfs_delta]: Reduce node (#leaves=1): queue=59, delete 0 tokens, ratio=60/118=50.85% 
[22:58:22] [INFO   ] Fixpoint[1]:Reducer[perses_node_priority_with_dfs_delta]: Reduce node (#leaves=1) 
[22:58:22] [INFO   ] Fixpoint[1]:Reducer[perses_node_priority_with_dfs_delta]: Reduce node (#leaves=1): queue=58, delete 0 tokens, ratio=60/118=50.85% 
[22:58:22] [INFO   ] Fixpoint[1]:Reducer[perses_node_priority_with_dfs_delta]: Reduce node (#leaves=1) 
[22:58:22] [INFO   ] Fixpoint[1]:Reducer[perses_node_priority_with_dfs_delta]: Reduce node (#leaves=1): queue=57, delete 0 tokens, ratio=60/118=50.85% 
[22:58:22] [INFO   ] Fixpoint[1]:Reducer[perses_node_priority_with_dfs_delta]: Reduce node (#leaves=1) 
[22:58:22] [INFO   ] Fixpoint[1]:Reducer[perses_node_priority_with_dfs_delta]: Reduce node (#leaves=1): queue=56, delete 0 tokens, ratio=60/118=50.85% 
[22:58:22] [INFO   ] Fixpoint[1]:Reducer[perses_node_priority_with_dfs_delta]: Reduce node (#leaves=1) 
[22:58:22] [INFO   ] Fixpoint[1]:Reducer[perses_node_priority_with_dfs_delta]: Reduce node (#leaves=1): queue=55, delete 0 tokens, ratio=60/118=50.85% 
[22:58:22] [INFO   ] Fixpoint[1]:Reducer[perses_node_priority_with_dfs_delta]: Reduce node (#leaves=1) 
[22:58:22] [INFO   ] Fixpoint[1]:Reducer[perses_node_priority_with_dfs_delta]: Reduce node (#leaves=1): queue=54, delete 0 tokens, ratio=60/118=50.85% 
[22:58:22] [INFO   ] Fixpoint[1]:Reducer[perses_node_priority_with_dfs_delta]: Reduce node (#leaves=1) 
[22:58:22] [INFO   ] Fixpoint[1]:Reducer[perses_node_priority_with_dfs_delta]: Reduce node (#leaves=1): queue=53, delete 0 tokens, ratio=60/118=50.85% 
[22:58:22] [INFO   ] Fixpoint[1]:Reducer[perses_node_priority_with_dfs_delta]: Reduce node (#leaves=1) 
[22:58:22] [INFO   ] Fixpoint[1]:Reducer[perses_node_priority_with_dfs_delta]: Reduce node (#leaves=1): queue=52, delete 0 tokens, ratio=60/118=50.85% 
[22:58:22] [INFO   ] Fixpoint[1]:Reducer[perses_node_priority_with_dfs_delta]: Reduce node (#leaves=1) 
[22:58:22] [INFO   ] Fixpoint[1]:Reducer[perses_node_priority_with_dfs_delta]: Reduce node (#leaves=1): queue=51, delete 0 tokens, ratio=60/118=50.85% 
[22:58:22] [INFO   ] Fixpoint[1]:Reducer[perses_node_priority_with_dfs_delta]: Reduce node (#leaves=1) 
[22:58:22] [INFO   ] Fixpoint[1]:Reducer[perses_node_priority_with_dfs_delta]: Reduce node (#leaves=1): queue=50, delete 0 tokens, ratio=60/118=50.85% 
[22:58:22] [INFO   ] Fixpoint[1]:Reducer[perses_node_priority_with_dfs_delta]: Reduce node (#leaves=1) 
[22:58:22] [INFO   ] Fixpoint[1]:Reducer[perses_node_priority_with_dfs_delta]: Reduce node (#leaves=1): queue=49, delete 0 tokens, ratio=60/118=50.85% 
[22:58:22] [INFO   ] Fixpoint[1]:Reducer[perses_node_priority_with_dfs_delta]: Reduce node (#leaves=1) 
[22:58:22] [INFO   ] Fixpoint[1]:Reducer[perses_node_priority_with_dfs_delta]: Reduce node (#leaves=1): queue=48, delete 0 tokens, ratio=60/118=50.85% 
[22:58:22] [INFO   ] Fixpoint[1]:Reducer[perses_node_priority_with_dfs_delta]: Reduce node (#leaves=1) 
[22:58:22] [INFO   ] Fixpoint[1]:Reducer[perses_node_priority_with_dfs_delta]: Reduce node (#leaves=1): queue=47, delete 0 tokens, ratio=60/118=50.85% 
[22:58:22] [INFO   ] Fixpoint[1]:Reducer[perses_node_priority_with_dfs_delta]: Reduce node (#leaves=1) 
[22:58:22] [INFO   ] Fixpoint[1]:Reducer[perses_node_priority_with_dfs_delta]: Reduce node (#leaves=1): queue=46, delete 0 tokens, ratio=60/118=50.85% 
[22:58:22] [INFO   ] Fixpoint[1]:Reducer[perses_node_priority_with_dfs_delta]: Reduce node (#leaves=1) 
[22:58:22] [INFO   ] Fixpoint[1]:Reducer[perses_node_priority_with_dfs_delta]: Reduce node (#leaves=1): queue=45, delete 0 tokens, ratio=60/118=50.85% 
[22:58:22] [INFO   ] Fixpoint[1]:Reducer[perses_node_priority_with_dfs_delta]: Reduce node (#leaves=1) 
[22:58:22] [INFO   ] Fixpoint[1]:Reducer[perses_node_priority_with_dfs_delta]: Reduce node (#leaves=1): queue=44, delete 0 tokens, ratio=60/118=50.85% 
[22:58:22] [INFO   ] Fixpoint[1]:Reducer[perses_node_priority_with_dfs_delta]: Reduce node (#leaves=1) 
[22:58:22] [INFO   ] Fixpoint[1]:Reducer[perses_node_priority_with_dfs_delta]: Reduce node (#leaves=1): queue=43, delete 0 tokens, ratio=60/118=50.85% 
[22:58:22] [INFO   ] Fixpoint[1]:Reducer[perses_node_priority_with_dfs_delta]: Reduce node (#leaves=1) 
[22:58:22] [INFO   ] Fixpoint[1]:Reducer[perses_node_priority_with_dfs_delta]: Reduce node (#leaves=1): queue=42, delete 0 tokens, ratio=60/118=50.85% 
[22:58:22] [INFO   ] Fixpoint[1]:Reducer[perses_node_priority_with_dfs_delta]: Reduce node (#leaves=1) 
[22:58:22] [INFO   ] Fixpoint[1]:Reducer[perses_node_priority_with_dfs_delta]: Reduce node (#leaves=1): queue=41, delete 0 tokens, ratio=60/118=50.85% 
[22:58:22] [INFO   ] Fixpoint[1]:Reducer[perses_node_priority_with_dfs_delta]: Reduce node (#leaves=1) 
[22:58:22] [INFO   ] Fixpoint[1]:Reducer[perses_node_priority_with_dfs_delta]: Reduce node (#leaves=1): queue=40, delete 0 tokens, ratio=60/118=50.85% 
[22:58:22] [INFO   ] Fixpoint[1]:Reducer[perses_node_priority_with_dfs_delta]: Reduce node (#leaves=1) 
[22:58:22] [INFO   ] Fixpoint[1]:Reducer[perses_node_priority_with_dfs_delta]: Reduce node (#leaves=1): queue=39, delete 0 tokens, ratio=60/118=50.85% 
[22:58:22] [INFO   ] Fixpoint[1]:Reducer[perses_node_priority_with_dfs_delta]: Reduce node (#leaves=1) 
[22:58:22] [INFO   ] Fixpoint[1]:Reducer[perses_node_priority_with_dfs_delta]: Reduce node (#leaves=1): queue=38, delete 0 tokens, ratio=60/118=50.85% 
[22:58:22] [INFO   ] Fixpoint[1]:Reducer[perses_node_priority_with_dfs_delta]: Reduce node (#leaves=1) 
[22:58:22] [INFO   ] Fixpoint[1]:Reducer[perses_node_priority_with_dfs_delta]: Reduce node (#leaves=1): queue=37, delete 0 tokens, ratio=60/118=50.85% 
[22:58:22] [INFO   ] Fixpoint[1]:Reducer[perses_node_priority_with_dfs_delta]: Reduce node (#leaves=1) 
[22:58:22] [INFO   ] Fixpoint[1]:Reducer[perses_node_priority_with_dfs_delta]: Reduce node (#leaves=1): queue=36, delete 0 tokens, ratio=60/118=50.85% 
[22:58:22] [INFO   ] Fixpoint[1]:Reducer[perses_node_priority_with_dfs_delta]: Reduce node (#leaves=1) 
[22:58:22] [INFO   ] Fixpoint[1]:Reducer[perses_node_priority_with_dfs_delta]: Reduce node (#leaves=1): queue=35, delete 0 tokens, ratio=60/118=50.85% 
[22:58:22] [INFO   ] Fixpoint[1]:Reducer[perses_node_priority_with_dfs_delta]: Reduce node (#leaves=1) 
[22:58:22] [INFO   ] Fixpoint[1]:Reducer[perses_node_priority_with_dfs_delta]: Reduce node (#leaves=1): queue=34, delete 0 tokens, ratio=60/118=50.85% 
[22:58:22] [INFO   ] Fixpoint[1]:Reducer[perses_node_priority_with_dfs_delta]: Reduce node (#leaves=1) 
[22:58:22] [INFO   ] Fixpoint[1]:Reducer[perses_node_priority_with_dfs_delta]: Reduce node (#leaves=1): queue=33, delete 0 tokens, ratio=60/118=50.85% 
[22:58:22] [INFO   ] Fixpoint[1]:Reducer[perses_node_priority_with_dfs_delta]: Reduce node (#leaves=1) 
[22:58:22] [INFO   ] Fixpoint[1]:Reducer[perses_node_priority_with_dfs_delta]: Reduce node (#leaves=1): queue=32, delete 0 tokens, ratio=60/118=50.85% 
[22:58:22] [INFO   ] Fixpoint[1]:Reducer[perses_node_priority_with_dfs_delta]: Reduce node (#leaves=1) 
[22:58:22] [INFO   ] Fixpoint[1]:Reducer[perses_node_priority_with_dfs_delta]: Reduce node (#leaves=1): queue=31, delete 0 tokens, ratio=60/118=50.85% 
[22:58:22] [INFO   ] Fixpoint[1]:Reducer[perses_node_priority_with_dfs_delta]: Reduce node (#leaves=1) 
[22:58:22] [INFO   ] Fixpoint[1]:Reducer[perses_node_priority_with_dfs_delta]: Reduce node (#leaves=1): queue=30, delete 0 tokens, ratio=60/118=50.85% 
[22:58:22] [INFO   ] Fixpoint[1]:Reducer[perses_node_priority_with_dfs_delta]: Reduce node (#leaves=1) 
[22:58:22] [INFO   ] Fixpoint[1]:Reducer[perses_node_priority_with_dfs_delta]: Reduce node (#leaves=1): queue=29, delete 0 tokens, ratio=60/118=50.85% 
[22:58:22] [INFO   ] Fixpoint[1]:Reducer[perses_node_priority_with_dfs_delta]: Reduce node (#leaves=1) 
[22:58:22] [INFO   ] Fixpoint[1]:Reducer[perses_node_priority_with_dfs_delta]: Reduce node (#leaves=1): queue=28, delete 0 tokens, ratio=60/118=50.85% 
[22:58:22] [INFO   ] Fixpoint[1]:Reducer[perses_node_priority_with_dfs_delta]: Reduce node (#leaves=1) 
[22:58:22] [INFO   ] Fixpoint[1]:Reducer[perses_node_priority_with_dfs_delta]: Reduce node (#leaves=1): queue=27, delete 0 tokens, ratio=60/118=50.85% 
[22:58:22] [INFO   ] Fixpoint[1]:Reducer[perses_node_priority_with_dfs_delta]: Reduce node (#leaves=1) 
[22:58:22] [INFO   ] Fixpoint[1]:Reducer[perses_node_priority_with_dfs_delta]: Reduce node (#leaves=1): queue=26, delete 0 tokens, ratio=60/118=50.85% 
[22:58:22] [INFO   ] Fixpoint[1]:Reducer[perses_node_priority_with_dfs_delta]: Reduce node (#leaves=1) 
[22:58:22] [INFO   ] Fixpoint[1]:Reducer[perses_node_priority_with_dfs_delta]: Reduce node (#leaves=1): queue=25, delete 0 tokens, ratio=60/118=50.85% 
[22:58:22] [INFO   ] Fixpoint[1]:Reducer[perses_node_priority_with_dfs_delta]: Reduce node (#leaves=1) 
[22:58:22] [INFO   ] Fixpoint[1]:Reducer[perses_node_priority_with_dfs_delta]: Reduce node (#leaves=1): queue=24, delete 0 tokens, ratio=60/118=50.85% 
[22:58:22] [INFO   ] Fixpoint[1]:Reducer[perses_node_priority_with_dfs_delta]: Reduce node (#leaves=1) 
[22:58:22] [INFO   ] Fixpoint[1]:Reducer[perses_node_priority_with_dfs_delta]: Reduce node (#leaves=1): queue=23, delete 0 tokens, ratio=60/118=50.85% 
[22:58:22] [INFO   ] Fixpoint[1]:Reducer[perses_node_priority_with_dfs_delta]: Reduce node (#leaves=1) 
[22:58:22] [INFO   ] Fixpoint[1]:Reducer[perses_node_priority_with_dfs_delta]: Reduce node (#leaves=1): queue=22, delete 0 tokens, ratio=60/118=50.85% 
[22:58:22] [INFO   ] Fixpoint[1]:Reducer[perses_node_priority_with_dfs_delta]: Reduce node (#leaves=1) 
[22:58:22] [INFO   ] Fixpoint[1]:Reducer[perses_node_priority_with_dfs_delta]: Reduce node (#leaves=1): queue=21, delete 0 tokens, ratio=60/118=50.85% 
[22:58:22] [INFO   ] Fixpoint[1]:Reducer[perses_node_priority_with_dfs_delta]: Reduce node (#leaves=1) 
[22:58:22] [INFO   ] Fixpoint[1]:Reducer[perses_node_priority_with_dfs_delta]: Reduce node (#leaves=1): queue=20, delete 0 tokens, ratio=60/118=50.85% 
[22:58:22] [INFO   ] Fixpoint[1]:Reducer[perses_node_priority_with_dfs_delta]: Reduce node (#leaves=1) 
[22:58:22] [INFO   ] Fixpoint[1]:Reducer[perses_node_priority_with_dfs_delta]: Reduce node (#leaves=1): queue=19, delete 0 tokens, ratio=60/118=50.85% 
[22:58:22] [INFO   ] Fixpoint[1]:Reducer[perses_node_priority_with_dfs_delta]: Reduce node (#leaves=1) 
[22:58:22] [INFO   ] Fixpoint[1]:Reducer[perses_node_priority_with_dfs_delta]: Reduce node (#leaves=1): queue=18, delete 0 tokens, ratio=60/118=50.85% 
[22:58:22] [INFO   ] Fixpoint[1]:Reducer[perses_node_priority_with_dfs_delta]: Reduce node (#leaves=1) 
[22:58:22] [INFO   ] Fixpoint[1]:Reducer[perses_node_priority_with_dfs_delta]: Reduce node (#leaves=1): queue=17, delete 0 tokens, ratio=60/118=50.85% 
[22:58:22] [INFO   ] Fixpoint[1]:Reducer[perses_node_priority_with_dfs_delta]: Reduce node (#leaves=1) 
[22:58:22] [INFO   ] Fixpoint[1]:Reducer[perses_node_priority_with_dfs_delta]: Reduce node (#leaves=1): queue=16, delete 0 tokens, ratio=60/118=50.85% 
[22:58:22] [INFO   ] Fixpoint[1]:Reducer[perses_node_priority_with_dfs_delta]: Reduce node (#leaves=1) 
[22:58:22] [INFO   ] Fixpoint[1]:Reducer[perses_node_priority_with_dfs_delta]: Reduce node (#leaves=1): queue=15, delete 0 tokens, ratio=60/118=50.85% 
[22:58:22] [INFO   ] Fixpoint[1]:Reducer[perses_node_priority_with_dfs_delta]: Reduce node (#leaves=1) 
[22:58:22] [INFO   ] Fixpoint[1]:Reducer[perses_node_priority_with_dfs_delta]: Reduce node (#leaves=1): queue=14, delete 0 tokens, ratio=60/118=50.85% 
[22:58:22] [INFO   ] Fixpoint[1]:Reducer[perses_node_priority_with_dfs_delta]: Reduce node (#leaves=1) 
[22:58:22] [INFO   ] Fixpoint[1]:Reducer[perses_node_priority_with_dfs_delta]: Reduce node (#leaves=1): queue=13, delete 0 tokens, ratio=60/118=50.85% 
[22:58:22] [INFO   ] Fixpoint[1]:Reducer[perses_node_priority_with_dfs_delta]: Reduce node (#leaves=1) 
[22:58:22] [INFO   ] Fixpoint[1]:Reducer[perses_node_priority_with_dfs_delta]: Reduce node (#leaves=1): queue=12, delete 0 tokens, ratio=60/118=50.85% 
[22:58:22] [INFO   ] Fixpoint[1]:Reducer[perses_node_priority_with_dfs_delta]: Reduce node (#leaves=1) 
[22:58:22] [INFO   ] Fixpoint[1]:Reducer[perses_node_priority_with_dfs_delta]: Reduce node (#leaves=1): queue=11, delete 0 tokens, ratio=60/118=50.85% 
[22:58:22] [INFO   ] Fixpoint[1]:Reducer[perses_node_priority_with_dfs_delta]: Reduce node (#leaves=1) 
[22:58:22] [INFO   ] Fixpoint[1]:Reducer[perses_node_priority_with_dfs_delta]: Reduce node (#leaves=1): queue=10, delete 0 tokens, ratio=60/118=50.85% 
[22:58:22] [INFO   ] Fixpoint[1]:Reducer[perses_node_priority_with_dfs_delta]: Reduce node (#leaves=1) 
[22:58:22] [INFO   ] Fixpoint[1]:Reducer[perses_node_priority_with_dfs_delta]: Reduce node (#leaves=1): queue=9, delete 0 tokens, ratio=60/118=50.85% 
[22:58:22] [INFO   ] Fixpoint[1]:Reducer[perses_node_priority_with_dfs_delta]: Reduce node (#leaves=1) 
[22:58:22] [INFO   ] Fixpoint[1]:Reducer[perses_node_priority_with_dfs_delta]: Reduce node (#leaves=1): queue=8, delete 0 tokens, ratio=60/118=50.85% 
[22:58:22] [INFO   ] Fixpoint[1]:Reducer[perses_node_priority_with_dfs_delta]: Reduce node (#leaves=1) 
[22:58:22] [INFO   ] Fixpoint[1]:Reducer[perses_node_priority_with_dfs_delta]: Reduce node (#leaves=1): queue=7, delete 0 tokens, ratio=60/118=50.85% 
[22:58:22] [INFO   ] Fixpoint[1]:Reducer[perses_node_priority_with_dfs_delta]: Reduce node (#leaves=1) 
[22:58:22] [INFO   ] Fixpoint[1]:Reducer[perses_node_priority_with_dfs_delta]: Reduce node (#leaves=1): queue=6, delete 0 tokens, ratio=60/118=50.85% 
[22:58:22] [INFO   ] Fixpoint[1]:Reducer[perses_node_priority_with_dfs_delta]: Reduce node (#leaves=1) 
[22:58:22] [INFO   ] Fixpoint[1]:Reducer[perses_node_priority_with_dfs_delta]: Reduce node (#leaves=1): queue=5, delete 0 tokens, ratio=60/118=50.85% 
[22:58:22] [INFO   ] Fixpoint[1]:Reducer[perses_node_priority_with_dfs_delta]: Reduce node (#leaves=1) 
[22:58:22] [INFO   ] Fixpoint[1]:Reducer[perses_node_priority_with_dfs_delta]: Reduce node (#leaves=1): queue=4, delete 0 tokens, ratio=60/118=50.85% 
[22:58:22] [INFO   ] Fixpoint[1]:Reducer[perses_node_priority_with_dfs_delta]: Reduce node (#leaves=1) 
[22:58:22] [INFO   ] Fixpoint[1]:Reducer[perses_node_priority_with_dfs_delta]: Reduce node (#leaves=1): queue=3, delete 0 tokens, ratio=60/118=50.85% 
[22:58:22] [INFO   ] Fixpoint[1]:Reducer[perses_node_priority_with_dfs_delta]: Reduce node (#leaves=1) 
[22:58:22] [INFO   ] Fixpoint[1]:Reducer[perses_node_priority_with_dfs_delta]: Reduce node (#leaves=1): queue=2, delete 0 tokens, ratio=60/118=50.85% 
[22:58:22] [INFO   ] Fixpoint[1]:Reducer[perses_node_priority_with_dfs_delta]: Reduce node (#leaves=1) 
[22:58:22] [INFO   ] Fixpoint[1]:Reducer[perses_node_priority_with_dfs_delta]: Reduce node (#leaves=1): queue=1, delete 0 tokens, ratio=60/118=50.85% 
[22:58:22] [INFO   ] Fixpoint[1]:Reducer[perses_node_priority_with_dfs_delta]: Reduce node (#leaves=1) 
[22:58:22] [INFO   ] Fixpoint[1]:Reducer[perses_node_priority_with_dfs_delta]: Reduce node (#leaves=1): queue=0, delete 0 tokens, ratio=60/118=50.85% 
[22:58:22] [INFO   ] Fixpoint[1]:Reducer[perses_node_priority_with_dfs_delta]: Fixpoint iteration finished, delete 58 tokens, ratio=60/118=50.85% 
[22:58:22] [INFO   ] perses_node_priority_with_dfs_delta started at 22:58:22 2025/08/04. #tokens=60 
[22:58:22] [INFO   ] Fixpoint[2]:Reducer[perses_node_priority_with_dfs_delta]: New fixpoint iteration started. #Tokens=60 
[22:58:22] [INFO   ] Fixpoint[2]:Reducer[perses_node_priority_with_dfs_delta]: Reduce node (#leaves=46) 
[22:58:23] [INFO   ] Fixpoint[2]:Reducer[perses_node_priority_with_dfs_delta]: Reduce node (#leaves=46): queue=1, delete 0 tokens, ratio=60/118=50.85% 
[22:58:23] [INFO   ] Fixpoint[2]:Reducer[perses_node_priority_with_dfs_delta]: Reduce node (#leaves=46) 
[22:58:23] [INFO   ] Fixpoint[2]:Reducer[perses_node_priority_with_dfs_delta]: Reduce node (#leaves=46): queue=1, delete 0 tokens, ratio=60/118=50.85% 
[22:58:23] [INFO   ] Fixpoint[2]:Reducer[perses_node_priority_with_dfs_delta]: Reduce node (#leaves=44) 
[22:58:23] [INFO   ] Fixpoint[2]:Reducer[perses_node_priority_with_dfs_delta]: Reduce node (#leaves=44): queue=3, delete 0 tokens, ratio=60/118=50.85% 
[22:58:23] [INFO   ] Fixpoint[2]:Reducer[perses_node_priority_with_dfs_delta]: Reduce node (#leaves=42) 
[22:58:25] [INFO   ] Fixpoint[2]:Reducer[perses_node_priority_with_dfs_delta]: Reduce node (#leaves=42): queue=5, delete 0 tokens, ratio=60/118=50.85% 
[22:58:25] [INFO   ] Fixpoint[2]:Reducer[perses_node_priority_with_dfs_delta]: Reduce node (#leaves=25) 
[22:58:25] [INFO   ] Fixpoint[2]:Reducer[perses_node_priority_with_dfs_delta]: Reduce node (#leaves=25): queue=6, delete 0 tokens, ratio=60/118=50.85% 
[22:58:25] [INFO   ] Fixpoint[2]:Reducer[perses_node_priority_with_dfs_delta]: Reduce node (#leaves=23) 
[22:58:26] [INFO   ] Fixpoint[2]:Reducer[perses_node_priority_with_dfs_delta]: Reduce node (#leaves=23): queue=8, delete 0 tokens, ratio=60/118=50.85% 
[22:58:26] [INFO   ] Fixpoint[2]:Reducer[perses_node_priority_with_dfs_delta]: Reduce node (#leaves=23) 
[22:58:26] [INFO   ] Fixpoint[2]:Reducer[perses_node_priority_with_dfs_delta]: Reduce node (#leaves=23): queue=8, delete 0 tokens, ratio=60/118=50.85% 
[22:58:26] [INFO   ] Fixpoint[2]:Reducer[perses_node_priority_with_dfs_delta]: Reduce node (#leaves=23) 
[22:58:26] [INFO   ] Fixpoint[2]:Reducer[perses_node_priority_with_dfs_delta]: Reduce node (#leaves=23): queue=8, delete 0 tokens, ratio=60/118=50.85% 
[22:58:26] [INFO   ] Fixpoint[2]:Reducer[perses_node_priority_with_dfs_delta]: Reduce node (#leaves=22) 
[22:58:26] [INFO   ] Fixpoint[2]:Reducer[perses_node_priority_with_dfs_delta]: Reduce node (#leaves=22): queue=9, delete 0 tokens, ratio=60/118=50.85% 
[22:58:26] [INFO   ] Fixpoint[2]:Reducer[perses_node_priority_with_dfs_delta]: Reduce node (#leaves=21) 
[22:58:27] [INFO   ] Fixpoint[2]:Reducer[perses_node_priority_with_dfs_delta]: Reduce node (#leaves=21): queue=10, delete 0 tokens, ratio=60/118=50.85% 
[22:58:27] [INFO   ] Fixpoint[2]:Reducer[perses_node_priority_with_dfs_delta]: Reduce node (#leaves=20) 
[22:58:27] [INFO   ] Fixpoint[2]:Reducer[perses_node_priority_with_dfs_delta]: Reduce node (#leaves=20): queue=11, delete 0 tokens, ratio=60/118=50.85% 
[22:58:27] [INFO   ] Fixpoint[2]:Reducer[perses_node_priority_with_dfs_delta]: Reduce node (#leaves=20) 
[22:58:27] [INFO   ] Fixpoint[2]:Reducer[perses_node_priority_with_dfs_delta]: Reduce node (#leaves=20): queue=11, delete 0 tokens, ratio=60/118=50.85% 
[22:58:27] [INFO   ] Fixpoint[2]:Reducer[perses_node_priority_with_dfs_delta]: Reduce node (#leaves=19) 
[22:58:28] [INFO   ] Fixpoint[2]:Reducer[perses_node_priority_with_dfs_delta]: Reduce node (#leaves=19): queue=12, delete 0 tokens, ratio=60/118=50.85% 
[22:58:28] [INFO   ] Fixpoint[2]:Reducer[perses_node_priority_with_dfs_delta]: Reduce node (#leaves=18) 
[22:58:28] [INFO   ] Fixpoint[2]:Reducer[perses_node_priority_with_dfs_delta]: Reduce node (#leaves=18): queue=13, delete 0 tokens, ratio=60/118=50.85% 
[22:58:28] [INFO   ] Fixpoint[2]:Reducer[perses_node_priority_with_dfs_delta]: Reduce node (#leaves=17) 
[22:58:29] [INFO   ] Fixpoint[2]:Reducer[perses_node_priority_with_dfs_delta]: Reduce node (#leaves=17): queue=15, delete 0 tokens, ratio=60/118=50.85% 
[22:58:29] [INFO   ] Fixpoint[2]:Reducer[perses_node_priority_with_dfs_delta]: Reduce node (#leaves=16) 
[22:58:30] [INFO   ] Fixpoint[2]:Reducer[perses_node_priority_with_dfs_delta]: Reduce node (#leaves=16): queue=16, delete 0 tokens, ratio=60/118=50.85% 
[22:58:30] [INFO   ] Fixpoint[2]:Reducer[perses_node_priority_with_dfs_delta]: Reduce node (#leaves=16) 
[22:58:32] [INFO   ] Fixpoint[2]:Reducer[perses_node_priority_with_dfs_delta]: Reduce node (#leaves=16): queue=16, delete 0 tokens, ratio=60/118=50.85% 
[22:58:32] [INFO   ] Fixpoint[2]:Reducer[perses_node_priority_with_dfs_delta]: Reduce node (#leaves=15) 
[22:58:32] [INFO   ] Fixpoint[2]:Reducer[perses_node_priority_with_dfs_delta]: Reduce node (#leaves=15): queue=17, delete 0 tokens, ratio=60/118=50.85% 
[22:58:32] [INFO   ] Fixpoint[2]:Reducer[perses_node_priority_with_dfs_delta]: Reduce node (#leaves=14) 
[22:58:34] [INFO   ] Fixpoint[2]:Reducer[perses_node_priority_with_dfs_delta]: New minimal, delete 5 tokens, ratio=55/118=46.61% 
[22:58:34] [INFO   ] Fixpoint[2]:Reducer[perses_node_priority_with_dfs_delta]: Reduce node (#leaves=14): queue=19, delete 5 tokens, ratio=55/118=46.61% 
[22:58:34] [INFO   ] Fixpoint[2]:Reducer[perses_node_priority_with_dfs_delta]: Reduce node (#leaves=12) 
[22:58:35] [INFO   ] Fixpoint[2]:Reducer[perses_node_priority_with_dfs_delta]: Reduce node (#leaves=12): queue=19, delete 0 tokens, ratio=55/118=46.61% 
[22:58:35] [INFO   ] Fixpoint[2]:Reducer[perses_node_priority_with_dfs_delta]: Reduce node (#leaves=11) 
[22:58:35] [INFO   ] Fixpoint[2]:Reducer[perses_node_priority_with_dfs_delta]: Reduce node (#leaves=11): queue=20, delete 0 tokens, ratio=55/118=46.61% 
[22:58:35] [INFO   ] Fixpoint[2]:Reducer[perses_node_priority_with_dfs_delta]: Reduce node (#leaves=9) 
[22:58:35] [INFO   ] Fixpoint[2]:Reducer[perses_node_priority_with_dfs_delta]: Reduce node (#leaves=9): queue=23, delete 0 tokens, ratio=55/118=46.61% 
[22:58:35] [INFO   ] Fixpoint[2]:Reducer[perses_node_priority_with_dfs_delta]: Reduce node (#leaves=8) 
[22:58:36] [INFO   ] Fixpoint[2]:Reducer[perses_node_priority_with_dfs_delta]: Reduce node (#leaves=8): queue=27, delete 0 tokens, ratio=55/118=46.61% 
[22:58:36] [INFO   ] Fixpoint[2]:Reducer[perses_node_priority_with_dfs_delta]: Reduce node (#leaves=8) 
[22:58:37] [INFO   ] Fixpoint[2]:Reducer[perses_node_priority_with_dfs_delta]: Reduce node (#leaves=8): queue=27, delete 0 tokens, ratio=55/118=46.61% 
[22:58:37] [INFO   ] Fixpoint[2]:Reducer[perses_node_priority_with_dfs_delta]: Reduce node (#leaves=8) 
[22:58:37] [INFO   ] Fixpoint[2]:Reducer[perses_node_priority_with_dfs_delta]: Reduce node (#leaves=8): queue=28, delete 0 tokens, ratio=55/118=46.61% 
[22:58:37] [INFO   ] Fixpoint[2]:Reducer[perses_node_priority_with_dfs_delta]: Reduce node (#leaves=7) 
[22:58:37] [INFO   ] Fixpoint[2]:Reducer[perses_node_priority_with_dfs_delta]: Reduce node (#leaves=7): queue=29, delete 0 tokens, ratio=55/118=46.61% 
[22:58:37] [INFO   ] Fixpoint[2]:Reducer[perses_node_priority_with_dfs_delta]: Reduce node (#leaves=6) 
[22:58:37] [INFO   ] Fixpoint[2]:Reducer[perses_node_priority_with_dfs_delta]: Reduce node (#leaves=6): queue=31, delete 0 tokens, ratio=55/118=46.61% 
[22:58:37] [INFO   ] Fixpoint[2]:Reducer[perses_node_priority_with_dfs_delta]: Reduce node (#leaves=6) 
[22:58:37] [INFO   ] Fixpoint[2]:Reducer[perses_node_priority_with_dfs_delta]: Reduce node (#leaves=6): queue=31, delete 0 tokens, ratio=55/118=46.61% 
[22:58:37] [INFO   ] Fixpoint[2]:Reducer[perses_node_priority_with_dfs_delta]: Reduce node (#leaves=5) 
[22:58:38] [INFO   ] Fixpoint[2]:Reducer[perses_node_priority_with_dfs_delta]: Reduce node (#leaves=5): queue=32, delete 0 tokens, ratio=55/118=46.61% 
[22:58:38] [INFO   ] Fixpoint[2]:Reducer[perses_node_priority_with_dfs_delta]: Reduce node (#leaves=5) 
[22:58:38] [INFO   ] Fixpoint[2]:Reducer[perses_node_priority_with_dfs_delta]: Reduce node (#leaves=5): queue=33, delete 0 tokens, ratio=55/118=46.61% 
[22:58:38] [INFO   ] Fixpoint[2]:Reducer[perses_node_priority_with_dfs_delta]: Reduce node (#leaves=5) 
[22:58:38] [INFO   ] Fixpoint[2]:Reducer[perses_node_priority_with_dfs_delta]: Reduce node (#leaves=5): queue=34, delete 0 tokens, ratio=55/118=46.61% 
[22:58:38] [INFO   ] Fixpoint[2]:Reducer[perses_node_priority_with_dfs_delta]: Reduce node (#leaves=4) 
[22:58:40] [INFO   ] Fixpoint[2]:Reducer[perses_node_priority_with_dfs_delta]: Reduce node (#leaves=4): queue=36, delete 0 tokens, ratio=55/118=46.61% 
[22:58:40] [INFO   ] Fixpoint[2]:Reducer[perses_node_priority_with_dfs_delta]: Reduce node (#leaves=4) 
[22:58:40] [INFO   ] Fixpoint[2]:Reducer[perses_node_priority_with_dfs_delta]: Reduce node (#leaves=4): queue=37, delete 0 tokens, ratio=55/118=46.61% 
[22:58:40] [INFO   ] Fixpoint[2]:Reducer[perses_node_priority_with_dfs_delta]: Reduce node (#leaves=4) 
[22:58:40] [INFO   ] Fixpoint[2]:Reducer[perses_node_priority_with_dfs_delta]: Reduce node (#leaves=4): queue=38, delete 0 tokens, ratio=55/118=46.61% 
[22:58:40] [INFO   ] Fixpoint[2]:Reducer[perses_node_priority_with_dfs_delta]: Reduce node (#leaves=4) 
[22:58:40] [INFO   ] Fixpoint[2]:Reducer[perses_node_priority_with_dfs_delta]: Reduce node (#leaves=4): queue=38, delete 0 tokens, ratio=55/118=46.61% 
[22:58:40] [INFO   ] Fixpoint[2]:Reducer[perses_node_priority_with_dfs_delta]: Reduce node (#leaves=4) 
[22:58:41] [INFO   ] Fixpoint[2]:Reducer[perses_node_priority_with_dfs_delta]: Reduce node (#leaves=4): queue=41, delete 0 tokens, ratio=55/118=46.61% 
[22:58:41] [INFO   ] Fixpoint[2]:Reducer[perses_node_priority_with_dfs_delta]: Reduce node (#leaves=4) 
[22:58:41] [INFO   ] Fixpoint[2]:Reducer[perses_node_priority_with_dfs_delta]: Reduce node (#leaves=4): queue=41, delete 0 tokens, ratio=55/118=46.61% 
[22:58:41] [INFO   ] Fixpoint[2]:Reducer[perses_node_priority_with_dfs_delta]: Reduce node (#leaves=3) 
[22:58:41] [INFO   ] Fixpoint[2]:Reducer[perses_node_priority_with_dfs_delta]: Reduce node (#leaves=3): queue=42, delete 0 tokens, ratio=55/118=46.61% 
[22:58:41] [INFO   ] Fixpoint[2]:Reducer[perses_node_priority_with_dfs_delta]: Reduce node (#leaves=3) 
[22:58:41] [INFO   ] Fixpoint[2]:Reducer[perses_node_priority_with_dfs_delta]: Reduce node (#leaves=3): queue=42, delete 0 tokens, ratio=55/118=46.61% 
[22:58:41] [INFO   ] Fixpoint[2]:Reducer[perses_node_priority_with_dfs_delta]: Reduce node (#leaves=3) 
[22:58:42] [INFO   ] Fixpoint[2]:Reducer[perses_node_priority_with_dfs_delta]: Reduce node (#leaves=3): queue=44, delete 0 tokens, ratio=55/118=46.61% 
[22:58:42] [INFO   ] Fixpoint[2]:Reducer[perses_node_priority_with_dfs_delta]: Reduce node (#leaves=3) 
[22:58:42] [INFO   ] Fixpoint[2]:Reducer[perses_node_priority_with_dfs_delta]: Reduce node (#leaves=3): queue=44, delete 0 tokens, ratio=55/118=46.61% 
[22:58:42] [INFO   ] Fixpoint[2]:Reducer[perses_node_priority_with_dfs_delta]: Reduce node (#leaves=3) 
[22:58:43] [INFO   ] Fixpoint[2]:Reducer[perses_node_priority_with_dfs_delta]: Reduce node (#leaves=3): queue=46, delete 0 tokens, ratio=55/118=46.61% 
[22:58:43] [INFO   ] Fixpoint[2]:Reducer[perses_node_priority_with_dfs_delta]: Reduce node (#leaves=3) 
[22:58:44] [INFO   ] Fixpoint[2]:Reducer[perses_node_priority_with_dfs_delta]: Reduce node (#leaves=3): queue=46, delete 0 tokens, ratio=55/118=46.61% 
[22:58:44] [INFO   ] Fixpoint[2]:Reducer[perses_node_priority_with_dfs_delta]: Reduce node (#leaves=3) 
[22:58:44] [INFO   ] Fixpoint[2]:Reducer[perses_node_priority_with_dfs_delta]: Reduce node (#leaves=3): queue=47, delete 0 tokens, ratio=55/118=46.61% 
[22:58:44] [INFO   ] Fixpoint[2]:Reducer[perses_node_priority_with_dfs_delta]: Reduce node (#leaves=2) 
[22:58:44] [INFO   ] Fixpoint[2]:Reducer[perses_node_priority_with_dfs_delta]: Reduce node (#leaves=2): queue=49, delete 0 tokens, ratio=55/118=46.61% 
[22:58:44] [INFO   ] Fixpoint[2]:Reducer[perses_node_priority_with_dfs_delta]: Reduce node (#leaves=2) 
[22:58:44] [INFO   ] Fixpoint[2]:Reducer[perses_node_priority_with_dfs_delta]: Reduce node (#leaves=2): queue=50, delete 0 tokens, ratio=55/118=46.61% 
[22:58:44] [INFO   ] Fixpoint[2]:Reducer[perses_node_priority_with_dfs_delta]: Reduce node (#leaves=2) 
[22:58:44] [INFO   ] Fixpoint[2]:Reducer[perses_node_priority_with_dfs_delta]: Reduce node (#leaves=2): queue=51, delete 0 tokens, ratio=55/118=46.61% 
[22:58:44] [INFO   ] Fixpoint[2]:Reducer[perses_node_priority_with_dfs_delta]: Reduce node (#leaves=2) 
[22:58:44] [INFO   ] Fixpoint[2]:Reducer[perses_node_priority_with_dfs_delta]: Reduce node (#leaves=2): queue=52, delete 0 tokens, ratio=55/118=46.61% 
[22:58:44] [INFO   ] Fixpoint[2]:Reducer[perses_node_priority_with_dfs_delta]: Reduce node (#leaves=2) 
[22:58:44] [INFO   ] Fixpoint[2]:Reducer[perses_node_priority_with_dfs_delta]: Reduce node (#leaves=2): queue=53, delete 0 tokens, ratio=55/118=46.61% 
[22:58:44] [INFO   ] Fixpoint[2]:Reducer[perses_node_priority_with_dfs_delta]: Reduce node (#leaves=2) 
[22:58:44] [INFO   ] Fixpoint[2]:Reducer[perses_node_priority_with_dfs_delta]: Reduce node (#leaves=2): queue=53, delete 0 tokens, ratio=55/118=46.61% 
[22:58:44] [INFO   ] Fixpoint[2]:Reducer[perses_node_priority_with_dfs_delta]: Reduce node (#leaves=1) 
[22:58:44] [INFO   ] perses_node_priority_with_dfs_delta ended at 22:58:44 2025/08/04. #old=60, #new=55 
[22:58:44] [INFO   ] Fixpoint[2]:Reducer[perses_node_priority_with_dfs_delta]: Reduce node (#leaves=1): queue=54, delete 0 tokens, ratio=55/118=46.61% 
[22:58:44] [INFO   ] Fixpoint[2]:Reducer[perses_node_priority_with_dfs_delta]: Reduce node (#leaves=1) 
[22:58:44] [INFO   ] Fixpoint[2]:Reducer[perses_node_priority_with_dfs_delta]: Reduce node (#leaves=1): queue=53, delete 0 tokens, ratio=55/118=46.61% 
[22:58:44] [INFO   ] Fixpoint[2]:Reducer[perses_node_priority_with_dfs_delta]: Reduce node (#leaves=1) 
[22:58:44] [INFO   ] Fixpoint[2]:Reducer[perses_node_priority_with_dfs_delta]: Reduce node (#leaves=1): queue=52, delete 0 tokens, ratio=55/118=46.61% 
[22:58:44] [INFO   ] Fixpoint[2]:Reducer[perses_node_priority_with_dfs_delta]: Reduce node (#leaves=1) 
[22:58:44] [INFO   ] Fixpoint[2]:Reducer[perses_node_priority_with_dfs_delta]: Reduce node (#leaves=1): queue=51, delete 0 tokens, ratio=55/118=46.61% 
[22:58:44] [INFO   ] Fixpoint[2]:Reducer[perses_node_priority_with_dfs_delta]: Reduce node (#leaves=1) 
[22:58:44] [INFO   ] Fixpoint[2]:Reducer[perses_node_priority_with_dfs_delta]: Reduce node (#leaves=1): queue=50, delete 0 tokens, ratio=55/118=46.61% 
[22:58:44] [INFO   ] Fixpoint[2]:Reducer[perses_node_priority_with_dfs_delta]: Reduce node (#leaves=1) 
[22:58:44] [INFO   ] Fixpoint[2]:Reducer[perses_node_priority_with_dfs_delta]: Reduce node (#leaves=1): queue=49, delete 0 tokens, ratio=55/118=46.61% 
[22:58:44] [INFO   ] Fixpoint[2]:Reducer[perses_node_priority_with_dfs_delta]: Reduce node (#leaves=1) 
[22:58:44] [INFO   ] Fixpoint[2]:Reducer[perses_node_priority_with_dfs_delta]: Reduce node (#leaves=1): queue=48, delete 0 tokens, ratio=55/118=46.61% 
[22:58:44] [INFO   ] Fixpoint[2]:Reducer[perses_node_priority_with_dfs_delta]: Reduce node (#leaves=1) 
[22:58:44] [INFO   ] Fixpoint[2]:Reducer[perses_node_priority_with_dfs_delta]: Reduce node (#leaves=1): queue=47, delete 0 tokens, ratio=55/118=46.61% 
[22:58:44] [INFO   ] Fixpoint[2]:Reducer[perses_node_priority_with_dfs_delta]: Reduce node (#leaves=1) 
[22:58:44] [INFO   ] Fixpoint[2]:Reducer[perses_node_priority_with_dfs_delta]: Reduce node (#leaves=1): queue=46, delete 0 tokens, ratio=55/118=46.61% 
[22:58:44] [INFO   ] Fixpoint[2]:Reducer[perses_node_priority_with_dfs_delta]: Reduce node (#leaves=1) 
[22:58:44] [INFO   ] Fixpoint[2]:Reducer[perses_node_priority_with_dfs_delta]: Reduce node (#leaves=1): queue=45, delete 0 tokens, ratio=55/118=46.61% 
[22:58:44] [INFO   ] Fixpoint[2]:Reducer[perses_node_priority_with_dfs_delta]: Reduce node (#leaves=1) 
[22:58:44] [INFO   ] Fixpoint[2]:Reducer[perses_node_priority_with_dfs_delta]: Reduce node (#leaves=1): queue=44, delete 0 tokens, ratio=55/118=46.61% 
[22:58:44] [INFO   ] Fixpoint[2]:Reducer[perses_node_priority_with_dfs_delta]: Reduce node (#leaves=1) 
[22:58:44] [INFO   ] Fixpoint[2]:Reducer[perses_node_priority_with_dfs_delta]: Reduce node (#leaves=1): queue=43, delete 0 tokens, ratio=55/118=46.61% 
[22:58:44] [INFO   ] Fixpoint[2]:Reducer[perses_node_priority_with_dfs_delta]: Reduce node (#leaves=1) 
[22:58:44] [INFO   ] Fixpoint[2]:Reducer[perses_node_priority_with_dfs_delta]: Reduce node (#leaves=1): queue=42, delete 0 tokens, ratio=55/118=46.61% 
[22:58:44] [INFO   ] Fixpoint[2]:Reducer[perses_node_priority_with_dfs_delta]: Reduce node (#leaves=1) 
[22:58:44] [INFO   ] Fixpoint[2]:Reducer[perses_node_priority_with_dfs_delta]: Reduce node (#leaves=1): queue=41, delete 0 tokens, ratio=55/118=46.61% 
[22:58:44] [INFO   ] Fixpoint[2]:Reducer[perses_node_priority_with_dfs_delta]: Reduce node (#leaves=1) 
[22:58:44] [INFO   ] Fixpoint[2]:Reducer[perses_node_priority_with_dfs_delta]: Reduce node (#leaves=1): queue=40, delete 0 tokens, ratio=55/118=46.61% 
[22:58:44] [INFO   ] Fixpoint[2]:Reducer[perses_node_priority_with_dfs_delta]: Reduce node (#leaves=1) 
[22:58:44] [INFO   ] Fixpoint[2]:Reducer[perses_node_priority_with_dfs_delta]: Reduce node (#leaves=1): queue=39, delete 0 tokens, ratio=55/118=46.61% 
[22:58:44] [INFO   ] Fixpoint[2]:Reducer[perses_node_priority_with_dfs_delta]: Reduce node (#leaves=1) 
[22:58:44] [INFO   ] Fixpoint[2]:Reducer[perses_node_priority_with_dfs_delta]: Reduce node (#leaves=1): queue=38, delete 0 tokens, ratio=55/118=46.61% 
[22:58:44] [INFO   ] Fixpoint[2]:Reducer[perses_node_priority_with_dfs_delta]: Reduce node (#leaves=1) 
[22:58:44] [INFO   ] Fixpoint[2]:Reducer[perses_node_priority_with_dfs_delta]: Reduce node (#leaves=1): queue=37, delete 0 tokens, ratio=55/118=46.61% 
[22:58:44] [INFO   ] Fixpoint[2]:Reducer[perses_node_priority_with_dfs_delta]: Reduce node (#leaves=1) 
[22:58:44] [INFO   ] Fixpoint[2]:Reducer[perses_node_priority_with_dfs_delta]: Reduce node (#leaves=1): queue=36, delete 0 tokens, ratio=55/118=46.61% 
[22:58:44] [INFO   ] Fixpoint[2]:Reducer[perses_node_priority_with_dfs_delta]: Reduce node (#leaves=1) 
[22:58:44] [INFO   ] Fixpoint[2]:Reducer[perses_node_priority_with_dfs_delta]: Reduce node (#leaves=1): queue=35, delete 0 tokens, ratio=55/118=46.61% 
[22:58:44] [INFO   ] Fixpoint[2]:Reducer[perses_node_priority_with_dfs_delta]: Reduce node (#leaves=1) 
[22:58:44] [INFO   ] Fixpoint[2]:Reducer[perses_node_priority_with_dfs_delta]: Reduce node (#leaves=1): queue=34, delete 0 tokens, ratio=55/118=46.61% 
[22:58:44] [INFO   ] Fixpoint[2]:Reducer[perses_node_priority_with_dfs_delta]: Reduce node (#leaves=1) 
[22:58:44] [INFO   ] Fixpoint[2]:Reducer[perses_node_priority_with_dfs_delta]: Reduce node (#leaves=1): queue=33, delete 0 tokens, ratio=55/118=46.61% 
[22:58:44] [INFO   ] Fixpoint[2]:Reducer[perses_node_priority_with_dfs_delta]: Reduce node (#leaves=1) 
[22:58:44] [INFO   ] Fixpoint[2]:Reducer[perses_node_priority_with_dfs_delta]: Reduce node (#leaves=1): queue=32, delete 0 tokens, ratio=55/118=46.61% 
[22:58:44] [INFO   ] Fixpoint[2]:Reducer[perses_node_priority_with_dfs_delta]: Reduce node (#leaves=1) 
[22:58:44] [INFO   ] Fixpoint[2]:Reducer[perses_node_priority_with_dfs_delta]: Reduce node (#leaves=1): queue=31, delete 0 tokens, ratio=55/118=46.61% 
[22:58:44] [INFO   ] Fixpoint[2]:Reducer[perses_node_priority_with_dfs_delta]: Reduce node (#leaves=1) 
[22:58:44] [INFO   ] Fixpoint[2]:Reducer[perses_node_priority_with_dfs_delta]: Reduce node (#leaves=1): queue=30, delete 0 tokens, ratio=55/118=46.61% 
[22:58:44] [INFO   ] Fixpoint[2]:Reducer[perses_node_priority_with_dfs_delta]: Reduce node (#leaves=1) 
[22:58:44] [INFO   ] Fixpoint[2]:Reducer[perses_node_priority_with_dfs_delta]: Reduce node (#leaves=1): queue=29, delete 0 tokens, ratio=55/118=46.61% 
[22:58:44] [INFO   ] Fixpoint[2]:Reducer[perses_node_priority_with_dfs_delta]: Reduce node (#leaves=1) 
[22:58:44] [INFO   ] Fixpoint[2]:Reducer[perses_node_priority_with_dfs_delta]: Reduce node (#leaves=1): queue=28, delete 0 tokens, ratio=55/118=46.61% 
[22:58:44] [INFO   ] Fixpoint[2]:Reducer[perses_node_priority_with_dfs_delta]: Reduce node (#leaves=1) 
[22:58:44] [INFO   ] Fixpoint[2]:Reducer[perses_node_priority_with_dfs_delta]: Reduce node (#leaves=1): queue=27, delete 0 tokens, ratio=55/118=46.61% 
[22:58:44] [INFO   ] Fixpoint[2]:Reducer[perses_node_priority_with_dfs_delta]: Reduce node (#leaves=1) 
[22:58:44] [INFO   ] Fixpoint[2]:Reducer[perses_node_priority_with_dfs_delta]: Reduce node (#leaves=1): queue=26, delete 0 tokens, ratio=55/118=46.61% 
[22:58:44] [INFO   ] Fixpoint[2]:Reducer[perses_node_priority_with_dfs_delta]: Reduce node (#leaves=1) 
[22:58:44] [INFO   ] Fixpoint[2]:Reducer[perses_node_priority_with_dfs_delta]: Reduce node (#leaves=1): queue=25, delete 0 tokens, ratio=55/118=46.61% 
[22:58:44] [INFO   ] Fixpoint[2]:Reducer[perses_node_priority_with_dfs_delta]: Reduce node (#leaves=1) 
[22:58:44] [INFO   ] Fixpoint[2]:Reducer[perses_node_priority_with_dfs_delta]: Reduce node (#leaves=1): queue=24, delete 0 tokens, ratio=55/118=46.61% 
[22:58:44] [INFO   ] Fixpoint[2]:Reducer[perses_node_priority_with_dfs_delta]: Reduce node (#leaves=1) 
[22:58:44] [INFO   ] Fixpoint[2]:Reducer[perses_node_priority_with_dfs_delta]: Reduce node (#leaves=1): queue=23, delete 0 tokens, ratio=55/118=46.61% 
[22:58:44] [INFO   ] Fixpoint[2]:Reducer[perses_node_priority_with_dfs_delta]: Reduce node (#leaves=1) 
[22:58:44] [INFO   ] Fixpoint[2]:Reducer[perses_node_priority_with_dfs_delta]: Reduce node (#leaves=1): queue=22, delete 0 tokens, ratio=55/118=46.61% 
[22:58:44] [INFO   ] Fixpoint[2]:Reducer[perses_node_priority_with_dfs_delta]: Reduce node (#leaves=1) 
[22:58:44] [INFO   ] Fixpoint[2]:Reducer[perses_node_priority_with_dfs_delta]: Reduce node (#leaves=1): queue=21, delete 0 tokens, ratio=55/118=46.61% 
[22:58:44] [INFO   ] Fixpoint[2]:Reducer[perses_node_priority_with_dfs_delta]: Reduce node (#leaves=1) 
[22:58:44] [INFO   ] Fixpoint[2]:Reducer[perses_node_priority_with_dfs_delta]: Reduce node (#leaves=1): queue=20, delete 0 tokens, ratio=55/118=46.61% 
[22:58:44] [INFO   ] Fixpoint[2]:Reducer[perses_node_priority_with_dfs_delta]: Reduce node (#leaves=1) 
[22:58:44] [INFO   ] Fixpoint[2]:Reducer[perses_node_priority_with_dfs_delta]: Reduce node (#leaves=1): queue=19, delete 0 tokens, ratio=55/118=46.61% 
[22:58:44] [INFO   ] Fixpoint[2]:Reducer[perses_node_priority_with_dfs_delta]: Reduce node (#leaves=1) 
[22:58:44] [INFO   ] Fixpoint[2]:Reducer[perses_node_priority_with_dfs_delta]: Reduce node (#leaves=1): queue=18, delete 0 tokens, ratio=55/118=46.61% 
[22:58:44] [INFO   ] Fixpoint[2]:Reducer[perses_node_priority_with_dfs_delta]: Reduce node (#leaves=1) 
[22:58:44] [INFO   ] Fixpoint[2]:Reducer[perses_node_priority_with_dfs_delta]: Reduce node (#leaves=1): queue=17, delete 0 tokens, ratio=55/118=46.61% 
[22:58:44] [INFO   ] Fixpoint[2]:Reducer[perses_node_priority_with_dfs_delta]: Reduce node (#leaves=1) 
[22:58:44] [INFO   ] Fixpoint[2]:Reducer[perses_node_priority_with_dfs_delta]: Reduce node (#leaves=1): queue=16, delete 0 tokens, ratio=55/118=46.61% 
[22:58:44] [INFO   ] Fixpoint[2]:Reducer[perses_node_priority_with_dfs_delta]: Reduce node (#leaves=1) 
[22:58:44] [INFO   ] Fixpoint[2]:Reducer[perses_node_priority_with_dfs_delta]: Reduce node (#leaves=1): queue=15, delete 0 tokens, ratio=55/118=46.61% 
[22:58:44] [INFO   ] Fixpoint[2]:Reducer[perses_node_priority_with_dfs_delta]: Reduce node (#leaves=1) 
[22:58:44] [INFO   ] Fixpoint[2]:Reducer[perses_node_priority_with_dfs_delta]: Reduce node (#leaves=1): queue=14, delete 0 tokens, ratio=55/118=46.61% 
[22:58:44] [INFO   ] Fixpoint[2]:Reducer[perses_node_priority_with_dfs_delta]: Reduce node (#leaves=1) 
[22:58:44] [INFO   ] Fixpoint[2]:Reducer[perses_node_priority_with_dfs_delta]: Reduce node (#leaves=1): queue=13, delete 0 tokens, ratio=55/118=46.61% 
[22:58:44] [INFO   ] Fixpoint[2]:Reducer[perses_node_priority_with_dfs_delta]: Reduce node (#leaves=1) 
[22:58:44] [INFO   ] Fixpoint[2]:Reducer[perses_node_priority_with_dfs_delta]: Reduce node (#leaves=1): queue=12, delete 0 tokens, ratio=55/118=46.61% 
[22:58:44] [INFO   ] Fixpoint[2]:Reducer[perses_node_priority_with_dfs_delta]: Reduce node (#leaves=1) 
[22:58:44] [INFO   ] Fixpoint[2]:Reducer[perses_node_priority_with_dfs_delta]: Reduce node (#leaves=1): queue=11, delete 0 tokens, ratio=55/118=46.61% 
[22:58:44] [INFO   ] Fixpoint[2]:Reducer[perses_node_priority_with_dfs_delta]: Reduce node (#leaves=1) 
[22:58:44] [INFO   ] Fixpoint[2]:Reducer[perses_node_priority_with_dfs_delta]: Reduce node (#leaves=1): queue=10, delete 0 tokens, ratio=55/118=46.61% 
[22:58:44] [INFO   ] Fixpoint[2]:Reducer[perses_node_priority_with_dfs_delta]: Reduce node (#leaves=1) 
[22:58:44] [INFO   ] Fixpoint[2]:Reducer[perses_node_priority_with_dfs_delta]: Reduce node (#leaves=1): queue=9, delete 0 tokens, ratio=55/118=46.61% 
[22:58:44] [INFO   ] Fixpoint[2]:Reducer[perses_node_priority_with_dfs_delta]: Reduce node (#leaves=1) 
[22:58:44] [INFO   ] Fixpoint[2]:Reducer[perses_node_priority_with_dfs_delta]: Reduce node (#leaves=1): queue=8, delete 0 tokens, ratio=55/118=46.61% 
[22:58:44] [INFO   ] Fixpoint[2]:Reducer[perses_node_priority_with_dfs_delta]: Reduce node (#leaves=1) 
[22:58:44] [INFO   ] Fixpoint[2]:Reducer[perses_node_priority_with_dfs_delta]: Reduce node (#leaves=1): queue=7, delete 0 tokens, ratio=55/118=46.61% 
[22:58:44] [INFO   ] Fixpoint[2]:Reducer[perses_node_priority_with_dfs_delta]: Reduce node (#leaves=1) 
[22:58:44] [INFO   ] Fixpoint[2]:Reducer[perses_node_priority_with_dfs_delta]: Reduce node (#leaves=1): queue=6, delete 0 tokens, ratio=55/118=46.61% 
[22:58:44] [INFO   ] Fixpoint[2]:Reducer[perses_node_priority_with_dfs_delta]: Reduce node (#leaves=1) 
[22:58:44] [INFO   ] Fixpoint[2]:Reducer[perses_node_priority_with_dfs_delta]: Reduce node (#leaves=1): queue=5, delete 0 tokens, ratio=55/118=46.61% 
[22:58:44] [INFO   ] Fixpoint[2]:Reducer[perses_node_priority_with_dfs_delta]: Reduce node (#leaves=1) 
[22:58:44] [INFO   ] Fixpoint[2]:Reducer[perses_node_priority_with_dfs_delta]: Reduce node (#leaves=1): queue=4, delete 0 tokens, ratio=55/118=46.61% 
[22:58:44] [INFO   ] Fixpoint[2]:Reducer[perses_node_priority_with_dfs_delta]: Reduce node (#leaves=1) 
[22:58:44] [INFO   ] Fixpoint[2]:Reducer[perses_node_priority_with_dfs_delta]: Reduce node (#leaves=1): queue=3, delete 0 tokens, ratio=55/118=46.61% 
[22:58:44] [INFO   ] Fixpoint[2]:Reducer[perses_node_priority_with_dfs_delta]: Reduce node (#leaves=1) 
[22:58:44] [INFO   ] Fixpoint[2]:Reducer[perses_node_priority_with_dfs_delta]: Reduce node (#leaves=1): queue=2, delete 0 tokens, ratio=55/118=46.61% 
[22:58:44] [INFO   ] Fixpoint[2]:Reducer[perses_node_priority_with_dfs_delta]: Reduce node (#leaves=1) 
[22:58:44] [INFO   ] Fixpoint[2]:Reducer[perses_node_priority_with_dfs_delta]: Reduce node (#leaves=1): queue=1, delete 0 tokens, ratio=55/118=46.61% 
[22:58:44] [INFO   ] Fixpoint[2]:Reducer[perses_node_priority_with_dfs_delta]: Reduce node (#leaves=1) 
[22:58:44] [INFO   ] Fixpoint[2]:Reducer[perses_node_priority_with_dfs_delta]: Reduce node (#leaves=1): queue=0, delete 0 tokens, ratio=55/118=46.61% 
[22:58:44] [INFO   ] Fixpoint[2]:Reducer[perses_node_priority_with_dfs_delta]: Fixpoint iteration finished, delete 5 tokens, ratio=55/118=46.61% 
[22:58:45] [INFO   ] perses_node_priority_with_dfs_delta started at 22:58:45 2025/08/04. #tokens=55 
[22:58:45] [INFO   ] Fixpoint[3]:Reducer[perses_node_priority_with_dfs_delta]: New fixpoint iteration started. #Tokens=55 
[22:58:45] [INFO   ] Fixpoint[3]:Reducer[perses_node_priority_with_dfs_delta]: Reduce node (#leaves=46) 
[22:58:45] [INFO   ] Fixpoint[3]:Reducer[perses_node_priority_with_dfs_delta]: Reduce node (#leaves=46): queue=1, delete 0 tokens, ratio=55/118=46.61% 
[22:58:45] [INFO   ] Fixpoint[3]:Reducer[perses_node_priority_with_dfs_delta]: Reduce node (#leaves=46) 
[22:58:45] [INFO   ] Fixpoint[3]:Reducer[perses_node_priority_with_dfs_delta]: Reduce node (#leaves=46): queue=1, delete 0 tokens, ratio=55/118=46.61% 
[22:58:45] [INFO   ] Fixpoint[3]:Reducer[perses_node_priority_with_dfs_delta]: Reduce node (#leaves=44) 
[22:58:45] [INFO   ] Fixpoint[3]:Reducer[perses_node_priority_with_dfs_delta]: Reduce node (#leaves=44): queue=3, delete 0 tokens, ratio=55/118=46.61% 
[22:58:45] [INFO   ] Fixpoint[3]:Reducer[perses_node_priority_with_dfs_delta]: Reduce node (#leaves=42) 
[22:58:47] [INFO   ] Fixpoint[3]:Reducer[perses_node_priority_with_dfs_delta]: Reduce node (#leaves=42): queue=5, delete 0 tokens, ratio=55/118=46.61% 
[22:58:47] [INFO   ] Fixpoint[3]:Reducer[perses_node_priority_with_dfs_delta]: Reduce node (#leaves=25) 
[22:58:47] [INFO   ] Fixpoint[3]:Reducer[perses_node_priority_with_dfs_delta]: Reduce node (#leaves=25): queue=6, delete 0 tokens, ratio=55/118=46.61% 
[22:58:47] [INFO   ] Fixpoint[3]:Reducer[perses_node_priority_with_dfs_delta]: Reduce node (#leaves=23) 
[22:58:48] [INFO   ] Fixpoint[3]:Reducer[perses_node_priority_with_dfs_delta]: Reduce node (#leaves=23): queue=8, delete 0 tokens, ratio=55/118=46.61% 
[22:58:48] [INFO   ] Fixpoint[3]:Reducer[perses_node_priority_with_dfs_delta]: Reduce node (#leaves=23) 
[22:58:48] [INFO   ] Fixpoint[3]:Reducer[perses_node_priority_with_dfs_delta]: Reduce node (#leaves=23): queue=8, delete 0 tokens, ratio=55/118=46.61% 
[22:58:48] [INFO   ] Fixpoint[3]:Reducer[perses_node_priority_with_dfs_delta]: Reduce node (#leaves=23) 
[22:58:48] [INFO   ] Fixpoint[3]:Reducer[perses_node_priority_with_dfs_delta]: Reduce node (#leaves=23): queue=8, delete 0 tokens, ratio=55/118=46.61% 
[22:58:48] [INFO   ] Fixpoint[3]:Reducer[perses_node_priority_with_dfs_delta]: Reduce node (#leaves=22) 
[22:58:48] [INFO   ] Fixpoint[3]:Reducer[perses_node_priority_with_dfs_delta]: Reduce node (#leaves=22): queue=9, delete 0 tokens, ratio=55/118=46.61% 
[22:58:48] [INFO   ] Fixpoint[3]:Reducer[perses_node_priority_with_dfs_delta]: Reduce node (#leaves=21) 
[22:58:49] [INFO   ] Fixpoint[3]:Reducer[perses_node_priority_with_dfs_delta]: Reduce node (#leaves=21): queue=10, delete 0 tokens, ratio=55/118=46.61% 
[22:58:49] [INFO   ] Fixpoint[3]:Reducer[perses_node_priority_with_dfs_delta]: Reduce node (#leaves=20) 
[22:58:49] [INFO   ] Fixpoint[3]:Reducer[perses_node_priority_with_dfs_delta]: Reduce node (#leaves=20): queue=11, delete 0 tokens, ratio=55/118=46.61% 
[22:58:49] [INFO   ] Fixpoint[3]:Reducer[perses_node_priority_with_dfs_delta]: Reduce node (#leaves=20) 
[22:58:49] [INFO   ] Fixpoint[3]:Reducer[perses_node_priority_with_dfs_delta]: Reduce node (#leaves=20): queue=11, delete 0 tokens, ratio=55/118=46.61% 
[22:58:49] [INFO   ] Fixpoint[3]:Reducer[perses_node_priority_with_dfs_delta]: Reduce node (#leaves=19) 
[22:58:50] [INFO   ] Fixpoint[3]:Reducer[perses_node_priority_with_dfs_delta]: Reduce node (#leaves=19): queue=12, delete 0 tokens, ratio=55/118=46.61% 
[22:58:50] [INFO   ] Fixpoint[3]:Reducer[perses_node_priority_with_dfs_delta]: Reduce node (#leaves=18) 
[22:58:50] [INFO   ] Fixpoint[3]:Reducer[perses_node_priority_with_dfs_delta]: Reduce node (#leaves=18): queue=13, delete 0 tokens, ratio=55/118=46.61% 
[22:58:50] [INFO   ] Fixpoint[3]:Reducer[perses_node_priority_with_dfs_delta]: Reduce node (#leaves=17) 
[22:58:51] [INFO   ] Fixpoint[3]:Reducer[perses_node_priority_with_dfs_delta]: Reduce node (#leaves=17): queue=15, delete 0 tokens, ratio=55/118=46.61% 
[22:58:51] [INFO   ] Fixpoint[3]:Reducer[perses_node_priority_with_dfs_delta]: Reduce node (#leaves=16) 
[22:58:51] [INFO   ] Fixpoint[3]:Reducer[perses_node_priority_with_dfs_delta]: Reduce node (#leaves=16): queue=16, delete 0 tokens, ratio=55/118=46.61% 
[22:58:51] [INFO   ] Fixpoint[3]:Reducer[perses_node_priority_with_dfs_delta]: Reduce node (#leaves=16) 
[22:58:53] [INFO   ] Fixpoint[3]:Reducer[perses_node_priority_with_dfs_delta]: Reduce node (#leaves=16): queue=16, delete 0 tokens, ratio=55/118=46.61% 
[22:58:53] [INFO   ] Fixpoint[3]:Reducer[perses_node_priority_with_dfs_delta]: Reduce node (#leaves=15) 
[22:58:53] [INFO   ] Fixpoint[3]:Reducer[perses_node_priority_with_dfs_delta]: Reduce node (#leaves=15): queue=17, delete 0 tokens, ratio=55/118=46.61% 
[22:58:53] [INFO   ] Fixpoint[3]:Reducer[perses_node_priority_with_dfs_delta]: Reduce node (#leaves=12) 
[22:58:53] [INFO   ] Fixpoint[3]:Reducer[perses_node_priority_with_dfs_delta]: Reduce node (#leaves=12): queue=19, delete 0 tokens, ratio=55/118=46.61% 
[22:58:53] [INFO   ] Fixpoint[3]:Reducer[perses_node_priority_with_dfs_delta]: Reduce node (#leaves=11) 
[22:58:53] [INFO   ] Fixpoint[3]:Reducer[perses_node_priority_with_dfs_delta]: Reduce node (#leaves=11): queue=20, delete 0 tokens, ratio=55/118=46.61% 
[22:58:53] [INFO   ] Fixpoint[3]:Reducer[perses_node_priority_with_dfs_delta]: Reduce node (#leaves=9) 
[22:58:53] [INFO   ] Fixpoint[3]:Reducer[perses_node_priority_with_dfs_delta]: Reduce node (#leaves=9): queue=23, delete 0 tokens, ratio=55/118=46.61% 
[22:58:53] [INFO   ] Fixpoint[3]:Reducer[perses_node_priority_with_dfs_delta]: Reduce node (#leaves=9) 
[22:58:53] [INFO   ] Fixpoint[3]:Reducer[perses_node_priority_with_dfs_delta]: Reduce node (#leaves=9): queue=23, delete 0 tokens, ratio=55/118=46.61% 
[22:58:53] [INFO   ] Fixpoint[3]:Reducer[perses_node_priority_with_dfs_delta]: Reduce node (#leaves=8) 
[22:58:53] [INFO   ] Fixpoint[3]:Reducer[perses_node_priority_with_dfs_delta]: Reduce node (#leaves=8): queue=27, delete 0 tokens, ratio=55/118=46.61% 
[22:58:53] [INFO   ] Fixpoint[3]:Reducer[perses_node_priority_with_dfs_delta]: Reduce node (#leaves=8) 
[22:58:53] [INFO   ] Fixpoint[3]:Reducer[perses_node_priority_with_dfs_delta]: Reduce node (#leaves=8): queue=27, delete 0 tokens, ratio=55/118=46.61% 
[22:58:53] [INFO   ] Fixpoint[3]:Reducer[perses_node_priority_with_dfs_delta]: Reduce node (#leaves=8) 
[22:58:53] [INFO   ] Fixpoint[3]:Reducer[perses_node_priority_with_dfs_delta]: Reduce node (#leaves=8): queue=28, delete 0 tokens, ratio=55/118=46.61% 
[22:58:53] [INFO   ] Fixpoint[3]:Reducer[perses_node_priority_with_dfs_delta]: Reduce node (#leaves=7) 
[22:58:53] [INFO   ] Fixpoint[3]:Reducer[perses_node_priority_with_dfs_delta]: Reduce node (#leaves=7): queue=29, delete 0 tokens, ratio=55/118=46.61% 
[22:58:53] [INFO   ] Fixpoint[3]:Reducer[perses_node_priority_with_dfs_delta]: Reduce node (#leaves=6) 
[22:58:53] [INFO   ] Fixpoint[3]:Reducer[perses_node_priority_with_dfs_delta]: Reduce node (#leaves=6): queue=31, delete 0 tokens, ratio=55/118=46.61% 
[22:58:53] [INFO   ] Fixpoint[3]:Reducer[perses_node_priority_with_dfs_delta]: Reduce node (#leaves=6) 
[22:58:53] [INFO   ] Fixpoint[3]:Reducer[perses_node_priority_with_dfs_delta]: Reduce node (#leaves=6): queue=31, delete 0 tokens, ratio=55/118=46.61% 
[22:58:53] [INFO   ] Fixpoint[3]:Reducer[perses_node_priority_with_dfs_delta]: Reduce node (#leaves=5) 
[22:58:53] [INFO   ] Fixpoint[3]:Reducer[perses_node_priority_with_dfs_delta]: Reduce node (#leaves=5): queue=32, delete 0 tokens, ratio=55/118=46.61% 
[22:58:53] [INFO   ] Fixpoint[3]:Reducer[perses_node_priority_with_dfs_delta]: Reduce node (#leaves=5) 
[22:58:53] [INFO   ] Fixpoint[3]:Reducer[perses_node_priority_with_dfs_delta]: Reduce node (#leaves=5): queue=33, delete 0 tokens, ratio=55/118=46.61% 
[22:58:53] [INFO   ] Fixpoint[3]:Reducer[perses_node_priority_with_dfs_delta]: Reduce node (#leaves=5) 
[22:58:53] [INFO   ] Fixpoint[3]:Reducer[perses_node_priority_with_dfs_delta]: Reduce node (#leaves=5): queue=34, delete 0 tokens, ratio=55/118=46.61% 
[22:58:53] [INFO   ] Fixpoint[3]:Reducer[perses_node_priority_with_dfs_delta]: Reduce node (#leaves=4) 
[22:58:53] [INFO   ] Fixpoint[3]:Reducer[perses_node_priority_with_dfs_delta]: Reduce node (#leaves=4): queue=36, delete 0 tokens, ratio=55/118=46.61% 
[22:58:53] [INFO   ] Fixpoint[3]:Reducer[perses_node_priority_with_dfs_delta]: Reduce node (#leaves=4) 
[22:58:53] [INFO   ] Fixpoint[3]:Reducer[perses_node_priority_with_dfs_delta]: Reduce node (#leaves=4): queue=37, delete 0 tokens, ratio=55/118=46.61% 
[22:58:53] [INFO   ] Fixpoint[3]:Reducer[perses_node_priority_with_dfs_delta]: Reduce node (#leaves=4) 
[22:58:53] [INFO   ] Fixpoint[3]:Reducer[perses_node_priority_with_dfs_delta]: Reduce node (#leaves=4): queue=38, delete 0 tokens, ratio=55/118=46.61% 
[22:58:53] [INFO   ] Fixpoint[3]:Reducer[perses_node_priority_with_dfs_delta]: Reduce node (#leaves=4) 
[22:58:53] [INFO   ] Fixpoint[3]:Reducer[perses_node_priority_with_dfs_delta]: Reduce node (#leaves=4): queue=38, delete 0 tokens, ratio=55/118=46.61% 
[22:58:53] [INFO   ] Fixpoint[3]:Reducer[perses_node_priority_with_dfs_delta]: Reduce node (#leaves=4) 
[22:58:53] [INFO   ] Fixpoint[3]:Reducer[perses_node_priority_with_dfs_delta]: Reduce node (#leaves=4): queue=41, delete 0 tokens, ratio=55/118=46.61% 
[22:58:53] [INFO   ] Fixpoint[3]:Reducer[perses_node_priority_with_dfs_delta]: Reduce node (#leaves=4) 
[22:58:53] [INFO   ] Fixpoint[3]:Reducer[perses_node_priority_with_dfs_delta]: Reduce node (#leaves=4): queue=41, delete 0 tokens, ratio=55/118=46.61% 
[22:58:53] [INFO   ] Fixpoint[3]:Reducer[perses_node_priority_with_dfs_delta]: Reduce node (#leaves=3) 
[22:58:53] [INFO   ] Fixpoint[3]:Reducer[perses_node_priority_with_dfs_delta]: Reduce node (#leaves=3): queue=42, delete 0 tokens, ratio=55/118=46.61% 
[22:58:53] [INFO   ] Fixpoint[3]:Reducer[perses_node_priority_with_dfs_delta]: Reduce node (#leaves=3) 
[22:58:53] [INFO   ] Fixpoint[3]:Reducer[perses_node_priority_with_dfs_delta]: Reduce node (#leaves=3): queue=42, delete 0 tokens, ratio=55/118=46.61% 
[22:58:53] [INFO   ] Fixpoint[3]:Reducer[perses_node_priority_with_dfs_delta]: Reduce node (#leaves=3) 
[22:58:53] [INFO   ] Fixpoint[3]:Reducer[perses_node_priority_with_dfs_delta]: Reduce node (#leaves=3): queue=44, delete 0 tokens, ratio=55/118=46.61% 
[22:58:53] [INFO   ] Fixpoint[3]:Reducer[perses_node_priority_with_dfs_delta]: Reduce node (#leaves=3) 
[22:58:53] [INFO   ] Fixpoint[3]:Reducer[perses_node_priority_with_dfs_delta]: Reduce node (#leaves=3): queue=44, delete 0 tokens, ratio=55/118=46.61% 
[22:58:53] [INFO   ] Fixpoint[3]:Reducer[perses_node_priority_with_dfs_delta]: Reduce node (#leaves=3) 
[22:58:53] [INFO   ] Fixpoint[3]:Reducer[perses_node_priority_with_dfs_delta]: Reduce node (#leaves=3): queue=46, delete 0 tokens, ratio=55/118=46.61% 
[22:58:53] [INFO   ] Fixpoint[3]:Reducer[perses_node_priority_with_dfs_delta]: Reduce node (#leaves=3) 
[22:58:53] [INFO   ] Fixpoint[3]:Reducer[perses_node_priority_with_dfs_delta]: Reduce node (#leaves=3): queue=46, delete 0 tokens, ratio=55/118=46.61% 
[22:58:53] [INFO   ] Fixpoint[3]:Reducer[perses_node_priority_with_dfs_delta]: Reduce node (#leaves=3) 
[22:58:53] [INFO   ] Fixpoint[3]:Reducer[perses_node_priority_with_dfs_delta]: Reduce node (#leaves=3): queue=47, delete 0 tokens, ratio=55/118=46.61% 
[22:58:53] [INFO   ] Fixpoint[3]:Reducer[perses_node_priority_with_dfs_delta]: Reduce node (#leaves=2) 
[22:58:53] [INFO   ] Fixpoint[3]:Reducer[perses_node_priority_with_dfs_delta]: Reduce node (#leaves=2): queue=49, delete 0 tokens, ratio=55/118=46.61% 
[22:58:53] [INFO   ] Fixpoint[3]:Reducer[perses_node_priority_with_dfs_delta]: Reduce node (#leaves=2) 
[22:58:53] [INFO   ] Fixpoint[3]:Reducer[perses_node_priority_with_dfs_delta]: Reduce node (#leaves=2): queue=50, delete 0 tokens, ratio=55/118=46.61% 
[22:58:53] [INFO   ] Fixpoint[3]:Reducer[perses_node_priority_with_dfs_delta]: Reduce node (#leaves=2) 
[22:58:53] [INFO   ] Fixpoint[3]:Reducer[perses_node_priority_with_dfs_delta]: Reduce node (#leaves=2): queue=51, delete 0 tokens, ratio=55/118=46.61% 
[22:58:53] [INFO   ] Fixpoint[3]:Reducer[perses_node_priority_with_dfs_delta]: Reduce node (#leaves=2) 
[22:58:53] [INFO   ] Fixpoint[3]:Reducer[perses_node_priority_with_dfs_delta]: Reduce node (#leaves=2): queue=52, delete 0 tokens, ratio=55/118=46.61% 
[22:58:53] [INFO   ] Fixpoint[3]:Reducer[perses_node_priority_with_dfs_delta]: Reduce node (#leaves=2) 
[22:58:53] [INFO   ] Fixpoint[3]:Reducer[perses_node_priority_with_dfs_delta]: Reduce node (#leaves=2): queue=53, delete 0 tokens, ratio=55/118=46.61% 
[22:58:53] [INFO   ] Fixpoint[3]:Reducer[perses_node_priority_with_dfs_delta]: Reduce node (#leaves=2) 
[22:58:53] [INFO   ] Fixpoint[3]:Reducer[perses_node_priority_with_dfs_delta]: Reduce node (#leaves=2): queue=53, delete 0 tokens, ratio=55/118=46.61% 
[22:58:53] [INFO   ] Fixpoint[3]:Reducer[perses_node_priority_with_dfs_delta]: Reduce node (#leaves=1) 
[22:58:53] [INFO   ] Fixpoint[3]:Reducer[perses_node_priority_with_dfs_delta]: Reduce node (#leaves=1): queue=54, delete 0 tokens, ratio=55/118=46.61% 
[22:58:53] [INFO   ] perses_node_priority_with_dfs_delta ended at 22:58:53 2025/08/04. #old=55, #new=55 
[22:58:53] [INFO   ] Fixpoint[3]:Reducer[perses_node_priority_with_dfs_delta]: Reduce node (#leaves=1) 
[22:58:53] [INFO   ] Fixpoint[3]:Reducer[perses_node_priority_with_dfs_delta]: Reduce node (#leaves=1): queue=53, delete 0 tokens, ratio=55/118=46.61% 
[22:58:53] [INFO   ] Fixpoint[3]:Reducer[perses_node_priority_with_dfs_delta]: Reduce node (#leaves=1) 
[22:58:53] [INFO   ] Fixpoint[3]:Reducer[perses_node_priority_with_dfs_delta]: Reduce node (#leaves=1): queue=52, delete 0 tokens, ratio=55/118=46.61% 
[22:58:53] [INFO   ] Fixpoint[3]:Reducer[perses_node_priority_with_dfs_delta]: Reduce node (#leaves=1) 
[22:58:53] [INFO   ] Fixpoint[3]:Reducer[perses_node_priority_with_dfs_delta]: Reduce node (#leaves=1): queue=51, delete 0 tokens, ratio=55/118=46.61% 
[22:58:53] [INFO   ] Fixpoint[3]:Reducer[perses_node_priority_with_dfs_delta]: Reduce node (#leaves=1) 
[22:58:53] [INFO   ] Fixpoint[3]:Reducer[perses_node_priority_with_dfs_delta]: Reduce node (#leaves=1): queue=50, delete 0 tokens, ratio=55/118=46.61% 
[22:58:53] [INFO   ] Fixpoint[3]:Reducer[perses_node_priority_with_dfs_delta]: Reduce node (#leaves=1) 
[22:58:53] [INFO   ] Fixpoint[3]:Reducer[perses_node_priority_with_dfs_delta]: Reduce node (#leaves=1): queue=49, delete 0 tokens, ratio=55/118=46.61% 
[22:58:53] [INFO   ] Fixpoint[3]:Reducer[perses_node_priority_with_dfs_delta]: Reduce node (#leaves=1) 
[22:58:53] [INFO   ] Fixpoint[3]:Reducer[perses_node_priority_with_dfs_delta]: Reduce node (#leaves=1): queue=48, delete 0 tokens, ratio=55/118=46.61% 
[22:58:53] [INFO   ] Fixpoint[3]:Reducer[perses_node_priority_with_dfs_delta]: Reduce node (#leaves=1) 
[22:58:53] [INFO   ] Fixpoint[3]:Reducer[perses_node_priority_with_dfs_delta]: Reduce node (#leaves=1): queue=47, delete 0 tokens, ratio=55/118=46.61% 
[22:58:53] [INFO   ] Fixpoint[3]:Reducer[perses_node_priority_with_dfs_delta]: Reduce node (#leaves=1) 
[22:58:53] [INFO   ] Fixpoint[3]:Reducer[perses_node_priority_with_dfs_delta]: Reduce node (#leaves=1): queue=46, delete 0 tokens, ratio=55/118=46.61% 
[22:58:53] [INFO   ] Fixpoint[3]:Reducer[perses_node_priority_with_dfs_delta]: Reduce node (#leaves=1) 
[22:58:53] [INFO   ] Fixpoint[3]:Reducer[perses_node_priority_with_dfs_delta]: Reduce node (#leaves=1): queue=45, delete 0 tokens, ratio=55/118=46.61% 
[22:58:53] [INFO   ] Fixpoint[3]:Reducer[perses_node_priority_with_dfs_delta]: Reduce node (#leaves=1) 
[22:58:53] [INFO   ] Fixpoint[3]:Reducer[perses_node_priority_with_dfs_delta]: Reduce node (#leaves=1): queue=44, delete 0 tokens, ratio=55/118=46.61% 
[22:58:53] [INFO   ] Fixpoint[3]:Reducer[perses_node_priority_with_dfs_delta]: Reduce node (#leaves=1) 
[22:58:53] [INFO   ] Fixpoint[3]:Reducer[perses_node_priority_with_dfs_delta]: Reduce node (#leaves=1): queue=43, delete 0 tokens, ratio=55/118=46.61% 
[22:58:53] [INFO   ] Fixpoint[3]:Reducer[perses_node_priority_with_dfs_delta]: Reduce node (#leaves=1) 
[22:58:53] [INFO   ] Fixpoint[3]:Reducer[perses_node_priority_with_dfs_delta]: Reduce node (#leaves=1): queue=42, delete 0 tokens, ratio=55/118=46.61% 
[22:58:53] [INFO   ] Fixpoint[3]:Reducer[perses_node_priority_with_dfs_delta]: Reduce node (#leaves=1) 
[22:58:53] [INFO   ] Fixpoint[3]:Reducer[perses_node_priority_with_dfs_delta]: Reduce node (#leaves=1): queue=41, delete 0 tokens, ratio=55/118=46.61% 
[22:58:53] [INFO   ] Fixpoint[3]:Reducer[perses_node_priority_with_dfs_delta]: Reduce node (#leaves=1) 
[22:58:53] [INFO   ] Fixpoint[3]:Reducer[perses_node_priority_with_dfs_delta]: Reduce node (#leaves=1): queue=40, delete 0 tokens, ratio=55/118=46.61% 
[22:58:53] [INFO   ] Fixpoint[3]:Reducer[perses_node_priority_with_dfs_delta]: Reduce node (#leaves=1) 
[22:58:53] [INFO   ] Fixpoint[3]:Reducer[perses_node_priority_with_dfs_delta]: Reduce node (#leaves=1): queue=39, delete 0 tokens, ratio=55/118=46.61% 
[22:58:53] [INFO   ] Fixpoint[3]:Reducer[perses_node_priority_with_dfs_delta]: Reduce node (#leaves=1) 
[22:58:53] [INFO   ] Fixpoint[3]:Reducer[perses_node_priority_with_dfs_delta]: Reduce node (#leaves=1): queue=38, delete 0 tokens, ratio=55/118=46.61% 
[22:58:53] [INFO   ] Fixpoint[3]:Reducer[perses_node_priority_with_dfs_delta]: Reduce node (#leaves=1) 
[22:58:53] [INFO   ] Fixpoint[3]:Reducer[perses_node_priority_with_dfs_delta]: Reduce node (#leaves=1): queue=37, delete 0 tokens, ratio=55/118=46.61% 
[22:58:53] [INFO   ] Fixpoint[3]:Reducer[perses_node_priority_with_dfs_delta]: Reduce node (#leaves=1) 
[22:58:53] [INFO   ] Fixpoint[3]:Reducer[perses_node_priority_with_dfs_delta]: Reduce node (#leaves=1): queue=36, delete 0 tokens, ratio=55/118=46.61% 
[22:58:53] [INFO   ] Fixpoint[3]:Reducer[perses_node_priority_with_dfs_delta]: Reduce node (#leaves=1) 
[22:58:53] [INFO   ] Fixpoint[3]:Reducer[perses_node_priority_with_dfs_delta]: Reduce node (#leaves=1): queue=35, delete 0 tokens, ratio=55/118=46.61% 
[22:58:53] [INFO   ] Fixpoint[3]:Reducer[perses_node_priority_with_dfs_delta]: Reduce node (#leaves=1) 
[22:58:53] [INFO   ] Fixpoint[3]:Reducer[perses_node_priority_with_dfs_delta]: Reduce node (#leaves=1): queue=34, delete 0 tokens, ratio=55/118=46.61% 
[22:58:53] [INFO   ] Fixpoint[3]:Reducer[perses_node_priority_with_dfs_delta]: Reduce node (#leaves=1) 
[22:58:53] [INFO   ] Fixpoint[3]:Reducer[perses_node_priority_with_dfs_delta]: Reduce node (#leaves=1): queue=33, delete 0 tokens, ratio=55/118=46.61% 
[22:58:53] [INFO   ] Fixpoint[3]:Reducer[perses_node_priority_with_dfs_delta]: Reduce node (#leaves=1) 
[22:58:53] [INFO   ] Fixpoint[3]:Reducer[perses_node_priority_with_dfs_delta]: Reduce node (#leaves=1): queue=32, delete 0 tokens, ratio=55/118=46.61% 
[22:58:53] [INFO   ] Fixpoint[3]:Reducer[perses_node_priority_with_dfs_delta]: Reduce node (#leaves=1) 
[22:58:53] [INFO   ] Fixpoint[3]:Reducer[perses_node_priority_with_dfs_delta]: Reduce node (#leaves=1): queue=31, delete 0 tokens, ratio=55/118=46.61% 
[22:58:53] [INFO   ] Fixpoint[3]:Reducer[perses_node_priority_with_dfs_delta]: Reduce node (#leaves=1) 
[22:58:53] [INFO   ] Fixpoint[3]:Reducer[perses_node_priority_with_dfs_delta]: Reduce node (#leaves=1): queue=30, delete 0 tokens, ratio=55/118=46.61% 
[22:58:53] [INFO   ] Fixpoint[3]:Reducer[perses_node_priority_with_dfs_delta]: Reduce node (#leaves=1) 
[22:58:53] [INFO   ] Fixpoint[3]:Reducer[perses_node_priority_with_dfs_delta]: Reduce node (#leaves=1): queue=29, delete 0 tokens, ratio=55/118=46.61% 
[22:58:53] [INFO   ] Fixpoint[3]:Reducer[perses_node_priority_with_dfs_delta]: Reduce node (#leaves=1) 
[22:58:53] [INFO   ] Fixpoint[3]:Reducer[perses_node_priority_with_dfs_delta]: Reduce node (#leaves=1): queue=28, delete 0 tokens, ratio=55/118=46.61% 
[22:58:53] [INFO   ] Fixpoint[3]:Reducer[perses_node_priority_with_dfs_delta]: Reduce node (#leaves=1) 
[22:58:53] [INFO   ] Fixpoint[3]:Reducer[perses_node_priority_with_dfs_delta]: Reduce node (#leaves=1): queue=27, delete 0 tokens, ratio=55/118=46.61% 
[22:58:53] [INFO   ] Fixpoint[3]:Reducer[perses_node_priority_with_dfs_delta]: Reduce node (#leaves=1) 
[22:58:53] [INFO   ] Fixpoint[3]:Reducer[perses_node_priority_with_dfs_delta]: Reduce node (#leaves=1): queue=26, delete 0 tokens, ratio=55/118=46.61% 
[22:58:53] [INFO   ] Fixpoint[3]:Reducer[perses_node_priority_with_dfs_delta]: Reduce node (#leaves=1) 
[22:58:53] [INFO   ] Fixpoint[3]:Reducer[perses_node_priority_with_dfs_delta]: Reduce node (#leaves=1): queue=25, delete 0 tokens, ratio=55/118=46.61% 
[22:58:53] [INFO   ] Fixpoint[3]:Reducer[perses_node_priority_with_dfs_delta]: Reduce node (#leaves=1) 
[22:58:53] [INFO   ] Fixpoint[3]:Reducer[perses_node_priority_with_dfs_delta]: Reduce node (#leaves=1): queue=24, delete 0 tokens, ratio=55/118=46.61% 
[22:58:53] [INFO   ] Fixpoint[3]:Reducer[perses_node_priority_with_dfs_delta]: Reduce node (#leaves=1) 
[22:58:53] [INFO   ] Fixpoint[3]:Reducer[perses_node_priority_with_dfs_delta]: Reduce node (#leaves=1): queue=23, delete 0 tokens, ratio=55/118=46.61% 
[22:58:53] [INFO   ] Fixpoint[3]:Reducer[perses_node_priority_with_dfs_delta]: Reduce node (#leaves=1) 
[22:58:53] [INFO   ] Fixpoint[3]:Reducer[perses_node_priority_with_dfs_delta]: Reduce node (#leaves=1): queue=22, delete 0 tokens, ratio=55/118=46.61% 
[22:58:53] [INFO   ] Fixpoint[3]:Reducer[perses_node_priority_with_dfs_delta]: Reduce node (#leaves=1) 
[22:58:53] [INFO   ] Fixpoint[3]:Reducer[perses_node_priority_with_dfs_delta]: Reduce node (#leaves=1): queue=21, delete 0 tokens, ratio=55/118=46.61% 
[22:58:53] [INFO   ] Fixpoint[3]:Reducer[perses_node_priority_with_dfs_delta]: Reduce node (#leaves=1) 
[22:58:53] [INFO   ] Fixpoint[3]:Reducer[perses_node_priority_with_dfs_delta]: Reduce node (#leaves=1): queue=20, delete 0 tokens, ratio=55/118=46.61% 
[22:58:53] [INFO   ] Fixpoint[3]:Reducer[perses_node_priority_with_dfs_delta]: Reduce node (#leaves=1) 
[22:58:53] [INFO   ] Fixpoint[3]:Reducer[perses_node_priority_with_dfs_delta]: Reduce node (#leaves=1): queue=19, delete 0 tokens, ratio=55/118=46.61% 
[22:58:53] [INFO   ] Fixpoint[3]:Reducer[perses_node_priority_with_dfs_delta]: Reduce node (#leaves=1) 
[22:58:53] [INFO   ] Fixpoint[3]:Reducer[perses_node_priority_with_dfs_delta]: Reduce node (#leaves=1): queue=18, delete 0 tokens, ratio=55/118=46.61% 
[22:58:53] [INFO   ] Fixpoint[3]:Reducer[perses_node_priority_with_dfs_delta]: Reduce node (#leaves=1) 
[22:58:53] [INFO   ] Fixpoint[3]:Reducer[perses_node_priority_with_dfs_delta]: Reduce node (#leaves=1): queue=17, delete 0 tokens, ratio=55/118=46.61% 
[22:58:53] [INFO   ] Fixpoint[3]:Reducer[perses_node_priority_with_dfs_delta]: Reduce node (#leaves=1) 
[22:58:53] [INFO   ] Fixpoint[3]:Reducer[perses_node_priority_with_dfs_delta]: Reduce node (#leaves=1): queue=16, delete 0 tokens, ratio=55/118=46.61% 
[22:58:53] [INFO   ] Fixpoint[3]:Reducer[perses_node_priority_with_dfs_delta]: Reduce node (#leaves=1) 
[22:58:53] [INFO   ] Fixpoint[3]:Reducer[perses_node_priority_with_dfs_delta]: Reduce node (#leaves=1): queue=15, delete 0 tokens, ratio=55/118=46.61% 
[22:58:53] [INFO   ] Fixpoint[3]:Reducer[perses_node_priority_with_dfs_delta]: Reduce node (#leaves=1) 
[22:58:53] [INFO   ] Fixpoint[3]:Reducer[perses_node_priority_with_dfs_delta]: Reduce node (#leaves=1): queue=14, delete 0 tokens, ratio=55/118=46.61% 
[22:58:53] [INFO   ] Fixpoint[3]:Reducer[perses_node_priority_with_dfs_delta]: Reduce node (#leaves=1) 
[22:58:53] [INFO   ] Fixpoint[3]:Reducer[perses_node_priority_with_dfs_delta]: Reduce node (#leaves=1): queue=13, delete 0 tokens, ratio=55/118=46.61% 
[22:58:53] [INFO   ] Fixpoint[3]:Reducer[perses_node_priority_with_dfs_delta]: Reduce node (#leaves=1) 
[22:58:53] [INFO   ] Fixpoint[3]:Reducer[perses_node_priority_with_dfs_delta]: Reduce node (#leaves=1): queue=12, delete 0 tokens, ratio=55/118=46.61% 
[22:58:53] [INFO   ] Fixpoint[3]:Reducer[perses_node_priority_with_dfs_delta]: Reduce node (#leaves=1) 
[22:58:53] [INFO   ] Fixpoint[3]:Reducer[perses_node_priority_with_dfs_delta]: Reduce node (#leaves=1): queue=11, delete 0 tokens, ratio=55/118=46.61% 
[22:58:53] [INFO   ] Fixpoint[3]:Reducer[perses_node_priority_with_dfs_delta]: Reduce node (#leaves=1) 
[22:58:53] [INFO   ] Fixpoint[3]:Reducer[perses_node_priority_with_dfs_delta]: Reduce node (#leaves=1): queue=10, delete 0 tokens, ratio=55/118=46.61% 
[22:58:53] [INFO   ] Fixpoint[3]:Reducer[perses_node_priority_with_dfs_delta]: Reduce node (#leaves=1) 
[22:58:53] [INFO   ] Fixpoint[3]:Reducer[perses_node_priority_with_dfs_delta]: Reduce node (#leaves=1): queue=9, delete 0 tokens, ratio=55/118=46.61% 
[22:58:53] [INFO   ] Fixpoint[3]:Reducer[perses_node_priority_with_dfs_delta]: Reduce node (#leaves=1) 
[22:58:53] [INFO   ] Fixpoint[3]:Reducer[perses_node_priority_with_dfs_delta]: Reduce node (#leaves=1): queue=8, delete 0 tokens, ratio=55/118=46.61% 
[22:58:53] [INFO   ] Fixpoint[3]:Reducer[perses_node_priority_with_dfs_delta]: Reduce node (#leaves=1) 
[22:58:53] [INFO   ] Fixpoint[3]:Reducer[perses_node_priority_with_dfs_delta]: Reduce node (#leaves=1): queue=7, delete 0 tokens, ratio=55/118=46.61% 
[22:58:53] [INFO   ] Fixpoint[3]:Reducer[perses_node_priority_with_dfs_delta]: Reduce node (#leaves=1) 
[22:58:53] [INFO   ] Fixpoint[3]:Reducer[perses_node_priority_with_dfs_delta]: Reduce node (#leaves=1): queue=6, delete 0 tokens, ratio=55/118=46.61% 
[22:58:53] [INFO   ] Fixpoint[3]:Reducer[perses_node_priority_with_dfs_delta]: Reduce node (#leaves=1) 
[22:58:53] [INFO   ] Fixpoint[3]:Reducer[perses_node_priority_with_dfs_delta]: Reduce node (#leaves=1): queue=5, delete 0 tokens, ratio=55/118=46.61% 
[22:58:53] [INFO   ] Fixpoint[3]:Reducer[perses_node_priority_with_dfs_delta]: Reduce node (#leaves=1) 
[22:58:53] [INFO   ] Fixpoint[3]:Reducer[perses_node_priority_with_dfs_delta]: Reduce node (#leaves=1): queue=4, delete 0 tokens, ratio=55/118=46.61% 
[22:58:53] [INFO   ] Fixpoint[3]:Reducer[perses_node_priority_with_dfs_delta]: Reduce node (#leaves=1) 
[22:58:53] [INFO   ] Fixpoint[3]:Reducer[perses_node_priority_with_dfs_delta]: Reduce node (#leaves=1): queue=3, delete 0 tokens, ratio=55/118=46.61% 
[22:58:53] [INFO   ] Fixpoint[3]:Reducer[perses_node_priority_with_dfs_delta]: Reduce node (#leaves=1) 
[22:58:53] [INFO   ] Fixpoint[3]:Reducer[perses_node_priority_with_dfs_delta]: Reduce node (#leaves=1): queue=2, delete 0 tokens, ratio=55/118=46.61% 
[22:58:53] [INFO   ] Fixpoint[3]:Reducer[perses_node_priority_with_dfs_delta]: Reduce node (#leaves=1) 
[22:58:53] [INFO   ] Fixpoint[3]:Reducer[perses_node_priority_with_dfs_delta]: Reduce node (#leaves=1): queue=1, delete 0 tokens, ratio=55/118=46.61% 
[22:58:53] [INFO   ] Fixpoint[3]:Reducer[perses_node_priority_with_dfs_delta]: Reduce node (#leaves=1) 
[22:58:53] [INFO   ] Fixpoint[3]:Reducer[perses_node_priority_with_dfs_delta]: Reduce node (#leaves=1): queue=0, delete 0 tokens, ratio=55/118=46.61% 
[22:58:53] [INFO   ] Fixpoint[3]:Reducer[perses_node_priority_with_dfs_delta]: Fixpoint iteration finished, delete 0 tokens, ratio=55/118=46.61% 
[22:58:53] [INFO   ] Reduction ended at 22:58:53 2025/08/04 
[22:58:53] [INFO   ] Elapsed time is 67 seconds (1 minute 7 seconds) 
[22:58:53] [INFO   ] Removed 63 token(s). Reduction ratio is 55/118=46.61% 
[22:58:53] [INFO   ] Test script execution count: 136 
