[23:13:33] [INFO   ] The command-line options are: --append-to-progress-dump-file "true" --call-creduce "false" --call-formatter "false" --creduce-cmd "creduce" --default-delta-debugger-for-kleene "DFS" --deps "[]" --edit-caching "true" --enable-lightweight-refreshing "true" --enable-line-slicer "false" --enable-lpr "false" --enable-token-slicer "false" --enable-trec "false" --enable-tree-slicer "false" --enable-vulcan "false" --fixpoint "true" --format-cmd "" --help "false" --input-file "/Users/artemancikov/Desktop/practical work/try1/reducer/final_replace/iter_6/Main.java" --lang "" --language-ext-jars "[]" --list-algs "false" --list-langs "false" --list-parser-facades "false" --list-verbosity-levels "false" --lpr-fixpoint "false" --max-bfs-depth-for-regular-rule-node "5" --max-edit-count-for-regular-rule-node "100" --non-deletion-iteration-limit "10" --on-demand-coarse-grit-reducer-annotations "[]" --on-demand-fine-grit-reducer-annotations "[]" --on-demand-medium-grit-reducer-annotations "[]" --parser-facade-class-name "" --pass-level-caching "false" --query-cache-refresh-threshold "0" --query-cache-type "CONTENT_SHA512" --query-caching "AUTO" --reparse-each-iteration "true" --script-execution-keep-waiting-after-timeout "true" --script-execution-timeout-in-seconds "600" --stop-at-first-compatible-child-for-regular-rule-node "false" --test-script "/Users/artemancikov/Desktop/practical work/try1/reducer/final_replace/iter_6/run2.sh" --threads "auto" --verbosity "INFO" --version "false" --vulcan-fixpoint "false" --window-size "4" 
[23:13:34] [SEVERE ] Failed to load the class of the parser facade org.perses.grammar.sql.tidb.TiDBParserFacade for LanguageTiDB{name=tidb, extensions=[tidb], defaultCodeFormatControl=COMPACT_ORIG_FORMAT}
org.perses.grammar.sql.tidb.TiDBParserFacade 
[23:13:34] [INFO   ] Tree Building: Start building spar-tree from input file SourceFile{file=FilePathWithContent{file=/Users/artemancikov/Desktop/practical work/try1/reducer/final_replace/iter_6/Main.java}, lang=LanguageJava{name=java, extensions=[java], defaultCodeFormatControl=SINGLE_TOKEN_PER_LINE}} 
[23:13:34] [INFO   ] Tree Building: Step 1: Antlr parsing. 
[23:13:35] [INFO   ] Tree Building: Step 2: Converting parse tree to spar-tree 
[23:13:35] [INFO   ] Tree Building: Step 3: Simplifying spar-tree 
[23:13:35] [INFO   ] Tree Building: Finished in TimeSpan{startMillis=1754342014308, endMillis=1754342015096, formatted=0 seconds} 
[23:13:35] [INFO   ] The reduction process started at 23:13:35 2025/08/04 
[23:13:35] [INFO   ] Cache setting: query-caching=enabled, edit-caching=enabled, query-cache=content_sha512 
[23:13:35] [INFO   ] Reduction Started at 23:13:35 2025/08/04 
[23:13:35] [INFO   ] The sanity check result is: PassingSanityCheckResult 
[23:13:35] [INFO   ] The number of lexemes in the token factory is is 176 
[23:13:35] [INFO   ] Reduction algorithm is perses_node_priority_with_dfs_delta 
[23:13:35] [INFO   ] perses_node_priority_with_dfs_delta started at 23:13:35 2025/08/04. #tokens=1080 
[23:13:35] [INFO   ] Fixpoint[1]:Reducer[perses_node_priority_with_dfs_delta]: New fixpoint iteration started. #Tokens=1080 
[23:13:35] [INFO   ] Fixpoint[1]:Reducer[perses_node_priority_with_dfs_delta]: Reduce node (#leaves=1075) 
[23:13:37] [INFO   ] Fixpoint[1]:Reducer[perses_node_priority_with_dfs_delta]: New minimal, delete 52 tokens, ratio=1028/1080=95.19% 
[23:13:38] [INFO   ] Fixpoint[1]:Reducer[perses_node_priority_with_dfs_delta]: New minimal, delete 99 tokens, ratio=929/1080=86.02% 
[23:13:39] [INFO   ] Fixpoint[1]:Reducer[perses_node_priority_with_dfs_delta]: New minimal, delete 116 tokens, ratio=813/1080=75.28% 
[23:13:43] [INFO   ] Fixpoint[1]:Reducer[perses_node_priority_with_dfs_delta]: New minimal, delete 22 tokens, ratio=791/1080=73.24% 
[23:13:44] [INFO   ] Fixpoint[1]:Reducer[perses_node_priority_with_dfs_delta]: New minimal, delete 328 tokens, ratio=463/1080=42.87% 
[23:13:44] [INFO   ] Fixpoint[1]:Reducer[perses_node_priority_with_dfs_delta]: Reduce node (#leaves=1075): queue=1, delete 617 tokens, ratio=463/1080=42.87% 
[23:13:44] [INFO   ] Fixpoint[1]:Reducer[perses_node_priority_with_dfs_delta]: Reduce node (#leaves=108) 
[23:13:44] [INFO   ] Fixpoint[1]:Reducer[perses_node_priority_with_dfs_delta]: Reduce node (#leaves=108): queue=10, delete 0 tokens, ratio=463/1080=42.87% 
[23:13:44] [INFO   ] Fixpoint[1]:Reducer[perses_node_priority_with_dfs_delta]: Reduce node (#leaves=94) 
[23:13:44] [INFO   ] Fixpoint[1]:Reducer[perses_node_priority_with_dfs_delta]: Reduce node (#leaves=94): queue=15, delete 0 tokens, ratio=463/1080=42.87% 
[23:13:44] [INFO   ] Fixpoint[1]:Reducer[perses_node_priority_with_dfs_delta]: Reduce node (#leaves=93) 
[23:13:44] [INFO   ] Fixpoint[1]:Reducer[perses_node_priority_with_dfs_delta]: Reduce node (#leaves=93): queue=17, delete 0 tokens, ratio=463/1080=42.87% 
[23:13:44] [INFO   ] Fixpoint[1]:Reducer[perses_node_priority_with_dfs_delta]: Reduce node (#leaves=92) 
[23:13:47] [INFO   ] Fixpoint[1]:Reducer[perses_node_priority_with_dfs_delta]: Reduce node (#leaves=92): queue=20, delete 0 tokens, ratio=463/1080=42.87% 
[23:13:47] [INFO   ] Fixpoint[1]:Reducer[perses_node_priority_with_dfs_delta]: Reduce node (#leaves=90) 
[23:13:47] [INFO   ] Fixpoint[1]:Reducer[perses_node_priority_with_dfs_delta]: Reduce node (#leaves=90): queue=24, delete 0 tokens, ratio=463/1080=42.87% 
[23:13:47] [INFO   ] Fixpoint[1]:Reducer[perses_node_priority_with_dfs_delta]: Reduce node (#leaves=88) 
[23:13:47] [INFO   ] Fixpoint[1]:Reducer[perses_node_priority_with_dfs_delta]: New minimal, delete 88 tokens, ratio=375/1080=34.72% 
[23:13:47] [INFO   ] Fixpoint[1]:Reducer[perses_node_priority_with_dfs_delta]: Reduce node (#leaves=88): queue=26, delete 88 tokens, ratio=375/1080=34.72% 
[23:13:47] [INFO   ] Fixpoint[1]:Reducer[perses_node_priority_with_dfs_delta]: Reduce node (#leaves=65) 
[23:13:47] [INFO   ] Fixpoint[1]:Reducer[perses_node_priority_with_dfs_delta]: New minimal, delete 65 tokens, ratio=310/1080=28.70% 
[23:13:47] [INFO   ] Fixpoint[1]:Reducer[perses_node_priority_with_dfs_delta]: Reduce node (#leaves=65): queue=25, delete 65 tokens, ratio=310/1080=28.70% 
[23:13:47] [INFO   ] Fixpoint[1]:Reducer[perses_node_priority_with_dfs_delta]: Reduce node (#leaves=61) 
[23:13:48] [INFO   ] Fixpoint[1]:Reducer[perses_node_priority_with_dfs_delta]: Reduce node (#leaves=61): queue=24, delete 0 tokens, ratio=310/1080=28.70% 
[23:13:48] [INFO   ] Fixpoint[1]:Reducer[perses_node_priority_with_dfs_delta]: Reduce node (#leaves=59) 
[23:13:48] [INFO   ] Fixpoint[1]:Reducer[perses_node_priority_with_dfs_delta]: New minimal, delete 59 tokens, ratio=251/1080=23.24% 
[23:13:48] [INFO   ] Fixpoint[1]:Reducer[perses_node_priority_with_dfs_delta]: Reduce node (#leaves=59): queue=27, delete 59 tokens, ratio=251/1080=23.24% 
[23:13:48] [INFO   ] Fixpoint[1]:Reducer[perses_node_priority_with_dfs_delta]: Reduce node (#leaves=58) 
[23:13:48] [INFO   ] Fixpoint[1]:Reducer[perses_node_priority_with_dfs_delta]: Reduce node (#leaves=58): queue=26, delete 0 tokens, ratio=251/1080=23.24% 
[23:13:48] [INFO   ] Fixpoint[1]:Reducer[perses_node_priority_with_dfs_delta]: Reduce node (#leaves=56) 
[23:13:48] [INFO   ] Fixpoint[1]:Reducer[perses_node_priority_with_dfs_delta]: New minimal, delete 56 tokens, ratio=195/1080=18.06% 
[23:13:48] [INFO   ] Fixpoint[1]:Reducer[perses_node_priority_with_dfs_delta]: Reduce node (#leaves=56): queue=28, delete 56 tokens, ratio=195/1080=18.06% 
[23:13:48] [INFO   ] Fixpoint[1]:Reducer[perses_node_priority_with_dfs_delta]: Reduce node (#leaves=48) 
[23:13:49] [INFO   ] Fixpoint[1]:Reducer[perses_node_priority_with_dfs_delta]: Reduce node (#leaves=48): queue=27, delete 0 tokens, ratio=195/1080=18.06% 
[23:13:49] [INFO   ] Fixpoint[1]:Reducer[perses_node_priority_with_dfs_delta]: Reduce node (#leaves=39) 
[23:13:49] [INFO   ] Fixpoint[1]:Reducer[perses_node_priority_with_dfs_delta]: Reduce node (#leaves=39): queue=29, delete 0 tokens, ratio=195/1080=18.06% 
[23:13:49] [INFO   ] Fixpoint[1]:Reducer[perses_node_priority_with_dfs_delta]: Reduce node (#leaves=27) 
[23:13:49] [INFO   ] Fixpoint[1]:Reducer[perses_node_priority_with_dfs_delta]: New minimal, delete 27 tokens, ratio=168/1080=15.56% 
[23:13:49] [INFO   ] Fixpoint[1]:Reducer[perses_node_priority_with_dfs_delta]: Reduce node (#leaves=27): queue=32, delete 27 tokens, ratio=168/1080=15.56% 
[23:13:49] [INFO   ] Fixpoint[1]:Reducer[perses_node_priority_with_dfs_delta]: Reduce node (#leaves=21) 
[23:13:49] [INFO   ] Fixpoint[1]:Reducer[perses_node_priority_with_dfs_delta]: New minimal, delete 21 tokens, ratio=147/1080=13.61% 
[23:13:49] [INFO   ] Fixpoint[1]:Reducer[perses_node_priority_with_dfs_delta]: Reduce node (#leaves=21): queue=31, delete 21 tokens, ratio=147/1080=13.61% 
[23:13:49] [INFO   ] Fixpoint[1]:Reducer[perses_node_priority_with_dfs_delta]: Reduce node (#leaves=19) 
[23:13:49] [INFO   ] Fixpoint[1]:Reducer[perses_node_priority_with_dfs_delta]: Reduce node (#leaves=19): queue=30, delete 0 tokens, ratio=147/1080=13.61% 
[23:13:49] [INFO   ] Fixpoint[1]:Reducer[perses_node_priority_with_dfs_delta]: Reduce node (#leaves=19) 
[23:13:49] [INFO   ] Fixpoint[1]:Reducer[perses_node_priority_with_dfs_delta]: Reduce node (#leaves=19): queue=30, delete 0 tokens, ratio=147/1080=13.61% 
[23:13:49] [INFO   ] Fixpoint[1]:Reducer[perses_node_priority_with_dfs_delta]: Reduce node (#leaves=18) 
[23:13:50] [INFO   ] Fixpoint[1]:Reducer[perses_node_priority_with_dfs_delta]: New minimal, delete 18 tokens, ratio=129/1080=11.94% 
[23:13:50] [INFO   ] Fixpoint[1]:Reducer[perses_node_priority_with_dfs_delta]: Reduce node (#leaves=18): queue=32, delete 18 tokens, ratio=129/1080=11.94% 
[23:13:50] [INFO   ] Fixpoint[1]:Reducer[perses_node_priority_with_dfs_delta]: Reduce node (#leaves=17) 
[23:13:50] [INFO   ] Fixpoint[1]:Reducer[perses_node_priority_with_dfs_delta]: New minimal, delete 17 tokens, ratio=112/1080=10.37% 
[23:13:50] [INFO   ] Fixpoint[1]:Reducer[perses_node_priority_with_dfs_delta]: Reduce node (#leaves=17): queue=31, delete 17 tokens, ratio=112/1080=10.37% 
[23:13:50] [INFO   ] Fixpoint[1]:Reducer[perses_node_priority_with_dfs_delta]: Reduce node (#leaves=17) 
[23:13:50] [INFO   ] Fixpoint[1]:Reducer[perses_node_priority_with_dfs_delta]: Reduce node (#leaves=17): queue=30, delete 0 tokens, ratio=112/1080=10.37% 
[23:13:50] [INFO   ] Fixpoint[1]:Reducer[perses_node_priority_with_dfs_delta]: Reduce node (#leaves=15) 
[23:13:50] [INFO   ] Fixpoint[1]:Reducer[perses_node_priority_with_dfs_delta]: Reduce node (#leaves=15): queue=32, delete 0 tokens, ratio=112/1080=10.37% 
[23:13:50] [INFO   ] Fixpoint[1]:Reducer[perses_node_priority_with_dfs_delta]: Reduce node (#leaves=15) 
[23:13:51] [INFO   ] Fixpoint[1]:Reducer[perses_node_priority_with_dfs_delta]: New minimal, delete 11 tokens, ratio=101/1080=9.35% 
[23:13:51] [INFO   ] Fixpoint[1]:Reducer[perses_node_priority_with_dfs_delta]: Reduce node (#leaves=15): queue=32, delete 11 tokens, ratio=101/1080=9.35% 
[23:13:51] [INFO   ] Fixpoint[1]:Reducer[perses_node_priority_with_dfs_delta]: Reduce node (#leaves=15) 
[23:13:51] [INFO   ] Fixpoint[1]:Reducer[perses_node_priority_with_dfs_delta]: New minimal, delete 15 tokens, ratio=86/1080=7.96% 
[23:13:51] [INFO   ] Fixpoint[1]:Reducer[perses_node_priority_with_dfs_delta]: Reduce node (#leaves=15): queue=32, delete 15 tokens, ratio=86/1080=7.96% 
[23:13:51] [INFO   ] Fixpoint[1]:Reducer[perses_node_priority_with_dfs_delta]: Reduce node (#leaves=13) 
[23:13:52] [INFO   ] Fixpoint[1]:Reducer[perses_node_priority_with_dfs_delta]: Reduce node (#leaves=13): queue=31, delete 0 tokens, ratio=86/1080=7.96% 
[23:13:52] [INFO   ] Fixpoint[1]:Reducer[perses_node_priority_with_dfs_delta]: Reduce node (#leaves=11) 
[23:13:52] [INFO   ] Fixpoint[1]:Reducer[perses_node_priority_with_dfs_delta]: New minimal, delete 11 tokens, ratio=75/1080=6.94% 
[23:13:52] [INFO   ] Fixpoint[1]:Reducer[perses_node_priority_with_dfs_delta]: Reduce node (#leaves=11): queue=34, delete 11 tokens, ratio=75/1080=6.94% 
[23:13:52] [INFO   ] Fixpoint[1]:Reducer[perses_node_priority_with_dfs_delta]: Reduce node (#leaves=9) 
[23:13:52] [INFO   ] Fixpoint[1]:Reducer[perses_node_priority_with_dfs_delta]: Reduce node (#leaves=9): queue=33, delete 0 tokens, ratio=75/1080=6.94% 
[23:13:52] [INFO   ] Fixpoint[1]:Reducer[perses_node_priority_with_dfs_delta]: Reduce node (#leaves=9) 
[23:13:52] [INFO   ] Fixpoint[1]:Reducer[perses_node_priority_with_dfs_delta]: New minimal, delete 9 tokens, ratio=66/1080=6.11% 
[23:13:52] [INFO   ] Fixpoint[1]:Reducer[perses_node_priority_with_dfs_delta]: Reduce node (#leaves=9): queue=35, delete 9 tokens, ratio=66/1080=6.11% 
[23:13:52] [INFO   ] Fixpoint[1]:Reducer[perses_node_priority_with_dfs_delta]: Reduce node (#leaves=8) 
[23:13:52] [INFO   ] Fixpoint[1]:Reducer[perses_node_priority_with_dfs_delta]: Reduce node (#leaves=8): queue=34, delete 0 tokens, ratio=66/1080=6.11% 
[23:13:52] [INFO   ] Fixpoint[1]:Reducer[perses_node_priority_with_dfs_delta]: Reduce node (#leaves=7) 
[23:13:53] [INFO   ] Fixpoint[1]:Reducer[perses_node_priority_with_dfs_delta]: New minimal, delete 7 tokens, ratio=59/1080=5.46% 
[23:13:53] [INFO   ] Fixpoint[1]:Reducer[perses_node_priority_with_dfs_delta]: Reduce node (#leaves=7): queue=37, delete 7 tokens, ratio=59/1080=5.46% 
[23:13:53] [INFO   ] Fixpoint[1]:Reducer[perses_node_priority_with_dfs_delta]: Reduce node (#leaves=5) 
[23:13:53] [INFO   ] Fixpoint[1]:Reducer[perses_node_priority_with_dfs_delta]: New minimal, delete 5 tokens, ratio=54/1080=5.00% 
[23:13:53] [INFO   ] Fixpoint[1]:Reducer[perses_node_priority_with_dfs_delta]: Reduce node (#leaves=5): queue=36, delete 5 tokens, ratio=54/1080=5.00% 
[23:13:53] [INFO   ] Fixpoint[1]:Reducer[perses_node_priority_with_dfs_delta]: Reduce node (#leaves=5) 
[23:13:53] [INFO   ] Fixpoint[1]:Reducer[perses_node_priority_with_dfs_delta]: New minimal, delete 5 tokens, ratio=49/1080=4.54% 
[23:13:53] [INFO   ] Fixpoint[1]:Reducer[perses_node_priority_with_dfs_delta]: Reduce node (#leaves=5): queue=35, delete 5 tokens, ratio=49/1080=4.54% 
[23:13:53] [INFO   ] Fixpoint[1]:Reducer[perses_node_priority_with_dfs_delta]: Reduce node (#leaves=4) 
[23:13:53] [INFO   ] Fixpoint[1]:Reducer[perses_node_priority_with_dfs_delta]: Reduce node (#leaves=4): queue=34, delete 0 tokens, ratio=49/1080=4.54% 
[23:13:53] [INFO   ] Fixpoint[1]:Reducer[perses_node_priority_with_dfs_delta]: Reduce node (#leaves=4) 
[23:13:54] [INFO   ] Fixpoint[1]:Reducer[perses_node_priority_with_dfs_delta]: New minimal, delete 4 tokens, ratio=45/1080=4.17% 
[23:13:54] [INFO   ] Fixpoint[1]:Reducer[perses_node_priority_with_dfs_delta]: Reduce node (#leaves=4): queue=36, delete 4 tokens, ratio=45/1080=4.17% 
[23:13:54] [INFO   ] Fixpoint[1]:Reducer[perses_node_priority_with_dfs_delta]: Reduce node (#leaves=4) 
[23:13:54] [INFO   ] Fixpoint[1]:Reducer[perses_node_priority_with_dfs_delta]: New minimal, delete 4 tokens, ratio=41/1080=3.80% 
[23:13:54] [INFO   ] Fixpoint[1]:Reducer[perses_node_priority_with_dfs_delta]: Reduce node (#leaves=4): queue=35, delete 4 tokens, ratio=41/1080=3.80% 
[23:13:54] [INFO   ] Fixpoint[1]:Reducer[perses_node_priority_with_dfs_delta]: Reduce node (#leaves=4) 
[23:13:54] [INFO   ] Fixpoint[1]:Reducer[perses_node_priority_with_dfs_delta]: Reduce node (#leaves=4): queue=34, delete 0 tokens, ratio=41/1080=3.80% 
[23:13:54] [INFO   ] Fixpoint[1]:Reducer[perses_node_priority_with_dfs_delta]: Reduce node (#leaves=3) 
[23:13:54] [INFO   ] Fixpoint[1]:Reducer[perses_node_priority_with_dfs_delta]: Reduce node (#leaves=3): queue=35, delete 0 tokens, ratio=41/1080=3.80% 
[23:13:54] [INFO   ] Fixpoint[1]:Reducer[perses_node_priority_with_dfs_delta]: Reduce node (#leaves=2) 
[23:13:54] [INFO   ] Fixpoint[1]:Reducer[perses_node_priority_with_dfs_delta]: Reduce node (#leaves=2): queue=37, delete 0 tokens, ratio=41/1080=3.80% 
[23:13:54] [INFO   ] Fixpoint[1]:Reducer[perses_node_priority_with_dfs_delta]: Reduce node (#leaves=2) 
[23:13:55] [INFO   ] Fixpoint[1]:Reducer[perses_node_priority_with_dfs_delta]: New minimal, delete 2 tokens, ratio=39/1080=3.61% 
[23:13:55] [INFO   ] Fixpoint[1]:Reducer[perses_node_priority_with_dfs_delta]: Reduce node (#leaves=2): queue=38, delete 2 tokens, ratio=39/1080=3.61% 
[23:13:55] [INFO   ] Fixpoint[1]:Reducer[perses_node_priority_with_dfs_delta]: Reduce node (#leaves=2) 
[23:13:55] [INFO   ] Fixpoint[1]:Reducer[perses_node_priority_with_dfs_delta]: New minimal, delete 2 tokens, ratio=37/1080=3.43% 
[23:13:55] [INFO   ] Fixpoint[1]:Reducer[perses_node_priority_with_dfs_delta]: Reduce node (#leaves=2): queue=37, delete 2 tokens, ratio=37/1080=3.43% 
[23:13:55] [INFO   ] Fixpoint[1]:Reducer[perses_node_priority_with_dfs_delta]: Reduce node (#leaves=1) 
[23:13:55] [INFO   ] Fixpoint[1]:Reducer[perses_node_priority_with_dfs_delta]: Reduce node (#leaves=1): queue=36, delete 0 tokens, ratio=37/1080=3.43% 
[23:13:55] [INFO   ] Fixpoint[1]:Reducer[perses_node_priority_with_dfs_delta]: Reduce node (#leaves=1) 
[23:13:55] [INFO   ] Fixpoint[1]:Reducer[perses_node_priority_with_dfs_delta]: Reduce node (#leaves=1): queue=35, delete 0 tokens, ratio=37/1080=3.43% 
[23:13:55] [INFO   ] Fixpoint[1]:Reducer[perses_node_priority_with_dfs_delta]: Reduce node (#leaves=1) 
[23:13:55] [INFO   ] Fixpoint[1]:Reducer[perses_node_priority_with_dfs_delta]: Reduce node (#leaves=1): queue=34, delete 0 tokens, ratio=37/1080=3.43% 
[23:13:55] [INFO   ] Fixpoint[1]:Reducer[perses_node_priority_with_dfs_delta]: Reduce node (#leaves=1) 
[23:13:55] [INFO   ] Fixpoint[1]:Reducer[perses_node_priority_with_dfs_delta]: Reduce node (#leaves=1): queue=33, delete 0 tokens, ratio=37/1080=3.43% 
[23:13:55] [INFO   ] Fixpoint[1]:Reducer[perses_node_priority_with_dfs_delta]: Reduce node (#leaves=1) 
[23:13:55] [INFO   ] Fixpoint[1]:Reducer[perses_node_priority_with_dfs_delta]: New minimal, delete 1 tokens, ratio=36/1080=3.33% 
[23:13:55] [INFO   ] Fixpoint[1]:Reducer[perses_node_priority_with_dfs_delta]: Reduce node (#leaves=1): queue=32, delete 1 tokens, ratio=36/1080=3.33% 
[23:13:55] [INFO   ] Fixpoint[1]:Reducer[perses_node_priority_with_dfs_delta]: Reduce node (#leaves=1) 
[23:13:55] [INFO   ] Fixpoint[1]:Reducer[perses_node_priority_with_dfs_delta]: Reduce node (#leaves=1): queue=31, delete 0 tokens, ratio=36/1080=3.33% 
[23:13:55] [INFO   ] Fixpoint[1]:Reducer[perses_node_priority_with_dfs_delta]: Reduce node (#leaves=1) 
[23:13:55] [INFO   ] Fixpoint[1]:Reducer[perses_node_priority_with_dfs_delta]: Reduce node (#leaves=1): queue=30, delete 0 tokens, ratio=36/1080=3.33% 
[23:13:55] [INFO   ] Fixpoint[1]:Reducer[perses_node_priority_with_dfs_delta]: Reduce node (#leaves=1) 
[23:13:55] [INFO   ] Fixpoint[1]:Reducer[perses_node_priority_with_dfs_delta]: Reduce node (#leaves=1): queue=29, delete 0 tokens, ratio=36/1080=3.33% 
[23:13:55] [INFO   ] Fixpoint[1]:Reducer[perses_node_priority_with_dfs_delta]: Reduce node (#leaves=1) 
[23:13:55] [INFO   ] Fixpoint[1]:Reducer[perses_node_priority_with_dfs_delta]: Reduce node (#leaves=1): queue=28, delete 0 tokens, ratio=36/1080=3.33% 
[23:13:55] [INFO   ] Fixpoint[1]:Reducer[perses_node_priority_with_dfs_delta]: Reduce node (#leaves=1) 
[23:13:55] [INFO   ] Fixpoint[1]:Reducer[perses_node_priority_with_dfs_delta]: Reduce node (#leaves=1): queue=27, delete 0 tokens, ratio=36/1080=3.33% 
[23:13:55] [INFO   ] Fixpoint[1]:Reducer[perses_node_priority_with_dfs_delta]: Reduce node (#leaves=1) 
[23:13:55] [INFO   ] Fixpoint[1]:Reducer[perses_node_priority_with_dfs_delta]: Reduce node (#leaves=1): queue=26, delete 0 tokens, ratio=36/1080=3.33% 
[23:13:55] [INFO   ] Fixpoint[1]:Reducer[perses_node_priority_with_dfs_delta]: Reduce node (#leaves=1) 
[23:13:55] [INFO   ] Fixpoint[1]:Reducer[perses_node_priority_with_dfs_delta]: Reduce node (#leaves=1): queue=25, delete 0 tokens, ratio=36/1080=3.33% 
[23:13:55] [INFO   ] Fixpoint[1]:Reducer[perses_node_priority_with_dfs_delta]: Reduce node (#leaves=1) 
[23:13:55] [INFO   ] Fixpoint[1]:Reducer[perses_node_priority_with_dfs_delta]: Reduce node (#leaves=1): queue=24, delete 0 tokens, ratio=36/1080=3.33% 
[23:13:55] [INFO   ] Fixpoint[1]:Reducer[perses_node_priority_with_dfs_delta]: Reduce node (#leaves=1) 
[23:13:55] [INFO   ] Fixpoint[1]:Reducer[perses_node_priority_with_dfs_delta]: Reduce node (#leaves=1): queue=23, delete 0 tokens, ratio=36/1080=3.33% 
[23:13:55] [INFO   ] Fixpoint[1]:Reducer[perses_node_priority_with_dfs_delta]: Reduce node (#leaves=1) 
[23:13:55] [INFO   ] Fixpoint[1]:Reducer[perses_node_priority_with_dfs_delta]: Reduce node (#leaves=1): queue=22, delete 0 tokens, ratio=36/1080=3.33% 
[23:13:55] [INFO   ] Fixpoint[1]:Reducer[perses_node_priority_with_dfs_delta]: Reduce node (#leaves=1) 
[23:13:55] [INFO   ] Fixpoint[1]:Reducer[perses_node_priority_with_dfs_delta]: Reduce node (#leaves=1): queue=21, delete 0 tokens, ratio=36/1080=3.33% 
[23:13:55] [INFO   ] Fixpoint[1]:Reducer[perses_node_priority_with_dfs_delta]: Reduce node (#leaves=1) 
[23:13:55] [INFO   ] Fixpoint[1]:Reducer[perses_node_priority_with_dfs_delta]: Reduce node (#leaves=1): queue=20, delete 0 tokens, ratio=36/1080=3.33% 
[23:13:55] [INFO   ] Fixpoint[1]:Reducer[perses_node_priority_with_dfs_delta]: Reduce node (#leaves=1) 
[23:13:55] [INFO   ] Fixpoint[1]:Reducer[perses_node_priority_with_dfs_delta]: New minimal, delete 1 tokens, ratio=35/1080=3.24% 
[23:13:55] [INFO   ] Fixpoint[1]:Reducer[perses_node_priority_with_dfs_delta]: Reduce node (#leaves=1): queue=19, delete 1 tokens, ratio=35/1080=3.24% 
[23:13:55] [INFO   ] Fixpoint[1]:Reducer[perses_node_priority_with_dfs_delta]: Reduce node (#leaves=1) 
[23:13:55] [INFO   ] Fixpoint[1]:Reducer[perses_node_priority_with_dfs_delta]: Reduce node (#leaves=1): queue=18, delete 0 tokens, ratio=35/1080=3.24% 
[23:13:55] [INFO   ] Fixpoint[1]:Reducer[perses_node_priority_with_dfs_delta]: Reduce node (#leaves=1) 
[23:13:55] [INFO   ] Fixpoint[1]:Reducer[perses_node_priority_with_dfs_delta]: Reduce node (#leaves=1): queue=17, delete 0 tokens, ratio=35/1080=3.24% 
[23:13:55] [INFO   ] Fixpoint[1]:Reducer[perses_node_priority_with_dfs_delta]: Reduce node (#leaves=1) 
[23:13:55] [INFO   ] Fixpoint[1]:Reducer[perses_node_priority_with_dfs_delta]: Reduce node (#leaves=1): queue=16, delete 0 tokens, ratio=35/1080=3.24% 
[23:13:55] [INFO   ] Fixpoint[1]:Reducer[perses_node_priority_with_dfs_delta]: Reduce node (#leaves=1) 
[23:13:55] [INFO   ] Fixpoint[1]:Reducer[perses_node_priority_with_dfs_delta]: Reduce node (#leaves=1): queue=15, delete 0 tokens, ratio=35/1080=3.24% 
[23:13:55] [INFO   ] Fixpoint[1]:Reducer[perses_node_priority_with_dfs_delta]: Reduce node (#leaves=1) 
[23:13:55] [INFO   ] Fixpoint[1]:Reducer[perses_node_priority_with_dfs_delta]: Reduce node (#leaves=1): queue=14, delete 0 tokens, ratio=35/1080=3.24% 
[23:13:55] [INFO   ] Fixpoint[1]:Reducer[perses_node_priority_with_dfs_delta]: Reduce node (#leaves=1) 
[23:13:55] [INFO   ] Fixpoint[1]:Reducer[perses_node_priority_with_dfs_delta]: Reduce node (#leaves=1): queue=13, delete 0 tokens, ratio=35/1080=3.24% 
[23:13:55] [INFO   ] Fixpoint[1]:Reducer[perses_node_priority_with_dfs_delta]: Reduce node (#leaves=1) 
[23:13:55] [INFO   ] Fixpoint[1]:Reducer[perses_node_priority_with_dfs_delta]: Reduce node (#leaves=1): queue=12, delete 0 tokens, ratio=35/1080=3.24% 
[23:13:55] [INFO   ] Fixpoint[1]:Reducer[perses_node_priority_with_dfs_delta]: Reduce node (#leaves=1) 
[23:13:55] [INFO   ] Fixpoint[1]:Reducer[perses_node_priority_with_dfs_delta]: Reduce node (#leaves=1): queue=11, delete 0 tokens, ratio=35/1080=3.24% 
[23:13:55] [INFO   ] Fixpoint[1]:Reducer[perses_node_priority_with_dfs_delta]: Reduce node (#leaves=1) 
[23:13:55] [INFO   ] Fixpoint[1]:Reducer[perses_node_priority_with_dfs_delta]: Reduce node (#leaves=1): queue=10, delete 0 tokens, ratio=35/1080=3.24% 
[23:13:55] [INFO   ] Fixpoint[1]:Reducer[perses_node_priority_with_dfs_delta]: Reduce node (#leaves=1) 
[23:13:55] [INFO   ] Fixpoint[1]:Reducer[perses_node_priority_with_dfs_delta]: Reduce node (#leaves=1): queue=9, delete 0 tokens, ratio=35/1080=3.24% 
[23:13:55] [INFO   ] Fixpoint[1]:Reducer[perses_node_priority_with_dfs_delta]: Reduce node (#leaves=1) 
[23:13:55] [INFO   ] Fixpoint[1]:Reducer[perses_node_priority_with_dfs_delta]: Reduce node (#leaves=1): queue=8, delete 0 tokens, ratio=35/1080=3.24% 
[23:13:55] [INFO   ] Fixpoint[1]:Reducer[perses_node_priority_with_dfs_delta]: Reduce node (#leaves=1) 
[23:13:55] [INFO   ] Fixpoint[1]:Reducer[perses_node_priority_with_dfs_delta]: Reduce node (#leaves=1): queue=7, delete 0 tokens, ratio=35/1080=3.24% 
[23:13:55] [INFO   ] Fixpoint[1]:Reducer[perses_node_priority_with_dfs_delta]: Reduce node (#leaves=1) 
[23:13:55] [INFO   ] Fixpoint[1]:Reducer[perses_node_priority_with_dfs_delta]: Reduce node (#leaves=1): queue=6, delete 0 tokens, ratio=35/1080=3.24% 
[23:13:55] [INFO   ] Fixpoint[1]:Reducer[perses_node_priority_with_dfs_delta]: Reduce node (#leaves=1) 
[23:13:56] [INFO   ] Fixpoint[1]:Reducer[perses_node_priority_with_dfs_delta]: New minimal, delete 1 tokens, ratio=34/1080=3.15% 
[23:13:56] [INFO   ] Fixpoint[1]:Reducer[perses_node_priority_with_dfs_delta]: Reduce node (#leaves=1): queue=5, delete 1 tokens, ratio=34/1080=3.15% 
[23:13:56] [INFO   ] Fixpoint[1]:Reducer[perses_node_priority_with_dfs_delta]: Reduce node (#leaves=1) 
[23:13:56] [INFO   ] Fixpoint[1]:Reducer[perses_node_priority_with_dfs_delta]: Reduce node (#leaves=1): queue=4, delete 0 tokens, ratio=34/1080=3.15% 
[23:13:56] [INFO   ] Fixpoint[1]:Reducer[perses_node_priority_with_dfs_delta]: Reduce node (#leaves=1) 
[23:13:56] [INFO   ] Fixpoint[1]:Reducer[perses_node_priority_with_dfs_delta]: Reduce node (#leaves=1): queue=3, delete 0 tokens, ratio=34/1080=3.15% 
[23:13:56] [INFO   ] Fixpoint[1]:Reducer[perses_node_priority_with_dfs_delta]: Reduce node (#leaves=1) 
[23:13:56] [INFO   ] Fixpoint[1]:Reducer[perses_node_priority_with_dfs_delta]: Reduce node (#leaves=1): queue=2, delete 0 tokens, ratio=34/1080=3.15% 
[23:13:56] [INFO   ] Fixpoint[1]:Reducer[perses_node_priority_with_dfs_delta]: Reduce node (#leaves=1) 
[23:13:56] [INFO   ] Fixpoint[1]:Reducer[perses_node_priority_with_dfs_delta]: Reduce node (#leaves=1): queue=1, delete 0 tokens, ratio=34/1080=3.15% 
[23:13:56] [INFO   ] Fixpoint[1]:Reducer[perses_node_priority_with_dfs_delta]: Reduce node (#leaves=1) 
[23:13:56] [INFO   ] Fixpoint[1]:Reducer[perses_node_priority_with_dfs_delta]: New minimal, delete 1 tokens, ratio=33/1080=3.06% 
[23:13:56] [INFO   ] perses_node_priority_with_dfs_delta ended at 23:13:56 2025/08/04. #old=1080, #new=33 
[23:13:56] [INFO   ] Fixpoint[1]:Reducer[perses_node_priority_with_dfs_delta]: Reduce node (#leaves=0): queue=0, delete 1 tokens, ratio=33/1080=3.06% 
[23:13:56] [INFO   ] Fixpoint[1]:Reducer[perses_node_priority_with_dfs_delta]: Fixpoint iteration finished, delete 1047 tokens, ratio=33/1080=3.06% 
[23:13:56] [INFO   ] perses_node_priority_with_dfs_delta started at 23:13:56 2025/08/04. #tokens=33 
[23:13:56] [INFO   ] Fixpoint[2]:Reducer[perses_node_priority_with_dfs_delta]: New fixpoint iteration started. #Tokens=33 
[23:13:56] [INFO   ] Fixpoint[2]:Reducer[perses_node_priority_with_dfs_delta]: Reduce node (#leaves=33) 
[23:13:57] [INFO   ] Fixpoint[2]:Reducer[perses_node_priority_with_dfs_delta]: New minimal, delete 4 tokens, ratio=29/1080=2.69% 
[23:13:57] [INFO   ] Fixpoint[2]:Reducer[perses_node_priority_with_dfs_delta]: New minimal, delete 12 tokens, ratio=17/1080=1.57% 
[23:13:57] [INFO   ] Fixpoint[2]:Reducer[perses_node_priority_with_dfs_delta]: Reduce node (#leaves=33): queue=0, delete 16 tokens, ratio=17/1080=1.57% 
[23:13:57] [INFO   ] Fixpoint[2]:Reducer[perses_node_priority_with_dfs_delta]: Reduce node (#leaves=17) 
[23:13:57] [INFO   ] Fixpoint[2]:Reducer[perses_node_priority_with_dfs_delta]: Reduce node (#leaves=17): queue=0, delete 0 tokens, ratio=17/1080=1.57% 
[23:13:57] [INFO   ] Fixpoint[2]:Reducer[perses_node_priority_with_dfs_delta]: Reduce node (#leaves=15) 
[23:13:57] [INFO   ] Fixpoint[2]:Reducer[perses_node_priority_with_dfs_delta]: Reduce node (#leaves=15): queue=2, delete 0 tokens, ratio=17/1080=1.57% 
[23:13:57] [INFO   ] Fixpoint[2]:Reducer[perses_node_priority_with_dfs_delta]: Reduce node (#leaves=13) 
[23:13:58] [INFO   ] Fixpoint[2]:Reducer[perses_node_priority_with_dfs_delta]: Reduce node (#leaves=13): queue=4, delete 0 tokens, ratio=17/1080=1.57% 
[23:13:58] [INFO   ] Fixpoint[2]:Reducer[perses_node_priority_with_dfs_delta]: Reduce node (#leaves=13) 
[23:13:58] [INFO   ] Fixpoint[2]:Reducer[perses_node_priority_with_dfs_delta]: Reduce node (#leaves=13): queue=4, delete 0 tokens, ratio=17/1080=1.57% 
[23:13:58] [INFO   ] Fixpoint[2]:Reducer[perses_node_priority_with_dfs_delta]: Reduce node (#leaves=10) 
[23:13:58] [INFO   ] Fixpoint[2]:Reducer[perses_node_priority_with_dfs_delta]: Reduce node (#leaves=10): queue=5, delete 0 tokens, ratio=17/1080=1.57% 
[23:13:58] [INFO   ] Fixpoint[2]:Reducer[perses_node_priority_with_dfs_delta]: Reduce node (#leaves=8) 
[23:13:58] [INFO   ] Fixpoint[2]:Reducer[perses_node_priority_with_dfs_delta]: Reduce node (#leaves=8): queue=7, delete 0 tokens, ratio=17/1080=1.57% 
[23:13:58] [INFO   ] Fixpoint[2]:Reducer[perses_node_priority_with_dfs_delta]: Reduce node (#leaves=8) 
[23:13:58] [INFO   ] Fixpoint[2]:Reducer[perses_node_priority_with_dfs_delta]: Reduce node (#leaves=8): queue=7, delete 0 tokens, ratio=17/1080=1.57% 
[23:13:58] [INFO   ] Fixpoint[2]:Reducer[perses_node_priority_with_dfs_delta]: Reduce node (#leaves=6) 
[23:13:58] [INFO   ] Fixpoint[2]:Reducer[perses_node_priority_with_dfs_delta]: Reduce node (#leaves=6): queue=9, delete 0 tokens, ratio=17/1080=1.57% 
[23:13:58] [INFO   ] Fixpoint[2]:Reducer[perses_node_priority_with_dfs_delta]: Reduce node (#leaves=4) 
[23:13:58] [INFO   ] Fixpoint[2]:Reducer[perses_node_priority_with_dfs_delta]: Reduce node (#leaves=4): queue=11, delete 0 tokens, ratio=17/1080=1.57% 
[23:13:58] [INFO   ] Fixpoint[2]:Reducer[perses_node_priority_with_dfs_delta]: Reduce node (#leaves=4) 
[23:13:59] [INFO   ] Fixpoint[2]:Reducer[perses_node_priority_with_dfs_delta]: Reduce node (#leaves=4): queue=11, delete 0 tokens, ratio=17/1080=1.57% 
[23:13:59] [INFO   ] perses_node_priority_with_dfs_delta ended at 23:13:59 2025/08/04. #old=33, #new=17 
[23:13:59] [INFO   ] Fixpoint[2]:Reducer[perses_node_priority_with_dfs_delta]: Reduce node (#leaves=3) 
[23:13:59] [INFO   ] Fixpoint[2]:Reducer[perses_node_priority_with_dfs_delta]: Reduce node (#leaves=3): queue=12, delete 0 tokens, ratio=17/1080=1.57% 
[23:13:59] [INFO   ] Fixpoint[2]:Reducer[perses_node_priority_with_dfs_delta]: Reduce node (#leaves=3) 
[23:13:59] [INFO   ] Fixpoint[2]:Reducer[perses_node_priority_with_dfs_delta]: Reduce node (#leaves=3): queue=14, delete 0 tokens, ratio=17/1080=1.57% 
[23:13:59] [INFO   ] Fixpoint[2]:Reducer[perses_node_priority_with_dfs_delta]: Reduce node (#leaves=1) 
[23:13:59] [INFO   ] Fixpoint[2]:Reducer[perses_node_priority_with_dfs_delta]: Reduce node (#leaves=1): queue=16, delete 0 tokens, ratio=17/1080=1.57% 
[23:13:59] [INFO   ] Fixpoint[2]:Reducer[perses_node_priority_with_dfs_delta]: Reduce node (#leaves=1) 
[23:13:59] [INFO   ] Fixpoint[2]:Reducer[perses_node_priority_with_dfs_delta]: Reduce node (#leaves=1): queue=15, delete 0 tokens, ratio=17/1080=1.57% 
[23:13:59] [INFO   ] Fixpoint[2]:Reducer[perses_node_priority_with_dfs_delta]: Reduce node (#leaves=1) 
[23:13:59] [INFO   ] Fixpoint[2]:Reducer[perses_node_priority_with_dfs_delta]: Reduce node (#leaves=1): queue=14, delete 0 tokens, ratio=17/1080=1.57% 
[23:13:59] [INFO   ] Fixpoint[2]:Reducer[perses_node_priority_with_dfs_delta]: Reduce node (#leaves=1) 
[23:13:59] [INFO   ] Fixpoint[2]:Reducer[perses_node_priority_with_dfs_delta]: Reduce node (#leaves=1): queue=13, delete 0 tokens, ratio=17/1080=1.57% 
[23:13:59] [INFO   ] Fixpoint[2]:Reducer[perses_node_priority_with_dfs_delta]: Reduce node (#leaves=1) 
[23:13:59] [INFO   ] Fixpoint[2]:Reducer[perses_node_priority_with_dfs_delta]: Reduce node (#leaves=1): queue=12, delete 0 tokens, ratio=17/1080=1.57% 
[23:13:59] [INFO   ] Fixpoint[2]:Reducer[perses_node_priority_with_dfs_delta]: Reduce node (#leaves=1) 
[23:13:59] [INFO   ] Fixpoint[2]:Reducer[perses_node_priority_with_dfs_delta]: Reduce node (#leaves=1): queue=11, delete 0 tokens, ratio=17/1080=1.57% 
[23:13:59] [INFO   ] Fixpoint[2]:Reducer[perses_node_priority_with_dfs_delta]: Reduce node (#leaves=1) 
[23:13:59] [INFO   ] Fixpoint[2]:Reducer[perses_node_priority_with_dfs_delta]: Reduce node (#leaves=1): queue=10, delete 0 tokens, ratio=17/1080=1.57% 
[23:13:59] [INFO   ] Fixpoint[2]:Reducer[perses_node_priority_with_dfs_delta]: Reduce node (#leaves=1) 
[23:13:59] [INFO   ] Fixpoint[2]:Reducer[perses_node_priority_with_dfs_delta]: Reduce node (#leaves=1): queue=9, delete 0 tokens, ratio=17/1080=1.57% 
[23:13:59] [INFO   ] Fixpoint[2]:Reducer[perses_node_priority_with_dfs_delta]: Reduce node (#leaves=1) 
[23:13:59] [INFO   ] Fixpoint[2]:Reducer[perses_node_priority_with_dfs_delta]: Reduce node (#leaves=1): queue=8, delete 0 tokens, ratio=17/1080=1.57% 
[23:13:59] [INFO   ] Fixpoint[2]:Reducer[perses_node_priority_with_dfs_delta]: Reduce node (#leaves=1) 
[23:13:59] [INFO   ] Fixpoint[2]:Reducer[perses_node_priority_with_dfs_delta]: Reduce node (#leaves=1): queue=7, delete 0 tokens, ratio=17/1080=1.57% 
[23:13:59] [INFO   ] Fixpoint[2]:Reducer[perses_node_priority_with_dfs_delta]: Reduce node (#leaves=1) 
[23:13:59] [INFO   ] Fixpoint[2]:Reducer[perses_node_priority_with_dfs_delta]: Reduce node (#leaves=1): queue=6, delete 0 tokens, ratio=17/1080=1.57% 
[23:13:59] [INFO   ] Fixpoint[2]:Reducer[perses_node_priority_with_dfs_delta]: Reduce node (#leaves=1) 
[23:13:59] [INFO   ] Fixpoint[2]:Reducer[perses_node_priority_with_dfs_delta]: Reduce node (#leaves=1): queue=5, delete 0 tokens, ratio=17/1080=1.57% 
[23:13:59] [INFO   ] Fixpoint[2]:Reducer[perses_node_priority_with_dfs_delta]: Reduce node (#leaves=1) 
[23:13:59] [INFO   ] Fixpoint[2]:Reducer[perses_node_priority_with_dfs_delta]: Reduce node (#leaves=1): queue=4, delete 0 tokens, ratio=17/1080=1.57% 
[23:13:59] [INFO   ] Fixpoint[2]:Reducer[perses_node_priority_with_dfs_delta]: Reduce node (#leaves=1) 
[23:13:59] [INFO   ] Fixpoint[2]:Reducer[perses_node_priority_with_dfs_delta]: Reduce node (#leaves=1): queue=3, delete 0 tokens, ratio=17/1080=1.57% 
[23:13:59] [INFO   ] Fixpoint[2]:Reducer[perses_node_priority_with_dfs_delta]: Reduce node (#leaves=1) 
[23:13:59] [INFO   ] Fixpoint[2]:Reducer[perses_node_priority_with_dfs_delta]: Reduce node (#leaves=1): queue=2, delete 0 tokens, ratio=17/1080=1.57% 
[23:13:59] [INFO   ] Fixpoint[2]:Reducer[perses_node_priority_with_dfs_delta]: Reduce node (#leaves=1) 
[23:13:59] [INFO   ] Fixpoint[2]:Reducer[perses_node_priority_with_dfs_delta]: Reduce node (#leaves=1): queue=1, delete 0 tokens, ratio=17/1080=1.57% 
[23:13:59] [INFO   ] Fixpoint[2]:Reducer[perses_node_priority_with_dfs_delta]: Reduce node (#leaves=1) 
[23:13:59] [INFO   ] Fixpoint[2]:Reducer[perses_node_priority_with_dfs_delta]: Reduce node (#leaves=1): queue=0, delete 0 tokens, ratio=17/1080=1.57% 
[23:13:59] [INFO   ] Fixpoint[2]:Reducer[perses_node_priority_with_dfs_delta]: Fixpoint iteration finished, delete 16 tokens, ratio=17/1080=1.57% 
[23:13:59] [INFO   ] perses_node_priority_with_dfs_delta started at 23:13:59 2025/08/04. #tokens=17 
[23:13:59] [INFO   ] Fixpoint[3]:Reducer[perses_node_priority_with_dfs_delta]: New fixpoint iteration started. #Tokens=17 
[23:13:59] [INFO   ] Fixpoint[3]:Reducer[perses_node_priority_with_dfs_delta]: Reduce node (#leaves=17) 
[23:13:59] [INFO   ] Fixpoint[3]:Reducer[perses_node_priority_with_dfs_delta]: Reduce node (#leaves=17): queue=0, delete 0 tokens, ratio=17/1080=1.57% 
[23:13:59] [INFO   ] Fixpoint[3]:Reducer[perses_node_priority_with_dfs_delta]: Reduce node (#leaves=17) 
[23:13:59] [INFO   ] Fixpoint[3]:Reducer[perses_node_priority_with_dfs_delta]: Reduce node (#leaves=17): queue=0, delete 0 tokens, ratio=17/1080=1.57% 
[23:13:59] [INFO   ] Fixpoint[3]:Reducer[perses_node_priority_with_dfs_delta]: Reduce node (#leaves=15) 
[23:13:59] [INFO   ] Fixpoint[3]:Reducer[perses_node_priority_with_dfs_delta]: Reduce node (#leaves=15): queue=2, delete 0 tokens, ratio=17/1080=1.57% 
[23:13:59] [INFO   ] Fixpoint[3]:Reducer[perses_node_priority_with_dfs_delta]: Reduce node (#leaves=13) 
[23:13:59] [INFO   ] Fixpoint[3]:Reducer[perses_node_priority_with_dfs_delta]: Reduce node (#leaves=13): queue=4, delete 0 tokens, ratio=17/1080=1.57% 
[23:13:59] [INFO   ] Fixpoint[3]:Reducer[perses_node_priority_with_dfs_delta]: Reduce node (#leaves=13) 
[23:13:59] [INFO   ] Fixpoint[3]:Reducer[perses_node_priority_with_dfs_delta]: Reduce node (#leaves=13): queue=4, delete 0 tokens, ratio=17/1080=1.57% 
[23:13:59] [INFO   ] Fixpoint[3]:Reducer[perses_node_priority_with_dfs_delta]: Reduce node (#leaves=10) 
[23:13:59] [INFO   ] Fixpoint[3]:Reducer[perses_node_priority_with_dfs_delta]: Reduce node (#leaves=10): queue=5, delete 0 tokens, ratio=17/1080=1.57% 
[23:13:59] [INFO   ] Fixpoint[3]:Reducer[perses_node_priority_with_dfs_delta]: Reduce node (#leaves=8) 
[23:13:59] [INFO   ] Fixpoint[3]:Reducer[perses_node_priority_with_dfs_delta]: Reduce node (#leaves=8): queue=7, delete 0 tokens, ratio=17/1080=1.57% 
[23:13:59] [INFO   ] Fixpoint[3]:Reducer[perses_node_priority_with_dfs_delta]: Reduce node (#leaves=8) 
[23:13:59] [INFO   ] Fixpoint[3]:Reducer[perses_node_priority_with_dfs_delta]: Reduce node (#leaves=8): queue=7, delete 0 tokens, ratio=17/1080=1.57% 
[23:13:59] [INFO   ] Fixpoint[3]:Reducer[perses_node_priority_with_dfs_delta]: Reduce node (#leaves=6) 
[23:13:59] [INFO   ] Fixpoint[3]:Reducer[perses_node_priority_with_dfs_delta]: Reduce node (#leaves=6): queue=9, delete 0 tokens, ratio=17/1080=1.57% 
[23:13:59] [INFO   ] Fixpoint[3]:Reducer[perses_node_priority_with_dfs_delta]: Reduce node (#leaves=4) 
[23:13:59] [INFO   ] Fixpoint[3]:Reducer[perses_node_priority_with_dfs_delta]: Reduce node (#leaves=4): queue=11, delete 0 tokens, ratio=17/1080=1.57% 
[23:13:59] [INFO   ] Fixpoint[3]:Reducer[perses_node_priority_with_dfs_delta]: Reduce node (#leaves=4) 
[23:13:59] [INFO   ] Fixpoint[3]:Reducer[perses_node_priority_with_dfs_delta]: Reduce node (#leaves=4): queue=11, delete 0 tokens, ratio=17/1080=1.57% 
[23:13:59] [INFO   ] Fixpoint[3]:Reducer[perses_node_priority_with_dfs_delta]: Reduce node (#leaves=3) 
[23:13:59] [INFO   ] perses_node_priority_with_dfs_delta ended at 23:13:59 2025/08/04. #old=17, #new=17 
[23:13:59] [INFO   ] Fixpoint[3]:Reducer[perses_node_priority_with_dfs_delta]: Reduce node (#leaves=3): queue=12, delete 0 tokens, ratio=17/1080=1.57% 
[23:13:59] [INFO   ] Fixpoint[3]:Reducer[perses_node_priority_with_dfs_delta]: Reduce node (#leaves=3) 
[23:13:59] [INFO   ] Fixpoint[3]:Reducer[perses_node_priority_with_dfs_delta]: Reduce node (#leaves=3): queue=14, delete 0 tokens, ratio=17/1080=1.57% 
[23:13:59] [INFO   ] Fixpoint[3]:Reducer[perses_node_priority_with_dfs_delta]: Reduce node (#leaves=1) 
[23:13:59] [INFO   ] Fixpoint[3]:Reducer[perses_node_priority_with_dfs_delta]: Reduce node (#leaves=1): queue=16, delete 0 tokens, ratio=17/1080=1.57% 
[23:13:59] [INFO   ] Fixpoint[3]:Reducer[perses_node_priority_with_dfs_delta]: Reduce node (#leaves=1) 
[23:13:59] [INFO   ] Fixpoint[3]:Reducer[perses_node_priority_with_dfs_delta]: Reduce node (#leaves=1): queue=15, delete 0 tokens, ratio=17/1080=1.57% 
[23:13:59] [INFO   ] Fixpoint[3]:Reducer[perses_node_priority_with_dfs_delta]: Reduce node (#leaves=1) 
[23:13:59] [INFO   ] Fixpoint[3]:Reducer[perses_node_priority_with_dfs_delta]: Reduce node (#leaves=1): queue=14, delete 0 tokens, ratio=17/1080=1.57% 
[23:13:59] [INFO   ] Fixpoint[3]:Reducer[perses_node_priority_with_dfs_delta]: Reduce node (#leaves=1) 
[23:13:59] [INFO   ] Fixpoint[3]:Reducer[perses_node_priority_with_dfs_delta]: Reduce node (#leaves=1): queue=13, delete 0 tokens, ratio=17/1080=1.57% 
[23:13:59] [INFO   ] Fixpoint[3]:Reducer[perses_node_priority_with_dfs_delta]: Reduce node (#leaves=1) 
[23:13:59] [INFO   ] Fixpoint[3]:Reducer[perses_node_priority_with_dfs_delta]: Reduce node (#leaves=1): queue=12, delete 0 tokens, ratio=17/1080=1.57% 
[23:13:59] [INFO   ] Fixpoint[3]:Reducer[perses_node_priority_with_dfs_delta]: Reduce node (#leaves=1) 
[23:13:59] [INFO   ] Fixpoint[3]:Reducer[perses_node_priority_with_dfs_delta]: Reduce node (#leaves=1): queue=11, delete 0 tokens, ratio=17/1080=1.57% 
[23:13:59] [INFO   ] Fixpoint[3]:Reducer[perses_node_priority_with_dfs_delta]: Reduce node (#leaves=1) 
[23:13:59] [INFO   ] Fixpoint[3]:Reducer[perses_node_priority_with_dfs_delta]: Reduce node (#leaves=1): queue=10, delete 0 tokens, ratio=17/1080=1.57% 
[23:13:59] [INFO   ] Fixpoint[3]:Reducer[perses_node_priority_with_dfs_delta]: Reduce node (#leaves=1) 
[23:13:59] [INFO   ] Fixpoint[3]:Reducer[perses_node_priority_with_dfs_delta]: Reduce node (#leaves=1): queue=9, delete 0 tokens, ratio=17/1080=1.57% 
[23:13:59] [INFO   ] Fixpoint[3]:Reducer[perses_node_priority_with_dfs_delta]: Reduce node (#leaves=1) 
[23:13:59] [INFO   ] Fixpoint[3]:Reducer[perses_node_priority_with_dfs_delta]: Reduce node (#leaves=1): queue=8, delete 0 tokens, ratio=17/1080=1.57% 
[23:13:59] [INFO   ] Fixpoint[3]:Reducer[perses_node_priority_with_dfs_delta]: Reduce node (#leaves=1) 
[23:13:59] [INFO   ] Fixpoint[3]:Reducer[perses_node_priority_with_dfs_delta]: Reduce node (#leaves=1): queue=7, delete 0 tokens, ratio=17/1080=1.57% 
[23:13:59] [INFO   ] Fixpoint[3]:Reducer[perses_node_priority_with_dfs_delta]: Reduce node (#leaves=1) 
[23:13:59] [INFO   ] Fixpoint[3]:Reducer[perses_node_priority_with_dfs_delta]: Reduce node (#leaves=1): queue=6, delete 0 tokens, ratio=17/1080=1.57% 
[23:13:59] [INFO   ] Fixpoint[3]:Reducer[perses_node_priority_with_dfs_delta]: Reduce node (#leaves=1) 
[23:13:59] [INFO   ] Fixpoint[3]:Reducer[perses_node_priority_with_dfs_delta]: Reduce node (#leaves=1): queue=5, delete 0 tokens, ratio=17/1080=1.57% 
[23:13:59] [INFO   ] Fixpoint[3]:Reducer[perses_node_priority_with_dfs_delta]: Reduce node (#leaves=1) 
[23:13:59] [INFO   ] Fixpoint[3]:Reducer[perses_node_priority_with_dfs_delta]: Reduce node (#leaves=1): queue=4, delete 0 tokens, ratio=17/1080=1.57% 
[23:13:59] [INFO   ] Fixpoint[3]:Reducer[perses_node_priority_with_dfs_delta]: Reduce node (#leaves=1) 
[23:13:59] [INFO   ] Fixpoint[3]:Reducer[perses_node_priority_with_dfs_delta]: Reduce node (#leaves=1): queue=3, delete 0 tokens, ratio=17/1080=1.57% 
[23:13:59] [INFO   ] Fixpoint[3]:Reducer[perses_node_priority_with_dfs_delta]: Reduce node (#leaves=1) 
[23:13:59] [INFO   ] Fixpoint[3]:Reducer[perses_node_priority_with_dfs_delta]: Reduce node (#leaves=1): queue=2, delete 0 tokens, ratio=17/1080=1.57% 
[23:13:59] [INFO   ] Fixpoint[3]:Reducer[perses_node_priority_with_dfs_delta]: Reduce node (#leaves=1) 
[23:13:59] [INFO   ] Fixpoint[3]:Reducer[perses_node_priority_with_dfs_delta]: Reduce node (#leaves=1): queue=1, delete 0 tokens, ratio=17/1080=1.57% 
[23:13:59] [INFO   ] Fixpoint[3]:Reducer[perses_node_priority_with_dfs_delta]: Reduce node (#leaves=1) 
[23:13:59] [INFO   ] Fixpoint[3]:Reducer[perses_node_priority_with_dfs_delta]: Reduce node (#leaves=1): queue=0, delete 0 tokens, ratio=17/1080=1.57% 
[23:13:59] [INFO   ] Fixpoint[3]:Reducer[perses_node_priority_with_dfs_delta]: Fixpoint iteration finished, delete 0 tokens, ratio=17/1080=1.57% 
[23:13:59] [INFO   ] Reduction ended at 23:13:59 2025/08/04 
[23:13:59] [INFO   ] Elapsed time is 23 seconds 
[23:13:59] [INFO   ] Removed 1063 token(s). Reduction ratio is 17/1080=1.57% 
[23:13:59] [INFO   ] Test script execution count: 87 
