[13:24:09] [INFO   ] The command-line options are: --append-to-progress-dump-file "true" --call-creduce "false" --call-formatter "false" --creduce-cmd "creduce" --default-delta-debugger-for-kleene "DFS" --deps "[]" --edit-caching "true" --enable-lightweight-refreshing "true" --enable-line-slicer "false" --enable-lpr "false" --enable-token-slicer "false" --enable-trec "false" --enable-tree-slicer "false" --enable-vulcan "false" --fixpoint "true" --format-cmd "" --help "false" --input-file "/Users/artemancikov/Desktop/practical work/try1/reducer/jdk-bugs-removereplace/iter_8/Main.java" --lang "" --language-ext-jars "[]" --list-algs "false" --list-langs "false" --list-parser-facades "false" --list-verbosity-levels "false" --lpr-fixpoint "false" --max-bfs-depth-for-regular-rule-node "5" --max-edit-count-for-regular-rule-node "100" --non-deletion-iteration-limit "10" --on-demand-coarse-grit-reducer-annotations "[]" --on-demand-fine-grit-reducer-annotations "[]" --on-demand-medium-grit-reducer-annotations "[]" --parser-facade-class-name "" --pass-level-caching "false" --query-cache-refresh-threshold "0" --query-cache-type "CONTENT_SHA512" --query-caching "AUTO" --reparse-each-iteration "true" --script-execution-keep-waiting-after-timeout "true" --script-execution-timeout-in-seconds "600" --stop-at-first-compatible-child-for-regular-rule-node "false" --test-script "/Users/artemancikov/Desktop/practical work/try1/reducer/jdk-bugs-removereplace/iter_8/run2.sh" --threads "auto" --verbosity "INFO" --version "false" --vulcan-fixpoint "false" --window-size "4" 
[13:24:09] [SEVERE ] Failed to load the class of the parser facade org.perses.grammar.sql.tidb.TiDBParserFacade for LanguageTiDB{name=tidb, extensions=[tidb], defaultCodeFormatControl=COMPACT_ORIG_FORMAT}
org.perses.grammar.sql.tidb.TiDBParserFacade 
[13:24:09] [INFO   ] Tree Building: Start building spar-tree from input file SourceFile{file=FilePathWithContent{file=/Users/artemancikov/Desktop/practical work/try1/reducer/jdk-bugs-removereplace/iter_8/Main.java}, lang=LanguageJava{name=java, extensions=[java], defaultCodeFormatControl=SINGLE_TOKEN_PER_LINE}} 
[13:24:09] [INFO   ] Tree Building: Step 1: Antlr parsing. 
[13:24:14] [INFO   ] Tree Building: Step 2: Converting parse tree to spar-tree 
[13:24:14] [INFO   ] Tree Building: Step 3: Simplifying spar-tree 
[13:24:14] [INFO   ] Tree Building: Finished in TimeSpan{startMillis=1755170649412, endMillis=1755170654513, formatted=5 seconds} 
[13:24:14] [INFO   ] The initial sanity check failed. 
[13:24:14] [INFO   ] Checking whether the script is flaky. #trials=5 
[13:24:17] [SEVERE ] The initial sanity check failed. More information is provided below.

org.perses.reduction.SanityCheckFailedException: The initial sanity check failed. 

***** ***** ***** ***** ***** ***** ***** ***** ***** ***** ***** ***** *****
*
* The script exit code is ExitCode(intValue=1) 
* The files have been saved, and you can check them at:
*     /var/folders/dl/05_mlm4s61l8tk8f6n7fdw8h0000gn/T/perses_failure_9165787077538867933
* The property test is not flaky. #total runs: 6, #interesting: 0, #uninteresting: 6
***** ***** ***** ***** ***** ***** ***** ***** ***** ***** ***** ***** *****

============= stderr =============
<empty>

============= stdout =============
<empty> 


Driver creator: SINGLE_TOKEN_PER_LINE
class org.perses.grammar.java.Java8ParserFacade

Perses might automatically try difference configurations now.

 
[13:24:17] [INFO   ] Tree Building: Start building spar-tree from input file SourceFile{file=FilePathWithContent{file=/Users/artemancikov/Desktop/practical work/try1/reducer/jdk-bugs-removereplace/iter_8/Main.java}, lang=LanguageJava{name=java, extensions=[java], defaultCodeFormatControl=SINGLE_TOKEN_PER_LINE}} 
[13:24:17] [INFO   ] Tree Building: Step 1: Antlr parsing. 
[13:24:21] [INFO   ] Tree Building: Step 2: Converting parse tree to spar-tree 
[13:24:21] [INFO   ] Tree Building: Step 3: Simplifying spar-tree 
[13:24:21] [INFO   ] Tree Building: Finished in TimeSpan{startMillis=1755170657323, endMillis=1755170661807, formatted=4 seconds} 
[13:24:22] [INFO   ] The initial sanity check failed. 
[13:24:22] [INFO   ] Checking whether the script is flaky. #trials=5 
[13:24:24] [SEVERE ] The initial sanity check failed. More information is provided below.

org.perses.reduction.SanityCheckFailedException: The initial sanity check failed. 

***** ***** ***** ***** ***** ***** ***** ***** ***** ***** ***** ***** *****
*
* The script exit code is ExitCode(intValue=1) 
* The files have been saved, and you can check them at:
*     /var/folders/dl/05_mlm4s61l8tk8f6n7fdw8h0000gn/T/perses_failure_256877240585145544
* The property test is not flaky. #total runs: 6, #interesting: 0, #uninteresting: 6
***** ***** ***** ***** ***** ***** ***** ***** ***** ***** ***** ***** *****

============= stderr =============
<empty>

============= stdout =============
<empty> 


Driver creator: COMPACT_ORIG_FORMAT
class org.perses.grammar.java.Java8ParserFacade

Perses might automatically try difference configurations now.

 
[13:24:24] [INFO   ] Tree Building: Start building spar-tree from input file SourceFile{file=FilePathWithContent{file=/Users/artemancikov/Desktop/practical work/try1/reducer/jdk-bugs-removereplace/iter_8/Main.java}, lang=LanguageJava{name=java, extensions=[java], defaultCodeFormatControl=SINGLE_TOKEN_PER_LINE}} 
[13:24:24] [INFO   ] Tree Building: Step 1: Antlr parsing. 
[13:24:28] [INFO   ] Tree Building: Step 2: Converting parse tree to spar-tree 
[13:24:28] [INFO   ] Tree Building: Step 3: Simplifying spar-tree 
[13:24:28] [INFO   ] Tree Building: Finished in TimeSpan{startMillis=1755170664625, endMillis=1755170668816, formatted=4 seconds} 
[13:24:29] [INFO   ] The initial sanity check failed. 
[13:24:29] [INFO   ] Checking whether the script is flaky. #trials=5 
[13:24:31] [SEVERE ] The initial sanity check failed. More information is provided below.

org.perses.reduction.SanityCheckFailedException: The initial sanity check failed. 

***** ***** ***** ***** ***** ***** ***** ***** ***** ***** ***** ***** *****
*
* The script exit code is ExitCode(intValue=1) 
* The files have been saved, and you can check them at:
*     /var/folders/dl/05_mlm4s61l8tk8f6n7fdw8h0000gn/T/perses_failure_17848410657277418300
* The property test is not flaky. #total runs: 6, #interesting: 0, #uninteresting: 6
***** ***** ***** ***** ***** ***** ***** ***** ***** ***** ***** ***** *****

============= stderr =============
<empty>

============= stdout =============
<empty> 


Driver creator: ORIG_FORMAT
class org.perses.grammar.java.Java8ParserFacade

Perses might automatically try difference configurations now.

 
[13:24:31] [INFO   ] Tree Building: Start building spar-tree from input file SourceFile{file=FilePathWithContent{file=/Users/artemancikov/Desktop/practical work/try1/reducer/jdk-bugs-removereplace/iter_8/Main.java}, lang=LanguageJava{name=java, extensions=[java], defaultCodeFormatControl=SINGLE_TOKEN_PER_LINE}} 
[13:24:31] [INFO   ] Tree Building: Step 1: Antlr parsing. 
[13:24:32] [INFO   ] Tree Building: Step 2: Converting parse tree to spar-tree 
[13:24:32] [INFO   ] Tree Building: Step 3: Simplifying spar-tree 
[13:24:32] [INFO   ] Tree Building: Finished in TimeSpan{startMillis=1755170671706, endMillis=1755170672359, formatted=0 seconds} 
[13:24:32] [INFO   ] The initial sanity check failed. 
[13:24:32] [INFO   ] Checking whether the script is flaky. #trials=5 
[13:24:35] [SEVERE ] The initial sanity check failed. More information is provided below.

org.perses.reduction.SanityCheckFailedException: The initial sanity check failed. 

***** ***** ***** ***** ***** ***** ***** ***** ***** ***** ***** ***** *****
*
* The script exit code is ExitCode(intValue=1) 
* The files have been saved, and you can check them at:
*     /var/folders/dl/05_mlm4s61l8tk8f6n7fdw8h0000gn/T/perses_failure_7754033375503992838
* The property test is not flaky. #total runs: 6, #interesting: 0, #uninteresting: 6
***** ***** ***** ***** ***** ***** ***** ***** ***** ***** ***** ***** *****

============= stderr =============
<empty>

============= stdout =============
<empty> 


Driver creator: SINGLE_TOKEN_PER_LINE
class org.perses.grammar.java.Java20ParserFacade

Perses might automatically try difference configurations now.

 
[13:24:35] [INFO   ] Tree Building: Start building spar-tree from input file SourceFile{file=FilePathWithContent{file=/Users/artemancikov/Desktop/practical work/try1/reducer/jdk-bugs-removereplace/iter_8/Main.java}, lang=LanguageJava{name=java, extensions=[java], defaultCodeFormatControl=SINGLE_TOKEN_PER_LINE}} 
[13:24:35] [INFO   ] Tree Building: Step 1: Antlr parsing. 
[13:24:35] [INFO   ] Tree Building: Step 2: Converting parse tree to spar-tree 
[13:24:35] [INFO   ] Tree Building: Step 3: Simplifying spar-tree 
[13:24:35] [INFO   ] Tree Building: Finished in TimeSpan{startMillis=1755170675228, endMillis=1755170675836, formatted=0 seconds} 
[13:24:36] [INFO   ] The initial sanity check failed. 
[13:24:36] [INFO   ] Checking whether the script is flaky. #trials=5 
[13:24:38] [SEVERE ] The initial sanity check failed. More information is provided below.

org.perses.reduction.SanityCheckFailedException: The initial sanity check failed. 

***** ***** ***** ***** ***** ***** ***** ***** ***** ***** ***** ***** *****
*
* The script exit code is ExitCode(intValue=1) 
* The files have been saved, and you can check them at:
*     /var/folders/dl/05_mlm4s61l8tk8f6n7fdw8h0000gn/T/perses_failure_13883305781154614557
* The property test is not flaky. #total runs: 6, #interesting: 0, #uninteresting: 6
***** ***** ***** ***** ***** ***** ***** ***** ***** ***** ***** ***** *****

============= stderr =============
<empty>

============= stdout =============
<empty> 


Driver creator: COMPACT_ORIG_FORMAT
class org.perses.grammar.java.Java20ParserFacade

Perses might automatically try difference configurations now.

 
[13:24:38] [INFO   ] Tree Building: Start building spar-tree from input file SourceFile{file=FilePathWithContent{file=/Users/artemancikov/Desktop/practical work/try1/reducer/jdk-bugs-removereplace/iter_8/Main.java}, lang=LanguageJava{name=java, extensions=[java], defaultCodeFormatControl=SINGLE_TOKEN_PER_LINE}} 
[13:24:38] [INFO   ] Tree Building: Step 1: Antlr parsing. 
[13:24:39] [INFO   ] Tree Building: Step 2: Converting parse tree to spar-tree 
[13:24:39] [INFO   ] Tree Building: Step 3: Simplifying spar-tree 
[13:24:39] [INFO   ] Tree Building: Finished in TimeSpan{startMillis=1755170678615, endMillis=1755170679227, formatted=0 seconds} 
[13:24:39] [INFO   ] The initial sanity check failed. 
[13:24:39] [INFO   ] Checking whether the script is flaky. #trials=5 
[13:24:41] [SEVERE ] The initial sanity check failed. More information is provided below.

org.perses.reduction.SanityCheckFailedException: The initial sanity check failed. 

***** ***** ***** ***** ***** ***** ***** ***** ***** ***** ***** ***** *****
*
* The script exit code is ExitCode(intValue=1) 
* The files have been saved, and you can check them at:
*     /var/folders/dl/05_mlm4s61l8tk8f6n7fdw8h0000gn/T/perses_failure_2265899836015906897
* The property test is not flaky. #total runs: 6, #interesting: 0, #uninteresting: 6
***** ***** ***** ***** ***** ***** ***** ***** ***** ***** ***** ***** *****

============= stderr =============
<empty>

============= stdout =============
<empty> 


Driver creator: ORIG_FORMAT
class org.perses.grammar.java.Java20ParserFacade

Perses might automatically try difference configurations now.

 
Exception in thread "main" org.perses.reduction.SanityCheckFailedException: Failed to create a reduction driver for the input program.
	at org.perses.AbstractMain.internalRun(AbstractMain.kt:95)
	at org.perses.util.cmd.AbstractMain.run(AbstractMain.kt:36)
	at org.perses.Main$Companion.main(Main.kt:200)
	at org.perses.Main.main(Main.kt)
	Suppressed: org.perses.reduction.SanityCheckFailedException: The initial sanity check failed. 

***** ***** ***** ***** ***** ***** ***** ***** ***** ***** ***** ***** *****
*
* The script exit code is ExitCode(intValue=1) 
* The files have been saved, and you can check them at:
*     /var/folders/dl/05_mlm4s61l8tk8f6n7fdw8h0000gn/T/perses_failure_9165787077538867933
* The property test is not flaky. #total runs: 6, #interesting: 0, #uninteresting: 6
***** ***** ***** ***** ***** ***** ***** ***** ***** ***** ***** ***** *****

============= stderr =============
<empty>

============= stdout =============
<empty> 

		at org.perses.reduction.AbstractReductionDriver.sanityCheckOrThrow(AbstractReductionDriver.kt:135)
		at org.perses.reduction.AbstractReductionDriver$cachedSanityCheckResult$2.invoke(AbstractReductionDriver.kt:74)
		at org.perses.reduction.AbstractReductionDriver$cachedSanityCheckResult$2.invoke(AbstractReductionDriver.kt:71)
		at kotlin.SynchronizedLazyImpl.getValue(LazyJVM.kt:74)
		at org.perses.reduction.AbstractReductionDriver.getCachedSanityCheckResult(AbstractReductionDriver.kt:71)
		at org.perses.AbstractMain.internalRun(AbstractMain.kt:72)
		... 3 more
	Suppressed: org.perses.reduction.SanityCheckFailedException: The initial sanity check failed. 

***** ***** ***** ***** ***** ***** ***** ***** ***** ***** ***** ***** *****
*
* The script exit code is ExitCode(intValue=1) 
* The files have been saved, and you can check them at:
*     /var/folders/dl/05_mlm4s61l8tk8f6n7fdw8h0000gn/T/perses_failure_256877240585145544
* The property test is not flaky. #total runs: 6, #interesting: 0, #uninteresting: 6
***** ***** ***** ***** ***** ***** ***** ***** ***** ***** ***** ***** *****

============= stderr =============
<empty>

============= stdout =============
<empty> 

		at org.perses.reduction.AbstractReductionDriver.sanityCheckOrThrow(AbstractReductionDriver.kt:135)
		at org.perses.reduction.AbstractReductionDriver$cachedSanityCheckResult$2.invoke(AbstractReductionDriver.kt:74)
		at org.perses.reduction.AbstractReductionDriver$cachedSanityCheckResult$2.invoke(AbstractReductionDriver.kt:71)
		at kotlin.SynchronizedLazyImpl.getValue(LazyJVM.kt:74)
		at org.perses.reduction.AbstractReductionDriver.getCachedSanityCheckResult(AbstractReductionDriver.kt:71)
		at org.perses.AbstractMain.internalRun(AbstractMain.kt:72)
		... 3 more
	Suppressed: org.perses.reduction.SanityCheckFailedException: The initial sanity check failed. 

***** ***** ***** ***** ***** ***** ***** ***** ***** ***** ***** ***** *****
*
* The script exit code is ExitCode(intValue=1) 
* The files have been saved, and you can check them at:
*     /var/folders/dl/05_mlm4s61l8tk8f6n7fdw8h0000gn/T/perses_failure_17848410657277418300
* The property test is not flaky. #total runs: 6, #interesting: 0, #uninteresting: 6
***** ***** ***** ***** ***** ***** ***** ***** ***** ***** ***** ***** *****

============= stderr =============
<empty>

============= stdout =============
<empty> 

		at org.perses.reduction.AbstractReductionDriver.sanityCheckOrThrow(AbstractReductionDriver.kt:135)
		at org.perses.reduction.AbstractReductionDriver$cachedSanityCheckResult$2.invoke(AbstractReductionDriver.kt:74)
		at org.perses.reduction.AbstractReductionDriver$cachedSanityCheckResult$2.invoke(AbstractReductionDriver.kt:71)
		at kotlin.SynchronizedLazyImpl.getValue(LazyJVM.kt:74)
		at org.perses.reduction.AbstractReductionDriver.getCachedSanityCheckResult(AbstractReductionDriver.kt:71)
		at org.perses.AbstractMain.internalRun(AbstractMain.kt:72)
		... 3 more
	Suppressed: org.perses.reduction.SanityCheckFailedException: The initial sanity check failed. 

***** ***** ***** ***** ***** ***** ***** ***** ***** ***** ***** ***** *****
*
* The script exit code is ExitCode(intValue=1) 
* The files have been saved, and you can check them at:
*     /var/folders/dl/05_mlm4s61l8tk8f6n7fdw8h0000gn/T/perses_failure_7754033375503992838
* The property test is not flaky. #total runs: 6, #interesting: 0, #uninteresting: 6
***** ***** ***** ***** ***** ***** ***** ***** ***** ***** ***** ***** *****

============= stderr =============
<empty>

============= stdout =============
<empty> 

		at org.perses.reduction.AbstractReductionDriver.sanityCheckOrThrow(AbstractReductionDriver.kt:135)
		at org.perses.reduction.AbstractReductionDriver$cachedSanityCheckResult$2.invoke(AbstractReductionDriver.kt:74)
		at org.perses.reduction.AbstractReductionDriver$cachedSanityCheckResult$2.invoke(AbstractReductionDriver.kt:71)
		at kotlin.SynchronizedLazyImpl.getValue(LazyJVM.kt:74)
		at org.perses.reduction.AbstractReductionDriver.getCachedSanityCheckResult(AbstractReductionDriver.kt:71)
		at org.perses.AbstractMain.internalRun(AbstractMain.kt:72)
		... 3 more
	Suppressed: org.perses.reduction.SanityCheckFailedException: The initial sanity check failed. 

***** ***** ***** ***** ***** ***** ***** ***** ***** ***** ***** ***** *****
*
* The script exit code is ExitCode(intValue=1) 
* The files have been saved, and you can check them at:
*     /var/folders/dl/05_mlm4s61l8tk8f6n7fdw8h0000gn/T/perses_failure_13883305781154614557
* The property test is not flaky. #total runs: 6, #interesting: 0, #uninteresting: 6
***** ***** ***** ***** ***** ***** ***** ***** ***** ***** ***** ***** *****

============= stderr =============
<empty>

============= stdout =============
<empty> 

		at org.perses.reduction.AbstractReductionDriver.sanityCheckOrThrow(AbstractReductionDriver.kt:135)
		at org.perses.reduction.AbstractReductionDriver$cachedSanityCheckResult$2.invoke(AbstractReductionDriver.kt:74)
		at org.perses.reduction.AbstractReductionDriver$cachedSanityCheckResult$2.invoke(AbstractReductionDriver.kt:71)
		at kotlin.SynchronizedLazyImpl.getValue(LazyJVM.kt:74)
		at org.perses.reduction.AbstractReductionDriver.getCachedSanityCheckResult(AbstractReductionDriver.kt:71)
		at org.perses.AbstractMain.internalRun(AbstractMain.kt:72)
		... 3 more
	Suppressed: org.perses.reduction.SanityCheckFailedException: The initial sanity check failed. 

***** ***** ***** ***** ***** ***** ***** ***** ***** ***** ***** ***** *****
*
* The script exit code is ExitCode(intValue=1) 
* The files have been saved, and you can check them at:
*     /var/folders/dl/05_mlm4s61l8tk8f6n7fdw8h0000gn/T/perses_failure_2265899836015906897
* The property test is not flaky. #total runs: 6, #interesting: 0, #uninteresting: 6
***** ***** ***** ***** ***** ***** ***** ***** ***** ***** ***** ***** *****

============= stderr =============
<empty>

============= stdout =============
<empty> 

		at org.perses.reduction.AbstractReductionDriver.sanityCheckOrThrow(AbstractReductionDriver.kt:135)
		at org.perses.reduction.AbstractReductionDriver$cachedSanityCheckResult$2.invoke(AbstractReductionDriver.kt:74)
		at org.perses.reduction.AbstractReductionDriver$cachedSanityCheckResult$2.invoke(AbstractReductionDriver.kt:71)
		at kotlin.SynchronizedLazyImpl.getValue(LazyJVM.kt:74)
		at org.perses.reduction.AbstractReductionDriver.getCachedSanityCheckResult(AbstractReductionDriver.kt:71)
		at org.perses.AbstractMain.internalRun(AbstractMain.kt:72)
		... 3 more
