[13:46:30] [INFO   ] The command-line options are: --append-to-progress-dump-file "true" --call-creduce "false" --call-formatter "false" --creduce-cmd "creduce" --default-delta-debugger-for-kleene "DFS" --deps "[]" --edit-caching "true" --enable-lightweight-refreshing "true" --enable-line-slicer "false" --enable-lpr "false" --enable-token-slicer "false" --enable-trec "false" --enable-tree-slicer "false" --enable-vulcan "false" --fixpoint "true" --format-cmd "" --help "false" --input-file "/Users/artemancikov/Desktop/practical work/try1/reducer/jdk_remove_mode_results/iter_7/Main.java" --lang "" --language-ext-jars "[]" --list-algs "false" --list-langs "false" --list-parser-facades "false" --list-verbosity-levels "false" --lpr-fixpoint "false" --max-bfs-depth-for-regular-rule-node "5" --max-edit-count-for-regular-rule-node "100" --non-deletion-iteration-limit "10" --on-demand-coarse-grit-reducer-annotations "[]" --on-demand-fine-grit-reducer-annotations "[]" --on-demand-medium-grit-reducer-annotations "[]" --parser-facade-class-name "" --pass-level-caching "false" --query-cache-refresh-threshold "0" --query-cache-type "CONTENT_SHA512" --query-caching "AUTO" --reparse-each-iteration "true" --script-execution-keep-waiting-after-timeout "true" --script-execution-timeout-in-seconds "600" --stop-at-first-compatible-child-for-regular-rule-node "false" --test-script "/Users/artemancikov/Desktop/practical work/try1/reducer/jdk_remove_mode_results/iter_7/run2.sh" --threads "auto" --verbosity "INFO" --version "false" --vulcan-fixpoint "false" --window-size "4" 
[13:46:30] [SEVERE ] Failed to load the class of the parser facade org.perses.grammar.sql.tidb.TiDBParserFacade for LanguageTiDB{name=tidb, extensions=[tidb], defaultCodeFormatControl=COMPACT_ORIG_FORMAT}
org.perses.grammar.sql.tidb.TiDBParserFacade 
[13:46:31] [INFO   ] Tree Building: Start building spar-tree from input file SourceFile{file=FilePathWithContent{file=/Users/artemancikov/Desktop/practical work/try1/reducer/jdk_remove_mode_results/iter_7/Main.java}, lang=LanguageJava{name=java, extensions=[java], defaultCodeFormatControl=SINGLE_TOKEN_PER_LINE}} 
[13:46:31] [INFO   ] Tree Building: Step 1: Antlr parsing. 
[13:46:32] [INFO   ] Tree Building: Step 2: Converting parse tree to spar-tree 
[13:46:32] [INFO   ] Tree Building: Step 3: Simplifying spar-tree 
[13:46:32] [INFO   ] Tree Building: Finished in TimeSpan{startMillis=1755776791266, endMillis=1755776792927, formatted=1 second} 
[13:46:33] [INFO   ] The reduction process started at 13:46:33 2025/08/21 
[13:46:35] [INFO   ] Cache setting: query-caching=enabled, edit-caching=enabled, query-cache=content_sha512 
[13:46:35] [INFO   ] Reduction Started at 13:46:33 2025/08/21 
[13:46:35] [INFO   ] The sanity check result is: PassingSanityCheckResult 
[13:46:35] [INFO   ] The number of lexemes in the token factory is is 69 
[13:46:35] [INFO   ] Reduction algorithm is perses_node_priority_with_dfs_delta 
[13:46:35] [INFO   ] perses_node_priority_with_dfs_delta started at 13:46:35 2025/08/21. #tokens=277 
[13:46:35] [INFO   ] Fixpoint[1]:Reducer[perses_node_priority_with_dfs_delta]: New fixpoint iteration started. #Tokens=277 
[13:46:35] [INFO   ] Fixpoint[1]:Reducer[perses_node_priority_with_dfs_delta]: Reduce node (#leaves=272) 
[13:46:41] [INFO   ] Fixpoint[1]:Reducer[perses_node_priority_with_dfs_delta]: Reduce node (#leaves=272): queue=1, delete 0 tokens, ratio=277/277=100,00% 
[13:46:41] [INFO   ] Fixpoint[1]:Reducer[perses_node_priority_with_dfs_delta]: Reduce node (#leaves=169) 
[13:46:41] [INFO   ] Fixpoint[1]:Reducer[perses_node_priority_with_dfs_delta]: Reduce node (#leaves=169): queue=5, delete 0 tokens, ratio=277/277=100,00% 
[13:46:41] [INFO   ] Fixpoint[1]:Reducer[perses_node_priority_with_dfs_delta]: Reduce node (#leaves=167) 
[13:46:41] [INFO   ] Fixpoint[1]:Reducer[perses_node_priority_with_dfs_delta]: Reduce node (#leaves=167): queue=7, delete 0 tokens, ratio=277/277=100,00% 
[13:46:41] [INFO   ] Fixpoint[1]:Reducer[perses_node_priority_with_dfs_delta]: Reduce node (#leaves=165) 
[13:46:48] [INFO   ] Fixpoint[1]:Reducer[perses_node_priority_with_dfs_delta]: Reduce node (#leaves=165): queue=9, delete 0 tokens, ratio=277/277=100,00% 
[13:46:48] [INFO   ] Fixpoint[1]:Reducer[perses_node_priority_with_dfs_delta]: Reduce node (#leaves=72) 
[13:46:48] [INFO   ] Fixpoint[1]:Reducer[perses_node_priority_with_dfs_delta]: Reduce node (#leaves=72): queue=13, delete 0 tokens, ratio=277/277=100,00% 
[13:46:48] [INFO   ] Fixpoint[1]:Reducer[perses_node_priority_with_dfs_delta]: Reduce node (#leaves=68) 
[13:46:49] [INFO   ] Fixpoint[1]:Reducer[perses_node_priority_with_dfs_delta]: Reduce node (#leaves=68): queue=16, delete 0 tokens, ratio=277/277=100,00% 
[13:46:49] [INFO   ] Fixpoint[1]:Reducer[perses_node_priority_with_dfs_delta]: Reduce node (#leaves=67) 
[13:46:49] [INFO   ] Fixpoint[1]:Reducer[perses_node_priority_with_dfs_delta]: Reduce node (#leaves=67): queue=17, delete 0 tokens, ratio=277/277=100,00% 
[13:46:49] [INFO   ] Fixpoint[1]:Reducer[perses_node_priority_with_dfs_delta]: Reduce node (#leaves=67) 
[13:46:49] [INFO   ] Fixpoint[1]:Reducer[perses_node_priority_with_dfs_delta]: Reduce node (#leaves=67): queue=17, delete 0 tokens, ratio=277/277=100,00% 
[13:46:49] [INFO   ] Fixpoint[1]:Reducer[perses_node_priority_with_dfs_delta]: Reduce node (#leaves=66) 
[13:46:51] [INFO   ] Fixpoint[1]:Reducer[perses_node_priority_with_dfs_delta]: New minimal, delete 26 tokens, ratio=251/277=90,61% 
[13:46:51] [INFO   ] Fixpoint[1]:Reducer[perses_node_priority_with_dfs_delta]: Reduce node (#leaves=66): queue=18, delete 26 tokens, ratio=251/277=90,61% 
[13:46:51] [INFO   ] Fixpoint[1]:Reducer[perses_node_priority_with_dfs_delta]: Reduce node (#leaves=48) 
[13:46:51] [INFO   ] Fixpoint[1]:Reducer[perses_node_priority_with_dfs_delta]: New minimal, delete 48 tokens, ratio=203/277=73,29% 
[13:46:51] [INFO   ] Fixpoint[1]:Reducer[perses_node_priority_with_dfs_delta]: Reduce node (#leaves=48): queue=18, delete 48 tokens, ratio=203/277=73,29% 
[13:46:51] [INFO   ] Fixpoint[1]:Reducer[perses_node_priority_with_dfs_delta]: Reduce node (#leaves=43) 
[13:46:52] [INFO   ] Fixpoint[1]:Reducer[perses_node_priority_with_dfs_delta]: Reduce node (#leaves=43): queue=17, delete 0 tokens, ratio=203/277=73,29% 
[13:46:52] [INFO   ] Fixpoint[1]:Reducer[perses_node_priority_with_dfs_delta]: Reduce node (#leaves=40) 
[13:46:53] [INFO   ] Fixpoint[1]:Reducer[perses_node_priority_with_dfs_delta]: New minimal, delete 4 tokens, ratio=199/277=71,84% 
[13:46:53] [INFO   ] Fixpoint[1]:Reducer[perses_node_priority_with_dfs_delta]: Reduce node (#leaves=40): queue=19, delete 4 tokens, ratio=199/277=71,84% 
[13:46:53] [INFO   ] Fixpoint[1]:Reducer[perses_node_priority_with_dfs_delta]: Reduce node (#leaves=36) 
[13:46:53] [INFO   ] Fixpoint[1]:Reducer[perses_node_priority_with_dfs_delta]: Reduce node (#leaves=36): queue=19, delete 0 tokens, ratio=199/277=71,84% 
[13:46:53] [INFO   ] Fixpoint[1]:Reducer[perses_node_priority_with_dfs_delta]: Reduce node (#leaves=36) 
[13:46:55] [INFO   ] Fixpoint[1]:Reducer[perses_node_priority_with_dfs_delta]: Reduce node (#leaves=36): queue=21, delete 0 tokens, ratio=199/277=71,84% 
[13:46:55] [INFO   ] Fixpoint[1]:Reducer[perses_node_priority_with_dfs_delta]: Reduce node (#leaves=34) 
[13:46:55] [INFO   ] Fixpoint[1]:Reducer[perses_node_priority_with_dfs_delta]: New minimal, delete 34 tokens, ratio=165/277=59,57% 
[13:46:55] [INFO   ] Fixpoint[1]:Reducer[perses_node_priority_with_dfs_delta]: Reduce node (#leaves=34): queue=22, delete 34 tokens, ratio=165/277=59,57% 
[13:46:55] [INFO   ] Fixpoint[1]:Reducer[perses_node_priority_with_dfs_delta]: Reduce node (#leaves=31) 
[13:46:56] [INFO   ] Fixpoint[1]:Reducer[perses_node_priority_with_dfs_delta]: Reduce node (#leaves=31): queue=21, delete 0 tokens, ratio=165/277=59,57% 
[13:46:56] [INFO   ] Fixpoint[1]:Reducer[perses_node_priority_with_dfs_delta]: Reduce node (#leaves=31) 
[13:46:56] [INFO   ] Fixpoint[1]:Reducer[perses_node_priority_with_dfs_delta]: Reduce node (#leaves=31): queue=21, delete 0 tokens, ratio=165/277=59,57% 
[13:46:56] [INFO   ] Fixpoint[1]:Reducer[perses_node_priority_with_dfs_delta]: Reduce node (#leaves=30) 
[13:46:57] [INFO   ] Fixpoint[1]:Reducer[perses_node_priority_with_dfs_delta]: New minimal, delete 2 tokens, ratio=163/277=58,84% 
[13:46:57] [INFO   ] Fixpoint[1]:Reducer[perses_node_priority_with_dfs_delta]: Reduce node (#leaves=30): queue=22, delete 2 tokens, ratio=163/277=58,84% 
[13:46:57] [INFO   ] Fixpoint[1]:Reducer[perses_node_priority_with_dfs_delta]: Reduce node (#leaves=28) 
[13:46:57] [INFO   ] Fixpoint[1]:Reducer[perses_node_priority_with_dfs_delta]: Reduce node (#leaves=28): queue=22, delete 0 tokens, ratio=163/277=58,84% 
[13:46:57] [INFO   ] Fixpoint[1]:Reducer[perses_node_priority_with_dfs_delta]: Reduce node (#leaves=24) 
[13:46:58] [INFO   ] Fixpoint[1]:Reducer[perses_node_priority_with_dfs_delta]: Reduce node (#leaves=24): queue=25, delete 0 tokens, ratio=163/277=58,84% 
[13:46:58] [INFO   ] Fixpoint[1]:Reducer[perses_node_priority_with_dfs_delta]: Reduce node (#leaves=24) 
[13:46:59] [INFO   ] Fixpoint[1]:Reducer[perses_node_priority_with_dfs_delta]: Reduce node (#leaves=24): queue=28, delete 0 tokens, ratio=163/277=58,84% 
[13:46:59] [INFO   ] Fixpoint[1]:Reducer[perses_node_priority_with_dfs_delta]: Reduce node (#leaves=24) 
[13:47:00] [INFO   ] Fixpoint[1]:Reducer[perses_node_priority_with_dfs_delta]: New minimal, delete 2 tokens, ratio=161/277=58,12% 
[13:47:00] [INFO   ] Fixpoint[1]:Reducer[perses_node_priority_with_dfs_delta]: Reduce node (#leaves=24): queue=28, delete 2 tokens, ratio=161/277=58,12% 
[13:47:00] [INFO   ] Fixpoint[1]:Reducer[perses_node_priority_with_dfs_delta]: Reduce node (#leaves=22) 
[13:47:01] [INFO   ] Fixpoint[1]:Reducer[perses_node_priority_with_dfs_delta]: Reduce node (#leaves=22): queue=28, delete 0 tokens, ratio=161/277=58,12% 
[13:47:01] [INFO   ] Fixpoint[1]:Reducer[perses_node_priority_with_dfs_delta]: Reduce node (#leaves=21) 
[13:47:02] [INFO   ] Fixpoint[1]:Reducer[perses_node_priority_with_dfs_delta]: Reduce node (#leaves=21): queue=30, delete 0 tokens, ratio=161/277=58,12% 
[13:47:02] [INFO   ] Fixpoint[1]:Reducer[perses_node_priority_with_dfs_delta]: Reduce node (#leaves=21) 
[13:47:02] [INFO   ] Fixpoint[1]:Reducer[perses_node_priority_with_dfs_delta]: Reduce node (#leaves=21): queue=33, delete 0 tokens, ratio=161/277=58,12% 
[13:47:02] [INFO   ] Fixpoint[1]:Reducer[perses_node_priority_with_dfs_delta]: Reduce node (#leaves=19) 
[13:47:03] [INFO   ] Fixpoint[1]:Reducer[perses_node_priority_with_dfs_delta]: New minimal, delete 19 tokens, ratio=142/277=51,26% 
[13:47:03] [INFO   ] Fixpoint[1]:Reducer[perses_node_priority_with_dfs_delta]: Reduce node (#leaves=19): queue=36, delete 19 tokens, ratio=142/277=51,26% 
[13:47:03] [INFO   ] Fixpoint[1]:Reducer[perses_node_priority_with_dfs_delta]: Reduce node (#leaves=18) 
[13:47:03] [INFO   ] Fixpoint[1]:Reducer[perses_node_priority_with_dfs_delta]: Reduce node (#leaves=18): queue=35, delete 0 tokens, ratio=142/277=51,26% 
[13:47:03] [INFO   ] Fixpoint[1]:Reducer[perses_node_priority_with_dfs_delta]: Reduce node (#leaves=18) 
[13:47:03] [INFO   ] Fixpoint[1]:Reducer[perses_node_priority_with_dfs_delta]: Reduce node (#leaves=18): queue=37, delete 0 tokens, ratio=142/277=51,26% 
[13:47:03] [INFO   ] Fixpoint[1]:Reducer[perses_node_priority_with_dfs_delta]: Reduce node (#leaves=16) 
[13:47:04] [INFO   ] Fixpoint[1]:Reducer[perses_node_priority_with_dfs_delta]: Reduce node (#leaves=16): queue=39, delete 0 tokens, ratio=142/277=51,26% 
[13:47:04] [INFO   ] Fixpoint[1]:Reducer[perses_node_priority_with_dfs_delta]: Reduce node (#leaves=16) 
[13:47:04] [INFO   ] Fixpoint[1]:Reducer[perses_node_priority_with_dfs_delta]: Reduce node (#leaves=16): queue=39, delete 0 tokens, ratio=142/277=51,26% 
[13:47:04] [INFO   ] Fixpoint[1]:Reducer[perses_node_priority_with_dfs_delta]: Reduce node (#leaves=16) 
[13:47:04] [INFO   ] Fixpoint[1]:Reducer[perses_node_priority_with_dfs_delta]: New minimal, delete 16 tokens, ratio=126/277=45,49% 
[13:47:04] [INFO   ] Fixpoint[1]:Reducer[perses_node_priority_with_dfs_delta]: Reduce node (#leaves=16): queue=42, delete 16 tokens, ratio=126/277=45,49% 
[13:47:04] [INFO   ] Fixpoint[1]:Reducer[perses_node_priority_with_dfs_delta]: Reduce node (#leaves=13) 
[13:47:05] [INFO   ] Fixpoint[1]:Reducer[perses_node_priority_with_dfs_delta]: Reduce node (#leaves=13): queue=41, delete 0 tokens, ratio=126/277=45,49% 
[13:47:05] [INFO   ] Fixpoint[1]:Reducer[perses_node_priority_with_dfs_delta]: Reduce node (#leaves=12) 
[13:47:06] [INFO   ] Fixpoint[1]:Reducer[perses_node_priority_with_dfs_delta]: New minimal, delete 11 tokens, ratio=115/277=41,52% 
[13:47:06] [INFO   ] Fixpoint[1]:Reducer[perses_node_priority_with_dfs_delta]: Reduce node (#leaves=12): queue=44, delete 11 tokens, ratio=115/277=41,52% 
[13:47:06] [INFO   ] Fixpoint[1]:Reducer[perses_node_priority_with_dfs_delta]: Reduce node (#leaves=12) 
[13:47:07] [INFO   ] Fixpoint[1]:Reducer[perses_node_priority_with_dfs_delta]: New minimal, delete 11 tokens, ratio=104/277=37,55% 
[13:47:07] [INFO   ] Fixpoint[1]:Reducer[perses_node_priority_with_dfs_delta]: Reduce node (#leaves=12): queue=44, delete 11 tokens, ratio=104/277=37,55% 
[13:47:07] [INFO   ] Fixpoint[1]:Reducer[perses_node_priority_with_dfs_delta]: Reduce node (#leaves=11) 
[13:47:08] [INFO   ] Fixpoint[1]:Reducer[perses_node_priority_with_dfs_delta]: New minimal, delete 10 tokens, ratio=94/277=33,94% 
[13:47:08] [INFO   ] Fixpoint[1]:Reducer[perses_node_priority_with_dfs_delta]: Reduce node (#leaves=11): queue=44, delete 10 tokens, ratio=94/277=33,94% 
[13:47:08] [INFO   ] Fixpoint[1]:Reducer[perses_node_priority_with_dfs_delta]: Reduce node (#leaves=10) 
[13:47:09] [INFO   ] Fixpoint[1]:Reducer[perses_node_priority_with_dfs_delta]: New minimal, delete 9 tokens, ratio=85/277=30,69% 
[13:47:09] [INFO   ] Fixpoint[1]:Reducer[perses_node_priority_with_dfs_delta]: Reduce node (#leaves=10): queue=44, delete 9 tokens, ratio=85/277=30,69% 
[13:47:09] [INFO   ] Fixpoint[1]:Reducer[perses_node_priority_with_dfs_delta]: Reduce node (#leaves=9) 
[13:47:09] [INFO   ] Fixpoint[1]:Reducer[perses_node_priority_with_dfs_delta]: New minimal, delete 8 tokens, ratio=77/277=27,80% 
[13:47:09] [INFO   ] Fixpoint[1]:Reducer[perses_node_priority_with_dfs_delta]: Reduce node (#leaves=9): queue=44, delete 8 tokens, ratio=77/277=27,80% 
[13:47:09] [INFO   ] Fixpoint[1]:Reducer[perses_node_priority_with_dfs_delta]: Reduce node (#leaves=9) 
[13:47:10] [INFO   ] Fixpoint[1]:Reducer[perses_node_priority_with_dfs_delta]: New minimal, delete 9 tokens, ratio=68/277=24,55% 
[13:47:10] [INFO   ] Fixpoint[1]:Reducer[perses_node_priority_with_dfs_delta]: Reduce node (#leaves=9): queue=44, delete 9 tokens, ratio=68/277=24,55% 
[13:47:10] [INFO   ] Fixpoint[1]:Reducer[perses_node_priority_with_dfs_delta]: Reduce node (#leaves=7) 
[13:47:11] [INFO   ] Fixpoint[1]:Reducer[perses_node_priority_with_dfs_delta]: New minimal, delete 7 tokens, ratio=61/277=22,02% 
[13:47:11] [INFO   ] Fixpoint[1]:Reducer[perses_node_priority_with_dfs_delta]: Reduce node (#leaves=7): queue=43, delete 7 tokens, ratio=61/277=22,02% 
[13:47:11] [INFO   ] Fixpoint[1]:Reducer[perses_node_priority_with_dfs_delta]: Reduce node (#leaves=5) 
[13:47:12] [INFO   ] Fixpoint[1]:Reducer[perses_node_priority_with_dfs_delta]: New minimal, delete 4 tokens, ratio=57/277=20,58% 
[13:47:12] [INFO   ] Fixpoint[1]:Reducer[perses_node_priority_with_dfs_delta]: Reduce node (#leaves=5): queue=42, delete 4 tokens, ratio=57/277=20,58% 
[13:47:12] [INFO   ] Fixpoint[1]:Reducer[perses_node_priority_with_dfs_delta]: Reduce node (#leaves=5) 
[13:47:13] [INFO   ] Fixpoint[1]:Reducer[perses_node_priority_with_dfs_delta]: New minimal, delete 5 tokens, ratio=52/277=18,77% 
[13:47:13] [INFO   ] Fixpoint[1]:Reducer[perses_node_priority_with_dfs_delta]: Reduce node (#leaves=5): queue=42, delete 5 tokens, ratio=52/277=18,77% 
[13:47:13] [INFO   ] Fixpoint[1]:Reducer[perses_node_priority_with_dfs_delta]: Reduce node (#leaves=4) 
[13:47:13] [INFO   ] Fixpoint[1]:Reducer[perses_node_priority_with_dfs_delta]: Reduce node (#leaves=4): queue=41, delete 0 tokens, ratio=52/277=18,77% 
[13:47:13] [INFO   ] Fixpoint[1]:Reducer[perses_node_priority_with_dfs_delta]: Reduce node (#leaves=3) 
[13:47:13] [INFO   ] Fixpoint[1]:Reducer[perses_node_priority_with_dfs_delta]: Reduce node (#leaves=3): queue=42, delete 0 tokens, ratio=52/277=18,77% 
[13:47:13] [INFO   ] Fixpoint[1]:Reducer[perses_node_priority_with_dfs_delta]: Reduce node (#leaves=3) 
[13:47:13] [INFO   ] Fixpoint[1]:Reducer[perses_node_priority_with_dfs_delta]: New minimal, delete 3 tokens, ratio=49/277=17,69% 
[13:47:13] [INFO   ] Fixpoint[1]:Reducer[perses_node_priority_with_dfs_delta]: Reduce node (#leaves=3): queue=44, delete 3 tokens, ratio=49/277=17,69% 
[13:47:13] [INFO   ] Fixpoint[1]:Reducer[perses_node_priority_with_dfs_delta]: Reduce node (#leaves=2) 
[13:47:14] [INFO   ] Fixpoint[1]:Reducer[perses_node_priority_with_dfs_delta]: New minimal, delete 2 tokens, ratio=47/277=16,97% 
[13:47:14] [INFO   ] Fixpoint[1]:Reducer[perses_node_priority_with_dfs_delta]: Reduce node (#leaves=2): queue=43, delete 2 tokens, ratio=47/277=16,97% 
[13:47:14] [INFO   ] Fixpoint[1]:Reducer[perses_node_priority_with_dfs_delta]: Reduce node (#leaves=2) 
[13:47:14] [INFO   ] Fixpoint[1]:Reducer[perses_node_priority_with_dfs_delta]: Reduce node (#leaves=2): queue=42, delete 0 tokens, ratio=47/277=16,97% 
[13:47:14] [INFO   ] Fixpoint[1]:Reducer[perses_node_priority_with_dfs_delta]: Reduce node (#leaves=2) 
[13:47:16] [INFO   ] Fixpoint[1]:Reducer[perses_node_priority_with_dfs_delta]: New minimal, delete 1 tokens, ratio=46/277=16,61% 
[13:47:16] [INFO   ] Fixpoint[1]:Reducer[perses_node_priority_with_dfs_delta]: Reduce node (#leaves=2): queue=43, delete 1 tokens, ratio=46/277=16,61% 
[13:47:16] [INFO   ] Fixpoint[1]:Reducer[perses_node_priority_with_dfs_delta]: Reduce node (#leaves=2) 
[13:47:16] [INFO   ] Fixpoint[1]:Reducer[perses_node_priority_with_dfs_delta]: Reduce node (#leaves=2): queue=43, delete 0 tokens, ratio=46/277=16,61% 
[13:47:16] [INFO   ] Fixpoint[1]:Reducer[perses_node_priority_with_dfs_delta]: Reduce node (#leaves=2) 
[13:47:17] [INFO   ] Fixpoint[1]:Reducer[perses_node_priority_with_dfs_delta]: New minimal, delete 2 tokens, ratio=44/277=15,88% 
[13:47:17] [INFO   ] Fixpoint[1]:Reducer[perses_node_priority_with_dfs_delta]: Reduce node (#leaves=2): queue=44, delete 2 tokens, ratio=44/277=15,88% 
[13:47:17] [INFO   ] Fixpoint[1]:Reducer[perses_node_priority_with_dfs_delta]: Reduce node (#leaves=1) 
[13:47:17] [INFO   ] Fixpoint[1]:Reducer[perses_node_priority_with_dfs_delta]: Reduce node (#leaves=1): queue=43, delete 0 tokens, ratio=44/277=15,88% 
[13:47:17] [INFO   ] Fixpoint[1]:Reducer[perses_node_priority_with_dfs_delta]: Reduce node (#leaves=1) 
[13:47:17] [INFO   ] Fixpoint[1]:Reducer[perses_node_priority_with_dfs_delta]: Reduce node (#leaves=1): queue=42, delete 0 tokens, ratio=44/277=15,88% 
[13:47:17] [INFO   ] Fixpoint[1]:Reducer[perses_node_priority_with_dfs_delta]: Reduce node (#leaves=1) 
[13:47:17] [INFO   ] Fixpoint[1]:Reducer[perses_node_priority_with_dfs_delta]: Reduce node (#leaves=1): queue=41, delete 0 tokens, ratio=44/277=15,88% 
[13:47:17] [INFO   ] Fixpoint[1]:Reducer[perses_node_priority_with_dfs_delta]: Reduce node (#leaves=1) 
[13:47:17] [INFO   ] Fixpoint[1]:Reducer[perses_node_priority_with_dfs_delta]: Reduce node (#leaves=1): queue=40, delete 0 tokens, ratio=44/277=15,88% 
[13:47:17] [INFO   ] Fixpoint[1]:Reducer[perses_node_priority_with_dfs_delta]: Reduce node (#leaves=1) 
[13:47:17] [INFO   ] Fixpoint[1]:Reducer[perses_node_priority_with_dfs_delta]: Reduce node (#leaves=1): queue=39, delete 0 tokens, ratio=44/277=15,88% 
[13:47:17] [INFO   ] Fixpoint[1]:Reducer[perses_node_priority_with_dfs_delta]: Reduce node (#leaves=1) 
[13:47:17] [INFO   ] Fixpoint[1]:Reducer[perses_node_priority_with_dfs_delta]: Reduce node (#leaves=1): queue=38, delete 0 tokens, ratio=44/277=15,88% 
[13:47:17] [INFO   ] Fixpoint[1]:Reducer[perses_node_priority_with_dfs_delta]: Reduce node (#leaves=1) 
[13:47:17] [INFO   ] Fixpoint[1]:Reducer[perses_node_priority_with_dfs_delta]: Reduce node (#leaves=1): queue=37, delete 0 tokens, ratio=44/277=15,88% 
[13:47:17] [INFO   ] Fixpoint[1]:Reducer[perses_node_priority_with_dfs_delta]: Reduce node (#leaves=1) 
[13:47:17] [INFO   ] Fixpoint[1]:Reducer[perses_node_priority_with_dfs_delta]: Reduce node (#leaves=1): queue=36, delete 0 tokens, ratio=44/277=15,88% 
[13:47:17] [INFO   ] Fixpoint[1]:Reducer[perses_node_priority_with_dfs_delta]: Reduce node (#leaves=1) 
[13:47:17] [INFO   ] Fixpoint[1]:Reducer[perses_node_priority_with_dfs_delta]: Reduce node (#leaves=1): queue=35, delete 0 tokens, ratio=44/277=15,88% 
[13:47:17] [INFO   ] Fixpoint[1]:Reducer[perses_node_priority_with_dfs_delta]: Reduce node (#leaves=1) 
[13:47:17] [INFO   ] Fixpoint[1]:Reducer[perses_node_priority_with_dfs_delta]: Reduce node (#leaves=1): queue=34, delete 0 tokens, ratio=44/277=15,88% 
[13:47:17] [INFO   ] Fixpoint[1]:Reducer[perses_node_priority_with_dfs_delta]: Reduce node (#leaves=1) 
[13:47:17] [INFO   ] Fixpoint[1]:Reducer[perses_node_priority_with_dfs_delta]: Reduce node (#leaves=1): queue=33, delete 0 tokens, ratio=44/277=15,88% 
[13:47:17] [INFO   ] Fixpoint[1]:Reducer[perses_node_priority_with_dfs_delta]: Reduce node (#leaves=1) 
[13:47:17] [INFO   ] Fixpoint[1]:Reducer[perses_node_priority_with_dfs_delta]: Reduce node (#leaves=1): queue=32, delete 0 tokens, ratio=44/277=15,88% 
[13:47:17] [INFO   ] Fixpoint[1]:Reducer[perses_node_priority_with_dfs_delta]: Reduce node (#leaves=1) 
[13:47:17] [INFO   ] Fixpoint[1]:Reducer[perses_node_priority_with_dfs_delta]: Reduce node (#leaves=1): queue=31, delete 0 tokens, ratio=44/277=15,88% 
[13:47:17] [INFO   ] Fixpoint[1]:Reducer[perses_node_priority_with_dfs_delta]: Reduce node (#leaves=1) 
[13:47:17] [INFO   ] Fixpoint[1]:Reducer[perses_node_priority_with_dfs_delta]: Reduce node (#leaves=1): queue=30, delete 0 tokens, ratio=44/277=15,88% 
[13:47:17] [INFO   ] Fixpoint[1]:Reducer[perses_node_priority_with_dfs_delta]: Reduce node (#leaves=1) 
[13:47:17] [INFO   ] Fixpoint[1]:Reducer[perses_node_priority_with_dfs_delta]: Reduce node (#leaves=1): queue=29, delete 0 tokens, ratio=44/277=15,88% 
[13:47:17] [INFO   ] Fixpoint[1]:Reducer[perses_node_priority_with_dfs_delta]: Reduce node (#leaves=1) 
[13:47:17] [INFO   ] Fixpoint[1]:Reducer[perses_node_priority_with_dfs_delta]: Reduce node (#leaves=1): queue=28, delete 0 tokens, ratio=44/277=15,88% 
[13:47:17] [INFO   ] Fixpoint[1]:Reducer[perses_node_priority_with_dfs_delta]: Reduce node (#leaves=1) 
[13:47:17] [INFO   ] Fixpoint[1]:Reducer[perses_node_priority_with_dfs_delta]: Reduce node (#leaves=1): queue=27, delete 0 tokens, ratio=44/277=15,88% 
[13:47:17] [INFO   ] Fixpoint[1]:Reducer[perses_node_priority_with_dfs_delta]: Reduce node (#leaves=1) 
[13:47:17] [INFO   ] Fixpoint[1]:Reducer[perses_node_priority_with_dfs_delta]: Reduce node (#leaves=1): queue=26, delete 0 tokens, ratio=44/277=15,88% 
[13:47:17] [INFO   ] Fixpoint[1]:Reducer[perses_node_priority_with_dfs_delta]: Reduce node (#leaves=1) 
[13:47:17] [INFO   ] Fixpoint[1]:Reducer[perses_node_priority_with_dfs_delta]: Reduce node (#leaves=1): queue=25, delete 0 tokens, ratio=44/277=15,88% 
[13:47:17] [INFO   ] Fixpoint[1]:Reducer[perses_node_priority_with_dfs_delta]: Reduce node (#leaves=1) 
[13:47:17] [INFO   ] Fixpoint[1]:Reducer[perses_node_priority_with_dfs_delta]: Reduce node (#leaves=1): queue=24, delete 0 tokens, ratio=44/277=15,88% 
[13:47:17] [INFO   ] Fixpoint[1]:Reducer[perses_node_priority_with_dfs_delta]: Reduce node (#leaves=1) 
[13:47:17] [INFO   ] Fixpoint[1]:Reducer[perses_node_priority_with_dfs_delta]: Reduce node (#leaves=1): queue=23, delete 0 tokens, ratio=44/277=15,88% 
[13:47:17] [INFO   ] Fixpoint[1]:Reducer[perses_node_priority_with_dfs_delta]: Reduce node (#leaves=1) 
[13:47:17] [INFO   ] Fixpoint[1]:Reducer[perses_node_priority_with_dfs_delta]: Reduce node (#leaves=1): queue=22, delete 0 tokens, ratio=44/277=15,88% 
[13:47:17] [INFO   ] Fixpoint[1]:Reducer[perses_node_priority_with_dfs_delta]: Reduce node (#leaves=1) 
[13:47:17] [INFO   ] Fixpoint[1]:Reducer[perses_node_priority_with_dfs_delta]: Reduce node (#leaves=1): queue=21, delete 0 tokens, ratio=44/277=15,88% 
[13:47:17] [INFO   ] Fixpoint[1]:Reducer[perses_node_priority_with_dfs_delta]: Reduce node (#leaves=1) 
[13:47:17] [INFO   ] Fixpoint[1]:Reducer[perses_node_priority_with_dfs_delta]: Reduce node (#leaves=1): queue=20, delete 0 tokens, ratio=44/277=15,88% 
[13:47:17] [INFO   ] Fixpoint[1]:Reducer[perses_node_priority_with_dfs_delta]: Reduce node (#leaves=1) 
[13:47:17] [INFO   ] Fixpoint[1]:Reducer[perses_node_priority_with_dfs_delta]: Reduce node (#leaves=1): queue=19, delete 0 tokens, ratio=44/277=15,88% 
[13:47:17] [INFO   ] Fixpoint[1]:Reducer[perses_node_priority_with_dfs_delta]: Reduce node (#leaves=1) 
[13:47:17] [INFO   ] Fixpoint[1]:Reducer[perses_node_priority_with_dfs_delta]: Reduce node (#leaves=1): queue=18, delete 0 tokens, ratio=44/277=15,88% 
[13:47:17] [INFO   ] Fixpoint[1]:Reducer[perses_node_priority_with_dfs_delta]: Reduce node (#leaves=1) 
[13:47:17] [INFO   ] Fixpoint[1]:Reducer[perses_node_priority_with_dfs_delta]: Reduce node (#leaves=1): queue=17, delete 0 tokens, ratio=44/277=15,88% 
[13:47:17] [INFO   ] Fixpoint[1]:Reducer[perses_node_priority_with_dfs_delta]: Reduce node (#leaves=1) 
[13:47:17] [INFO   ] Fixpoint[1]:Reducer[perses_node_priority_with_dfs_delta]: Reduce node (#leaves=1): queue=16, delete 0 tokens, ratio=44/277=15,88% 
[13:47:17] [INFO   ] Fixpoint[1]:Reducer[perses_node_priority_with_dfs_delta]: Reduce node (#leaves=1) 
[13:47:17] [INFO   ] Fixpoint[1]:Reducer[perses_node_priority_with_dfs_delta]: Reduce node (#leaves=1): queue=15, delete 0 tokens, ratio=44/277=15,88% 
[13:47:17] [INFO   ] Fixpoint[1]:Reducer[perses_node_priority_with_dfs_delta]: Reduce node (#leaves=1) 
[13:47:17] [INFO   ] Fixpoint[1]:Reducer[perses_node_priority_with_dfs_delta]: Reduce node (#leaves=1): queue=14, delete 0 tokens, ratio=44/277=15,88% 
[13:47:17] [INFO   ] Fixpoint[1]:Reducer[perses_node_priority_with_dfs_delta]: Reduce node (#leaves=1) 
[13:47:17] [INFO   ] Fixpoint[1]:Reducer[perses_node_priority_with_dfs_delta]: Reduce node (#leaves=1): queue=13, delete 0 tokens, ratio=44/277=15,88% 
[13:47:17] [INFO   ] Fixpoint[1]:Reducer[perses_node_priority_with_dfs_delta]: Reduce node (#leaves=1) 
[13:47:17] [INFO   ] Fixpoint[1]:Reducer[perses_node_priority_with_dfs_delta]: Reduce node (#leaves=1): queue=12, delete 0 tokens, ratio=44/277=15,88% 
[13:47:17] [INFO   ] Fixpoint[1]:Reducer[perses_node_priority_with_dfs_delta]: Reduce node (#leaves=1) 
[13:47:17] [INFO   ] Fixpoint[1]:Reducer[perses_node_priority_with_dfs_delta]: Reduce node (#leaves=1): queue=11, delete 0 tokens, ratio=44/277=15,88% 
[13:47:17] [INFO   ] Fixpoint[1]:Reducer[perses_node_priority_with_dfs_delta]: Reduce node (#leaves=1) 
[13:47:17] [INFO   ] Fixpoint[1]:Reducer[perses_node_priority_with_dfs_delta]: Reduce node (#leaves=1): queue=10, delete 0 tokens, ratio=44/277=15,88% 
[13:47:17] [INFO   ] Fixpoint[1]:Reducer[perses_node_priority_with_dfs_delta]: Reduce node (#leaves=1) 
[13:47:17] [INFO   ] Fixpoint[1]:Reducer[perses_node_priority_with_dfs_delta]: Reduce node (#leaves=1): queue=9, delete 0 tokens, ratio=44/277=15,88% 
[13:47:17] [INFO   ] Fixpoint[1]:Reducer[perses_node_priority_with_dfs_delta]: Reduce node (#leaves=1) 
[13:47:17] [INFO   ] Fixpoint[1]:Reducer[perses_node_priority_with_dfs_delta]: Reduce node (#leaves=1): queue=8, delete 0 tokens, ratio=44/277=15,88% 
[13:47:17] [INFO   ] Fixpoint[1]:Reducer[perses_node_priority_with_dfs_delta]: Reduce node (#leaves=1) 
[13:47:17] [INFO   ] Fixpoint[1]:Reducer[perses_node_priority_with_dfs_delta]: Reduce node (#leaves=1): queue=7, delete 0 tokens, ratio=44/277=15,88% 
[13:47:17] [INFO   ] Fixpoint[1]:Reducer[perses_node_priority_with_dfs_delta]: Reduce node (#leaves=1) 
[13:47:17] [INFO   ] Fixpoint[1]:Reducer[perses_node_priority_with_dfs_delta]: Reduce node (#leaves=1): queue=6, delete 0 tokens, ratio=44/277=15,88% 
[13:47:17] [INFO   ] Fixpoint[1]:Reducer[perses_node_priority_with_dfs_delta]: Reduce node (#leaves=1) 
[13:47:18] [INFO   ] Fixpoint[1]:Reducer[perses_node_priority_with_dfs_delta]: New minimal, delete 1 tokens, ratio=43/277=15,52% 
[13:47:18] [INFO   ] Fixpoint[1]:Reducer[perses_node_priority_with_dfs_delta]: Reduce node (#leaves=1): queue=5, delete 1 tokens, ratio=43/277=15,52% 
[13:47:18] [INFO   ] Fixpoint[1]:Reducer[perses_node_priority_with_dfs_delta]: Reduce node (#leaves=1) 
[13:47:18] [INFO   ] Fixpoint[1]:Reducer[perses_node_priority_with_dfs_delta]: Reduce node (#leaves=1): queue=4, delete 0 tokens, ratio=43/277=15,52% 
[13:47:18] [INFO   ] Fixpoint[1]:Reducer[perses_node_priority_with_dfs_delta]: Reduce node (#leaves=1) 
[13:47:18] [INFO   ] Fixpoint[1]:Reducer[perses_node_priority_with_dfs_delta]: Reduce node (#leaves=1): queue=3, delete 0 tokens, ratio=43/277=15,52% 
[13:47:18] [INFO   ] Fixpoint[1]:Reducer[perses_node_priority_with_dfs_delta]: Reduce node (#leaves=1) 
[13:47:18] [INFO   ] Fixpoint[1]:Reducer[perses_node_priority_with_dfs_delta]: Reduce node (#leaves=1): queue=2, delete 0 tokens, ratio=43/277=15,52% 
[13:47:18] [INFO   ] Fixpoint[1]:Reducer[perses_node_priority_with_dfs_delta]: Reduce node (#leaves=1) 
[13:47:18] [INFO   ] Fixpoint[1]:Reducer[perses_node_priority_with_dfs_delta]: Reduce node (#leaves=1): queue=1, delete 0 tokens, ratio=43/277=15,52% 
[13:47:18] [INFO   ] Fixpoint[1]:Reducer[perses_node_priority_with_dfs_delta]: Reduce node (#leaves=1) 
[13:47:18] [INFO   ] Fixpoint[1]:Reducer[perses_node_priority_with_dfs_delta]: New minimal, delete 1 tokens, ratio=42/277=15,16% 
[13:47:18] [INFO   ] perses_node_priority_with_dfs_delta ended at 13:47:18 2025/08/21. #old=277, #new=42 
[13:47:18] [INFO   ] Fixpoint[1]:Reducer[perses_node_priority_with_dfs_delta]: Reduce node (#leaves=0): queue=0, delete 1 tokens, ratio=42/277=15,16% 
[13:47:18] [INFO   ] Fixpoint[1]:Reducer[perses_node_priority_with_dfs_delta]: Fixpoint iteration finished, delete 235 tokens, ratio=42/277=15,16% 
[13:47:18] [INFO   ] perses_node_priority_with_dfs_delta started at 13:47:18 2025/08/21. #tokens=42 
[13:47:18] [INFO   ] Fixpoint[2]:Reducer[perses_node_priority_with_dfs_delta]: New fixpoint iteration started. #Tokens=42 
[13:47:18] [INFO   ] Fixpoint[2]:Reducer[perses_node_priority_with_dfs_delta]: Reduce node (#leaves=42) 
[13:47:23] [INFO   ] Fixpoint[2]:Reducer[perses_node_priority_with_dfs_delta]: Reduce node (#leaves=42): queue=0, delete 0 tokens, ratio=42/277=15,16% 
[13:47:23] [INFO   ] Fixpoint[2]:Reducer[perses_node_priority_with_dfs_delta]: Reduce node (#leaves=27) 
[13:47:23] [INFO   ] Fixpoint[2]:Reducer[perses_node_priority_with_dfs_delta]: Reduce node (#leaves=27): queue=3, delete 0 tokens, ratio=42/277=15,16% 
[13:47:23] [INFO   ] Fixpoint[2]:Reducer[perses_node_priority_with_dfs_delta]: Reduce node (#leaves=25) 
[13:47:23] [INFO   ] Fixpoint[2]:Reducer[perses_node_priority_with_dfs_delta]: Reduce node (#leaves=25): queue=5, delete 0 tokens, ratio=42/277=15,16% 
[13:47:23] [INFO   ] Fixpoint[2]:Reducer[perses_node_priority_with_dfs_delta]: Reduce node (#leaves=23) 
[13:47:25] [INFO   ] Fixpoint[2]:Reducer[perses_node_priority_with_dfs_delta]: New minimal, delete 9 tokens, ratio=33/277=11,91% 
[13:47:25] [INFO   ] Fixpoint[2]:Reducer[perses_node_priority_with_dfs_delta]: Reduce node (#leaves=23): queue=7, delete 9 tokens, ratio=33/277=11,91% 
[13:47:25] [INFO   ] Fixpoint[2]:Reducer[perses_node_priority_with_dfs_delta]: Reduce node (#leaves=14) 
[13:47:25] [INFO   ] Fixpoint[2]:Reducer[perses_node_priority_with_dfs_delta]: Reduce node (#leaves=14): queue=7, delete 0 tokens, ratio=33/277=11,91% 
[13:47:25] [INFO   ] Fixpoint[2]:Reducer[perses_node_priority_with_dfs_delta]: Reduce node (#leaves=11) 
[13:47:26] [INFO   ] Fixpoint[2]:Reducer[perses_node_priority_with_dfs_delta]: Reduce node (#leaves=11): queue=10, delete 0 tokens, ratio=33/277=11,91% 
[13:47:26] [INFO   ] Fixpoint[2]:Reducer[perses_node_priority_with_dfs_delta]: Reduce node (#leaves=10) 
[13:47:26] [INFO   ] Fixpoint[2]:Reducer[perses_node_priority_with_dfs_delta]: Reduce node (#leaves=10): queue=11, delete 0 tokens, ratio=33/277=11,91% 
[13:47:26] [INFO   ] Fixpoint[2]:Reducer[perses_node_priority_with_dfs_delta]: Reduce node (#leaves=10) 
[13:47:26] [INFO   ] Fixpoint[2]:Reducer[perses_node_priority_with_dfs_delta]: Reduce node (#leaves=10): queue=11, delete 0 tokens, ratio=33/277=11,91% 
[13:47:26] [INFO   ] Fixpoint[2]:Reducer[perses_node_priority_with_dfs_delta]: Reduce node (#leaves=9) 
[13:47:27] [INFO   ] Fixpoint[2]:Reducer[perses_node_priority_with_dfs_delta]: Reduce node (#leaves=9): queue=12, delete 0 tokens, ratio=33/277=11,91% 
[13:47:27] [INFO   ] Fixpoint[2]:Reducer[perses_node_priority_with_dfs_delta]: Reduce node (#leaves=8) 
[13:47:27] [INFO   ] Fixpoint[2]:Reducer[perses_node_priority_with_dfs_delta]: Reduce node (#leaves=8): queue=13, delete 0 tokens, ratio=33/277=11,91% 
[13:47:27] [INFO   ] Fixpoint[2]:Reducer[perses_node_priority_with_dfs_delta]: Reduce node (#leaves=8) 
[13:47:27] [INFO   ] Fixpoint[2]:Reducer[perses_node_priority_with_dfs_delta]: Reduce node (#leaves=8): queue=13, delete 0 tokens, ratio=33/277=11,91% 
[13:47:27] [INFO   ] Fixpoint[2]:Reducer[perses_node_priority_with_dfs_delta]: Reduce node (#leaves=7) 
[13:47:28] [INFO   ] Fixpoint[2]:Reducer[perses_node_priority_with_dfs_delta]: Reduce node (#leaves=7): queue=14, delete 0 tokens, ratio=33/277=11,91% 
[13:47:28] [INFO   ] Fixpoint[2]:Reducer[perses_node_priority_with_dfs_delta]: Reduce node (#leaves=7) 
[13:47:29] [INFO   ] Fixpoint[2]:Reducer[perses_node_priority_with_dfs_delta]: New minimal, delete 7 tokens, ratio=26/277=9,39% 
[13:47:29] [INFO   ] Fixpoint[2]:Reducer[perses_node_priority_with_dfs_delta]: Reduce node (#leaves=7): queue=17, delete 7 tokens, ratio=26/277=9,39% 
[13:47:29] [INFO   ] Fixpoint[2]:Reducer[perses_node_priority_with_dfs_delta]: Reduce node (#leaves=4) 
[13:47:30] [INFO   ] Fixpoint[2]:Reducer[perses_node_priority_with_dfs_delta]: New minimal, delete 4 tokens, ratio=22/277=7,94% 
[13:47:30] [INFO   ] Fixpoint[2]:Reducer[perses_node_priority_with_dfs_delta]: Reduce node (#leaves=4): queue=16, delete 4 tokens, ratio=22/277=7,94% 
[13:47:30] [INFO   ] Fixpoint[2]:Reducer[perses_node_priority_with_dfs_delta]: Reduce node (#leaves=4) 
[13:47:30] [INFO   ] Fixpoint[2]:Reducer[perses_node_priority_with_dfs_delta]: Reduce node (#leaves=4): queue=15, delete 0 tokens, ratio=22/277=7,94% 
[13:47:30] [INFO   ] Fixpoint[2]:Reducer[perses_node_priority_with_dfs_delta]: Reduce node (#leaves=3) 
[13:47:31] [INFO   ] Fixpoint[2]:Reducer[perses_node_priority_with_dfs_delta]: Reduce node (#leaves=3): queue=17, delete 0 tokens, ratio=22/277=7,94% 
[13:47:31] [INFO   ] Fixpoint[2]:Reducer[perses_node_priority_with_dfs_delta]: Reduce node (#leaves=3) 
[13:47:32] [INFO   ] Fixpoint[2]:Reducer[perses_node_priority_with_dfs_delta]: Reduce node (#leaves=3): queue=17, delete 0 tokens, ratio=22/277=7,94% 
[13:47:32] [INFO   ] Fixpoint[2]:Reducer[perses_node_priority_with_dfs_delta]: Reduce node (#leaves=2) 
[13:47:32] [INFO   ] Fixpoint[2]:Reducer[perses_node_priority_with_dfs_delta]: Reduce node (#leaves=2): queue=19, delete 0 tokens, ratio=22/277=7,94% 
[13:47:32] [INFO   ] Fixpoint[2]:Reducer[perses_node_priority_with_dfs_delta]: Reduce node (#leaves=2) 
[13:47:32] [INFO   ] Fixpoint[2]:Reducer[perses_node_priority_with_dfs_delta]: Reduce node (#leaves=2): queue=20, delete 0 tokens, ratio=22/277=7,94% 
[13:47:32] [INFO   ] Fixpoint[2]:Reducer[perses_node_priority_with_dfs_delta]: Reduce node (#leaves=1) 
[13:47:32] [INFO   ] Fixpoint[2]:Reducer[perses_node_priority_with_dfs_delta]: Reduce node (#leaves=1): queue=21, delete 0 tokens, ratio=22/277=7,94% 
[13:47:32] [INFO   ] Fixpoint[2]:Reducer[perses_node_priority_with_dfs_delta]: Reduce node (#leaves=1) 
[13:47:32] [INFO   ] Fixpoint[2]:Reducer[perses_node_priority_with_dfs_delta]: Reduce node (#leaves=1): queue=20, delete 0 tokens, ratio=22/277=7,94% 
[13:47:32] [INFO   ] Fixpoint[2]:Reducer[perses_node_priority_with_dfs_delta]: Reduce node (#leaves=1) 
[13:47:32] [INFO   ] Fixpoint[2]:Reducer[perses_node_priority_with_dfs_delta]: Reduce node (#leaves=1): queue=19, delete 0 tokens, ratio=22/277=7,94% 
[13:47:32] [INFO   ] Fixpoint[2]:Reducer[perses_node_priority_with_dfs_delta]: Reduce node (#leaves=1) 
[13:47:32] [INFO   ] Fixpoint[2]:Reducer[perses_node_priority_with_dfs_delta]: Reduce node (#leaves=1): queue=18, delete 0 tokens, ratio=22/277=7,94% 
[13:47:32] [INFO   ] Fixpoint[2]:Reducer[perses_node_priority_with_dfs_delta]: Reduce node (#leaves=1) 
[13:47:32] [INFO   ] Fixpoint[2]:Reducer[perses_node_priority_with_dfs_delta]: Reduce node (#leaves=1): queue=17, delete 0 tokens, ratio=22/277=7,94% 
[13:47:32] [INFO   ] Fixpoint[2]:Reducer[perses_node_priority_with_dfs_delta]: Reduce node (#leaves=1) 
[13:47:32] [INFO   ] Fixpoint[2]:Reducer[perses_node_priority_with_dfs_delta]: Reduce node (#leaves=1): queue=16, delete 0 tokens, ratio=22/277=7,94% 
[13:47:32] [INFO   ] Fixpoint[2]:Reducer[perses_node_priority_with_dfs_delta]: Reduce node (#leaves=1) 
[13:47:32] [INFO   ] Fixpoint[2]:Reducer[perses_node_priority_with_dfs_delta]: Reduce node (#leaves=1): queue=15, delete 0 tokens, ratio=22/277=7,94% 
[13:47:32] [INFO   ] Fixpoint[2]:Reducer[perses_node_priority_with_dfs_delta]: Reduce node (#leaves=1) 
[13:47:32] [INFO   ] Fixpoint[2]:Reducer[perses_node_priority_with_dfs_delta]: Reduce node (#leaves=1): queue=14, delete 0 tokens, ratio=22/277=7,94% 
[13:47:32] [INFO   ] Fixpoint[2]:Reducer[perses_node_priority_with_dfs_delta]: Reduce node (#leaves=1) 
[13:47:32] [INFO   ] Fixpoint[2]:Reducer[perses_node_priority_with_dfs_delta]: Reduce node (#leaves=1): queue=13, delete 0 tokens, ratio=22/277=7,94% 
[13:47:32] [INFO   ] Fixpoint[2]:Reducer[perses_node_priority_with_dfs_delta]: Reduce node (#leaves=1) 
[13:47:32] [INFO   ] Fixpoint[2]:Reducer[perses_node_priority_with_dfs_delta]: Reduce node (#leaves=1): queue=12, delete 0 tokens, ratio=22/277=7,94% 
[13:47:32] [INFO   ] Fixpoint[2]:Reducer[perses_node_priority_with_dfs_delta]: Reduce node (#leaves=1) 
[13:47:32] [INFO   ] Fixpoint[2]:Reducer[perses_node_priority_with_dfs_delta]: Reduce node (#leaves=1): queue=11, delete 0 tokens, ratio=22/277=7,94% 
[13:47:32] [INFO   ] Fixpoint[2]:Reducer[perses_node_priority_with_dfs_delta]: Reduce node (#leaves=1) 
[13:47:32] [INFO   ] Fixpoint[2]:Reducer[perses_node_priority_with_dfs_delta]: Reduce node (#leaves=1): queue=10, delete 0 tokens, ratio=22/277=7,94% 
[13:47:32] [INFO   ] Fixpoint[2]:Reducer[perses_node_priority_with_dfs_delta]: Reduce node (#leaves=1) 
[13:47:32] [INFO   ] Fixpoint[2]:Reducer[perses_node_priority_with_dfs_delta]: Reduce node (#leaves=1): queue=9, delete 0 tokens, ratio=22/277=7,94% 
[13:47:32] [INFO   ] Fixpoint[2]:Reducer[perses_node_priority_with_dfs_delta]: Reduce node (#leaves=1) 
[13:47:33] [INFO   ] perses_node_priority_with_dfs_delta ended at 13:47:33 2025/08/21. #old=42, #new=22 
[13:47:33] [INFO   ] Fixpoint[2]:Reducer[perses_node_priority_with_dfs_delta]: Reduce node (#leaves=1): queue=8, delete 0 tokens, ratio=22/277=7,94% 
[13:47:33] [INFO   ] Fixpoint[2]:Reducer[perses_node_priority_with_dfs_delta]: Reduce node (#leaves=1) 
[13:47:33] [INFO   ] Fixpoint[2]:Reducer[perses_node_priority_with_dfs_delta]: Reduce node (#leaves=1): queue=8, delete 0 tokens, ratio=22/277=7,94% 
[13:47:33] [INFO   ] Fixpoint[2]:Reducer[perses_node_priority_with_dfs_delta]: Reduce node (#leaves=1) 
[13:47:33] [INFO   ] Fixpoint[2]:Reducer[perses_node_priority_with_dfs_delta]: Reduce node (#leaves=1): queue=7, delete 0 tokens, ratio=22/277=7,94% 
[13:47:33] [INFO   ] Fixpoint[2]:Reducer[perses_node_priority_with_dfs_delta]: Reduce node (#leaves=1) 
[13:47:33] [INFO   ] Fixpoint[2]:Reducer[perses_node_priority_with_dfs_delta]: Reduce node (#leaves=1): queue=6, delete 0 tokens, ratio=22/277=7,94% 
[13:47:33] [INFO   ] Fixpoint[2]:Reducer[perses_node_priority_with_dfs_delta]: Reduce node (#leaves=1) 
[13:47:33] [INFO   ] Fixpoint[2]:Reducer[perses_node_priority_with_dfs_delta]: Reduce node (#leaves=1): queue=5, delete 0 tokens, ratio=22/277=7,94% 
[13:47:33] [INFO   ] Fixpoint[2]:Reducer[perses_node_priority_with_dfs_delta]: Reduce node (#leaves=1) 
[13:47:33] [INFO   ] Fixpoint[2]:Reducer[perses_node_priority_with_dfs_delta]: Reduce node (#leaves=1): queue=4, delete 0 tokens, ratio=22/277=7,94% 
[13:47:33] [INFO   ] Fixpoint[2]:Reducer[perses_node_priority_with_dfs_delta]: Reduce node (#leaves=1) 
[13:47:33] [INFO   ] Fixpoint[2]:Reducer[perses_node_priority_with_dfs_delta]: Reduce node (#leaves=1): queue=3, delete 0 tokens, ratio=22/277=7,94% 
[13:47:33] [INFO   ] Fixpoint[2]:Reducer[perses_node_priority_with_dfs_delta]: Reduce node (#leaves=1) 
[13:47:33] [INFO   ] Fixpoint[2]:Reducer[perses_node_priority_with_dfs_delta]: Reduce node (#leaves=1): queue=2, delete 0 tokens, ratio=22/277=7,94% 
[13:47:33] [INFO   ] Fixpoint[2]:Reducer[perses_node_priority_with_dfs_delta]: Reduce node (#leaves=1) 
[13:47:33] [INFO   ] Fixpoint[2]:Reducer[perses_node_priority_with_dfs_delta]: Reduce node (#leaves=1): queue=1, delete 0 tokens, ratio=22/277=7,94% 
[13:47:33] [INFO   ] Fixpoint[2]:Reducer[perses_node_priority_with_dfs_delta]: Reduce node (#leaves=1) 
[13:47:33] [INFO   ] Fixpoint[2]:Reducer[perses_node_priority_with_dfs_delta]: Reduce node (#leaves=1): queue=0, delete 0 tokens, ratio=22/277=7,94% 
[13:47:33] [INFO   ] Fixpoint[2]:Reducer[perses_node_priority_with_dfs_delta]: Fixpoint iteration finished, delete 20 tokens, ratio=22/277=7,94% 
[13:47:33] [INFO   ] perses_node_priority_with_dfs_delta started at 13:47:33 2025/08/21. #tokens=22 
[13:47:33] [INFO   ] Fixpoint[3]:Reducer[perses_node_priority_with_dfs_delta]: New fixpoint iteration started. #Tokens=22 
[13:47:33] [INFO   ] Fixpoint[3]:Reducer[perses_node_priority_with_dfs_delta]: Reduce node (#leaves=22) 
[13:47:33] [INFO   ] Fixpoint[3]:Reducer[perses_node_priority_with_dfs_delta]: Reduce node (#leaves=22): queue=0, delete 0 tokens, ratio=22/277=7,94% 
[13:47:33] [INFO   ] Fixpoint[3]:Reducer[perses_node_priority_with_dfs_delta]: Reduce node (#leaves=18) 
[13:47:33] [INFO   ] Fixpoint[3]:Reducer[perses_node_priority_with_dfs_delta]: Reduce node (#leaves=18): queue=1, delete 0 tokens, ratio=22/277=7,94% 
[13:47:33] [INFO   ] Fixpoint[3]:Reducer[perses_node_priority_with_dfs_delta]: Reduce node (#leaves=16) 
[13:47:33] [INFO   ] Fixpoint[3]:Reducer[perses_node_priority_with_dfs_delta]: Reduce node (#leaves=16): queue=3, delete 0 tokens, ratio=22/277=7,94% 
[13:47:33] [INFO   ] Fixpoint[3]:Reducer[perses_node_priority_with_dfs_delta]: Reduce node (#leaves=14) 
[13:47:34] [INFO   ] Fixpoint[3]:Reducer[perses_node_priority_with_dfs_delta]: Reduce node (#leaves=14): queue=5, delete 0 tokens, ratio=22/277=7,94% 
[13:47:34] [INFO   ] Fixpoint[3]:Reducer[perses_node_priority_with_dfs_delta]: Reduce node (#leaves=14) 
[13:47:34] [INFO   ] Fixpoint[3]:Reducer[perses_node_priority_with_dfs_delta]: Reduce node (#leaves=14): queue=5, delete 0 tokens, ratio=22/277=7,94% 
[13:47:34] [INFO   ] Fixpoint[3]:Reducer[perses_node_priority_with_dfs_delta]: Reduce node (#leaves=11) 
[13:47:35] [INFO   ] Fixpoint[3]:Reducer[perses_node_priority_with_dfs_delta]: Reduce node (#leaves=11): queue=8, delete 0 tokens, ratio=22/277=7,94% 
[13:47:35] [INFO   ] Fixpoint[3]:Reducer[perses_node_priority_with_dfs_delta]: Reduce node (#leaves=10) 
[13:47:35] [INFO   ] Fixpoint[3]:Reducer[perses_node_priority_with_dfs_delta]: Reduce node (#leaves=10): queue=9, delete 0 tokens, ratio=22/277=7,94% 
[13:47:35] [INFO   ] Fixpoint[3]:Reducer[perses_node_priority_with_dfs_delta]: Reduce node (#leaves=10) 
[13:47:35] [INFO   ] Fixpoint[3]:Reducer[perses_node_priority_with_dfs_delta]: Reduce node (#leaves=10): queue=9, delete 0 tokens, ratio=22/277=7,94% 
[13:47:35] [INFO   ] Fixpoint[3]:Reducer[perses_node_priority_with_dfs_delta]: Reduce node (#leaves=9) 
[13:47:36] [INFO   ] Fixpoint[3]:Reducer[perses_node_priority_with_dfs_delta]: Reduce node (#leaves=9): queue=10, delete 0 tokens, ratio=22/277=7,94% 
[13:47:36] [INFO   ] Fixpoint[3]:Reducer[perses_node_priority_with_dfs_delta]: Reduce node (#leaves=8) 
[13:47:36] [INFO   ] Fixpoint[3]:Reducer[perses_node_priority_with_dfs_delta]: Reduce node (#leaves=8): queue=11, delete 0 tokens, ratio=22/277=7,94% 
[13:47:36] [INFO   ] Fixpoint[3]:Reducer[perses_node_priority_with_dfs_delta]: Reduce node (#leaves=8) 
[13:47:36] [INFO   ] Fixpoint[3]:Reducer[perses_node_priority_with_dfs_delta]: Reduce node (#leaves=8): queue=11, delete 0 tokens, ratio=22/277=7,94% 
[13:47:36] [INFO   ] Fixpoint[3]:Reducer[perses_node_priority_with_dfs_delta]: Reduce node (#leaves=7) 
[13:47:37] [INFO   ] Fixpoint[3]:Reducer[perses_node_priority_with_dfs_delta]: Reduce node (#leaves=7): queue=12, delete 0 tokens, ratio=22/277=7,94% 
[13:47:37] [INFO   ] Fixpoint[3]:Reducer[perses_node_priority_with_dfs_delta]: Reduce node (#leaves=4) 
[13:47:37] [INFO   ] Fixpoint[3]:Reducer[perses_node_priority_with_dfs_delta]: Reduce node (#leaves=4): queue=15, delete 0 tokens, ratio=22/277=7,94% 
[13:47:37] [INFO   ] Fixpoint[3]:Reducer[perses_node_priority_with_dfs_delta]: Reduce node (#leaves=3) 
[13:47:37] [INFO   ] Fixpoint[3]:Reducer[perses_node_priority_with_dfs_delta]: Reduce node (#leaves=3): queue=17, delete 0 tokens, ratio=22/277=7,94% 
[13:47:37] [INFO   ] Fixpoint[3]:Reducer[perses_node_priority_with_dfs_delta]: Reduce node (#leaves=3) 
[13:47:37] [INFO   ] Fixpoint[3]:Reducer[perses_node_priority_with_dfs_delta]: Reduce node (#leaves=3): queue=17, delete 0 tokens, ratio=22/277=7,94% 
[13:47:37] [INFO   ] Fixpoint[3]:Reducer[perses_node_priority_with_dfs_delta]: Reduce node (#leaves=2) 
[13:47:37] [INFO   ] Fixpoint[3]:Reducer[perses_node_priority_with_dfs_delta]: Reduce node (#leaves=2): queue=19, delete 0 tokens, ratio=22/277=7,94% 
[13:47:37] [INFO   ] Fixpoint[3]:Reducer[perses_node_priority_with_dfs_delta]: Reduce node (#leaves=2) 
[13:47:37] [INFO   ] perses_node_priority_with_dfs_delta ended at 13:47:37 2025/08/21. #old=22, #new=22 
[13:47:37] [INFO   ] Fixpoint[3]:Reducer[perses_node_priority_with_dfs_delta]: Reduce node (#leaves=2): queue=20, delete 0 tokens, ratio=22/277=7,94% 
[13:47:37] [INFO   ] Fixpoint[3]:Reducer[perses_node_priority_with_dfs_delta]: Reduce node (#leaves=1) 
[13:47:37] [INFO   ] Fixpoint[3]:Reducer[perses_node_priority_with_dfs_delta]: Reduce node (#leaves=1): queue=21, delete 0 tokens, ratio=22/277=7,94% 
[13:47:37] [INFO   ] Fixpoint[3]:Reducer[perses_node_priority_with_dfs_delta]: Reduce node (#leaves=1) 
[13:47:37] [INFO   ] Fixpoint[3]:Reducer[perses_node_priority_with_dfs_delta]: Reduce node (#leaves=1): queue=20, delete 0 tokens, ratio=22/277=7,94% 
[13:47:37] [INFO   ] Fixpoint[3]:Reducer[perses_node_priority_with_dfs_delta]: Reduce node (#leaves=1) 
[13:47:37] [INFO   ] Fixpoint[3]:Reducer[perses_node_priority_with_dfs_delta]: Reduce node (#leaves=1): queue=19, delete 0 tokens, ratio=22/277=7,94% 
[13:47:37] [INFO   ] Fixpoint[3]:Reducer[perses_node_priority_with_dfs_delta]: Reduce node (#leaves=1) 
[13:47:37] [INFO   ] Fixpoint[3]:Reducer[perses_node_priority_with_dfs_delta]: Reduce node (#leaves=1): queue=18, delete 0 tokens, ratio=22/277=7,94% 
[13:47:37] [INFO   ] Fixpoint[3]:Reducer[perses_node_priority_with_dfs_delta]: Reduce node (#leaves=1) 
[13:47:37] [INFO   ] Fixpoint[3]:Reducer[perses_node_priority_with_dfs_delta]: Reduce node (#leaves=1): queue=17, delete 0 tokens, ratio=22/277=7,94% 
[13:47:37] [INFO   ] Fixpoint[3]:Reducer[perses_node_priority_with_dfs_delta]: Reduce node (#leaves=1) 
[13:47:37] [INFO   ] Fixpoint[3]:Reducer[perses_node_priority_with_dfs_delta]: Reduce node (#leaves=1): queue=16, delete 0 tokens, ratio=22/277=7,94% 
[13:47:37] [INFO   ] Fixpoint[3]:Reducer[perses_node_priority_with_dfs_delta]: Reduce node (#leaves=1) 
[13:47:37] [INFO   ] Fixpoint[3]:Reducer[perses_node_priority_with_dfs_delta]: Reduce node (#leaves=1): queue=15, delete 0 tokens, ratio=22/277=7,94% 
[13:47:37] [INFO   ] Fixpoint[3]:Reducer[perses_node_priority_with_dfs_delta]: Reduce node (#leaves=1) 
[13:47:37] [INFO   ] Fixpoint[3]:Reducer[perses_node_priority_with_dfs_delta]: Reduce node (#leaves=1): queue=14, delete 0 tokens, ratio=22/277=7,94% 
[13:47:37] [INFO   ] Fixpoint[3]:Reducer[perses_node_priority_with_dfs_delta]: Reduce node (#leaves=1) 
[13:47:37] [INFO   ] Fixpoint[3]:Reducer[perses_node_priority_with_dfs_delta]: Reduce node (#leaves=1): queue=13, delete 0 tokens, ratio=22/277=7,94% 
[13:47:37] [INFO   ] Fixpoint[3]:Reducer[perses_node_priority_with_dfs_delta]: Reduce node (#leaves=1) 
[13:47:37] [INFO   ] Fixpoint[3]:Reducer[perses_node_priority_with_dfs_delta]: Reduce node (#leaves=1): queue=12, delete 0 tokens, ratio=22/277=7,94% 
[13:47:37] [INFO   ] Fixpoint[3]:Reducer[perses_node_priority_with_dfs_delta]: Reduce node (#leaves=1) 
[13:47:37] [INFO   ] Fixpoint[3]:Reducer[perses_node_priority_with_dfs_delta]: Reduce node (#leaves=1): queue=11, delete 0 tokens, ratio=22/277=7,94% 
[13:47:37] [INFO   ] Fixpoint[3]:Reducer[perses_node_priority_with_dfs_delta]: Reduce node (#leaves=1) 
[13:47:37] [INFO   ] Fixpoint[3]:Reducer[perses_node_priority_with_dfs_delta]: Reduce node (#leaves=1): queue=10, delete 0 tokens, ratio=22/277=7,94% 
[13:47:37] [INFO   ] Fixpoint[3]:Reducer[perses_node_priority_with_dfs_delta]: Reduce node (#leaves=1) 
[13:47:37] [INFO   ] Fixpoint[3]:Reducer[perses_node_priority_with_dfs_delta]: Reduce node (#leaves=1): queue=9, delete 0 tokens, ratio=22/277=7,94% 
[13:47:37] [INFO   ] Fixpoint[3]:Reducer[perses_node_priority_with_dfs_delta]: Reduce node (#leaves=1) 
[13:47:37] [INFO   ] Fixpoint[3]:Reducer[perses_node_priority_with_dfs_delta]: Reduce node (#leaves=1): queue=8, delete 0 tokens, ratio=22/277=7,94% 
[13:47:37] [INFO   ] Fixpoint[3]:Reducer[perses_node_priority_with_dfs_delta]: Reduce node (#leaves=1) 
[13:47:37] [INFO   ] Fixpoint[3]:Reducer[perses_node_priority_with_dfs_delta]: Reduce node (#leaves=1): queue=8, delete 0 tokens, ratio=22/277=7,94% 
[13:47:37] [INFO   ] Fixpoint[3]:Reducer[perses_node_priority_with_dfs_delta]: Reduce node (#leaves=1) 
[13:47:37] [INFO   ] Fixpoint[3]:Reducer[perses_node_priority_with_dfs_delta]: Reduce node (#leaves=1): queue=7, delete 0 tokens, ratio=22/277=7,94% 
[13:47:37] [INFO   ] Fixpoint[3]:Reducer[perses_node_priority_with_dfs_delta]: Reduce node (#leaves=1) 
[13:47:37] [INFO   ] Fixpoint[3]:Reducer[perses_node_priority_with_dfs_delta]: Reduce node (#leaves=1): queue=6, delete 0 tokens, ratio=22/277=7,94% 
[13:47:37] [INFO   ] Fixpoint[3]:Reducer[perses_node_priority_with_dfs_delta]: Reduce node (#leaves=1) 
[13:47:37] [INFO   ] Fixpoint[3]:Reducer[perses_node_priority_with_dfs_delta]: Reduce node (#leaves=1): queue=5, delete 0 tokens, ratio=22/277=7,94% 
[13:47:37] [INFO   ] Fixpoint[3]:Reducer[perses_node_priority_with_dfs_delta]: Reduce node (#leaves=1) 
[13:47:37] [INFO   ] Fixpoint[3]:Reducer[perses_node_priority_with_dfs_delta]: Reduce node (#leaves=1): queue=4, delete 0 tokens, ratio=22/277=7,94% 
[13:47:37] [INFO   ] Fixpoint[3]:Reducer[perses_node_priority_with_dfs_delta]: Reduce node (#leaves=1) 
[13:47:37] [INFO   ] Fixpoint[3]:Reducer[perses_node_priority_with_dfs_delta]: Reduce node (#leaves=1): queue=3, delete 0 tokens, ratio=22/277=7,94% 
[13:47:37] [INFO   ] Fixpoint[3]:Reducer[perses_node_priority_with_dfs_delta]: Reduce node (#leaves=1) 
[13:47:37] [INFO   ] Fixpoint[3]:Reducer[perses_node_priority_with_dfs_delta]: Reduce node (#leaves=1): queue=2, delete 0 tokens, ratio=22/277=7,94% 
[13:47:37] [INFO   ] Fixpoint[3]:Reducer[perses_node_priority_with_dfs_delta]: Reduce node (#leaves=1) 
[13:47:37] [INFO   ] Fixpoint[3]:Reducer[perses_node_priority_with_dfs_delta]: Reduce node (#leaves=1): queue=1, delete 0 tokens, ratio=22/277=7,94% 
[13:47:37] [INFO   ] Fixpoint[3]:Reducer[perses_node_priority_with_dfs_delta]: Reduce node (#leaves=1) 
[13:47:37] [INFO   ] Fixpoint[3]:Reducer[perses_node_priority_with_dfs_delta]: Reduce node (#leaves=1): queue=0, delete 0 tokens, ratio=22/277=7,94% 
[13:47:37] [INFO   ] Fixpoint[3]:Reducer[perses_node_priority_with_dfs_delta]: Fixpoint iteration finished, delete 0 tokens, ratio=22/277=7,94% 
[13:47:37] [INFO   ] Reduction ended at 13:47:37 2025/08/21 
[13:47:37] [INFO   ] Elapsed time is 63 seconds (1 minute 3 seconds) 
[13:47:37] [INFO   ] Removed 255 token(s). Reduction ratio is 22/277=7,94% 
[13:47:37] [INFO   ] Test script execution count: 117 
