[22:59:56] [INFO   ] The command-line options are: --append-to-progress-dump-file "true" --call-creduce "false" --call-formatter "false" --creduce-cmd "creduce" --default-delta-debugger-for-kleene "DFS" --deps "[]" --edit-caching "true" --enable-lightweight-refreshing "true" --enable-line-slicer "false" --enable-lpr "false" --enable-token-slicer "false" --enable-trec "false" --enable-tree-slicer "false" --enable-vulcan "false" --fixpoint "true" --format-cmd "" --help "false" --input-file "/Users/artemancikov/Desktop/practical work/try1/reducer/final_removereplace/iter_2/Main.java" --lang "" --language-ext-jars "[]" --list-algs "false" --list-langs "false" --list-parser-facades "false" --list-verbosity-levels "false" --lpr-fixpoint "false" --max-bfs-depth-for-regular-rule-node "5" --max-edit-count-for-regular-rule-node "100" --non-deletion-iteration-limit "10" --on-demand-coarse-grit-reducer-annotations "[]" --on-demand-fine-grit-reducer-annotations "[]" --on-demand-medium-grit-reducer-annotations "[]" --parser-facade-class-name "" --pass-level-caching "false" --query-cache-refresh-threshold "0" --query-cache-type "CONTENT_SHA512" --query-caching "AUTO" --reparse-each-iteration "true" --script-execution-keep-waiting-after-timeout "true" --script-execution-timeout-in-seconds "600" --stop-at-first-compatible-child-for-regular-rule-node "false" --test-script "/Users/artemancikov/Desktop/practical work/try1/reducer/final_removereplace/iter_2/run2.sh" --threads "auto" --verbosity "INFO" --version "false" --vulcan-fixpoint "false" --window-size "4" 
[22:59:56] [SEVERE ] Failed to load the class of the parser facade org.perses.grammar.sql.tidb.TiDBParserFacade for LanguageTiDB{name=tidb, extensions=[tidb], defaultCodeFormatControl=COMPACT_ORIG_FORMAT}
org.perses.grammar.sql.tidb.TiDBParserFacade 
[22:59:56] [INFO   ] Tree Building: Start building spar-tree from input file SourceFile{file=FilePathWithContent{file=/Users/artemancikov/Desktop/practical work/try1/reducer/final_removereplace/iter_2/Main.java}, lang=LanguageJava{name=java, extensions=[java], defaultCodeFormatControl=SINGLE_TOKEN_PER_LINE}} 
[22:59:56] [INFO   ] Tree Building: Step 1: Antlr parsing. 
[22:59:56] [INFO   ] Tree Building: Step 2: Converting parse tree to spar-tree 
[22:59:56] [INFO   ] Tree Building: Step 3: Simplifying spar-tree 
[22:59:56] [INFO   ] Tree Building: Finished in TimeSpan{startMillis=1754341196713, endMillis=1754341196812, formatted=0 seconds} 
[22:59:57] [INFO   ] The reduction process started at 22:59:57 2025/08/04 
[22:59:57] [INFO   ] Cache setting: query-caching=enabled, edit-caching=enabled, query-cache=content_sha512 
[22:59:57] [INFO   ] Reduction Started at 22:59:57 2025/08/04 
[22:59:57] [INFO   ] The sanity check result is: PassingSanityCheckResult 
[22:59:57] [INFO   ] The number of lexemes in the token factory is is 16 
[22:59:57] [INFO   ] Reduction algorithm is perses_node_priority_with_dfs_delta 
[22:59:57] [INFO   ] perses_node_priority_with_dfs_delta started at 22:59:57 2025/08/04. #tokens=16 
[22:59:57] [INFO   ] Fixpoint[1]:Reducer[perses_node_priority_with_dfs_delta]: New fixpoint iteration started. #Tokens=16 
[22:59:57] [INFO   ] Fixpoint[1]:Reducer[perses_node_priority_with_dfs_delta]: Reduce node (#leaves=11) 
[22:59:57] [INFO   ] Fixpoint[1]:Reducer[perses_node_priority_with_dfs_delta]: Reduce node (#leaves=11): queue=1, delete 0 tokens, ratio=16/16=100.00% 
[22:59:57] [INFO   ] Fixpoint[1]:Reducer[perses_node_priority_with_dfs_delta]: Reduce node (#leaves=11) 
[22:59:57] [INFO   ] Fixpoint[1]:Reducer[perses_node_priority_with_dfs_delta]: Reduce node (#leaves=11): queue=1, delete 0 tokens, ratio=16/16=100.00% 
[22:59:57] [INFO   ] Fixpoint[1]:Reducer[perses_node_priority_with_dfs_delta]: Reduce node (#leaves=9) 
[22:59:57] [INFO   ] Fixpoint[1]:Reducer[perses_node_priority_with_dfs_delta]: Reduce node (#leaves=9): queue=3, delete 0 tokens, ratio=16/16=100.00% 
[22:59:57] [INFO   ] Fixpoint[1]:Reducer[perses_node_priority_with_dfs_delta]: Reduce node (#leaves=7) 
[22:59:58] [INFO   ] Fixpoint[1]:Reducer[perses_node_priority_with_dfs_delta]: Reduce node (#leaves=7): queue=5, delete 0 tokens, ratio=16/16=100.00% 
[22:59:58] [INFO   ] Fixpoint[1]:Reducer[perses_node_priority_with_dfs_delta]: Reduce node (#leaves=7) 
[22:59:58] [INFO   ] Fixpoint[1]:Reducer[perses_node_priority_with_dfs_delta]: Reduce node (#leaves=7): queue=5, delete 0 tokens, ratio=16/16=100.00% 
[22:59:58] [INFO   ] Fixpoint[1]:Reducer[perses_node_priority_with_dfs_delta]: Reduce node (#leaves=5) 
[22:59:58] [INFO   ] Fixpoint[1]:Reducer[perses_node_priority_with_dfs_delta]: New minimal, delete 5 tokens, ratio=11/16=68.75% 
[22:59:58] [INFO   ] Fixpoint[1]:Reducer[perses_node_priority_with_dfs_delta]: Reduce node (#leaves=5): queue=8, delete 5 tokens, ratio=11/16=68.75% 
[22:59:58] [INFO   ] Fixpoint[1]:Reducer[perses_node_priority_with_dfs_delta]: Reduce node (#leaves=4) 
[22:59:58] [INFO   ] Fixpoint[1]:Reducer[perses_node_priority_with_dfs_delta]: Reduce node (#leaves=4): queue=7, delete 0 tokens, ratio=11/16=68.75% 
[22:59:58] [INFO   ] Fixpoint[1]:Reducer[perses_node_priority_with_dfs_delta]: Reduce node (#leaves=3) 
[22:59:58] [INFO   ] Fixpoint[1]:Reducer[perses_node_priority_with_dfs_delta]: Reduce node (#leaves=3): queue=8, delete 0 tokens, ratio=11/16=68.75% 
[22:59:58] [INFO   ] Fixpoint[1]:Reducer[perses_node_priority_with_dfs_delta]: Reduce node (#leaves=3) 
[22:59:58] [INFO   ] Fixpoint[1]:Reducer[perses_node_priority_with_dfs_delta]: Reduce node (#leaves=3): queue=8, delete 0 tokens, ratio=11/16=68.75% 
[22:59:58] [INFO   ] Fixpoint[1]:Reducer[perses_node_priority_with_dfs_delta]: Reduce node (#leaves=2) 
[22:59:58] [INFO   ] Fixpoint[1]:Reducer[perses_node_priority_with_dfs_delta]: New minimal, delete 1 tokens, ratio=10/16=62.50% 
[22:59:58] [INFO   ] Fixpoint[1]:Reducer[perses_node_priority_with_dfs_delta]: Reduce node (#leaves=2): queue=9, delete 1 tokens, ratio=10/16=62.50% 
[22:59:58] [INFO   ] Fixpoint[1]:Reducer[perses_node_priority_with_dfs_delta]: Reduce node (#leaves=1) 
[22:59:58] [INFO   ] Fixpoint[1]:Reducer[perses_node_priority_with_dfs_delta]: Reduce node (#leaves=1): queue=9, delete 0 tokens, ratio=10/16=62.50% 
[22:59:58] [INFO   ] Fixpoint[1]:Reducer[perses_node_priority_with_dfs_delta]: Reduce node (#leaves=1) 
[22:59:58] [INFO   ] Fixpoint[1]:Reducer[perses_node_priority_with_dfs_delta]: Reduce node (#leaves=1): queue=8, delete 0 tokens, ratio=10/16=62.50% 
[22:59:58] [INFO   ] Fixpoint[1]:Reducer[perses_node_priority_with_dfs_delta]: Reduce node (#leaves=1) 
[22:59:58] [INFO   ] Fixpoint[1]:Reducer[perses_node_priority_with_dfs_delta]: Reduce node (#leaves=1): queue=7, delete 0 tokens, ratio=10/16=62.50% 
[22:59:58] [INFO   ] Fixpoint[1]:Reducer[perses_node_priority_with_dfs_delta]: Reduce node (#leaves=1) 
[22:59:58] [INFO   ] Fixpoint[1]:Reducer[perses_node_priority_with_dfs_delta]: Reduce node (#leaves=1): queue=6, delete 0 tokens, ratio=10/16=62.50% 
[22:59:58] [INFO   ] Fixpoint[1]:Reducer[perses_node_priority_with_dfs_delta]: Reduce node (#leaves=1) 
[22:59:58] [INFO   ] Fixpoint[1]:Reducer[perses_node_priority_with_dfs_delta]: Reduce node (#leaves=1): queue=5, delete 0 tokens, ratio=10/16=62.50% 
[22:59:58] [INFO   ] Fixpoint[1]:Reducer[perses_node_priority_with_dfs_delta]: Reduce node (#leaves=1) 
[22:59:59] [INFO   ] Fixpoint[1]:Reducer[perses_node_priority_with_dfs_delta]: New minimal, delete 1 tokens, ratio=9/16=56.25% 
[22:59:59] [INFO   ] perses_node_priority_with_dfs_delta ended at 22:59:59 2025/08/04. #old=16, #new=9 
[22:59:59] [INFO   ] Fixpoint[1]:Reducer[perses_node_priority_with_dfs_delta]: Reduce node (#leaves=0): queue=4, delete 1 tokens, ratio=9/16=56.25% 
[22:59:59] [INFO   ] Fixpoint[1]:Reducer[perses_node_priority_with_dfs_delta]: Reduce node (#leaves=1) 
[22:59:59] [INFO   ] Fixpoint[1]:Reducer[perses_node_priority_with_dfs_delta]: Reduce node (#leaves=1): queue=3, delete 0 tokens, ratio=9/16=56.25% 
[22:59:59] [INFO   ] Fixpoint[1]:Reducer[perses_node_priority_with_dfs_delta]: Reduce node (#leaves=1) 
[22:59:59] [INFO   ] Fixpoint[1]:Reducer[perses_node_priority_with_dfs_delta]: Reduce node (#leaves=1): queue=2, delete 0 tokens, ratio=9/16=56.25% 
[22:59:59] [INFO   ] Fixpoint[1]:Reducer[perses_node_priority_with_dfs_delta]: Reduce node (#leaves=1) 
[22:59:59] [INFO   ] Fixpoint[1]:Reducer[perses_node_priority_with_dfs_delta]: Reduce node (#leaves=1): queue=1, delete 0 tokens, ratio=9/16=56.25% 
[22:59:59] [INFO   ] Fixpoint[1]:Reducer[perses_node_priority_with_dfs_delta]: Reduce node (#leaves=1) 
[22:59:59] [INFO   ] Fixpoint[1]:Reducer[perses_node_priority_with_dfs_delta]: Reduce node (#leaves=1): queue=0, delete 0 tokens, ratio=9/16=56.25% 
[22:59:59] [INFO   ] Fixpoint[1]:Reducer[perses_node_priority_with_dfs_delta]: Fixpoint iteration finished, delete 7 tokens, ratio=9/16=56.25% 
[22:59:59] [INFO   ] perses_node_priority_with_dfs_delta started at 22:59:59 2025/08/04. #tokens=9 
[22:59:59] [INFO   ] Fixpoint[2]:Reducer[perses_node_priority_with_dfs_delta]: New fixpoint iteration started. #Tokens=9 
[22:59:59] [INFO   ] Fixpoint[2]:Reducer[perses_node_priority_with_dfs_delta]: Reduce node (#leaves=9) 
[22:59:59] [INFO   ] Fixpoint[2]:Reducer[perses_node_priority_with_dfs_delta]: Reduce node (#leaves=9): queue=0, delete 0 tokens, ratio=9/16=56.25% 
[22:59:59] [INFO   ] Fixpoint[2]:Reducer[perses_node_priority_with_dfs_delta]: Reduce node (#leaves=9) 
[22:59:59] [INFO   ] Fixpoint[2]:Reducer[perses_node_priority_with_dfs_delta]: Reduce node (#leaves=9): queue=0, delete 0 tokens, ratio=9/16=56.25% 
[22:59:59] [INFO   ] Fixpoint[2]:Reducer[perses_node_priority_with_dfs_delta]: Reduce node (#leaves=7) 
[22:59:59] [INFO   ] Fixpoint[2]:Reducer[perses_node_priority_with_dfs_delta]: Reduce node (#leaves=7): queue=2, delete 0 tokens, ratio=9/16=56.25% 
[22:59:59] [INFO   ] Fixpoint[2]:Reducer[perses_node_priority_with_dfs_delta]: Reduce node (#leaves=5) 
[22:59:59] [INFO   ] Fixpoint[2]:Reducer[perses_node_priority_with_dfs_delta]: Reduce node (#leaves=5): queue=4, delete 0 tokens, ratio=9/16=56.25% 
[22:59:59] [INFO   ] Fixpoint[2]:Reducer[perses_node_priority_with_dfs_delta]: Reduce node (#leaves=5) 
[22:59:59] [INFO   ] Fixpoint[2]:Reducer[perses_node_priority_with_dfs_delta]: Reduce node (#leaves=5): queue=4, delete 0 tokens, ratio=9/16=56.25% 
[22:59:59] [INFO   ] Fixpoint[2]:Reducer[perses_node_priority_with_dfs_delta]: Reduce node (#leaves=3) 
[22:59:59] [INFO   ] Fixpoint[2]:Reducer[perses_node_priority_with_dfs_delta]: Reduce node (#leaves=3): queue=6, delete 0 tokens, ratio=9/16=56.25% 
[22:59:59] [INFO   ] Fixpoint[2]:Reducer[perses_node_priority_with_dfs_delta]: Reduce node (#leaves=2) 
[22:59:59] [INFO   ] Fixpoint[2]:Reducer[perses_node_priority_with_dfs_delta]: Reduce node (#leaves=2): queue=7, delete 0 tokens, ratio=9/16=56.25% 
[22:59:59] [INFO   ] Fixpoint[2]:Reducer[perses_node_priority_with_dfs_delta]: Reduce node (#leaves=2) 
[22:59:59] [INFO   ] perses_node_priority_with_dfs_delta ended at 22:59:59 2025/08/04. #old=9, #new=9 
[22:59:59] [INFO   ] Fixpoint[2]:Reducer[perses_node_priority_with_dfs_delta]: Reduce node (#leaves=2): queue=7, delete 0 tokens, ratio=9/16=56.25% 
[22:59:59] [INFO   ] Fixpoint[2]:Reducer[perses_node_priority_with_dfs_delta]: Reduce node (#leaves=1) 
[22:59:59] [INFO   ] Fixpoint[2]:Reducer[perses_node_priority_with_dfs_delta]: Reduce node (#leaves=1): queue=8, delete 0 tokens, ratio=9/16=56.25% 
[22:59:59] [INFO   ] Fixpoint[2]:Reducer[perses_node_priority_with_dfs_delta]: Reduce node (#leaves=1) 
[22:59:59] [INFO   ] Fixpoint[2]:Reducer[perses_node_priority_with_dfs_delta]: Reduce node (#leaves=1): queue=7, delete 0 tokens, ratio=9/16=56.25% 
[22:59:59] [INFO   ] Fixpoint[2]:Reducer[perses_node_priority_with_dfs_delta]: Reduce node (#leaves=1) 
[22:59:59] [INFO   ] Fixpoint[2]:Reducer[perses_node_priority_with_dfs_delta]: Reduce node (#leaves=1): queue=6, delete 0 tokens, ratio=9/16=56.25% 
[22:59:59] [INFO   ] Fixpoint[2]:Reducer[perses_node_priority_with_dfs_delta]: Reduce node (#leaves=1) 
[22:59:59] [INFO   ] Fixpoint[2]:Reducer[perses_node_priority_with_dfs_delta]: Reduce node (#leaves=1): queue=5, delete 0 tokens, ratio=9/16=56.25% 
[22:59:59] [INFO   ] Fixpoint[2]:Reducer[perses_node_priority_with_dfs_delta]: Reduce node (#leaves=1) 
[22:59:59] [INFO   ] Fixpoint[2]:Reducer[perses_node_priority_with_dfs_delta]: Reduce node (#leaves=1): queue=4, delete 0 tokens, ratio=9/16=56.25% 
[22:59:59] [INFO   ] Fixpoint[2]:Reducer[perses_node_priority_with_dfs_delta]: Reduce node (#leaves=1) 
[22:59:59] [INFO   ] Fixpoint[2]:Reducer[perses_node_priority_with_dfs_delta]: Reduce node (#leaves=1): queue=3, delete 0 tokens, ratio=9/16=56.25% 
[22:59:59] [INFO   ] Fixpoint[2]:Reducer[perses_node_priority_with_dfs_delta]: Reduce node (#leaves=1) 
[22:59:59] [INFO   ] Fixpoint[2]:Reducer[perses_node_priority_with_dfs_delta]: Reduce node (#leaves=1): queue=2, delete 0 tokens, ratio=9/16=56.25% 
[22:59:59] [INFO   ] Fixpoint[2]:Reducer[perses_node_priority_with_dfs_delta]: Reduce node (#leaves=1) 
[22:59:59] [INFO   ] Fixpoint[2]:Reducer[perses_node_priority_with_dfs_delta]: Reduce node (#leaves=1): queue=1, delete 0 tokens, ratio=9/16=56.25% 
[22:59:59] [INFO   ] Fixpoint[2]:Reducer[perses_node_priority_with_dfs_delta]: Reduce node (#leaves=1) 
[22:59:59] [INFO   ] Fixpoint[2]:Reducer[perses_node_priority_with_dfs_delta]: Reduce node (#leaves=1): queue=0, delete 0 tokens, ratio=9/16=56.25% 
[22:59:59] [INFO   ] Fixpoint[2]:Reducer[perses_node_priority_with_dfs_delta]: Fixpoint iteration finished, delete 0 tokens, ratio=9/16=56.25% 
[22:59:59] [INFO   ] Reduction ended at 22:59:59 2025/08/04 
[22:59:59] [INFO   ] Elapsed time is 2 seconds 
[22:59:59] [INFO   ] Removed 7 token(s). Reduction ratio is 9/16=56.25% 
[22:59:59] [INFO   ] Test script execution count: 10 
