[14:01:29] [INFO   ] The command-line options are: --append-to-progress-dump-file "true" --call-creduce "false" --call-formatter "false" --creduce-cmd "creduce" --default-delta-debugger-for-kleene "DFS" --deps "[]" --edit-caching "true" --enable-lightweight-refreshing "true" --enable-line-slicer "false" --enable-lpr "false" --enable-token-slicer "false" --enable-trec "false" --enable-tree-slicer "false" --enable-vulcan "false" --fixpoint "true" --format-cmd "" --help "false" --input-file "/Users/artemancikov/Desktop/practical work/try1/reducer/jdk_replace_mode_results/iter_11/Main.java" --lang "" --language-ext-jars "[]" --list-algs "false" --list-langs "false" --list-parser-facades "false" --list-verbosity-levels "false" --lpr-fixpoint "false" --max-bfs-depth-for-regular-rule-node "5" --max-edit-count-for-regular-rule-node "100" --non-deletion-iteration-limit "10" --on-demand-coarse-grit-reducer-annotations "[]" --on-demand-fine-grit-reducer-annotations "[]" --on-demand-medium-grit-reducer-annotations "[]" --parser-facade-class-name "" --pass-level-caching "false" --query-cache-refresh-threshold "0" --query-cache-type "CONTENT_SHA512" --query-caching "AUTO" --reparse-each-iteration "true" --script-execution-keep-waiting-after-timeout "true" --script-execution-timeout-in-seconds "600" --stop-at-first-compatible-child-for-regular-rule-node "false" --test-script "/Users/artemancikov/Desktop/practical work/try1/reducer/jdk_replace_mode_results/iter_11/run2.sh" --threads "auto" --verbosity "INFO" --version "false" --vulcan-fixpoint "false" --window-size "4" 
[14:01:29] [SEVERE ] Failed to load the class of the parser facade org.perses.grammar.sql.tidb.TiDBParserFacade for LanguageTiDB{name=tidb, extensions=[tidb], defaultCodeFormatControl=COMPACT_ORIG_FORMAT}
org.perses.grammar.sql.tidb.TiDBParserFacade 
[14:01:30] [INFO   ] Tree Building: Start building spar-tree from input file SourceFile{file=FilePathWithContent{file=/Users/artemancikov/Desktop/practical work/try1/reducer/jdk_replace_mode_results/iter_11/Main.java}, lang=LanguageJava{name=java, extensions=[java], defaultCodeFormatControl=SINGLE_TOKEN_PER_LINE}} 
[14:01:30] [INFO   ] Tree Building: Step 1: Antlr parsing. 
[14:01:33] [INFO   ] Tree Building: Step 2: Converting parse tree to spar-tree 
[14:01:33] [INFO   ] Tree Building: Step 3: Simplifying spar-tree 
[14:01:33] [INFO   ] Tree Building: Finished in TimeSpan{startMillis=1755777690710, endMillis=1755777693365, formatted=2 seconds} 
[14:01:34] [INFO   ] The reduction process started at 14:01:34 2025/08/21 
[14:01:35] [INFO   ] Cache setting: query-caching=enabled, edit-caching=enabled, query-cache=content_sha512 
[14:01:35] [INFO   ] Reduction Started at 14:01:34 2025/08/21 
[14:01:35] [INFO   ] The sanity check result is: PassingSanityCheckResult 
[14:01:35] [INFO   ] The number of lexemes in the token factory is is 219 
[14:01:35] [INFO   ] Reduction algorithm is perses_node_priority_with_dfs_delta 
[14:01:35] [INFO   ] perses_node_priority_with_dfs_delta started at 14:01:35 2025/08/21. #tokens=1741 
[14:01:35] [INFO   ] Fixpoint[1]:Reducer[perses_node_priority_with_dfs_delta]: New fixpoint iteration started. #Tokens=1741 
[14:01:35] [INFO   ] Fixpoint[1]:Reducer[perses_node_priority_with_dfs_delta]: Reduce node (#leaves=1736) 
[14:01:37] [INFO   ] Fixpoint[1]:Reducer[perses_node_priority_with_dfs_delta]: New minimal, delete 987 tokens, ratio=754/1741=43,31% 
[14:01:38] [INFO   ] Fixpoint[1]:Reducer[perses_node_priority_with_dfs_delta]: New minimal, delete 76 tokens, ratio=678/1741=38,94% 
[14:01:41] [INFO   ] Fixpoint[1]:Reducer[perses_node_priority_with_dfs_delta]: New minimal, delete 57 tokens, ratio=621/1741=35,67% 
[14:01:43] [INFO   ] Fixpoint[1]:Reducer[perses_node_priority_with_dfs_delta]: New minimal, delete 45 tokens, ratio=576/1741=33,08% 
[14:01:47] [INFO   ] Fixpoint[1]:Reducer[perses_node_priority_with_dfs_delta]: New minimal, delete 17 tokens, ratio=559/1741=32,11% 
[14:01:47] [INFO   ] Fixpoint[1]:Reducer[perses_node_priority_with_dfs_delta]: New minimal, delete 13 tokens, ratio=546/1741=31,36% 
[14:01:47] [INFO   ] Fixpoint[1]:Reducer[perses_node_priority_with_dfs_delta]: Reduce node (#leaves=1736): queue=1, delete 1195 tokens, ratio=546/1741=31,36% 
[14:01:47] [INFO   ] Fixpoint[1]:Reducer[perses_node_priority_with_dfs_delta]: Reduce node (#leaves=305) 
[14:01:47] [INFO   ] Fixpoint[1]:Reducer[perses_node_priority_with_dfs_delta]: Reduce node (#leaves=305): queue=5, delete 0 tokens, ratio=546/1741=31,36% 
[14:01:47] [INFO   ] Fixpoint[1]:Reducer[perses_node_priority_with_dfs_delta]: Reduce node (#leaves=303) 
[14:01:47] [INFO   ] Fixpoint[1]:Reducer[perses_node_priority_with_dfs_delta]: Reduce node (#leaves=303): queue=7, delete 0 tokens, ratio=546/1741=31,36% 
[14:01:47] [INFO   ] Fixpoint[1]:Reducer[perses_node_priority_with_dfs_delta]: Reduce node (#leaves=301) 
[14:01:50] [INFO   ] Fixpoint[1]:Reducer[perses_node_priority_with_dfs_delta]: New minimal, delete 181 tokens, ratio=365/1741=20,96% 
[14:01:50] [INFO   ] Fixpoint[1]:Reducer[perses_node_priority_with_dfs_delta]: New minimal, delete 6 tokens, ratio=359/1741=20,62% 
[14:01:51] [INFO   ] Fixpoint[1]:Reducer[perses_node_priority_with_dfs_delta]: New minimal, delete 9 tokens, ratio=350/1741=20,10% 
[14:01:52] [INFO   ] Fixpoint[1]:Reducer[perses_node_priority_with_dfs_delta]: New minimal, delete 70 tokens, ratio=280/1741=16,08% 
[14:01:52] [INFO   ] Fixpoint[1]:Reducer[perses_node_priority_with_dfs_delta]: Reduce node (#leaves=301): queue=9, delete 266 tokens, ratio=280/1741=16,08% 
[14:01:52] [INFO   ] Fixpoint[1]:Reducer[perses_node_priority_with_dfs_delta]: Reduce node (#leaves=119) 
[14:01:53] [INFO   ] Fixpoint[1]:Reducer[perses_node_priority_with_dfs_delta]: New minimal, delete 119 tokens, ratio=161/1741=9,25% 
[14:01:53] [INFO   ] Fixpoint[1]:Reducer[perses_node_priority_with_dfs_delta]: Reduce node (#leaves=119): queue=9, delete 119 tokens, ratio=161/1741=9,25% 
[14:01:53] [INFO   ] Fixpoint[1]:Reducer[perses_node_priority_with_dfs_delta]: Reduce node (#leaves=68) 
[14:01:53] [INFO   ] Fixpoint[1]:Reducer[perses_node_priority_with_dfs_delta]: Reduce node (#leaves=68): queue=8, delete 0 tokens, ratio=161/1741=9,25% 
[14:01:53] [INFO   ] Fixpoint[1]:Reducer[perses_node_priority_with_dfs_delta]: Reduce node (#leaves=65) 
[14:01:53] [INFO   ] Fixpoint[1]:Reducer[perses_node_priority_with_dfs_delta]: Reduce node (#leaves=65): queue=11, delete 0 tokens, ratio=161/1741=9,25% 
[14:01:53] [INFO   ] Fixpoint[1]:Reducer[perses_node_priority_with_dfs_delta]: Reduce node (#leaves=63) 
[14:01:54] [INFO   ] Fixpoint[1]:Reducer[perses_node_priority_with_dfs_delta]: New minimal, delete 63 tokens, ratio=98/1741=5,63% 
[14:01:54] [INFO   ] Fixpoint[1]:Reducer[perses_node_priority_with_dfs_delta]: Reduce node (#leaves=63): queue=13, delete 63 tokens, ratio=98/1741=5,63% 
[14:01:54] [INFO   ] Fixpoint[1]:Reducer[perses_node_priority_with_dfs_delta]: Reduce node (#leaves=35) 
[14:01:55] [INFO   ] Fixpoint[1]:Reducer[perses_node_priority_with_dfs_delta]: Reduce node (#leaves=35): queue=12, delete 0 tokens, ratio=98/1741=5,63% 
[14:01:55] [INFO   ] Fixpoint[1]:Reducer[perses_node_priority_with_dfs_delta]: Reduce node (#leaves=31) 
[14:01:55] [INFO   ] Fixpoint[1]:Reducer[perses_node_priority_with_dfs_delta]: Reduce node (#leaves=31): queue=15, delete 0 tokens, ratio=98/1741=5,63% 
[14:01:55] [INFO   ] Fixpoint[1]:Reducer[perses_node_priority_with_dfs_delta]: Reduce node (#leaves=30) 
[14:01:55] [INFO   ] Fixpoint[1]:Reducer[perses_node_priority_with_dfs_delta]: Reduce node (#leaves=30): queue=16, delete 0 tokens, ratio=98/1741=5,63% 
[14:01:55] [INFO   ] Fixpoint[1]:Reducer[perses_node_priority_with_dfs_delta]: Reduce node (#leaves=30) 
[14:01:55] [INFO   ] Fixpoint[1]:Reducer[perses_node_priority_with_dfs_delta]: Reduce node (#leaves=30): queue=16, delete 0 tokens, ratio=98/1741=5,63% 
[14:01:55] [INFO   ] Fixpoint[1]:Reducer[perses_node_priority_with_dfs_delta]: Reduce node (#leaves=29) 
[14:01:57] [INFO   ] Fixpoint[1]:Reducer[perses_node_priority_with_dfs_delta]: New minimal, delete 2 tokens, ratio=96/1741=5,51% 
[14:01:57] [INFO   ] Fixpoint[1]:Reducer[perses_node_priority_with_dfs_delta]: Reduce node (#leaves=29): queue=17, delete 2 tokens, ratio=96/1741=5,51% 
[14:01:57] [INFO   ] Fixpoint[1]:Reducer[perses_node_priority_with_dfs_delta]: Reduce node (#leaves=27) 
[14:01:58] [INFO   ] Fixpoint[1]:Reducer[perses_node_priority_with_dfs_delta]: Reduce node (#leaves=27): queue=17, delete 0 tokens, ratio=96/1741=5,51% 
[14:01:58] [INFO   ] Fixpoint[1]:Reducer[perses_node_priority_with_dfs_delta]: Reduce node (#leaves=27) 
[14:01:59] [INFO   ] Fixpoint[1]:Reducer[perses_node_priority_with_dfs_delta]: New minimal, delete 27 tokens, ratio=69/1741=3,96% 
[14:01:59] [INFO   ] Fixpoint[1]:Reducer[perses_node_priority_with_dfs_delta]: Reduce node (#leaves=27): queue=18, delete 27 tokens, ratio=69/1741=3,96% 
[14:01:59] [INFO   ] Fixpoint[1]:Reducer[perses_node_priority_with_dfs_delta]: Reduce node (#leaves=25) 
[14:02:00] [INFO   ] Fixpoint[1]:Reducer[perses_node_priority_with_dfs_delta]: New minimal, delete 2 tokens, ratio=67/1741=3,85% 
[14:02:00] [INFO   ] Fixpoint[1]:Reducer[perses_node_priority_with_dfs_delta]: Reduce node (#leaves=25): queue=17, delete 2 tokens, ratio=67/1741=3,85% 
[14:02:00] [INFO   ] Fixpoint[1]:Reducer[perses_node_priority_with_dfs_delta]: Reduce node (#leaves=23) 
[14:02:00] [INFO   ] Fixpoint[1]:Reducer[perses_node_priority_with_dfs_delta]: Reduce node (#leaves=23): queue=17, delete 0 tokens, ratio=67/1741=3,85% 
[14:02:00] [INFO   ] Fixpoint[1]:Reducer[perses_node_priority_with_dfs_delta]: Reduce node (#leaves=22) 
[14:02:01] [INFO   ] Fixpoint[1]:Reducer[perses_node_priority_with_dfs_delta]: New minimal, delete 22 tokens, ratio=45/1741=2,58% 
[14:02:01] [INFO   ] Fixpoint[1]:Reducer[perses_node_priority_with_dfs_delta]: Reduce node (#leaves=22): queue=20, delete 22 tokens, ratio=45/1741=2,58% 
[14:02:01] [INFO   ] Fixpoint[1]:Reducer[perses_node_priority_with_dfs_delta]: Reduce node (#leaves=19) 
[14:02:01] [INFO   ] Fixpoint[1]:Reducer[perses_node_priority_with_dfs_delta]: Reduce node (#leaves=19): queue=19, delete 0 tokens, ratio=45/1741=2,58% 
[14:02:01] [INFO   ] Fixpoint[1]:Reducer[perses_node_priority_with_dfs_delta]: Reduce node (#leaves=19) 
[14:02:02] [INFO   ] Fixpoint[1]:Reducer[perses_node_priority_with_dfs_delta]: New minimal, delete 2 tokens, ratio=43/1741=2,47% 
[14:02:02] [INFO   ] Fixpoint[1]:Reducer[perses_node_priority_with_dfs_delta]: Reduce node (#leaves=19): queue=19, delete 2 tokens, ratio=43/1741=2,47% 
[14:02:02] [INFO   ] Fixpoint[1]:Reducer[perses_node_priority_with_dfs_delta]: Reduce node (#leaves=17) 
[14:02:03] [INFO   ] Fixpoint[1]:Reducer[perses_node_priority_with_dfs_delta]: Reduce node (#leaves=17): queue=19, delete 0 tokens, ratio=43/1741=2,47% 
[14:02:03] [INFO   ] Fixpoint[1]:Reducer[perses_node_priority_with_dfs_delta]: Reduce node (#leaves=9) 
[14:02:04] [INFO   ] Fixpoint[1]:Reducer[perses_node_priority_with_dfs_delta]: New minimal, delete 4 tokens, ratio=39/1741=2,24% 
[14:02:04] [INFO   ] Fixpoint[1]:Reducer[perses_node_priority_with_dfs_delta]: Reduce node (#leaves=9): queue=21, delete 4 tokens, ratio=39/1741=2,24% 
[14:02:04] [INFO   ] Fixpoint[1]:Reducer[perses_node_priority_with_dfs_delta]: Reduce node (#leaves=7) 
[14:02:05] [INFO   ] Fixpoint[1]:Reducer[perses_node_priority_with_dfs_delta]: New minimal, delete 6 tokens, ratio=33/1741=1,90% 
[14:02:05] [INFO   ] Fixpoint[1]:Reducer[perses_node_priority_with_dfs_delta]: Reduce node (#leaves=7): queue=21, delete 6 tokens, ratio=33/1741=1,90% 
[14:02:05] [INFO   ] Fixpoint[1]:Reducer[perses_node_priority_with_dfs_delta]: Reduce node (#leaves=5) 
[14:02:05] [INFO   ] Fixpoint[1]:Reducer[perses_node_priority_with_dfs_delta]: New minimal, delete 4 tokens, ratio=29/1741=1,67% 
[14:02:05] [INFO   ] Fixpoint[1]:Reducer[perses_node_priority_with_dfs_delta]: Reduce node (#leaves=5): queue=21, delete 4 tokens, ratio=29/1741=1,67% 
[14:02:05] [INFO   ] Fixpoint[1]:Reducer[perses_node_priority_with_dfs_delta]: Reduce node (#leaves=5) 
[14:02:06] [INFO   ] Fixpoint[1]:Reducer[perses_node_priority_with_dfs_delta]: New minimal, delete 5 tokens, ratio=24/1741=1,38% 
[14:02:06] [INFO   ] Fixpoint[1]:Reducer[perses_node_priority_with_dfs_delta]: Reduce node (#leaves=5): queue=21, delete 5 tokens, ratio=24/1741=1,38% 
[14:02:06] [INFO   ] Fixpoint[1]:Reducer[perses_node_priority_with_dfs_delta]: Reduce node (#leaves=2) 
[14:02:06] [INFO   ] Fixpoint[1]:Reducer[perses_node_priority_with_dfs_delta]: Reduce node (#leaves=2): queue=20, delete 0 tokens, ratio=24/1741=1,38% 
[14:02:06] [INFO   ] Fixpoint[1]:Reducer[perses_node_priority_with_dfs_delta]: Reduce node (#leaves=2) 
[14:02:07] [INFO   ] Fixpoint[1]:Reducer[perses_node_priority_with_dfs_delta]: Reduce node (#leaves=2): queue=21, delete 0 tokens, ratio=24/1741=1,38% 
[14:02:07] [INFO   ] Fixpoint[1]:Reducer[perses_node_priority_with_dfs_delta]: Reduce node (#leaves=2) 
[14:02:07] [INFO   ] Fixpoint[1]:Reducer[perses_node_priority_with_dfs_delta]: Reduce node (#leaves=2): queue=21, delete 0 tokens, ratio=24/1741=1,38% 
[14:02:07] [INFO   ] Fixpoint[1]:Reducer[perses_node_priority_with_dfs_delta]: Reduce node (#leaves=2) 
[14:02:09] [INFO   ] Fixpoint[1]:Reducer[perses_node_priority_with_dfs_delta]: New minimal, delete 1 tokens, ratio=23/1741=1,32% 
[14:02:09] [INFO   ] Fixpoint[1]:Reducer[perses_node_priority_with_dfs_delta]: Reduce node (#leaves=2): queue=22, delete 1 tokens, ratio=23/1741=1,32% 
[14:02:09] [INFO   ] Fixpoint[1]:Reducer[perses_node_priority_with_dfs_delta]: Reduce node (#leaves=1) 
[14:02:09] [INFO   ] Fixpoint[1]:Reducer[perses_node_priority_with_dfs_delta]: Reduce node (#leaves=1): queue=22, delete 0 tokens, ratio=23/1741=1,32% 
[14:02:09] [INFO   ] Fixpoint[1]:Reducer[perses_node_priority_with_dfs_delta]: Reduce node (#leaves=1) 
[14:02:09] [INFO   ] Fixpoint[1]:Reducer[perses_node_priority_with_dfs_delta]: Reduce node (#leaves=1): queue=21, delete 0 tokens, ratio=23/1741=1,32% 
[14:02:09] [INFO   ] Fixpoint[1]:Reducer[perses_node_priority_with_dfs_delta]: Reduce node (#leaves=1) 
[14:02:09] [INFO   ] Fixpoint[1]:Reducer[perses_node_priority_with_dfs_delta]: Reduce node (#leaves=1): queue=20, delete 0 tokens, ratio=23/1741=1,32% 
[14:02:09] [INFO   ] Fixpoint[1]:Reducer[perses_node_priority_with_dfs_delta]: Reduce node (#leaves=1) 
[14:02:09] [INFO   ] Fixpoint[1]:Reducer[perses_node_priority_with_dfs_delta]: Reduce node (#leaves=1): queue=19, delete 0 tokens, ratio=23/1741=1,32% 
[14:02:09] [INFO   ] Fixpoint[1]:Reducer[perses_node_priority_with_dfs_delta]: Reduce node (#leaves=1) 
[14:02:09] [INFO   ] Fixpoint[1]:Reducer[perses_node_priority_with_dfs_delta]: Reduce node (#leaves=1): queue=18, delete 0 tokens, ratio=23/1741=1,32% 
[14:02:09] [INFO   ] Fixpoint[1]:Reducer[perses_node_priority_with_dfs_delta]: Reduce node (#leaves=1) 
[14:02:09] [INFO   ] Fixpoint[1]:Reducer[perses_node_priority_with_dfs_delta]: Reduce node (#leaves=1): queue=17, delete 0 tokens, ratio=23/1741=1,32% 
[14:02:09] [INFO   ] Fixpoint[1]:Reducer[perses_node_priority_with_dfs_delta]: Reduce node (#leaves=1) 
[14:02:09] [INFO   ] Fixpoint[1]:Reducer[perses_node_priority_with_dfs_delta]: Reduce node (#leaves=1): queue=16, delete 0 tokens, ratio=23/1741=1,32% 
[14:02:09] [INFO   ] Fixpoint[1]:Reducer[perses_node_priority_with_dfs_delta]: Reduce node (#leaves=1) 
[14:02:09] [INFO   ] Fixpoint[1]:Reducer[perses_node_priority_with_dfs_delta]: Reduce node (#leaves=1): queue=15, delete 0 tokens, ratio=23/1741=1,32% 
[14:02:09] [INFO   ] Fixpoint[1]:Reducer[perses_node_priority_with_dfs_delta]: Reduce node (#leaves=1) 
[14:02:09] [INFO   ] Fixpoint[1]:Reducer[perses_node_priority_with_dfs_delta]: Reduce node (#leaves=1): queue=14, delete 0 tokens, ratio=23/1741=1,32% 
[14:02:09] [INFO   ] Fixpoint[1]:Reducer[perses_node_priority_with_dfs_delta]: Reduce node (#leaves=1) 
[14:02:09] [INFO   ] Fixpoint[1]:Reducer[perses_node_priority_with_dfs_delta]: Reduce node (#leaves=1): queue=13, delete 0 tokens, ratio=23/1741=1,32% 
[14:02:09] [INFO   ] Fixpoint[1]:Reducer[perses_node_priority_with_dfs_delta]: Reduce node (#leaves=1) 
[14:02:09] [INFO   ] Fixpoint[1]:Reducer[perses_node_priority_with_dfs_delta]: Reduce node (#leaves=1): queue=12, delete 0 tokens, ratio=23/1741=1,32% 
[14:02:09] [INFO   ] Fixpoint[1]:Reducer[perses_node_priority_with_dfs_delta]: Reduce node (#leaves=1) 
[14:02:09] [INFO   ] Fixpoint[1]:Reducer[perses_node_priority_with_dfs_delta]: Reduce node (#leaves=1): queue=11, delete 0 tokens, ratio=23/1741=1,32% 
[14:02:09] [INFO   ] Fixpoint[1]:Reducer[perses_node_priority_with_dfs_delta]: Reduce node (#leaves=1) 
[14:02:09] [INFO   ] Fixpoint[1]:Reducer[perses_node_priority_with_dfs_delta]: Reduce node (#leaves=1): queue=10, delete 0 tokens, ratio=23/1741=1,32% 
[14:02:09] [INFO   ] Fixpoint[1]:Reducer[perses_node_priority_with_dfs_delta]: Reduce node (#leaves=1) 
[14:02:09] [INFO   ] Fixpoint[1]:Reducer[perses_node_priority_with_dfs_delta]: Reduce node (#leaves=1): queue=9, delete 0 tokens, ratio=23/1741=1,32% 
[14:02:09] [INFO   ] Fixpoint[1]:Reducer[perses_node_priority_with_dfs_delta]: Reduce node (#leaves=1) 
[14:02:09] [INFO   ] Fixpoint[1]:Reducer[perses_node_priority_with_dfs_delta]: Reduce node (#leaves=1): queue=8, delete 0 tokens, ratio=23/1741=1,32% 
[14:02:09] [INFO   ] Fixpoint[1]:Reducer[perses_node_priority_with_dfs_delta]: Reduce node (#leaves=1) 
[14:02:09] [INFO   ] Fixpoint[1]:Reducer[perses_node_priority_with_dfs_delta]: Reduce node (#leaves=1): queue=7, delete 0 tokens, ratio=23/1741=1,32% 
[14:02:09] [INFO   ] Fixpoint[1]:Reducer[perses_node_priority_with_dfs_delta]: Reduce node (#leaves=1) 
[14:02:09] [INFO   ] Fixpoint[1]:Reducer[perses_node_priority_with_dfs_delta]: Reduce node (#leaves=1): queue=6, delete 0 tokens, ratio=23/1741=1,32% 
[14:02:09] [INFO   ] Fixpoint[1]:Reducer[perses_node_priority_with_dfs_delta]: Reduce node (#leaves=1) 
[14:02:09] [INFO   ] Fixpoint[1]:Reducer[perses_node_priority_with_dfs_delta]: Reduce node (#leaves=1): queue=5, delete 0 tokens, ratio=23/1741=1,32% 
[14:02:09] [INFO   ] Fixpoint[1]:Reducer[perses_node_priority_with_dfs_delta]: Reduce node (#leaves=1) 
[14:02:09] [INFO   ] Fixpoint[1]:Reducer[perses_node_priority_with_dfs_delta]: Reduce node (#leaves=1): queue=4, delete 0 tokens, ratio=23/1741=1,32% 
[14:02:09] [INFO   ] Fixpoint[1]:Reducer[perses_node_priority_with_dfs_delta]: Reduce node (#leaves=1) 
[14:02:09] [INFO   ] Fixpoint[1]:Reducer[perses_node_priority_with_dfs_delta]: Reduce node (#leaves=1): queue=3, delete 0 tokens, ratio=23/1741=1,32% 
[14:02:09] [INFO   ] Fixpoint[1]:Reducer[perses_node_priority_with_dfs_delta]: Reduce node (#leaves=1) 
[14:02:09] [INFO   ] Fixpoint[1]:Reducer[perses_node_priority_with_dfs_delta]: Reduce node (#leaves=1): queue=2, delete 0 tokens, ratio=23/1741=1,32% 
[14:02:09] [INFO   ] Fixpoint[1]:Reducer[perses_node_priority_with_dfs_delta]: Reduce node (#leaves=1) 
[14:02:09] [INFO   ] Fixpoint[1]:Reducer[perses_node_priority_with_dfs_delta]: Reduce node (#leaves=1): queue=1, delete 0 tokens, ratio=23/1741=1,32% 
[14:02:09] [INFO   ] Fixpoint[1]:Reducer[perses_node_priority_with_dfs_delta]: Reduce node (#leaves=1) 
[14:02:10] [INFO   ] perses_node_priority_with_dfs_delta ended at 14:02:10 2025/08/21. #old=1741, #new=22 
[14:02:10] [INFO   ] Fixpoint[1]:Reducer[perses_node_priority_with_dfs_delta]: New minimal, delete 1 tokens, ratio=22/1741=1,26% 
[14:02:10] [INFO   ] Fixpoint[1]:Reducer[perses_node_priority_with_dfs_delta]: Reduce node (#leaves=0): queue=0, delete 1 tokens, ratio=22/1741=1,26% 
[14:02:10] [INFO   ] Fixpoint[1]:Reducer[perses_node_priority_with_dfs_delta]: Fixpoint iteration finished, delete 1719 tokens, ratio=22/1741=1,26% 
[14:02:10] [INFO   ] perses_node_priority_with_dfs_delta started at 14:02:10 2025/08/21. #tokens=22 
[14:02:10] [INFO   ] Fixpoint[2]:Reducer[perses_node_priority_with_dfs_delta]: New fixpoint iteration started. #Tokens=22 
[14:02:10] [INFO   ] Fixpoint[2]:Reducer[perses_node_priority_with_dfs_delta]: Reduce node (#leaves=22) 
[14:02:12] [INFO   ] Fixpoint[2]:Reducer[perses_node_priority_with_dfs_delta]: Reduce node (#leaves=22): queue=0, delete 0 tokens, ratio=22/1741=1,26% 
[14:02:12] [INFO   ] Fixpoint[2]:Reducer[perses_node_priority_with_dfs_delta]: Reduce node (#leaves=18) 
[14:02:12] [INFO   ] Fixpoint[2]:Reducer[perses_node_priority_with_dfs_delta]: Reduce node (#leaves=18): queue=1, delete 0 tokens, ratio=22/1741=1,26% 
[14:02:12] [INFO   ] Fixpoint[2]:Reducer[perses_node_priority_with_dfs_delta]: Reduce node (#leaves=16) 
[14:02:12] [INFO   ] Fixpoint[2]:Reducer[perses_node_priority_with_dfs_delta]: Reduce node (#leaves=16): queue=3, delete 0 tokens, ratio=22/1741=1,26% 
[14:02:12] [INFO   ] Fixpoint[2]:Reducer[perses_node_priority_with_dfs_delta]: Reduce node (#leaves=14) 
[14:02:13] [INFO   ] Fixpoint[2]:Reducer[perses_node_priority_with_dfs_delta]: Reduce node (#leaves=14): queue=5, delete 0 tokens, ratio=22/1741=1,26% 
[14:02:13] [INFO   ] Fixpoint[2]:Reducer[perses_node_priority_with_dfs_delta]: Reduce node (#leaves=14) 
[14:02:13] [INFO   ] Fixpoint[2]:Reducer[perses_node_priority_with_dfs_delta]: Reduce node (#leaves=14): queue=5, delete 0 tokens, ratio=22/1741=1,26% 
[14:02:13] [INFO   ] Fixpoint[2]:Reducer[perses_node_priority_with_dfs_delta]: Reduce node (#leaves=11) 
[14:02:13] [INFO   ] Fixpoint[2]:Reducer[perses_node_priority_with_dfs_delta]: Reduce node (#leaves=11): queue=8, delete 0 tokens, ratio=22/1741=1,26% 
[14:02:13] [INFO   ] Fixpoint[2]:Reducer[perses_node_priority_with_dfs_delta]: Reduce node (#leaves=10) 
[14:02:13] [INFO   ] Fixpoint[2]:Reducer[perses_node_priority_with_dfs_delta]: Reduce node (#leaves=10): queue=9, delete 0 tokens, ratio=22/1741=1,26% 
[14:02:13] [INFO   ] Fixpoint[2]:Reducer[perses_node_priority_with_dfs_delta]: Reduce node (#leaves=10) 
[14:02:13] [INFO   ] Fixpoint[2]:Reducer[perses_node_priority_with_dfs_delta]: Reduce node (#leaves=10): queue=9, delete 0 tokens, ratio=22/1741=1,26% 
[14:02:13] [INFO   ] Fixpoint[2]:Reducer[perses_node_priority_with_dfs_delta]: Reduce node (#leaves=9) 
[14:02:15] [INFO   ] Fixpoint[2]:Reducer[perses_node_priority_with_dfs_delta]: Reduce node (#leaves=9): queue=10, delete 0 tokens, ratio=22/1741=1,26% 
[14:02:15] [INFO   ] Fixpoint[2]:Reducer[perses_node_priority_with_dfs_delta]: Reduce node (#leaves=7) 
[14:02:16] [INFO   ] Fixpoint[2]:Reducer[perses_node_priority_with_dfs_delta]: Reduce node (#leaves=7): queue=11, delete 0 tokens, ratio=22/1741=1,26% 
[14:02:16] [INFO   ] Fixpoint[2]:Reducer[perses_node_priority_with_dfs_delta]: Reduce node (#leaves=4) 
[14:02:16] [INFO   ] Fixpoint[2]:Reducer[perses_node_priority_with_dfs_delta]: Reduce node (#leaves=4): queue=14, delete 0 tokens, ratio=22/1741=1,26% 
[14:02:16] [INFO   ] Fixpoint[2]:Reducer[perses_node_priority_with_dfs_delta]: Reduce node (#leaves=3) 
[14:02:17] [INFO   ] Fixpoint[2]:Reducer[perses_node_priority_with_dfs_delta]: Reduce node (#leaves=3): queue=16, delete 0 tokens, ratio=22/1741=1,26% 
[14:02:17] [INFO   ] Fixpoint[2]:Reducer[perses_node_priority_with_dfs_delta]: Reduce node (#leaves=3) 
[14:02:17] [INFO   ] Fixpoint[2]:Reducer[perses_node_priority_with_dfs_delta]: Reduce node (#leaves=3): queue=16, delete 0 tokens, ratio=22/1741=1,26% 
[14:02:17] [INFO   ] Fixpoint[2]:Reducer[perses_node_priority_with_dfs_delta]: Reduce node (#leaves=2) 
[14:02:17] [INFO   ] Fixpoint[2]:Reducer[perses_node_priority_with_dfs_delta]: Reduce node (#leaves=2): queue=18, delete 0 tokens, ratio=22/1741=1,26% 
[14:02:17] [INFO   ] Fixpoint[2]:Reducer[perses_node_priority_with_dfs_delta]: Reduce node (#leaves=2) 
[14:02:17] [INFO   ] Fixpoint[2]:Reducer[perses_node_priority_with_dfs_delta]: Reduce node (#leaves=2): queue=19, delete 0 tokens, ratio=22/1741=1,26% 
[14:02:17] [INFO   ] Fixpoint[2]:Reducer[perses_node_priority_with_dfs_delta]: Reduce node (#leaves=2) 
[14:02:17] [INFO   ] Fixpoint[2]:Reducer[perses_node_priority_with_dfs_delta]: Reduce node (#leaves=2): queue=19, delete 0 tokens, ratio=22/1741=1,26% 
[14:02:17] [INFO   ] Fixpoint[2]:Reducer[perses_node_priority_with_dfs_delta]: Reduce node (#leaves=2) 
[14:02:17] [INFO   ] Fixpoint[2]:Reducer[perses_node_priority_with_dfs_delta]: Reduce node (#leaves=2): queue=20, delete 0 tokens, ratio=22/1741=1,26% 
[14:02:17] [INFO   ] Fixpoint[2]:Reducer[perses_node_priority_with_dfs_delta]: Reduce node (#leaves=1) 
[14:02:17] [INFO   ] Fixpoint[2]:Reducer[perses_node_priority_with_dfs_delta]: Reduce node (#leaves=1): queue=21, delete 0 tokens, ratio=22/1741=1,26% 
[14:02:17] [INFO   ] Fixpoint[2]:Reducer[perses_node_priority_with_dfs_delta]: Reduce node (#leaves=1) 
[14:02:17] [INFO   ] Fixpoint[2]:Reducer[perses_node_priority_with_dfs_delta]: Reduce node (#leaves=1): queue=20, delete 0 tokens, ratio=22/1741=1,26% 
[14:02:17] [INFO   ] Fixpoint[2]:Reducer[perses_node_priority_with_dfs_delta]: Reduce node (#leaves=1) 
[14:02:17] [INFO   ] Fixpoint[2]:Reducer[perses_node_priority_with_dfs_delta]: Reduce node (#leaves=1): queue=19, delete 0 tokens, ratio=22/1741=1,26% 
[14:02:17] [INFO   ] Fixpoint[2]:Reducer[perses_node_priority_with_dfs_delta]: Reduce node (#leaves=1) 
[14:02:17] [INFO   ] Fixpoint[2]:Reducer[perses_node_priority_with_dfs_delta]: Reduce node (#leaves=1): queue=18, delete 0 tokens, ratio=22/1741=1,26% 
[14:02:17] [INFO   ] Fixpoint[2]:Reducer[perses_node_priority_with_dfs_delta]: Reduce node (#leaves=1) 
[14:02:17] [INFO   ] Fixpoint[2]:Reducer[perses_node_priority_with_dfs_delta]: Reduce node (#leaves=1): queue=17, delete 0 tokens, ratio=22/1741=1,26% 
[14:02:17] [INFO   ] Fixpoint[2]:Reducer[perses_node_priority_with_dfs_delta]: Reduce node (#leaves=1) 
[14:02:17] [INFO   ] Fixpoint[2]:Reducer[perses_node_priority_with_dfs_delta]: Reduce node (#leaves=1): queue=16, delete 0 tokens, ratio=22/1741=1,26% 
[14:02:17] [INFO   ] Fixpoint[2]:Reducer[perses_node_priority_with_dfs_delta]: Reduce node (#leaves=1) 
[14:02:17] [INFO   ] Fixpoint[2]:Reducer[perses_node_priority_with_dfs_delta]: Reduce node (#leaves=1): queue=15, delete 0 tokens, ratio=22/1741=1,26% 
[14:02:17] [INFO   ] Fixpoint[2]:Reducer[perses_node_priority_with_dfs_delta]: Reduce node (#leaves=1) 
[14:02:17] [INFO   ] Fixpoint[2]:Reducer[perses_node_priority_with_dfs_delta]: Reduce node (#leaves=1): queue=14, delete 0 tokens, ratio=22/1741=1,26% 
[14:02:17] [INFO   ] Fixpoint[2]:Reducer[perses_node_priority_with_dfs_delta]: Reduce node (#leaves=1) 
[14:02:17] [INFO   ] Fixpoint[2]:Reducer[perses_node_priority_with_dfs_delta]: Reduce node (#leaves=1): queue=13, delete 0 tokens, ratio=22/1741=1,26% 
[14:02:17] [INFO   ] Fixpoint[2]:Reducer[perses_node_priority_with_dfs_delta]: Reduce node (#leaves=1) 
[14:02:17] [INFO   ] Fixpoint[2]:Reducer[perses_node_priority_with_dfs_delta]: Reduce node (#leaves=1): queue=12, delete 0 tokens, ratio=22/1741=1,26% 
[14:02:17] [INFO   ] Fixpoint[2]:Reducer[perses_node_priority_with_dfs_delta]: Reduce node (#leaves=1) 
[14:02:17] [INFO   ] Fixpoint[2]:Reducer[perses_node_priority_with_dfs_delta]: Reduce node (#leaves=1): queue=11, delete 0 tokens, ratio=22/1741=1,26% 
[14:02:17] [INFO   ] Fixpoint[2]:Reducer[perses_node_priority_with_dfs_delta]: Reduce node (#leaves=1) 
[14:02:17] [INFO   ] Fixpoint[2]:Reducer[perses_node_priority_with_dfs_delta]: Reduce node (#leaves=1): queue=10, delete 0 tokens, ratio=22/1741=1,26% 
[14:02:17] [INFO   ] Fixpoint[2]:Reducer[perses_node_priority_with_dfs_delta]: Reduce node (#leaves=1) 
[14:02:17] [INFO   ] Fixpoint[2]:Reducer[perses_node_priority_with_dfs_delta]: Reduce node (#leaves=1): queue=9, delete 0 tokens, ratio=22/1741=1,26% 
[14:02:17] [INFO   ] Fixpoint[2]:Reducer[perses_node_priority_with_dfs_delta]: Reduce node (#leaves=1) 
[14:02:18] [INFO   ] Fixpoint[2]:Reducer[perses_node_priority_with_dfs_delta]: Reduce node (#leaves=1): queue=8, delete 0 tokens, ratio=22/1741=1,26% 
[14:02:18] [INFO   ] perses_node_priority_with_dfs_delta ended at 14:02:18 2025/08/21. #old=22, #new=22 
[14:02:18] [INFO   ] Fixpoint[2]:Reducer[perses_node_priority_with_dfs_delta]: Reduce node (#leaves=1) 
[14:02:18] [INFO   ] Fixpoint[2]:Reducer[perses_node_priority_with_dfs_delta]: Reduce node (#leaves=1): queue=8, delete 0 tokens, ratio=22/1741=1,26% 
[14:02:18] [INFO   ] Fixpoint[2]:Reducer[perses_node_priority_with_dfs_delta]: Reduce node (#leaves=1) 
[14:02:18] [INFO   ] Fixpoint[2]:Reducer[perses_node_priority_with_dfs_delta]: Reduce node (#leaves=1): queue=7, delete 0 tokens, ratio=22/1741=1,26% 
[14:02:18] [INFO   ] Fixpoint[2]:Reducer[perses_node_priority_with_dfs_delta]: Reduce node (#leaves=1) 
[14:02:18] [INFO   ] Fixpoint[2]:Reducer[perses_node_priority_with_dfs_delta]: Reduce node (#leaves=1): queue=6, delete 0 tokens, ratio=22/1741=1,26% 
[14:02:18] [INFO   ] Fixpoint[2]:Reducer[perses_node_priority_with_dfs_delta]: Reduce node (#leaves=1) 
[14:02:18] [INFO   ] Fixpoint[2]:Reducer[perses_node_priority_with_dfs_delta]: Reduce node (#leaves=1): queue=5, delete 0 tokens, ratio=22/1741=1,26% 
[14:02:18] [INFO   ] Fixpoint[2]:Reducer[perses_node_priority_with_dfs_delta]: Reduce node (#leaves=1) 
[14:02:18] [INFO   ] Fixpoint[2]:Reducer[perses_node_priority_with_dfs_delta]: Reduce node (#leaves=1): queue=4, delete 0 tokens, ratio=22/1741=1,26% 
[14:02:18] [INFO   ] Fixpoint[2]:Reducer[perses_node_priority_with_dfs_delta]: Reduce node (#leaves=1) 
[14:02:18] [INFO   ] Fixpoint[2]:Reducer[perses_node_priority_with_dfs_delta]: Reduce node (#leaves=1): queue=3, delete 0 tokens, ratio=22/1741=1,26% 
[14:02:18] [INFO   ] Fixpoint[2]:Reducer[perses_node_priority_with_dfs_delta]: Reduce node (#leaves=1) 
[14:02:18] [INFO   ] Fixpoint[2]:Reducer[perses_node_priority_with_dfs_delta]: Reduce node (#leaves=1): queue=2, delete 0 tokens, ratio=22/1741=1,26% 
[14:02:18] [INFO   ] Fixpoint[2]:Reducer[perses_node_priority_with_dfs_delta]: Reduce node (#leaves=1) 
[14:02:18] [INFO   ] Fixpoint[2]:Reducer[perses_node_priority_with_dfs_delta]: Reduce node (#leaves=1): queue=1, delete 0 tokens, ratio=22/1741=1,26% 
[14:02:18] [INFO   ] Fixpoint[2]:Reducer[perses_node_priority_with_dfs_delta]: Reduce node (#leaves=1) 
[14:02:18] [INFO   ] Fixpoint[2]:Reducer[perses_node_priority_with_dfs_delta]: Reduce node (#leaves=1): queue=0, delete 0 tokens, ratio=22/1741=1,26% 
[14:02:18] [INFO   ] Fixpoint[2]:Reducer[perses_node_priority_with_dfs_delta]: Fixpoint iteration finished, delete 0 tokens, ratio=22/1741=1,26% 
[14:02:18] [INFO   ] Reduction ended at 14:02:18 2025/08/21 
[14:02:18] [INFO   ] Elapsed time is 44 seconds 
[14:02:18] [INFO   ] Removed 1719 token(s). Reduction ratio is 22/1741=1,26% 
[14:02:18] [INFO   ] Test script execution count: 75 
