[22:34:54] [INFO   ] The command-line options are: --append-to-progress-dump-file "true" --call-creduce "false" --call-formatter "false" --creduce-cmd "creduce" --default-delta-debugger-for-kleene "DFS" --deps "[]" --edit-caching "true" --enable-lightweight-refreshing "true" --enable-line-slicer "false" --enable-lpr "false" --enable-token-slicer "false" --enable-trec "false" --enable-tree-slicer "false" --enable-vulcan "false" --fixpoint "true" --format-cmd "" --help "false" --input-file "/Users/artemancikov/Desktop/practical work/try1/reducer/final_generator_source/iter_8/Main.java" --lang "" --language-ext-jars "[]" --list-algs "false" --list-langs "false" --list-parser-facades "false" --list-verbosity-levels "false" --lpr-fixpoint "false" --max-bfs-depth-for-regular-rule-node "5" --max-edit-count-for-regular-rule-node "100" --non-deletion-iteration-limit "10" --on-demand-coarse-grit-reducer-annotations "[]" --on-demand-fine-grit-reducer-annotations "[]" --on-demand-medium-grit-reducer-annotations "[]" --parser-facade-class-name "" --pass-level-caching "false" --query-cache-refresh-threshold "0" --query-cache-type "CONTENT_SHA512" --query-caching "AUTO" --reparse-each-iteration "true" --script-execution-keep-waiting-after-timeout "true" --script-execution-timeout-in-seconds "600" --stop-at-first-compatible-child-for-regular-rule-node "false" --test-script "/Users/artemancikov/Desktop/practical work/try1/reducer/final_generator_source/iter_8/run2.sh" --threads "auto" --verbosity "INFO" --version "false" --vulcan-fixpoint "false" --window-size "4" 
[22:34:54] [SEVERE ] Failed to load the class of the parser facade org.perses.grammar.sql.tidb.TiDBParserFacade for LanguageTiDB{name=tidb, extensions=[tidb], defaultCodeFormatControl=COMPACT_ORIG_FORMAT}
org.perses.grammar.sql.tidb.TiDBParserFacade 
[22:34:54] [INFO   ] Tree Building: Start building spar-tree from input file SourceFile{file=FilePathWithContent{file=/Users/artemancikov/Desktop/practical work/try1/reducer/final_generator_source/iter_8/Main.java}, lang=LanguageJava{name=java, extensions=[java], defaultCodeFormatControl=SINGLE_TOKEN_PER_LINE}} 
[22:34:54] [INFO   ] Tree Building: Step 1: Antlr parsing. 
[22:34:58] [INFO   ] Tree Building: Step 2: Converting parse tree to spar-tree 
[22:34:58] [INFO   ] Tree Building: Step 3: Simplifying spar-tree 
[22:34:58] [INFO   ] Tree Building: Finished in TimeSpan{startMillis=1754339694800, endMillis=1754339698318, formatted=3 seconds} 
[22:34:58] [INFO   ] The initial sanity check failed. 
[22:34:58] [INFO   ] Checking whether the script is flaky. #trials=5 
[22:35:00] [SEVERE ] The initial sanity check failed. More information is provided below.

org.perses.reduction.SanityCheckFailedException: The initial sanity check failed. 

***** ***** ***** ***** ***** ***** ***** ***** ***** ***** ***** ***** *****
*
* The script exit code is ExitCode(intValue=1) 
* The files have been saved, and you can check them at:
*     /var/folders/dl/05_mlm4s61l8tk8f6n7fdw8h0000gn/T/perses_failure_11757687249912773667
* The property test is not flaky. #total runs: 6, #interesting: 0, #uninteresting: 6
***** ***** ***** ***** ***** ***** ***** ***** ***** ***** ***** ***** *****

============= stderr =============
grep: brackets ([ ]) not balanced


============= stdout =============
<empty> 


Driver creator: SINGLE_TOKEN_PER_LINE
class org.perses.grammar.java.Java8ParserFacade

Perses might automatically try difference configurations now.

 
[22:35:00] [INFO   ] Tree Building: Start building spar-tree from input file SourceFile{file=FilePathWithContent{file=/Users/artemancikov/Desktop/practical work/try1/reducer/final_generator_source/iter_8/Main.java}, lang=LanguageJava{name=java, extensions=[java], defaultCodeFormatControl=SINGLE_TOKEN_PER_LINE}} 
[22:35:00] [INFO   ] Tree Building: Step 1: Antlr parsing. 
[22:35:04] [INFO   ] Tree Building: Step 2: Converting parse tree to spar-tree 
[22:35:04] [INFO   ] Tree Building: Step 3: Simplifying spar-tree 
[22:35:04] [INFO   ] Tree Building: Finished in TimeSpan{startMillis=1754339700839, endMillis=1754339704175, formatted=3 seconds} 
[22:35:04] [INFO   ] The initial sanity check failed. 
[22:35:04] [INFO   ] Checking whether the script is flaky. #trials=5 
[22:35:06] [SEVERE ] The initial sanity check failed. More information is provided below.

org.perses.reduction.SanityCheckFailedException: The initial sanity check failed. 

***** ***** ***** ***** ***** ***** ***** ***** ***** ***** ***** ***** *****
*
* The script exit code is ExitCode(intValue=1) 
* The files have been saved, and you can check them at:
*     /var/folders/dl/05_mlm4s61l8tk8f6n7fdw8h0000gn/T/perses_failure_3232310294380210048
* The property test is not flaky. #total runs: 6, #interesting: 0, #uninteresting: 6
***** ***** ***** ***** ***** ***** ***** ***** ***** ***** ***** ***** *****

============= stderr =============
grep: brackets ([ ]) not balanced


============= stdout =============
<empty> 


Driver creator: COMPACT_ORIG_FORMAT
class org.perses.grammar.java.Java8ParserFacade

Perses might automatically try difference configurations now.

 
[22:35:06] [INFO   ] Tree Building: Start building spar-tree from input file SourceFile{file=FilePathWithContent{file=/Users/artemancikov/Desktop/practical work/try1/reducer/final_generator_source/iter_8/Main.java}, lang=LanguageJava{name=java, extensions=[java], defaultCodeFormatControl=SINGLE_TOKEN_PER_LINE}} 
[22:35:06] [INFO   ] Tree Building: Step 1: Antlr parsing. 
[22:35:09] [INFO   ] Tree Building: Step 2: Converting parse tree to spar-tree 
[22:35:09] [INFO   ] Tree Building: Step 3: Simplifying spar-tree 
[22:35:09] [INFO   ] Tree Building: Finished in TimeSpan{startMillis=1754339706649, endMillis=1754339709759, formatted=3 seconds} 
[22:35:10] [INFO   ] The initial sanity check failed. 
[22:35:10] [INFO   ] Checking whether the script is flaky. #trials=5 
[22:35:12] [SEVERE ] The initial sanity check failed. More information is provided below.

org.perses.reduction.SanityCheckFailedException: The initial sanity check failed. 

***** ***** ***** ***** ***** ***** ***** ***** ***** ***** ***** ***** *****
*
* The script exit code is ExitCode(intValue=1) 
* The files have been saved, and you can check them at:
*     /var/folders/dl/05_mlm4s61l8tk8f6n7fdw8h0000gn/T/perses_failure_684857108889223512
* The property test is not flaky. #total runs: 6, #interesting: 0, #uninteresting: 6
***** ***** ***** ***** ***** ***** ***** ***** ***** ***** ***** ***** *****

============= stderr =============
grep: brackets ([ ]) not balanced


============= stdout =============
<empty> 


Driver creator: ORIG_FORMAT
class org.perses.grammar.java.Java8ParserFacade

Perses might automatically try difference configurations now.

 
[22:35:12] [INFO   ] Tree Building: Start building spar-tree from input file SourceFile{file=FilePathWithContent{file=/Users/artemancikov/Desktop/practical work/try1/reducer/final_generator_source/iter_8/Main.java}, lang=LanguageJava{name=java, extensions=[java], defaultCodeFormatControl=SINGLE_TOKEN_PER_LINE}} 
[22:35:12] [INFO   ] Tree Building: Step 1: Antlr parsing. 
[22:35:12] [INFO   ] Tree Building: Step 2: Converting parse tree to spar-tree 
[22:35:12] [INFO   ] Tree Building: Step 3: Simplifying spar-tree 
[22:35:12] [INFO   ] Tree Building: Finished in TimeSpan{startMillis=1754339712332, endMillis=1754339712869, formatted=0 seconds} 
[22:35:13] [INFO   ] The initial sanity check failed. 
[22:35:13] [INFO   ] Checking whether the script is flaky. #trials=5 
[22:35:15] [SEVERE ] The initial sanity check failed. More information is provided below.

org.perses.reduction.SanityCheckFailedException: The initial sanity check failed. 

***** ***** ***** ***** ***** ***** ***** ***** ***** ***** ***** ***** *****
*
* The script exit code is ExitCode(intValue=1) 
* The files have been saved, and you can check them at:
*     /var/folders/dl/05_mlm4s61l8tk8f6n7fdw8h0000gn/T/perses_failure_2952507899819474190
* The property test is not flaky. #total runs: 6, #interesting: 0, #uninteresting: 6
***** ***** ***** ***** ***** ***** ***** ***** ***** ***** ***** ***** *****

============= stderr =============
grep: brackets ([ ]) not balanced


============= stdout =============
<empty> 


Driver creator: SINGLE_TOKEN_PER_LINE
class org.perses.grammar.java.Java20ParserFacade

Perses might automatically try difference configurations now.

 
[22:35:15] [INFO   ] Tree Building: Start building spar-tree from input file SourceFile{file=FilePathWithContent{file=/Users/artemancikov/Desktop/practical work/try1/reducer/final_generator_source/iter_8/Main.java}, lang=LanguageJava{name=java, extensions=[java], defaultCodeFormatControl=SINGLE_TOKEN_PER_LINE}} 
[22:35:15] [INFO   ] Tree Building: Step 1: Antlr parsing. 
[22:35:15] [INFO   ] Tree Building: Step 2: Converting parse tree to spar-tree 
[22:35:15] [INFO   ] Tree Building: Step 3: Simplifying spar-tree 
[22:35:15] [INFO   ] Tree Building: Finished in TimeSpan{startMillis=1754339715290, endMillis=1754339715740, formatted=0 seconds} 
[22:35:16] [INFO   ] The initial sanity check failed. 
[22:35:16] [INFO   ] Checking whether the script is flaky. #trials=5 
[22:35:18] [SEVERE ] The initial sanity check failed. More information is provided below.

org.perses.reduction.SanityCheckFailedException: The initial sanity check failed. 

***** ***** ***** ***** ***** ***** ***** ***** ***** ***** ***** ***** *****
*
* The script exit code is ExitCode(intValue=1) 
* The files have been saved, and you can check them at:
*     /var/folders/dl/05_mlm4s61l8tk8f6n7fdw8h0000gn/T/perses_failure_6891920426500951523
* The property test is not flaky. #total runs: 6, #interesting: 0, #uninteresting: 6
***** ***** ***** ***** ***** ***** ***** ***** ***** ***** ***** ***** *****

============= stderr =============
grep: brackets ([ ]) not balanced


============= stdout =============
<empty> 


Driver creator: COMPACT_ORIG_FORMAT
class org.perses.grammar.java.Java20ParserFacade

Perses might automatically try difference configurations now.

 
[22:35:18] [INFO   ] Tree Building: Start building spar-tree from input file SourceFile{file=FilePathWithContent{file=/Users/artemancikov/Desktop/practical work/try1/reducer/final_generator_source/iter_8/Main.java}, lang=LanguageJava{name=java, extensions=[java], defaultCodeFormatControl=SINGLE_TOKEN_PER_LINE}} 
[22:35:18] [INFO   ] Tree Building: Step 1: Antlr parsing. 
[22:35:18] [INFO   ] Tree Building: Step 2: Converting parse tree to spar-tree 
[22:35:18] [INFO   ] Tree Building: Step 3: Simplifying spar-tree 
[22:35:18] [INFO   ] Tree Building: Finished in TimeSpan{startMillis=1754339718231, endMillis=1754339718690, formatted=0 seconds} 
[22:35:19] [INFO   ] The initial sanity check failed. 
[22:35:19] [INFO   ] Checking whether the script is flaky. #trials=5 
[22:35:21] [SEVERE ] The initial sanity check failed. More information is provided below.

org.perses.reduction.SanityCheckFailedException: The initial sanity check failed. 

***** ***** ***** ***** ***** ***** ***** ***** ***** ***** ***** ***** *****
*
* The script exit code is ExitCode(intValue=1) 
* The files have been saved, and you can check them at:
*     /var/folders/dl/05_mlm4s61l8tk8f6n7fdw8h0000gn/T/perses_failure_13684670752109670652
* The property test is not flaky. #total runs: 6, #interesting: 0, #uninteresting: 6
***** ***** ***** ***** ***** ***** ***** ***** ***** ***** ***** ***** *****

============= stderr =============
grep: brackets ([ ]) not balanced


============= stdout =============
<empty> 


Driver creator: ORIG_FORMAT
class org.perses.grammar.java.Java20ParserFacade

Perses might automatically try difference configurations now.

 
Exception in thread "main" org.perses.reduction.SanityCheckFailedException: Failed to create a reduction driver for the input program.
	at org.perses.AbstractMain.internalRun(AbstractMain.kt:95)
	at org.perses.util.cmd.AbstractMain.run(AbstractMain.kt:36)
	at org.perses.Main$Companion.main(Main.kt:200)
	at org.perses.Main.main(Main.kt)
	Suppressed: org.perses.reduction.SanityCheckFailedException: The initial sanity check failed. 

***** ***** ***** ***** ***** ***** ***** ***** ***** ***** ***** ***** *****
*
* The script exit code is ExitCode(intValue=1) 
* The files have been saved, and you can check them at:
*     /var/folders/dl/05_mlm4s61l8tk8f6n7fdw8h0000gn/T/perses_failure_11757687249912773667
* The property test is not flaky. #total runs: 6, #interesting: 0, #uninteresting: 6
***** ***** ***** ***** ***** ***** ***** ***** ***** ***** ***** ***** *****

============= stderr =============
grep: brackets ([ ]) not balanced


============= stdout =============
<empty> 

		at org.perses.reduction.AbstractReductionDriver.sanityCheckOrThrow(AbstractReductionDriver.kt:135)
		at org.perses.reduction.AbstractReductionDriver$cachedSanityCheckResult$2.invoke(AbstractReductionDriver.kt:74)
		at org.perses.reduction.AbstractReductionDriver$cachedSanityCheckResult$2.invoke(AbstractReductionDriver.kt:71)
		at kotlin.SynchronizedLazyImpl.getValue(LazyJVM.kt:74)
		at org.perses.reduction.AbstractReductionDriver.getCachedSanityCheckResult(AbstractReductionDriver.kt:71)
		at org.perses.AbstractMain.internalRun(AbstractMain.kt:72)
		... 3 more
	Suppressed: org.perses.reduction.SanityCheckFailedException: The initial sanity check failed. 

***** ***** ***** ***** ***** ***** ***** ***** ***** ***** ***** ***** *****
*
* The script exit code is ExitCode(intValue=1) 
* The files have been saved, and you can check them at:
*     /var/folders/dl/05_mlm4s61l8tk8f6n7fdw8h0000gn/T/perses_failure_3232310294380210048
* The property test is not flaky. #total runs: 6, #interesting: 0, #uninteresting: 6
***** ***** ***** ***** ***** ***** ***** ***** ***** ***** ***** ***** *****

============= stderr =============
grep: brackets ([ ]) not balanced


============= stdout =============
<empty> 

		at org.perses.reduction.AbstractReductionDriver.sanityCheckOrThrow(AbstractReductionDriver.kt:135)
		at org.perses.reduction.AbstractReductionDriver$cachedSanityCheckResult$2.invoke(AbstractReductionDriver.kt:74)
		at org.perses.reduction.AbstractReductionDriver$cachedSanityCheckResult$2.invoke(AbstractReductionDriver.kt:71)
		at kotlin.SynchronizedLazyImpl.getValue(LazyJVM.kt:74)
		at org.perses.reduction.AbstractReductionDriver.getCachedSanityCheckResult(AbstractReductionDriver.kt:71)
		at org.perses.AbstractMain.internalRun(AbstractMain.kt:72)
		... 3 more
	Suppressed: org.perses.reduction.SanityCheckFailedException: The initial sanity check failed. 

***** ***** ***** ***** ***** ***** ***** ***** ***** ***** ***** ***** *****
*
* The script exit code is ExitCode(intValue=1) 
* The files have been saved, and you can check them at:
*     /var/folders/dl/05_mlm4s61l8tk8f6n7fdw8h0000gn/T/perses_failure_684857108889223512
* The property test is not flaky. #total runs: 6, #interesting: 0, #uninteresting: 6
***** ***** ***** ***** ***** ***** ***** ***** ***** ***** ***** ***** *****

============= stderr =============
grep: brackets ([ ]) not balanced


============= stdout =============
<empty> 

		at org.perses.reduction.AbstractReductionDriver.sanityCheckOrThrow(AbstractReductionDriver.kt:135)
		at org.perses.reduction.AbstractReductionDriver$cachedSanityCheckResult$2.invoke(AbstractReductionDriver.kt:74)
		at org.perses.reduction.AbstractReductionDriver$cachedSanityCheckResult$2.invoke(AbstractReductionDriver.kt:71)
		at kotlin.SynchronizedLazyImpl.getValue(LazyJVM.kt:74)
		at org.perses.reduction.AbstractReductionDriver.getCachedSanityCheckResult(AbstractReductionDriver.kt:71)
		at org.perses.AbstractMain.internalRun(AbstractMain.kt:72)
		... 3 more
	Suppressed: org.perses.reduction.SanityCheckFailedException: The initial sanity check failed. 

***** ***** ***** ***** ***** ***** ***** ***** ***** ***** ***** ***** *****
*
* The script exit code is ExitCode(intValue=1) 
* The files have been saved, and you can check them at:
*     /var/folders/dl/05_mlm4s61l8tk8f6n7fdw8h0000gn/T/perses_failure_2952507899819474190
* The property test is not flaky. #total runs: 6, #interesting: 0, #uninteresting: 6
***** ***** ***** ***** ***** ***** ***** ***** ***** ***** ***** ***** *****

============= stderr =============
grep: brackets ([ ]) not balanced


============= stdout =============
<empty> 

		at org.perses.reduction.AbstractReductionDriver.sanityCheckOrThrow(AbstractReductionDriver.kt:135)
		at org.perses.reduction.AbstractReductionDriver$cachedSanityCheckResult$2.invoke(AbstractReductionDriver.kt:74)
		at org.perses.reduction.AbstractReductionDriver$cachedSanityCheckResult$2.invoke(AbstractReductionDriver.kt:71)
		at kotlin.SynchronizedLazyImpl.getValue(LazyJVM.kt:74)
		at org.perses.reduction.AbstractReductionDriver.getCachedSanityCheckResult(AbstractReductionDriver.kt:71)
		at org.perses.AbstractMain.internalRun(AbstractMain.kt:72)
		... 3 more
	Suppressed: org.perses.reduction.SanityCheckFailedException: The initial sanity check failed. 

***** ***** ***** ***** ***** ***** ***** ***** ***** ***** ***** ***** *****
*
* The script exit code is ExitCode(intValue=1) 
* The files have been saved, and you can check them at:
*     /var/folders/dl/05_mlm4s61l8tk8f6n7fdw8h0000gn/T/perses_failure_6891920426500951523
* The property test is not flaky. #total runs: 6, #interesting: 0, #uninteresting: 6
***** ***** ***** ***** ***** ***** ***** ***** ***** ***** ***** ***** *****

============= stderr =============
grep: brackets ([ ]) not balanced


============= stdout =============
<empty> 

		at org.perses.reduction.AbstractReductionDriver.sanityCheckOrThrow(AbstractReductionDriver.kt:135)
		at org.perses.reduction.AbstractReductionDriver$cachedSanityCheckResult$2.invoke(AbstractReductionDriver.kt:74)
		at org.perses.reduction.AbstractReductionDriver$cachedSanityCheckResult$2.invoke(AbstractReductionDriver.kt:71)
		at kotlin.SynchronizedLazyImpl.getValue(LazyJVM.kt:74)
		at org.perses.reduction.AbstractReductionDriver.getCachedSanityCheckResult(AbstractReductionDriver.kt:71)
		at org.perses.AbstractMain.internalRun(AbstractMain.kt:72)
		... 3 more
	Suppressed: org.perses.reduction.SanityCheckFailedException: The initial sanity check failed. 

***** ***** ***** ***** ***** ***** ***** ***** ***** ***** ***** ***** *****
*
* The script exit code is ExitCode(intValue=1) 
* The files have been saved, and you can check them at:
*     /var/folders/dl/05_mlm4s61l8tk8f6n7fdw8h0000gn/T/perses_failure_13684670752109670652
* The property test is not flaky. #total runs: 6, #interesting: 0, #uninteresting: 6
***** ***** ***** ***** ***** ***** ***** ***** ***** ***** ***** ***** *****

============= stderr =============
grep: brackets ([ ]) not balanced


============= stdout =============
<empty> 

		at org.perses.reduction.AbstractReductionDriver.sanityCheckOrThrow(AbstractReductionDriver.kt:135)
		at org.perses.reduction.AbstractReductionDriver$cachedSanityCheckResult$2.invoke(AbstractReductionDriver.kt:74)
		at org.perses.reduction.AbstractReductionDriver$cachedSanityCheckResult$2.invoke(AbstractReductionDriver.kt:71)
		at kotlin.SynchronizedLazyImpl.getValue(LazyJVM.kt:74)
		at org.perses.reduction.AbstractReductionDriver.getCachedSanityCheckResult(AbstractReductionDriver.kt:71)
		at org.perses.AbstractMain.internalRun(AbstractMain.kt:72)
		... 3 more
